Scenario - Bisection Task
Logfile written - 08/31/2018 13:18:50

Subject	Trial	Event Type	Code	event_cond(str)	subject_id(num)	block_name(str)	block_number(num)	trial_number(num)	probe(num)	ITI(num)	Time	TTime	Uncertainty	Duration	Uncertainty	ReqTime	ReqDur	Stim Type	Pair Index

1	1	Picture	Instruction	Instruction							139	0	1	28677	1	0	next	other	0
1	1	Response	1								28756	28617	0
1	2	Picture	ITI	ITI							28816	0	1	16109	1	0	next	other	0
1	3	Sound	Stim;1;study;1;1;1;1547	Stim	1	study	1	1	1	1547	44329	0	500			0		other	0
1	4	Picture	ITI	ITI							74366	0	1	17151	1	0	next	other	0
1	5	Sound	Stim;1;study;1;2;7;1709	Stim	1	study	1	2	7	1709	91467	0	4			0		other	0
1	5	Quit									141068	49601	NA


{
   "app": "Presentation Version 20.1 Build 12.04.17",
   "device": "LENOVO 10FGCTO1WW",
   "experiment": "{772213B2-5F0F-4A35-9C2F-36954700C7EA}",
   "os": "Windows 7 64 bit",
   "package": "",
   "parameters": {
      "configuration": "Default configuration"
   },
   "scenario": "Bisection Task with Dynanometer.sce",
   "subject": "1",
   "timestamp": "2018/08/31 05:18:33 GMT"
}
