Scenario - Bisection Task
Logfile written - 09/21/2018 16:02:45

Subject	Trial	Event Type	Code	event_cond(str)	subject_id(num)	block_name(str)	block_number(num)	trial_number(num)	probe(num)	ITI(num)	correctAns(num)	resp(num)	accuracy(num)	Time	TTime	Uncertainty	Duration	Uncertainty	ReqTime	ReqDur	Stim Type	Pair Index

10	1	Picture	Instruction	Instruction										167	0	1	5666	1	0	next	other	0
10	1	Response	1											5738	5572	0
10	2	Picture	Stim;10;study;1;1;1;1801;1;-1;0;right	Stim	10	study	1	1	1	1801	1	-1	0	5833	0	1	18664	1	0	next	other	0
10	4	Picture	Stim;10;study;1;2;7;1102;7;-1;0;right	Stim	10	study	1	2	7	1102	7	-1	0	53993	0	1	11165	1	0	next	other	0
10	6	Picture	Stim;10;study;1;3;1;1305;1;-1;0;right	Stim	10	study	1	3	1	1305	1	-1	0	115153	0	1	13165	1	0	next	other	0
10	8	Picture	Stim;10;study;1;4;7;1741;7;-1;0;right	Stim	10	study	1	4	7	1741	7	-1	0	158314	0	1	17498	1	0	next	other	0
10	10	Picture	Stim;10;study;1;5;1;1555;1;-1;0;right	Stim	10	study	1	5	1	1555	1	-1	0	225806	0	1	15665	1	0	next	other	0
10	12	Picture	Stim;10;study;1;6;7;1559;7;-1;0;right	Stim	10	study	1	6	7	1559	7	-1	0	271467	0	1	15665	1	0	next	other	0
10	14	Picture	Stim;10;study;1;7;1;1391;1;-1;0;right	Stim	10	study	1	7	1	1391	1	-1	0	337126	0	1	13998	1	0	next	other	0
10	16	Picture	Stim;10;study;1;8;7;1300;7;-1;0;right	Stim	10	study	1	8	7	1300	7	-1	0	381120	0	1	13165	1	0	next	other	0
10	18	Picture	Stim;10;study;1;9;1;1146;1;-1;0;right	Stim	10	study	1	9	1	1146	1	-1	0	444113	0	1	11665	1	0	next	other	0
10	20	Picture	Stim;10;study;1;10;7;1296;7;-1;0;right	Stim	10	study	1	10	7	1296	7	-1	0	485774	0	1	13165	1	0	next	other	0
10	22	Picture	End_Block	End_Block										548933	0	1	322627	1	0	next	other	0
10	22	Response	1											871355	322422	1
10	23	Picture	Break	Break										871561	0	1	7832	1	0	next	other	0
10	23	Response	1											879274	7714	0
10	24	Picture	ITI	ITI										879393	0	1	10165	1	0	next	other	0
10	25	Picture	Instruction	Instruction										889558	0	1	6333	1	0	next	other	0
10	25	Response	1											895673	6114	0
10	26	Picture	Instruction	Instruction										895891	0	1	58160	1	0	next	other	0
10	26	Response	1											953989	58098	0
10	27	Picture	Stim;10;practice;1;1;4;1000;2;1;0;right	Stim	10	practice	1	1	4	1000	2	1	0	954051	0	1	10165	1	0	next	other	0
10	29	Picture	Feedback	Feedback										1001545	0	1	7165	2	0	next	other	0
10	30	Picture	Stim;10;practice;1;2;5;1000;1;1;1;right	Stim	10	practice	1	2	5	1000	1	1	1	1008709	0	2	10167	2	0	next	other	0
10	32	Picture	Feedback	Feedback										1059704	0	1	7166	1	0	next	other	0
10	33	Picture	Stim;10;practice;1;3;6;1000;1;1;1;right	Stim	10	practice	1	3	6	1000	1	1	1	1066870	0	1	10165	1	0	next	other	0
10	35	Picture	Feedback	Feedback										1121863	0	1	7166	1	0	next	other	0
10	36	Picture	Stim;10;practice;1;4;2;1000;2;1;0;right	Stim	10	practice	1	4	2	1000	2	1	0	1129029	0	1	10165	1	0	next	other	0
10	38	Picture	Feedback	Feedback										1171191	0	1	7166	1	0	next	other	0
10	39	Picture	Stim;10;practice;1;5;1;1000;2;1;0;right	Stim	10	practice	1	5	1	1000	2	1	0	1178357	0	1	10165	1	0	next	other	0
10	41	Picture	Feedback	Feedback										1218518	0	1	7166	1	0	next	other	0
10	42	Picture	Stim;10;practice;1;6;3;1000;2;1;0;right	Stim	10	practice	1	6	3	1000	2	1	0	1225684	0	1	10165	1	0	next	other	0
10	44	Picture	Feedback	Feedback										1270179	0	1	7166	1	0	next	other	0
10	45	Picture	Stim;10;practice;1;7;7;1000;1;1;1;right	Stim	10	practice	1	7	7	1000	1	1	1	1277345	0	1	10165	1	0	next	other	0
10	47	Picture	Feedback	Feedback										1337337	0	1	7166	1	0	next	other	0
10	48	Picture	Stim;10;practice;2;1;5;1000;1;1;1;right	Stim	10	practice	2	1	5	1000	1	1	1	1344503	0	1	10165	1	0	next	other	0
10	50	Picture	Feedback	Feedback										1395330	0	1	7166	1	0	next	other	0
10	51	Picture	Stim;10;practice;2;2;3;1000;2;1;0;right	Stim	10	practice	2	2	3	1000	2	1	0	1402496	0	1	10166	1	0	next	other	0
10	53	Picture	Feedback	Feedback										1446990	0	1	7166	1	0	next	other	0
10	54	Picture	Stim;10;practice;2;3;7;1000;1;1;1;right	Stim	10	practice	2	3	7	1000	1	1	1	1454156	0	1	10165	1	0	next	other	0
10	56	Picture	Feedback	Feedback										1514149	0	1	7166	1	0	next	other	0
10	57	Picture	Stim;10;practice;2;4;2;1000;2;1;0;right	Stim	10	practice	2	4	2	1000	2	1	0	1521315	0	1	10165	1	0	next	other	0
10	59	Picture	Feedback	Feedback										1563476	0	1	7166	1	0	next	other	0
10	60	Picture	Stim;10;practice;2;5;4;1000;2;1;0;right	Stim	10	practice	2	5	4	1000	2	1	0	1570642	0	1	10165	1	0	next	other	0
10	62	Picture	Feedback	Feedback										1618136	0	1	7166	1	0	next	other	0
10	63	Picture	Stim;10;practice;2;6;1;1000;2;2;1;right	Stim	10	practice	2	6	1	1000	2	2	1	1625302	0	1	10165	1	0	next	other	0
10	65	Picture	Feedback	Feedback										1665464	0	1	7166	1	0	next	other	0
10	66	Picture	Stim;10;practice;2;7;6;1000;1;1;1;right	Stim	10	practice	2	7	6	1000	1	1	1	1672630	0	1	10165	1	0	next	other	0
10	68	Picture	Feedback	Feedback										1727623	0	1	7166	1	0	next	other	0
10	69	Picture	Stim;10;practice;3;1;6;1000;1;1;1;right	Stim	10	practice	3	1	6	1000	1	1	1	1734789	0	1	10165	1	0	next	other	0
10	71	Picture	Feedback	Feedback										1789782	0	1	7166	1	0	next	other	0
10	72	Picture	Stim;10;practice;3;2;7;1000;1;1;1;right	Stim	10	practice	3	2	7	1000	1	1	1	1796948	0	1	10165	1	0	next	other	0
10	74	Picture	Feedback	Feedback										1856941	0	1	7166	1	0	next	other	0
10	75	Picture	Stim;10;practice;3;3;1;1000;2;2;1;right	Stim	10	practice	3	3	1	1000	2	2	1	1864106	0	1	10165	1	0	next	other	0
10	77	Picture	Feedback	Feedback										1904268	0	1	7166	1	0	next	other	0
10	78	Picture	Stim;10;practice;3;4;5;1000;1;1;1;right	Stim	10	practice	3	4	5	1000	1	1	1	1911434	0	1	10165	1	0	next	other	0
10	80	Picture	Feedback	Feedback										1962261	0	1	7166	1	0	next	other	0
10	81	Picture	Stim;10;practice;3;5;4;1000;2;1;0;right	Stim	10	practice	3	5	4	1000	2	1	0	1969427	0	1	10165	1	0	next	other	0
10	83	Picture	Feedback	Feedback										2016921	0	1	7166	1	0	next	other	0
10	84	Picture	Stim;10;practice;3;6;3;1000;2;1;0;right	Stim	10	practice	3	6	3	1000	2	1	0	2024087	0	1	10165	1	0	next	other	0
10	86	Picture	Feedback	Feedback										2068581	0	1	7166	1	0	next	other	0
10	87	Picture	Stim;10;practice;3;7;2;1000;2;1;0;right	Stim	10	practice	3	7	2	1000	2	1	0	2075747	0	1	10165	1	0	next	other	0
10	89	Picture	Feedback	Feedback										2117909	0	1	7166	1	0	next	other	0
10	90	Picture	Instruction	Instruction										2125075	0	1	64325	1	0	next	other	0
10	90	Response	1											2189258	64184	0
10	91	Picture	Stim;10;practice;1;1;1;1000;2;0;0;right	Stim	10	practice	1	1	1	1000	2	0	0	2189400	0	1	10165	1	0	next	other	0
10	93	Picture	Feedback	Feedback										2229562	0	1	7166	1	0	next	other	0
10	94	Picture	Stim;10;practice;1;2;7;1000;1;1;1;right	Stim	10	practice	1	2	7	1000	1	1	1	2236728	0	1	10165	1	0	next	other	0
10	96	Picture	Feedback	Feedback										2296720	0	1	7166	1	0	next	other	0
10	97	Picture	Stim;10;practice;1;3;3;1000;2;1;0;right	Stim	10	practice	1	3	3	1000	2	1	0	2303886	0	1	10165	1	0	next	other	0
10	99	Picture	Feedback	Feedback										2348381	0	1	7166	1	0	next	other	0
10	100	Picture	Stim;10;practice;1;4;5;1000;1;1;1;right	Stim	10	practice	1	4	5	1000	1	1	1	2355546	0	1	10165	1	0	next	other	0
10	102	Picture	Feedback	Feedback										2406374	0	1	7166	1	0	next	other	0
10	103	Picture	Stim;10;practice;1;5;4;1000;2;1;0;right	Stim	10	practice	1	5	4	1000	2	1	0	2413539	0	1	10166	1	0	next	other	0
10	105	Picture	Feedback	Feedback										2461034	0	1	7166	1	0	next	other	0
10	106	Picture	Stim;10;practice;1;6;2;1000;2;1;0;right	Stim	10	practice	1	6	2	1000	2	1	0	2468199	0	1	10165	1	0	next	other	0
10	108	Picture	Feedback	Feedback										2510361	0	1	7166	1	0	next	other	0
10	109	Picture	Stim;10;practice;1;7;6;1000;1;1;1;right	Stim	10	practice	1	7	6	1000	1	1	1	2517527	0	1	10165	1	0	next	other	0
10	111	Picture	Feedback	Feedback										2572520	0	1	7166	1	0	next	other	0
10	112	Picture	Stim;10;practice;2;1;7;1000;1;1;1;right	Stim	10	practice	2	1	7	1000	1	1	1	2579686	0	1	10165	1	0	next	other	0
10	114	Picture	Feedback	Feedback										2639678	0	1	7166	1	0	next	other	0
10	115	Picture	Stim;10;practice;2;2;2;1000;2;2;1;right	Stim	10	practice	2	2	2	1000	2	2	1	2646844	0	1	10165	1	0	next	other	0
10	117	Picture	Feedback	Feedback										2689006	0	1	7166	1	0	next	other	0
10	118	Picture	Stim;10;practice;2;3;4;1000;2;1;0;right	Stim	10	practice	2	3	4	1000	2	1	0	2696172	0	1	10165	1	0	next	other	0
10	120	Picture	Feedback	Feedback										2743666	0	1	7166	1	0	next	other	0
10	121	Picture	Stim;10;practice;2;4;1;1000;2;2;1;right	Stim	10	practice	2	4	1	1000	2	2	1	2750831	0	1	10165	1	0	next	other	0
10	123	Picture	Feedback	Feedback										2790993	0	1	7166	1	0	next	other	0
10	124	Picture	Stim;10;practice;2;5;5;1000;1;1;1;right	Stim	10	practice	2	5	5	1000	1	1	1	2798159	0	1	10165	1	0	next	other	0
10	126	Picture	Feedback	Feedback										2848986	0	1	7166	1	0	next	other	0
10	127	Picture	Stim;10;practice;2;6;3;1000;2;1;0;right	Stim	10	practice	2	6	3	1000	2	1	0	2856152	0	1	10165	1	0	next	other	0
10	129	Picture	Feedback	Feedback										2900647	0	1	7166	1	0	next	other	0
10	130	Picture	Stim;10;practice;2;7;6;1000;1;1;1;right	Stim	10	practice	2	7	6	1000	1	1	1	2907812	0	1	10165	1	0	next	other	0
10	132	Picture	Feedback	Feedback										2962806	0	1	7166	1	0	next	other	0
10	133	Picture	Stim;10;practice;3;1;5;1000;1;1;1;right	Stim	10	practice	3	1	5	1000	1	1	1	2969971	0	1	10165	1	0	next	other	0
10	135	Picture	Feedback	Feedback										3020798	0	1	7166	1	0	next	other	0
10	136	Picture	Stim;10;practice;3;2;6;1000;1;1;1;right	Stim	10	practice	3	2	6	1000	1	1	1	3027964	0	1	10166	1	0	next	other	0
10	138	Picture	Feedback	Feedback										3082958	0	1	7166	1	0	next	other	0
10	139	Picture	Stim;10;practice;3;3;1;1000;2;2;1;right	Stim	10	practice	3	3	1	1000	2	2	1	3090123	0	1	10165	1	0	next	other	0
10	141	Picture	Feedback	Feedback										3130285	0	1	7166	1	0	next	other	0
10	142	Picture	Stim;10;practice;3;4;2;1000;2;2;1;right	Stim	10	practice	3	4	2	1000	2	2	1	3137451	0	1	10165	1	0	next	other	0
10	144	Picture	Feedback	Feedback										3179612	0	1	7166	1	0	next	other	0
10	145	Picture	Stim;10;practice;3;5;4;1000;2;1;0;right	Stim	10	practice	3	5	4	1000	2	1	0	3186778	0	1	10165	1	0	next	other	0
10	147	Picture	Feedback	Feedback										3234272	0	1	7166	1	0	next	other	0
10	148	Picture	Stim;10;practice;3;6;7;1000;1;1;1;right	Stim	10	practice	3	6	7	1000	1	1	1	3241438	0	1	10165	1	0	next	other	0
10	150	Picture	Feedback	Feedback										3301431	0	1	7166	1	0	next	other	0
10	151	Picture	Stim;10;practice;3;7;3;1000;2;1;0;right	Stim	10	practice	3	7	3	1000	2	1	0	3308597	0	1	10165	1	0	next	other	0
10	153	Picture	Feedback	Feedback										3353091	0	1	7166	1	0	next	other	0
10	154	Picture	Instruction	Instruction										3360257	0	1	287965	1	0	next	other	0
10	154	Response	1											3648112	287855	1
10	155	Picture	Stim;10;practice;1;1;2;1000;2;1;0;right	Stim	10	practice	1	1	2	1000	2	1	0	3648222	0	1	10165	1	0	next	other	0
10	157	Picture	Feedback	Feedback										3690383	0	1	7166	1	0	next	other	0
10	158	Picture	Stim;10;practice;1;2;7;1000;1;1;1;right	Stim	10	practice	1	2	7	1000	1	1	1	3697549	0	1	10165	1	0	next	other	0
10	160	Picture	Feedback	Feedback										3757542	0	1	7166	1	0	next	other	0
10	161	Picture	Stim;10;practice;1;3;3;1000;2;1;0;right	Stim	10	practice	1	3	3	1000	2	1	0	3764708	0	1	10165	1	0	next	other	0
10	163	Picture	Feedback	Feedback										3809202	0	1	7166	1	0	next	other	0
10	164	Picture	Stim;10;practice;1;4;6;1000;1;1;1;right	Stim	10	practice	1	4	6	1000	1	1	1	3816368	0	1	10165	1	0	next	other	0
10	166	Picture	Feedback	Feedback										3871361	0	1	7166	1	0	next	other	0
10	167	Picture	Stim;10;practice;1;5;1;1000;2;2;1;right	Stim	10	practice	1	5	1	1000	2	2	1	3878527	0	1	10165	1	0	next	other	0
10	169	Picture	Feedback	Feedback										3918689	0	1	7166	1	0	next	other	0
10	170	Picture	Stim;10;practice;1;6;5;1000;1;1;1;right	Stim	10	practice	1	6	5	1000	1	1	1	3925855	0	1	10165	1	0	next	other	0
10	172	Picture	Feedback	Feedback										3976682	0	1	7166	1	0	next	other	0
10	173	Picture	Stim;10;practice;1;7;4;1000;2;2;1;right	Stim	10	practice	1	7	4	1000	2	2	1	3983848	0	1	10165	1	0	next	other	0
10	175	Picture	Feedback	Feedback										4031342	0	1	7166	1	0	next	other	0
10	176	Picture	Stim;10;practice;2;1;5;1000;1;1;1;right	Stim	10	practice	2	1	5	1000	1	1	1	4038508	0	1	10165	1	0	next	other	0
10	178	Picture	Feedback	Feedback										4089335	0	1	7166	1	0	next	other	0
10	179	Picture	Stim;10;practice;2;2;2;1000;2;2;1;right	Stim	10	practice	2	2	2	1000	2	2	1	4096501	0	1	10165	1	0	next	other	0
10	181	Picture	Feedback	Feedback										4138662	0	1	7166	1	0	next	other	0
10	182	Picture	Stim;10;practice;2;3;3;1000;2;1;0;right	Stim	10	practice	2	3	3	1000	2	1	0	4145828	0	1	10165	1	0	next	other	0
10	184	Picture	Feedback	Feedback										4190322	0	1	7166	1	0	next	other	0
10	185	Picture	Stim;10;practice;2;4;1;1000;2;2;1;right	Stim	10	practice	2	4	1	1000	2	2	1	4197488	0	1	10165	1	0	next	other	0
10	187	Picture	Feedback	Feedback										4237650	0	1	7166	1	0	next	other	0
10	188	Picture	Stim;10;practice;2;5;4;1000;2;1;0;right	Stim	10	practice	2	5	4	1000	2	1	0	4244816	0	1	10166	1	0	next	other	0
10	190	Picture	Feedback	Feedback										4292310	0	1	7166	1	0	next	other	0
10	191	Picture	Stim;10;practice;2;6;7;1000;1;1;1;right	Stim	10	practice	2	6	7	1000	1	1	1	4299476	0	1	10165	1	0	next	other	0
10	193	Picture	Feedback	Feedback										4359468	0	1	7166	1	0	next	other	0
10	194	Picture	Stim;10;practice;2;7;6;1000;1;1;1;right	Stim	10	practice	2	7	6	1000	1	1	1	4366634	0	1	10165	1	0	next	other	0
10	196	Picture	Feedback	Feedback										4421628	0	1	7166	1	0	next	other	0
10	197	Picture	Stim;10;practice;3;1;4;1000;2;2;1;right	Stim	10	practice	3	1	4	1000	2	2	1	4428793	0	1	10165	1	0	next	other	0
10	199	Picture	Feedback	Feedback										4476288	0	1	7166	1	0	next	other	0
10	200	Picture	Stim;10;practice;3;2;3;1000;2;2;1;right	Stim	10	practice	3	2	3	1000	2	2	1	4483453	0	1	10166	1	0	next	other	0
10	202	Picture	Feedback	Feedback										4527948	0	1	7166	1	0	next	other	0
10	203	Picture	Stim;10;practice;3;3;1;1000;2;2;1;right	Stim	10	practice	3	3	1	1000	2	2	1	4535114	0	1	10165	1	0	next	other	0
10	205	Picture	Feedback	Feedback										4575275	0	1	7166	1	0	next	other	0
10	206	Picture	Stim;10;practice;3;4;7;1000;1;1;1;right	Stim	10	practice	3	4	7	1000	1	1	1	4582441	0	1	10165	1	0	next	other	0
10	208	Picture	Feedback	Feedback										4642434	0	1	7166	1	0	next	other	0
10	209	Picture	Stim;10;practice;3;5;5;1000;1;1;1;right	Stim	10	practice	3	5	5	1000	1	1	1	4649600	0	1	10165	1	0	next	other	0
10	211	Picture	Feedback	Feedback										4700427	0	1	7166	1	0	next	other	0
10	212	Picture	Stim;10;practice;3;6;6;1000;1;2;0;right	Stim	10	practice	3	6	6	1000	1	2	0	4707593	0	1	10165	1	0	next	other	0
10	214	Picture	Feedback	Feedback										4762586	0	1	7166	1	0	next	other	0
10	215	Picture	Stim;10;practice;3;7;2;1000;2;2;1;right	Stim	10	practice	3	7	2	1000	2	2	1	4769752	0	1	10165	1	0	next	other	0
10	217	Picture	Feedback	Feedback										4811913	0	1	7166	1	0	next	other	0
10	218	Picture	Break	Break										4819079	0	1	23497	1	0	next	other	0
10	218	Response	1											4842344	23265	0
10	219	Picture	Instruction	Instruction										4842576	0	1	146482	1	0	next	other	0
10	219	Response	1											4988972	146396	0
10	220	Picture	ITI	ITI										4989058	0	1	10165	1	0	next	other	0
10	221	Picture	Instruction	Instruction										4999224	0	1	37329	1	0	next	other	0
10	221	Response	1											5036409	37185	1
10	222	Picture	Stim;10;test;1;1;1;1304;2;2;1;right	Stim	10	test	1	1	1	1304	2	2	1	5036553	0	1	13165	1	0	next	other	0
10	224	Picture	Stim;10;test;1;2;2;1063;2;2;1;right	Stim	10	test	1	2	2	1063	2	2	1	5079714	0	1	10832	1	0	next	other	0
10	226	Picture	Stim;10;test;1;3;3;1393;2;2;1;right	Stim	10	test	1	3	3	1393	2	2	1	5122542	0	1	13998	1	0	next	other	0
10	228	Picture	Stim;10;test;1;4;7;1989;1;1;1;right	Stim	10	test	1	4	7	1989	1	1	1	5171036	0	1	19998	1	0	next	other	0
10	230	Picture	Stim;10;test;1;5;7;1977;1;1;1;right	Stim	10	test	1	5	7	1977	1	1	1	5241028	0	1	19831	1	0	next	other	0
10	232	Picture	Stim;10;test;1;6;2;1280;2;2;1;right	Stim	10	test	1	6	2	1280	2	2	1	5310852	0	1	12998	1	0	next	other	0
10	234	Picture	Stim;10;test;1;7;2;1468;2;2;1;right	Stim	10	test	1	7	2	1468	2	2	1	5355847	0	1	14832	1	0	next	other	0
10	236	Picture	Stim;10;test;1;8;5;1949;1;1;1;right	Stim	10	test	1	8	5	1949	1	1	1	5402675	0	1	19664	1	0	next	other	0
10	238	Picture	Stim;10;test;1;9;5;1953;1;1;1;right	Stim	10	test	1	9	5	1953	1	1	1	5463001	0	1	19664	1	0	next	other	0
10	240	Picture	Stim;10;test;1;10;1;1691;2;2;1;right	Stim	10	test	1	10	1	1691	2	2	1	5523493	0	1	16998	1	0	next	other	0
10	242	Picture	Stim;10;test;1;11;5;1194;1;1;1;right	Stim	10	test	1	11	5	1194	1	1	1	5570487	0	1	11999	1	0	next	other	0
10	244	Picture	Stim;10;test;1;12;6;1848;1;1;1;right	Stim	10	test	1	12	6	1848	1	1	1	5623314	0	1	18664	1	0	next	other	0
10	246	Picture	Stim;10;test;1;13;5;1330;1;2;0;right	Stim	10	test	1	13	5	1330	1	2	0	5686807	0	1	13498	1	0	next	other	0
10	248	Picture	Stim;10;test;1;14;2;1764;2;2;1;right	Stim	10	test	1	14	2	1764	2	2	1	5740967	0	1	17831	1	0	next	other	0
10	250	Picture	Stim;10;test;1;15;6;1888;1;1;1;right	Stim	10	test	1	15	6	1888	1	1	1	5790794	0	1	18998	1	0	next	other	0
10	252	Picture	Stim;10;test;1;16;2;1458;2;2;1;right	Stim	10	test	1	16	2	1458	2	2	1	5854786	0	1	14665	1	0	next	other	0
10	254	Picture	Stim;10;test;1;17;7;1497;1;1;1;right	Stim	10	test	1	17	7	1497	1	1	1	5901447	0	1	15165	1	0	next	other	0
10	256	Picture	Stim;10;test;1;18;3;1693;2;2;1;right	Stim	10	test	1	18	3	1693	2	2	1	5966439	0	1	16998	1	0	next	other	0
10	258	Picture	Stim;10;test;1;19;1;1185;2;2;1;right	Stim	10	test	1	19	1	1185	2	2	1	6017933	0	1	11998	1	0	next	other	0
10	260	Picture	Stim;10;test;1;20;3;1508;2;2;1;right	Stim	10	test	1	20	3	1508	2	2	1	6059928	0	1	15165	1	0	next	other	0
10	262	Picture	Stim;10;test;1;21;6;1504;1;1;1;right	Stim	10	test	1	21	6	1504	1	1	1	6109588	0	1	15165	1	0	next	other	0
10	264	Picture	Stim;10;test;1;22;3;1657;2;2;1;right	Stim	10	test	1	22	3	1657	2	2	1	6169748	0	1	16665	1	0	next	other	0
10	266	Picture	Stim;10;test;1;23;4;1277;2;2;1;right	Stim	10	test	1	23	4	1277	2	2	1	6220908	0	1	12832	1	0	next	other	0
10	268	Picture	Stim;10;test;1;24;6;1327;1;1;1;right	Stim	10	test	1	24	6	1327	1	1	1	6271069	0	1	13332	1	0	next	other	0
10	270	Picture	Stim;10;test;1;25;1;1867;2;2;1;right	Stim	10	test	1	25	1	1867	2	2	1	6329395	0	1	18831	1	0	next	other	0
10	272	Picture	Stim;10;test;1;26;1;1958;2;2;1;right	Stim	10	test	1	26	1	1958	2	2	1	6378222	0	1	19664	1	0	next	other	0
10	274	Picture	Stim;10;test;1;27;6;1664;1;1;1;right	Stim	10	test	1	27	6	1664	1	1	1	6427883	0	1	16831	1	0	next	other	0
10	276	Picture	Stim;10;test;1;28;7;1945;1;1;1;right	Stim	10	test	1	28	7	1945	1	1	1	6489542	0	1	19498	1	0	next	other	0
10	278	Picture	Stim;10;test;1;29;5;1747;1;1;1;right	Stim	10	test	1	29	5	1747	1	1	1	6559034	0	1	17664	1	0	next	other	0
10	280	Picture	Stim;10;test;1;30;4;1037;2;2;1;right	Stim	10	test	1	30	4	1037	2	2	1	6617360	0	1	10499	1	0	next	other	0
10	282	Picture	Stim;10;test;1;31;2;1944;2;2;1;right	Stim	10	test	1	31	2	1944	2	2	1	6665187	0	1	19498	1	0	next	other	0
10	284	Picture	Stim;10;test;1;32;1;1497;2;2;1;right	Stim	10	test	1	32	1	1497	2	2	1	6716681	0	1	15165	1	0	next	other	0
10	286	Picture	Stim;10;test;1;33;4;1957;2;2;1;right	Stim	10	test	1	33	4	1957	2	2	1	6761842	0	1	19664	1	0	next	other	0
10	288	Picture	Stim;10;test;1;34;1;1554;2;2;1;right	Stim	10	test	1	34	1	1554	2	2	1	6818835	0	1	15665	1	0	next	other	0
10	290	Picture	Stim;10;test;1;35;7;1197;1;1;1;right	Stim	10	test	1	35	7	1197	1	1	1	6864496	0	1	12165	1	0	next	other	0
10	292	Picture	Stim;10;test;1;36;4;1635;2;2;1;right	Stim	10	test	1	36	4	1635	2	2	1	6926489	0	1	16498	1	0	next	other	0
10	294	Picture	Stim;10;test;1;37;7;1592;1;1;1;right	Stim	10	test	1	37	7	1592	1	1	1	6980316	0	1	15998	1	0	next	other	0
10	296	Picture	Stim;10;test;1;38;6;1175;1;1;1;right	Stim	10	test	1	38	6	1175	1	1	1	7046307	0	1	11832	1	0	next	other	0
10	298	Picture	Stim;10;test;1;39;6;1029;1;1;1;right	Stim	10	test	1	39	6	1029	1	1	1	7103134	0	1	10499	1	0	next	other	0
10	300	Picture	Stim;10;test;1;40;4;1949;2;2;1;right	Stim	10	test	1	40	4	1949	2	2	1	7158460	0	1	19664	1	0	next	other	0
10	302	Picture	Stim;10;test;1;41;3;1455;2;2;1;right	Stim	10	test	1	41	3	1455	2	2	1	7215453	0	1	14665	1	0	next	other	0
10	304	Picture	Stim;10;test;1;42;3;1801;2;2;1;right	Stim	10	test	1	42	3	1801	2	2	1	7264614	0	1	18164	1	0	next	other	0
10	306	Picture	Stim;10;test;1;43;5;1156;1;1;1;right	Stim	10	test	1	43	5	1156	1	1	1	7317108	0	1	11665	1	0	next	other	0
10	308	Picture	Stim;10;test;1;44;3;1342;2;2;1;right	Stim	10	test	1	44	3	1342	2	2	1	7369601	0	1	13498	1	0	next	other	0
10	310	Picture	Stim;10;test;1;45;2;1723;2;2;1;right	Stim	10	test	1	45	2	1723	2	2	1	7417595	0	1	17331	1	0	next	other	0
10	312	Picture	Stim;10;test;1;46;4;1723;2;2;1;right	Stim	10	test	1	46	4	1723	2	2	1	7466923	0	1	17331	1	0	next	other	0
10	314	Picture	Stim;10;test;1;47;4;1413;2;2;1;right	Stim	10	test	1	47	4	1413	2	2	1	7521583	0	1	14332	1	0	next	other	0
10	316	Picture	Stim;10;test;1;48;5;1286;1;1;1;right	Stim	10	test	1	48	5	1286	1	1	1	7573076	0	1	12999	1	0	next	other	0
10	318	Picture	Stim;10;test;1;49;7;1252;1;1;1;right	Stim	10	test	1	49	7	1252	1	1	1	7626903	0	1	12665	1	0	next	other	0
10	320	Picture	Instruction	Instruction										7689562	0	1	54660	1	0	next	other	0
10	320	Response	1											7743971	54408	1
10	321	Picture	Break	Break										7744222	0	1	72825	1	0	next	other	0
10	321	Response	1											7817005	72782	1
10	322	Picture	ITI	ITI										7817047	0	1	20164	1	0	next	other	0
10	323	Picture	Stim;10;test;2;1;1;1764;2;2;1;right	Stim	10	test	2	1	1	1764	2	2	1	7837211	0	1	17831	1	0	next	other	0
10	325	Picture	Stim;10;test;2;2;6;1952;1;1;1;right	Stim	10	test	2	2	6	1952	1	1	1	7885039	0	1	19664	1	0	next	other	0
10	327	Picture	Stim;10;test;2;3;4;1618;2;1;0;right	Stim	10	test	2	3	4	1618	2	1	0	7949531	0	1	16331	1	0	next	other	0
10	329	Picture	Stim;10;test;2;4;7;1776;1;1;1;right	Stim	10	test	2	4	7	1776	1	1	1	8003191	0	1	17831	1	0	next	other	0
10	331	Picture	Stim;10;test;2;5;7;1174;1;1;1;right	Stim	10	test	2	5	7	1174	1	1	1	8071016	0	1	11832	1	0	next	other	0
10	333	Picture	Stim;10;test;2;6;3;1182;2;2;1;right	Stim	10	test	2	6	3	1182	2	2	1	8132842	0	1	11999	1	0	next	other	0
10	335	Picture	Stim;10;test;2;7;2;1714;2;2;1;right	Stim	10	test	2	7	2	1714	2	2	1	8179169	0	1	17331	1	0	next	other	0
10	337	Picture	Stim;10;test;2;8;4;1422;2;2;1;right	Stim	10	test	2	8	4	1422	2	2	1	8228497	0	1	14332	1	0	next	other	0
10	339	Picture	Stim;10;test;2;9;2;1233;2;2;1;right	Stim	10	test	2	9	2	1233	2	2	1	8280157	0	1	12499	1	0	next	other	0
10	341	Picture	Stim;10;test;2;10;2;1140;2;2;1;right	Stim	10	test	2	10	2	1140	2	2	1	8324651	0	1	11499	1	0	next	other	0
10	343	Picture	Stim;10;test;2;11;6;1480;1;1;1;right	Stim	10	test	2	11	6	1480	1	1	1	8368146	0	1	14998	1	0	next	other	0
10	345	Picture	Stim;10;test;2;12;6;1206;1;1;1;right	Stim	10	test	2	12	6	1206	1	1	1	8427972	0	1	12165	1	0	next	other	0
10	347	Picture	Stim;10;test;2;13;5;1016;1;1;1;right	Stim	10	test	2	13	5	1016	1	1	1	8485132	0	1	10332	1	0	next	other	0
10	349	Picture	Stim;10;test;2;14;1;1740;2;2;1;right	Stim	10	test	2	14	1	1740	2	2	1	8536126	0	1	17498	1	0	next	other	0
10	351	Picture	Stim;10;test;2;15;5;1410;1;1;1;right	Stim	10	test	2	15	5	1410	1	1	1	8583620	0	1	14165	1	0	next	other	0
10	353	Picture	Stim;10;test;2;16;3;1822;2;2;1;right	Stim	10	test	2	16	3	1822	2	2	1	8638613	0	1	18331	1	0	next	other	0
10	355	Picture	Stim;10;test;2;17;4;1467;2;2;1;right	Stim	10	test	2	17	4	1467	2	2	1	8691440	0	1	14832	1	0	next	other	0
10	357	Picture	Stim;10;test;2;18;5;1372;1;1;1;right	Stim	10	test	2	18	5	1372	1	1	1	8743601	0	1	13832	1	0	next	other	0
10	359	Picture	Stim;10;test;2;19;6;1709;1;1;1;right	Stim	10	test	2	19	6	1709	1	1	1	8798261	0	1	17165	1	0	next	other	0
10	361	Picture	Stim;10;test;2;20;1;1339;2;2;1;right	Stim	10	test	2	20	1	1339	2	2	1	8860419	0	1	13498	1	0	next	other	0
10	363	Picture	Stim;10;test;2;21;4;1996;2;2;1;right	Stim	10	test	2	21	4	1996	2	2	1	8903914	0	1	20164	1	0	next	other	0
10	365	Picture	Stim;10;test;2;22;4;1717;2;1;0;right	Stim	10	test	2	22	4	1717	2	1	0	8961241	0	1	17331	1	0	next	other	0
10	367	Picture	Stim;10;test;2;23;6;1528;1;1;1;right	Stim	10	test	2	23	6	1528	1	1	1	9015901	0	1	15331	1	0	next	other	0
10	369	Picture	Stim;10;test;2;24;2;1399;2;2;1;right	Stim	10	test	2	24	2	1399	2	2	1	9076227	0	1	14165	1	0	next	other	0
10	371	Picture	Stim;10;test;2;25;1;1691;2;2;1;right	Stim	10	test	2	25	1	1691	2	2	1	9122388	0	1	16998	1	0	next	other	0
10	373	Picture	Stim;10;test;2;26;7;1933;1;1;1;right	Stim	10	test	2	26	7	1933	1	1	1	9169382	0	1	19498	1	0	next	other	0
10	375	Picture	Stim;10;test;2;27;1;1023;2;2;1;right	Stim	10	test	2	27	1	1023	2	2	1	9238707	0	1	10332	1	0	next	other	0
10	377	Picture	Stim;10;test;2;28;1;1441;2;2;1;right	Stim	10	test	2	28	1	1441	2	2	1	9279035	0	1	14498	1	0	next	other	0
10	379	Picture	Stim;10;test;2;29;3;1642;2;2;1;right	Stim	10	test	2	29	3	1642	2	2	1	9323530	0	1	16498	1	0	next	other	0
10	381	Picture	Stim;10;test;2;30;3;1997;2;2;1;right	Stim	10	test	2	30	3	1997	2	2	1	9374523	0	1	20164	1	0	next	other	0
10	383	Picture	Stim;10;test;2;31;5;1530;1;1;1;right	Stim	10	test	2	31	5	1530	1	1	1	9429017	0	1	15498	1	0	next	other	0
10	385	Picture	Stim;10;test;2;32;7;1143;1;1;1;right	Stim	10	test	2	32	7	1143	1	1	1	9485177	0	1	11499	1	0	next	other	0
10	387	Picture	Stim;10;test;2;33;5;1272;1;1;1;right	Stim	10	test	2	33	5	1272	1	1	1	9546669	0	1	12832	1	0	next	other	0
10	389	Picture	Stim;10;test;2;34;2;1464;2;2;1;right	Stim	10	test	2	34	2	1464	2	2	1	9600329	0	1	14831	1	0	next	other	0
10	391	Picture	Stim;10;test;2;35;7;1829;1;1;1;right	Stim	10	test	2	35	7	1829	1	1	1	9647157	0	1	18498	1	0	next	other	0
10	393	Picture	Stim;10;test;2;36;4;1168;2;2;1;right	Stim	10	test	2	36	4	1168	2	2	1	9715482	0	1	11832	1	0	next	other	0
10	395	Picture	Stim;10;test;2;37;3;1629;2;2;1;right	Stim	10	test	2	37	3	1629	2	2	1	9764643	0	1	16498	1	0	next	other	0
10	397	Picture	Stim;10;test;2;38;6;1014;1;1;1;right	Stim	10	test	2	38	6	1014	1	1	1	9815470	0	1	10332	1	0	next	other	0
10	399	Picture	Stim;10;test;2;39;3;1426;2;2;1;right	Stim	10	test	2	39	3	1426	2	2	1	9870630	0	1	14332	1	0	next	other	0
10	401	Picture	Stim;10;test;2;40;1;1593;2;2;1;right	Stim	10	test	2	40	1	1593	2	2	1	9919457	0	1	15998	1	0	next	other	0
10	403	Picture	Stim;10;test;2;41;2;1913;2;2;1;right	Stim	10	test	2	41	2	1913	2	2	1	9965451	0	1	19331	1	0	next	other	0
10	405	Picture	Stim;10;test;2;42;3;1211;2;2;1;right	Stim	10	test	2	42	3	1211	2	2	1	10016779	0	1	12165	1	0	next	other	0
10	407	Picture	Stim;10;test;2;43;7;1649;1;1;1;right	Stim	10	test	2	43	7	1649	1	1	1	10063440	0	1	16665	1	0	next	other	0
10	409	Picture	Stim;10;test;2;44;6;1017;1;1;1;right	Stim	10	test	2	44	6	1017	1	1	1	10129931	0	1	10332	1	0	next	other	0
10	411	Picture	Stim;10;test;2;45;7;1329;1;1;1;right	Stim	10	test	2	45	7	1329	1	1	1	10185091	0	1	13498	1	0	next	other	0
10	413	Picture	Stim;10;test;2;46;2;1339;2;2;1;right	Stim	10	test	2	46	2	1339	2	2	1	10248417	0	1	13498	1	0	next	other	0
10	415	Picture	Stim;10;test;2;47;5;1063;1;2;0;right	Stim	10	test	2	47	5	1063	1	2	0	10293911	0	1	10832	1	0	next	other	0
10	417	Picture	Stim;10;test;2;48;5;1921;1;2;0;right	Stim	10	test	2	48	5	1921	1	2	0	10345405	0	1	19331	1	0	next	other	0
10	419	Picture	Stim;10;test;2;49;4;1674;2;2;1;right	Stim	10	test	2	49	4	1674	2	2	1	10405564	0	1	16831	1	0	next	other	0
10	421	Picture	Instruction	Instruction										10459724	0	1	123818	1	0	next	other	0
10	421	Response	1											10583362	123638	1
10	422	Picture	Break	Break										10583543	0	1	84656	1	0	next	other	0
10	422	Response	1											10667995	84452	0
10	423	Picture	ITI	ITI										10668199	0	1	20164	1	0	next	other	0
10	424	Picture	Stim;10;test;3;1;1;1576;2;2;1;right	Stim	10	test	3	1	1	1576	2	2	1	10688363	0	1	15831	1	0	next	other	0
10	426	Picture	Stim;10;test;3;2;3;1311;2;2;1;right	Stim	10	test	3	2	3	1311	2	2	1	10734191	0	1	13165	1	0	next	other	0
10	428	Picture	Stim;10;test;3;3;7;1596;1;1;1;right	Stim	10	test	3	3	7	1596	1	1	1	10781852	0	1	16165	1	0	next	other	0
10	430	Picture	Stim;10;test;3;4;5;1249;1;1;1;right	Stim	10	test	3	4	5	1249	1	1	1	10847844	0	1	12665	1	0	next	other	0
10	432	Picture	Stim;10;test;3;5;4;1594;2;2;1;right	Stim	10	test	3	5	4	1594	2	2	1	10901171	0	1	15998	1	0	next	other	0
10	434	Picture	Stim;10;test;3;6;1;1847;2;2;1;right	Stim	10	test	3	6	1	1847	2	2	1	10954497	0	1	18665	1	0	next	other	0
10	436	Picture	Stim;10;test;3;7;6;1604;1;1;1;right	Stim	10	test	3	7	6	1604	1	1	1	11003158	0	1	16165	1	0	next	other	0
10	438	Picture	Stim;10;test;3;8;3;1614;2;2;1;right	Stim	10	test	3	8	3	1614	2	2	1	11064318	0	1	16331	1	0	next	other	0
10	440	Picture	Stim;10;test;3;9;3;1110;2;2;1;right	Stim	10	test	3	9	3	1110	2	2	1	11114978	0	1	11165	1	0	next	other	0
10	442	Picture	Stim;10;test;3;10;5;1720;1;1;1;right	Stim	10	test	3	10	5	1720	1	1	1	11160639	0	1	17331	1	0	next	other	0
10	444	Picture	Stim;10;test;3;11;7;1199;1;1;1;right	Stim	10	test	3	11	7	1199	1	1	1	11218799	0	1	12165	1	0	next	other	0
10	446	Picture	Stim;10;test;3;12;3;1775;2;2;1;right	Stim	10	test	3	12	3	1775	2	2	1	11280791	0	1	17831	1	0	next	other	0
10	448	Picture	Stim;10;test;3;13;1;1465;2;2;1;right	Stim	10	test	3	13	1	1465	2	2	1	11333118	0	1	14831	1	0	next	other	0
10	450	Picture	Stim;10;test;3;14;7;1267;1;1;1;right	Stim	10	test	3	14	7	1267	1	1	1	11377946	0	1	12832	1	0	next	other	0
10	452	Picture	Stim;10;test;3;15;2;1408;2;2;1;right	Stim	10	test	3	15	2	1408	2	2	1	11440605	0	1	14165	1	0	next	other	0
10	454	Picture	Stim;10;test;3;16;6;1190;1;1;1;right	Stim	10	test	3	16	6	1190	1	1	1	11486766	0	1	11998	1	0	next	other	0
10	456	Picture	Stim;10;test;3;17;7;1577;1;1;1;right	Stim	10	test	3	17	7	1577	1	1	1	11543759	0	1	15831	1	0	next	other	0
10	458	Picture	Stim;10;test;3;18;6;1460;1;1;1;right	Stim	10	test	3	18	6	1460	1	1	1	11609584	0	1	14665	1	0	next	other	0
10	460	Picture	Stim;10;test;3;19;6;1905;1;1;1;right	Stim	10	test	3	19	6	1905	1	1	1	11669244	0	1	19164	1	0	next	other	0
10	462	Picture	Stim;10;test;3;20;4;1491;2;2;1;right	Stim	10	test	3	20	4	1491	2	2	1	11733402	0	1	14998	1	0	next	other	0
10	464	Picture	Stim;10;test;3;21;3;1527;2;2;1;right	Stim	10	test	3	21	3	1527	2	2	1	11785730	0	1	15331	1	0	next	other	0
10	466	Picture	Stim;10;test;3;22;6;1162;1;2;0;right	Stim	10	test	3	22	6	1162	1	2	0	11835557	0	1	11832	1	0	next	other	0
10	468	Picture	Stim;10;test;3;23;5;1887;1;2;0;right	Stim	10	test	3	23	5	1887	1	2	0	11892216	0	1	18998	1	0	next	other	0
10	470	Picture	Stim;10;test;3;24;2;1823;2;2;1;right	Stim	10	test	3	24	2	1823	2	2	1	11952043	0	1	18331	1	0	next	other	0
10	472	Picture	Stim;10;test;3;25;2;1415;2;2;1;right	Stim	10	test	3	25	2	1415	2	2	1	12002370	0	1	14331	1	0	next	other	0
10	474	Picture	Stim;10;test;3;26;4;1800;2;2;1;right	Stim	10	test	3	26	4	1800	2	2	1	12048697	0	1	18165	1	0	next	other	0
10	476	Picture	Stim;10;test;3;27;7;1396;1;1;1;right	Stim	10	test	3	27	7	1396	1	1	1	12104191	0	1	14165	1	0	next	other	0
10	478	Picture	Stim;10;test;3;28;4;1712;2;2;1;right	Stim	10	test	3	28	4	1712	2	2	1	12168183	0	1	17165	1	0	next	other	0
10	480	Picture	Stim;10;test;3;29;6;1183;1;1;1;right	Stim	10	test	3	29	6	1183	1	1	1	12222676	0	1	11999	1	0	next	other	0
10	482	Picture	Stim;10;test;3;30;2;1663;2;2;1;right	Stim	10	test	3	30	2	1663	2	2	1	12279503	0	1	16831	1	0	next	other	0
10	484	Picture	Stim;10;test;3;31;5;1222;1;2;0;right	Stim	10	test	3	31	5	1222	1	2	0	12328330	0	1	12332	1	0	next	other	0
10	486	Picture	Stim;10;test;3;32;6;1147;1;1;1;right	Stim	10	test	3	32	6	1147	1	1	1	12381490	0	1	11665	1	0	next	other	0
10	488	Picture	Stim;10;test;3;33;1;1543;2;2;1;right	Stim	10	test	3	33	1	1543	2	2	1	12437983	0	1	15498	1	0	next	other	0
10	490	Picture	Stim;10;test;3;34;2;1341;2;2;1;right	Stim	10	test	3	34	2	1341	2	2	1	12483478	0	1	13498	1	0	next	other	0
10	492	Picture	Stim;10;test;3;35;3;1414;2;2;1;right	Stim	10	test	3	35	3	1414	2	2	1	12528972	0	1	14332	1	0	next	other	0
10	494	Picture	Stim;10;test;3;36;4;1631;2;1;0;right	Stim	10	test	3	36	4	1631	2	1	0	12577633	0	1	16498	1	0	next	other	0
10	496	Picture	Stim;10;test;3;37;2;1850;2;2;1;right	Stim	10	test	3	37	2	1850	2	2	1	12631293	0	1	18664	1	0	next	other	0
10	498	Picture	Stim;10;test;3;38;1;1839;2;2;1;right	Stim	10	test	3	38	1	1839	2	2	1	12681954	0	1	18498	1	0	next	other	0
10	500	Picture	Stim;10;test;3;39;1;1733;2;2;1;right	Stim	10	test	3	39	1	1733	2	2	1	12730448	0	1	17498	1	0	next	other	0
10	502	Picture	Stim;10;test;3;40;4;1295;2;1;0;right	Stim	10	test	3	40	4	1295	2	1	0	12777942	0	1	12998	1	0	next	other	0
10	504	Picture	Stim;10;test;3;41;4;1901;2;1;0;right	Stim	10	test	3	41	4	1901	2	1	0	12828269	0	1	19164	1	0	next	other	0
10	506	Picture	Stim;10;test;3;42;5;1150;1;1;1;right	Stim	10	test	3	42	5	1150	1	1	1	12884762	0	1	11665	1	0	next	other	0
10	508	Picture	Stim;10;test;3;43;3;1318;2;2;1;right	Stim	10	test	3	43	3	1318	2	2	1	12937089	0	1	13332	1	0	next	other	0
10	510	Picture	Stim;10;test;3;44;2;1420;2;2;1;right	Stim	10	test	3	44	2	1420	2	2	1	12984750	0	1	14332	1	0	next	other	0
10	512	Picture	Stim;10;test;3;45;7;1987;1;1;1;right	Stim	10	test	3	45	7	1987	1	1	1	13031078	0	1	19998	1	0	next	other	0
10	514	Picture	Stim;10;test;3;46;7;1776;1;1;1;right	Stim	10	test	3	46	7	1776	1	1	1	13101069	0	1	17831	1	0	next	other	0
10	516	Picture	Stim;10;test;3;47;1;1933;2;2;1;right	Stim	10	test	3	47	1	1933	2	2	1	13168894	0	1	19498	1	0	next	other	0
10	518	Picture	Stim;10;test;3;48;5;1951;1;1;1;right	Stim	10	test	3	48	5	1951	1	1	1	13218388	0	1	19664	1	0	next	other	0
10	520	Picture	Stim;10;test;3;49;5;1715;1;1;1;right	Stim	10	test	3	49	5	1715	1	1	1	13278714	0	1	17331	1	0	next	other	0
10	522	Picture	Instruction	Instruction										13336874	0	1	210808	1	0	next	other	0
10	522	Response	1											13547464	210591	0
10	523	Picture	Break	Break										13547681	0	1	51660	1	0	next	other	0
10	523	Response	1											13599300	51619	1
10	524	Picture	ITI	ITI										13599342	0	1	20164	1	0	next	other	0
10	525	Picture	Stim;10;test;4;1;7;1559;1;1;1;right	Stim	10	test	4	1	7	1559	1	1	1	13619506	0	1	15665	1	0	next	other	0
10	527	Picture	Stim;10;test;4;2;7;1121;1;1;1;right	Stim	10	test	4	2	7	1121	1	1	1	13685164	0	1	11332	1	0	next	other	0
10	529	Picture	Stim;10;test;4;3;5;1976;1;1;1;right	Stim	10	test	4	3	5	1976	1	1	1	13746490	0	1	19831	1	0	next	other	0
10	531	Picture	Stim;10;test;4;4;4;1865;2;2;1;right	Stim	10	test	4	4	4	1865	2	2	1	13807150	0	1	18831	1	0	next	other	0
10	533	Picture	Stim;10;test;4;5;4;1696;2;2;1;right	Stim	10	test	4	5	4	1696	2	2	1	13863143	0	1	17165	1	0	next	other	0
10	535	Picture	Stim;10;test;4;6;5;1493;1;1;1;right	Stim	10	test	4	6	5	1493	1	1	1	13917470	0	1	14998	1	0	next	other	0
10	537	Picture	Stim;10;test;4;7;6;1836;1;1;1;right	Stim	10	test	4	7	6	1836	1	1	1	13973296	0	1	18498	1	0	next	other	0
10	539	Picture	Stim;10;test;4;8;7;1530;1;1;1;right	Stim	10	test	4	8	7	1530	1	1	1	14036788	0	1	15498	1	0	next	other	0
10	541	Picture	Stim;10;test;4;9;3;1087;2;2;1;right	Stim	10	test	4	9	3	1087	2	2	1	14102114	0	1	10999	1	0	next	other	0
10	543	Picture	Stim;10;test;4;10;7;1764;1;1;1;right	Stim	10	test	4	10	7	1764	1	1	1	14147441	0	1	17831	1	0	next	other	0
10	545	Picture	Stim;10;test;4;11;4;1686;2;1;0;right	Stim	10	test	4	11	4	1686	2	1	0	14215100	0	1	16998	1	0	next	other	0
10	547	Picture	Stim;10;test;4;12;1;1432;2;2;1;right	Stim	10	test	4	12	1	1432	2	2	1	14269427	0	1	14498	1	0	next	other	0
10	549	Picture	Stim;10;test;4;13;3;1519;2;2;1;right	Stim	10	test	4	13	3	1519	2	2	1	14313921	0	1	15331	1	0	next	other	0
10	551	Picture	Stim;10;test;4;14;1;1319;2;2;1;right	Stim	10	test	4	14	1	1319	2	2	1	14363582	0	1	13332	1	0	next	other	0
10	553	Picture	Stim;10;test;4;15;5;1289;1;1;1;right	Stim	10	test	4	15	5	1289	1	1	1	14406910	0	1	12998	1	0	next	other	0
10	555	Picture	Stim;10;test;4;16;5;1042;1;1;1;right	Stim	10	test	4	16	5	1042	1	1	1	14460736	0	1	10499	1	0	next	other	0
10	557	Picture	Stim;10;test;4;17;7;1847;1;1;1;right	Stim	10	test	4	17	7	1847	1	1	1	14512064	0	1	18664	1	0	next	other	0
10	559	Picture	Stim;10;test;4;18;2;1003;2;2;1;right	Stim	10	test	4	18	2	1003	2	2	1	14580555	0	1	10165	1	0	next	other	0
10	561	Picture	Stim;10;test;4;19;5;1658;1;1;1;right	Stim	10	test	4	19	5	1658	1	1	1	14622717	0	1	16665	1	0	next	other	0
10	563	Picture	Stim;10;test;4;20;2;1343;2;2;1;right	Stim	10	test	4	20	2	1343	2	2	1	14680210	0	1	13498	1	0	next	other	0
10	565	Picture	Stim;10;test;4;21;2;1756;2;1;0;right	Stim	10	test	4	21	2	1756	2	1	0	14725704	0	1	17665	1	0	next	other	0
10	567	Picture	Stim;10;test;4;22;1;1182;2;2;1;right	Stim	10	test	4	22	1	1182	2	2	1	14775365	0	1	11998	1	0	next	other	0
10	569	Picture	Stim;10;test;4;23;6;1420;1;1;1;right	Stim	10	test	4	23	6	1420	1	1	1	14817360	0	1	14332	1	0	next	other	0
10	571	Picture	Stim;10;test;4;24;1;1249;2;2;1;right	Stim	10	test	4	24	1	1249	2	2	1	14876686	0	1	12665	1	0	next	other	0
10	573	Picture	Stim;10;test;4;25;1;1420;2;2;1;right	Stim	10	test	4	25	1	1420	2	2	1	14919347	0	1	14332	1	0	next	other	0
10	575	Picture	Stim;10;test;4;26;2;1810;2;2;1;right	Stim	10	test	4	26	2	1810	2	2	1	14963675	0	1	18164	1	0	next	other	0
10	577	Picture	Stim;10;test;4;27;6;1005;1;2;0;right	Stim	10	test	4	27	6	1005	1	2	0	15013836	0	1	10165	1	0	next	other	0
10	579	Picture	Stim;10;test;4;28;4;1906;2;2;1;right	Stim	10	test	4	28	4	1906	2	2	1	15068996	0	1	19164	1	0	next	other	0
10	581	Picture	Stim;10;test;4;29;2;1002;2;2;1;right	Stim	10	test	4	29	2	1002	2	2	1	15125489	0	1	10165	1	0	next	other	0
10	583	Picture	Stim;10;test;4;30;4;1079;2;1;0;right	Stim	10	test	4	30	4	1079	2	1	0	15167650	0	1	10999	1	0	next	other	0
10	585	Picture	Stim;10;test;4;31;6;1023;1;1;1;right	Stim	10	test	4	31	6	1023	1	1	1	15215811	0	1	10332	1	0	next	other	0
10	587	Picture	Stim;10;test;4;32;3;1998;2;2;1;right	Stim	10	test	4	32	3	1998	2	2	1	15271138	0	1	20164	1	0	next	other	0
10	589	Picture	Stim;10;test;4;33;2;1122;2;2;1;right	Stim	10	test	4	33	2	1122	2	2	1	15325631	0	1	11332	1	0	next	other	0
10	591	Picture	Stim;10;test;4;34;7;1283;1;1;1;right	Stim	10	test	4	34	7	1283	1	1	1	15368959	0	1	12998	1	0	next	other	0
10	593	Picture	Stim;10;test;4;35;6;1344;1;1;1;right	Stim	10	test	4	35	6	1344	1	1	1	15431785	0	1	13498	1	0	next	other	0
10	595	Picture	Stim;10;test;4;36;6;1374;1;1;1;right	Stim	10	test	4	36	6	1374	1	1	1	15490278	0	1	13832	1	0	next	other	0
10	597	Picture	Stim;10;test;4;37;5;1569;1;1;1;right	Stim	10	test	4	37	5	1569	1	1	1	15549104	0	1	15831	1	0	next	other	0
10	599	Picture	Stim;10;test;4;38;3;1893;2;2;1;right	Stim	10	test	4	38	3	1893	2	2	1	15605763	0	1	18998	1	0	next	other	0
10	601	Picture	Stim;10;test;4;39;4;1124;2;1;0;right	Stim	10	test	4	39	4	1124	2	1	0	15659257	0	1	11332	1	0	next	other	0
10	603	Picture	Stim;10;test;4;40;3;1111;2;2;1;right	Stim	10	test	4	40	3	1111	2	2	1	15707918	0	1	11165	1	0	next	other	0
10	605	Picture	Stim;10;test;4;41;6;1316;1;1;1;right	Stim	10	test	4	41	6	1316	1	1	1	15753579	0	1	13332	1	0	next	other	0
10	607	Picture	Stim;10;test;4;42;2;1658;2;2;1;right	Stim	10	test	4	42	2	1658	2	2	1	15811738	0	1	16665	1	0	next	other	0
10	609	Picture	Stim;10;test;4;43;3;1998;2;2;1;right	Stim	10	test	4	43	3	1998	2	2	1	15860399	0	1	20164	1	0	next	other	0
10	611	Picture	Stim;10;test;4;44;3;1684;2;2;1;right	Stim	10	test	4	44	3	1684	2	2	1	15914892	0	1	16998	1	0	next	other	0
10	613	Picture	Stim;10;test;4;45;5;1995;1;1;1;right	Stim	10	test	4	45	5	1995	1	1	1	15966220	0	1	19997	1	0	next	other	0
10	615	Picture	Stim;10;test;4;46;1;1008;2;2;1;right	Stim	10	test	4	46	1	1008	2	2	1	16027045	0	1	10165	1	0	next	other	0
10	617	Picture	Stim;10;test;4;47;7;1182;1;1;1;right	Stim	10	test	4	47	7	1182	1	1	1	16067207	0	1	11999	1	0	next	other	0
10	619	Picture	Stim;10;test;4;48;1;1351;2;2;1;right	Stim	10	test	4	48	1	1351	2	2	1	16129033	0	1	13665	1	0	next	other	0
10	621	Picture	Stim;10;test;4;49;4;1287;2;2;1;right	Stim	10	test	4	49	4	1287	2	2	1	16172694	0	1	12998	1	0	next	other	0
10	623	Picture	Instruction	Instruction										16223021	0	2	47495	2	0	next	other	0
10	623	Response	1											16270305	47284	1
10	624	Picture	Break	Break										16270516	0	1	18998	1	0	next	other	0
10	624	Response	1											16289342	18826	0
10	625	Picture	ITI	ITI										16289513	0	1	20164	1	0	next	other	0
10	626	Picture	Instruction	Instruction										16309678	0	1	89827	1	0	next	other	0
10	626	Response	1											16388214	78537	0


{
   "app": "Presentation Version 20.1 Build 12.04.17",
   "device": "LENOVO 10FGCTO1WW",
   "experiment": "{772213B2-5F0F-4A35-9C2F-36954700C7EA}",
   "os": "Windows 7 64 bit",
   "package": "",
   "parameters": {
      "configuration": "Default configuration"
   },
   "scenario": "Bisection Task with Dynanometer.sce",
   "subject": "10",
   "timestamp": "2018/09/21 07:34:52 GMT"
}
