Scenario - Bisection Task
Logfile written - 10/02/2018 14:28:27

Subject	Trial	Event Type	Code	event_cond(str)	subject_id(num)	block_name(str)	block_number(num)	trial_number(num)	probe(num)	ITI(num)	correctAns(num)	resp(num)	accuracy(num)	short(str)	Time	TTime	Uncertainty	Duration	Uncertainty	ReqTime	ReqDur	Stim Type	Pair Index

14	1	Picture	Instruction	Instruction											333	0	1	102651	1	0	next	other	0
14	1	Response	1												102785	102452	0
14	2	Picture	Stim;14;study;1;1;1;2000;1;-1;0;right	Stim	14	study	1	1	1	2000	1	-1	0	right	102984	0	1	20830	1	0	next	other	0
14	4	Picture	Stim;14;study;1;2;7;1570;7;-1;0;right	Stim	14	study	1	2	7	1570	7	-1	0	right	153143	0	1	15831	1	0	next	other	0
14	6	Picture	Stim;14;study;1;3;1;1274;1;-1;0;right	Stim	14	study	1	3	1	1274	1	-1	0	right	218966	0	1	12831	1	0	next	other	0
14	8	Picture	Stim;14;study;1;4;7;1028;7;-1;0;right	Stim	14	study	1	4	7	1028	7	-1	0	right	261792	0	1	10498	1	0	next	other	0
14	10	Picture	Stim;14;study;1;5;1;1318;1;-1;0;right	Stim	14	study	1	5	1	1318	1	-1	0	right	322116	0	1	13331	1	0	next	other	0
14	12	Picture	Stim;14;study;1;6;7;1832;7;-1;0;right	Stim	14	study	1	6	7	1832	7	-1	0	right	365443	0	1	18497	1	0	next	other	0
14	14	Picture	Stim;14;study;1;7;1;1692;1;-1;0;right	Stim	14	study	1	7	1	1692	1	-1	0	right	433766	0	1	16997	1	0	next	other	0
14	16	Picture	Stim;14;study;1;8;7;1867;7;-1;0;right	Stim	14	study	1	8	7	1867	7	-1	0	right	480758	0	1	18830	1	0	next	other	0
14	18	Picture	Stim;14;study;1;9;1;1489;1;-1;0;right	Stim	14	study	1	9	1	1489	1	-1	0	right	549414	0	1	14998	1	0	next	other	0
14	20	Picture	Stim;14;study;1;10;7;1680;7;-1;0;right	Stim	14	study	1	10	7	1680	7	-1	0	right	594407	0	1	16997	1	0	next	other	0
14	22	Picture	End_Block	End_Block											661397	0	1	345113	1	0	next	other	0
14	22	Response	1												1006369	344972	0
14	23	Picture	Break	Break											1006510	0	1	4333	1	0	next	other	0
14	23	Response	1												1010688	4178	0
14	24	Picture	ITI	ITI											1010842	0	1	10165	1	0	next	other	0
14	25	Picture	Instruction	Instruction											1021007	0	1	27162	1	0	next	other	0
14	25	Response	1												1048044	27037	0
14	26	Picture	Instruction	Instruction											1048170	0	1	80154	1	0	next	other	0
14	26	Response	1												1128195	80026	1
14	27	Picture	Stim;14;practice;1;1;2;1000;2;0;0;right	Stim	14	practice	1	1	2	1000	2	0	0	right	1128324	0	1	10165	1	0	next	other	0
14	29	Picture	Feedback	Feedback											1170484	0	1	7166	1	0	next	other	0
14	30	Picture	Stim;14;practice;1;2;7;1000;1;1;1;right	Stim	14	practice	1	2	7	1000	1	1	1	right	1177650	0	1	10165	1	0	next	other	0
14	32	Picture	Feedback	Feedback											1237640	0	1	7166	1	0	next	other	0
14	33	Picture	Stim;14;practice;1;3;6;1000;1;1;1;right	Stim	14	practice	1	3	6	1000	1	1	1	right	1244806	0	1	10165	1	0	next	other	0
14	35	Picture	Feedback	Feedback											1299964	0	1	7166	1	0	next	other	0
14	36	Picture	Stim;14;practice;1;4;1;1000;2;0;0;right	Stim	14	practice	1	4	1	1000	2	0	0	right	1307129	0	1	10165	1	0	next	other	0
14	38	Picture	Feedback	Feedback											1347290	0	1	7166	1	0	next	other	0
14	39	Picture	Stim;14;practice;1;5;5;1000;1;1;1;right	Stim	14	practice	1	5	5	1000	1	1	1	right	1354455	0	1	10165	1	0	next	other	0
14	41	Picture	Feedback	Feedback											1405281	0	1	7166	1	0	next	other	0
14	42	Picture	Stim;14;practice;1;6;3;1000;2;2;1;right	Stim	14	practice	1	6	3	1000	2	2	1	right	1412446	0	1	10165	1	0	next	other	0
14	44	Picture	Feedback	Feedback											1456939	0	1	7166	1	0	next	other	0
14	45	Picture	Stim;14;practice;1;7;4;1000;2;1;0;right	Stim	14	practice	1	7	4	1000	2	1	0	right	1464105	0	1	10165	1	0	next	other	0
14	47	Picture	Feedback	Feedback											1511598	0	1	7166	1	0	next	other	0
14	48	Picture	Stim;14;practice;2;1;6;1000;1;1;1;right	Stim	14	practice	2	1	6	1000	1	1	1	right	1518763	0	1	10165	1	0	next	other	0
14	50	Picture	Feedback	Feedback											1573755	0	1	7166	1	0	next	other	0
14	51	Picture	Stim;14;practice;2;2;2;1000;2;0;0;right	Stim	14	practice	2	2	2	1000	2	0	0	right	1580920	0	1	10165	1	0	next	other	0
14	53	Picture	Feedback	Feedback											1623080	0	1	7166	1	0	next	other	0
14	54	Picture	Stim;14;practice;2;3;1;1000;2;0;0;right	Stim	14	practice	2	3	1	1000	2	0	0	right	1630246	0	1	10165	1	0	next	other	0
14	56	Picture	Feedback	Feedback											1670406	0	1	7166	1	0	next	other	0
14	57	Picture	Stim;14;practice;2;4;7;1000;1;1;1;right	Stim	14	practice	2	4	7	1000	1	1	1	right	1677572	0	1	10165	1	0	next	other	0
14	59	Picture	Feedback	Feedback											1737562	0	1	7166	1	0	next	other	0
14	60	Picture	Stim;14;practice;2;5;5;1000;1;1;1;right	Stim	14	practice	2	5	5	1000	1	1	1	right	1744728	0	1	10165	1	0	next	other	0
14	62	Picture	Feedback	Feedback											1795553	0	1	7166	1	0	next	other	0
14	63	Picture	Stim;14;practice;2;6;3;1000;2;2;1;right	Stim	14	practice	2	6	3	1000	2	2	1	right	1802719	0	1	10165	1	0	next	other	0
14	65	Picture	Feedback	Feedback											1847212	0	1	7166	1	0	next	other	0
14	66	Picture	Stim;14;practice;2;7;4;1000;2;1;0;right	Stim	14	practice	2	7	4	1000	2	1	0	right	1854378	0	1	10165	1	0	next	other	0
14	68	Picture	Feedback	Feedback											1901870	0	1	7166	1	0	next	other	0
14	69	Picture	Stim;14;practice;3;1;3;1000;2;1;0;right	Stim	14	practice	3	1	3	1000	2	1	0	right	1909036	0	1	10165	1	0	next	other	0
14	71	Picture	Feedback	Feedback											1953529	0	1	7166	1	0	next	other	0
14	72	Picture	Stim;14;practice;3;2;5;1000;1;1;1;right	Stim	14	practice	3	2	5	1000	1	1	1	right	1960694	0	1	10165	1	0	next	other	0
14	74	Picture	Feedback	Feedback											2011520	0	1	7166	1	0	next	other	0
14	75	Picture	Stim;14;practice;3;3;2;1000;2;2;1;right	Stim	14	practice	3	3	2	1000	2	2	1	right	2018685	0	1	10165	1	0	next	other	0
14	77	Picture	Feedback	Feedback											2060845	0	1	7166	1	0	next	other	0
14	78	Picture	Stim;14;practice;3;4;4;1000;2;1;0;right	Stim	14	practice	3	4	4	1000	2	1	0	right	2068011	0	1	10165	1	0	next	other	0
14	80	Picture	Feedback	Feedback											2115503	0	1	7165	1	0	next	other	0
14	81	Picture	Stim;14;practice;3;5;6;1000;1;1;1;right	Stim	14	practice	3	5	6	1000	1	1	1	right	2122669	0	1	10165	1	0	next	other	0
14	83	Picture	Feedback	Feedback											2177660	0	1	7165	1	0	next	other	0
14	84	Picture	Stim;14;practice;3;6;7;1000;1;1;1;right	Stim	14	practice	3	6	7	1000	1	1	1	right	2184826	0	1	10165	1	0	next	other	0
14	86	Picture	Feedback	Feedback											2244817	0	1	7166	1	0	next	other	0
14	87	Picture	Stim;14;practice;3;7;1;1000;2;2;1;right	Stim	14	practice	3	7	1	1000	2	2	1	right	2251982	0	1	10165	1	0	next	other	0
14	89	Picture	Feedback	Feedback											2292142	0	1	7166	1	0	next	other	0
14	90	Picture	Instruction	Instruction											2299308	0	1	77155	1	0	next	other	0
14	90	Response	1												2376303	76995	1
14	91	Picture	Stim;14;practice;1;1;7;1000;1;1;1;right	Stim	14	practice	1	1	7	1000	1	1	1	right	2376463	0	1	10165	1	0	next	other	0
14	93	Picture	Feedback	Feedback											2436453	0	1	7166	1	0	next	other	0
14	94	Picture	Stim;14;practice;1;2;5;1000;1;1;1;right	Stim	14	practice	1	2	5	1000	1	1	1	right	2443619	0	1	10165	1	0	next	other	0
14	96	Picture	Feedback	Feedback											2494444	0	1	7166	1	0	next	other	0
14	97	Picture	Stim;14;practice;1;3;6;1000;1;1;1;right	Stim	14	practice	1	3	6	1000	1	1	1	right	2501610	0	1	10165	1	0	next	other	0
14	99	Picture	Feedback	Feedback											2556768	0	1	7166	1	0	next	other	0
14	100	Picture	Stim;14;practice;1;4;2;1000;2;2;1;right	Stim	14	practice	1	4	2	1000	2	2	1	right	2563933	0	1	10165	1	0	next	other	0
14	102	Picture	Feedback	Feedback											2606094	0	1	7165	1	0	next	other	0
14	103	Picture	Stim;14;practice;1;5;1;1000;2;2;1;right	Stim	14	practice	1	5	1	1000	2	2	1	right	2613259	0	1	10165	1	0	next	other	0
14	105	Picture	Feedback	Feedback											2653420	0	1	7166	1	0	next	other	0
14	106	Picture	Stim;14;practice;1;6;3;1000;2;1;0;right	Stim	14	practice	1	6	3	1000	2	1	0	right	2660585	0	1	10165	1	0	next	other	0
14	108	Picture	Feedback	Feedback											2705078	0	1	7165	1	0	next	other	0
14	109	Picture	Stim;14;practice;1;7;4;1000;2;1;0;right	Stim	14	practice	1	7	4	1000	2	1	0	right	2712244	0	1	10165	1	0	next	other	0
14	111	Picture	Feedback	Feedback											2759736	0	1	7165	1	0	next	other	0
14	112	Picture	Stim;14;practice;2;1;1;1000;2;2;1;right	Stim	14	practice	2	1	1	1000	2	2	1	right	2766902	0	1	10165	1	0	next	other	0
14	114	Picture	Feedback	Feedback											2807062	0	1	7166	1	0	next	other	0
14	115	Picture	Stim;14;practice;2;2;5;1000;1;1;1;right	Stim	14	practice	2	2	5	1000	1	1	1	right	2814228	0	1	10165	1	0	next	other	0
14	117	Picture	Feedback	Feedback											2865053	0	1	7166	1	0	next	other	0
14	118	Picture	Stim;14;practice;2;3;7;1000;1;1;1;right	Stim	14	practice	2	3	7	1000	1	1	1	right	2872219	0	1	10165	1	0	next	other	0
14	120	Picture	Feedback	Feedback											2932209	0	1	7166	1	0	next	other	0
14	121	Picture	Stim;14;practice;2;4;4;1000;2;1;0;right	Stim	14	practice	2	4	4	1000	2	1	0	right	2939375	0	1	10165	1	0	next	other	0
14	123	Picture	Feedback	Feedback											2986867	0	1	7166	1	0	next	other	0
14	124	Picture	Stim;14;practice;2;5;3;1000;2;2;1;right	Stim	14	practice	2	5	3	1000	2	2	1	right	2994033	0	1	10165	1	0	next	other	0
14	126	Picture	Feedback	Feedback											3038526	0	1	7166	1	0	next	other	0
14	127	Picture	Stim;14;practice;2;6;6;1000;1;1;1;right	Stim	14	practice	2	6	6	1000	1	1	1	right	3045692	0	1	10165	1	0	next	other	0
14	129	Picture	Feedback	Feedback											3100683	0	1	7166	1	0	next	other	0
14	130	Picture	Stim;14;practice;2;7;2;1000;2;2;1;right	Stim	14	practice	2	7	2	1000	2	2	1	right	3107849	0	1	10165	1	0	next	other	0
14	132	Picture	Feedback	Feedback											3150009	0	1	7166	1	0	next	other	0
14	133	Picture	Stim;14;practice;3;1;2;1000;2;2;1;right	Stim	14	practice	3	1	2	1000	2	2	1	right	3157174	0	1	10165	1	0	next	other	0
14	135	Picture	Feedback	Feedback											3199334	0	1	7166	1	0	next	other	0
14	136	Picture	Stim;14;practice;3;2;7;1000;1;1;1;right	Stim	14	practice	3	2	7	1000	1	1	1	right	3206500	0	1	10165	1	0	next	other	0
14	138	Picture	Feedback	Feedback											3266491	0	1	7166	1	0	next	other	0
14	139	Picture	Stim;14;practice;3;3;6;1000;1;1;1;right	Stim	14	practice	3	3	6	1000	1	1	1	right	3273656	0	1	10165	1	0	next	other	0
14	141	Picture	Feedback	Feedback											3328648	0	1	7166	1	0	next	other	0
14	142	Picture	Stim;14;practice;3;4;1;1000;2;2;1;right	Stim	14	practice	3	4	1	1000	2	2	1	right	3335813	0	1	10165	1	0	next	other	0
14	144	Picture	Feedback	Feedback											3375973	0	1	7166	1	0	next	other	0
14	145	Picture	Stim;14;practice;3;5;3;1000;2;1;0;right	Stim	14	practice	3	5	3	1000	2	1	0	right	3383139	0	1	10165	1	0	next	other	0
14	147	Picture	Feedback	Feedback											3427632	0	1	7166	1	0	next	other	0
14	148	Picture	Stim;14;practice;3;6;5;1000;1;1;1;right	Stim	14	practice	3	6	5	1000	1	1	1	right	3434798	0	1	10165	1	0	next	other	0
14	150	Picture	Feedback	Feedback											3485623	0	1	7165	1	0	next	other	0
14	151	Picture	Stim;14;practice;3;7;4;1000;2;1;0;right	Stim	14	practice	3	7	4	1000	2	1	0	right	3492789	0	1	10165	1	0	next	other	0
14	153	Picture	Feedback	Feedback											3540281	0	1	7166	1	0	next	other	0
14	154	Picture	Break	Break											3547447	0	1	47492	1	0	next	other	0
14	154	Response	1												3594813	47366	0
14	155	Picture	Instruction	Instruction											3594939	0	1	278957	1	0	next	other	0
14	155	Response	1												3873743	278803	1
14	156	Picture	ITI	ITI											3873896	0	1	10165	1	0	next	other	0
14	157	Picture	Instruction	Instruction											3884061	0	1	19664	1	0	next	other	0
14	157	Response	1												3903579	19518	1
14	158	Picture	Stim;14;test;1;1;3;1849;2;1;0;right	Stim	14	test	1	1	3	1849	2	1	0	right	3903725	0	1	18664	1	0	next	other	0
14	160	Picture	Stim;14;test;1;2;1;1397;2;2;1;right	Stim	14	test	1	2	1	1397	2	2	1	right	3956716	0	1	14164	1	0	next	other	0
14	162	Picture	Stim;14;test;1;3;3;1710;2;1;0;right	Stim	14	test	1	3	3	1710	2	1	0	right	4000876	0	1	17164	1	0	next	other	0
14	164	Picture	Stim;14;test;1;4;5;1570;1;1;1;right	Stim	14	test	1	4	5	1570	1	1	1	right	4052535	0	1	15831	1	0	next	other	0
14	166	Picture	Stim;14;test;1;5;6;1746;1;1;1;right	Stim	14	test	1	5	6	1746	1	1	1	right	4109193	0	1	17664	1	0	next	other	0
14	168	Picture	Stim;14;test;1;6;6;1104;1;1;1;right	Stim	14	test	1	6	6	1104	1	1	1	right	4171683	0	1	11165	1	0	next	other	0
14	170	Picture	Stim;14;test;1;7;2;1831;2;2;1;right	Stim	14	test	1	7	2	1831	2	2	1	right	4227841	0	1	18497	1	0	next	other	0
14	172	Picture	Stim;14;test;1;8;7;1882;1;1;1;right	Stim	14	test	1	8	7	1882	1	1	1	right	4278333	0	1	18997	1	0	next	other	0
14	174	Picture	Stim;14;test;1;9;6;1034;1;1;1;right	Stim	14	test	1	9	6	1034	1	1	1	right	4347155	0	1	10498	1	0	next	other	0
14	176	Picture	Stim;14;test;1;10;3;1993;2;2;1;right	Stim	14	test	1	10	3	1993	2	2	1	right	4402480	0	1	19997	1	0	next	other	0
14	178	Picture	Stim;14;test;1;11;2;1846;2;2;1;right	Stim	14	test	1	11	2	1846	2	2	1	right	4456972	0	1	18664	1	0	next	other	0
14	180	Picture	Stim;14;test;1;12;5;1492;1;1;1;right	Stim	14	test	1	12	5	1492	1	1	1	right	4507631	0	1	14998	1	0	next	other	0
14	182	Picture	Stim;14;test;1;13;7;1663;1;1;1;right	Stim	14	test	1	13	7	1663	1	1	1	right	4563455	0	1	16831	1	0	next	other	0
14	184	Picture	Stim;14;test;1;14;4;1237;2;1;0;right	Stim	14	test	1	14	4	1237	2	1	0	right	4630111	0	1	12498	1	0	next	other	0
14	186	Picture	Stim;14;test;1;15;7;1899;1;1;1;right	Stim	14	test	1	15	7	1899	1	1	1	right	4679937	0	1	19164	1	0	next	other	0
14	188	Picture	Stim;14;test;1;16;5;1488;1;1;1;right	Stim	14	test	1	16	5	1488	1	1	1	right	4748926	0	1	14998	1	0	next	other	0
14	190	Picture	Stim;14;test;1;17;1;1768;2;2;1;right	Stim	14	test	1	17	1	1768	2	2	1	right	4804751	0	1	17831	1	0	next	other	0
14	192	Picture	Stim;14;test;1;18;4;1083;2;1;0;right	Stim	14	test	1	18	4	1083	2	1	0	right	4852577	0	1	10998	1	0	next	other	0
14	194	Picture	Stim;14;test;1;19;6;1500;1;1;1;right	Stim	14	test	1	19	6	1500	1	1	1	right	4900903	0	1	15164	1	0	next	other	0
14	196	Picture	Stim;14;test;1;20;7;1839;1;1;1;right	Stim	14	test	1	20	7	1839	1	1	1	right	4960893	0	1	18497	1	0	next	other	0
14	198	Picture	Stim;14;test;1;21;2;1726;2;2;1;right	Stim	14	test	1	21	2	1726	2	2	1	right	5029383	0	1	17331	1	0	next	other	0
14	200	Picture	Stim;14;test;1;22;2;1701;2;2;1;right	Stim	14	test	1	22	2	1701	2	2	1	right	5078708	0	1	17164	1	0	next	other	0
14	202	Picture	Stim;14;test;1;23;4;1807;2;1;0;right	Stim	14	test	1	23	4	1807	2	1	0	right	5127867	0	1	18164	1	0	next	other	0
14	204	Picture	Stim;14;test;1;24;4;1362;2;1;0;right	Stim	14	test	1	24	4	1362	2	1	0	right	5183359	0	1	13831	1	0	next	other	0
14	206	Picture	Stim;14;test;1;25;2;1365;2;2;1;right	Stim	14	test	1	25	2	1365	2	2	1	right	5234351	0	1	13831	1	0	next	other	0
14	208	Picture	Stim;14;test;1;26;1;1218;2;2;1;right	Stim	14	test	1	26	1	1218	2	2	1	right	5280177	0	1	12332	1	0	next	other	0
14	210	Picture	Stim;14;test;1;27;5;1537;1;1;1;right	Stim	14	test	1	27	5	1537	1	1	1	right	5322504	0	1	15498	1	0	next	other	0
14	212	Picture	Stim;14;test;1;28;4;1142;2;1;0;right	Stim	14	test	1	28	4	1142	2	1	0	right	5378828	0	1	11498	1	0	next	other	0
14	214	Picture	Stim;14;test;1;29;1;1720;2;2;1;right	Stim	14	test	1	29	1	1720	2	2	1	right	5427654	0	1	17331	1	0	next	other	0
14	216	Picture	Stim;14;test;1;30;2;1123;2;2;1;right	Stim	14	test	1	30	2	1123	2	2	1	right	5474980	0	1	11332	1	0	next	other	0
14	218	Picture	Stim;14;test;1;31;6;1364;1;1;1;right	Stim	14	test	1	31	6	1364	1	1	1	right	5518307	0	1	13831	1	0	next	other	0
14	220	Picture	Stim;14;test;1;32;4;1067;2;1;0;right	Stim	14	test	1	32	4	1067	2	1	0	right	5576963	0	1	10832	1	0	next	other	0
14	222	Picture	Stim;14;test;1;33;5;1980;1;1;1;right	Stim	14	test	1	33	5	1980	1	1	1	right	5625123	0	1	19997	1	0	next	other	0
14	224	Picture	Stim;14;test;1;34;2;1977;2;2;1;right	Stim	14	test	1	34	2	1977	2	2	1	right	5685780	0	1	19830	1	0	next	other	0
14	226	Picture	Stim;14;test;1;35;3;1303;2;2;1;right	Stim	14	test	1	35	3	1303	2	2	1	right	5737606	0	1	13165	1	0	next	other	0
14	228	Picture	Stim;14;test;1;36;3;1923;2;2;1;right	Stim	14	test	1	36	3	1923	2	2	1	right	5785098	0	1	19330	1	0	next	other	0
14	230	Picture	Stim;14;test;1;37;6;1843;1;1;1;right	Stim	14	test	1	37	6	1843	1	1	1	right	5838923	0	1	18497	1	0	next	other	0
14	232	Picture	Stim;14;test;1;38;1;1475;2;2;1;right	Stim	14	test	1	38	1	1475	2	2	1	right	5902413	0	1	14831	1	0	next	other	0
14	234	Picture	Stim;14;test;1;39;6;1536;1;1;1;right	Stim	14	test	1	39	6	1536	1	1	1	right	5947240	0	1	15498	1	0	next	other	0
14	236	Picture	Stim;14;test;1;40;5;1691;1;1;1;right	Stim	14	test	1	40	5	1691	1	1	1	right	6007730	0	1	16997	1	0	next	other	0
14	238	Picture	Stim;14;test;1;41;5;1167;1;1;1;right	Stim	14	test	1	41	5	1167	1	1	1	right	6065555	0	1	11832	1	0	next	other	0
14	240	Picture	Stim;14;test;1;42;3;1570;2;1;0;right	Stim	14	test	1	42	3	1570	2	1	0	right	6118046	0	1	15831	1	0	next	other	0
14	242	Picture	Stim;14;test;1;43;4;1390;2;1;0;right	Stim	14	test	1	43	4	1390	2	1	0	right	6168205	0	1	13998	1	0	next	other	0
14	244	Picture	Stim;14;test;1;44;3;1007;2;2;1;right	Stim	14	test	1	44	3	1007	2	2	1	right	6219531	0	1	10165	1	0	next	other	0
14	246	Picture	Stim;14;test;1;45;7;1551;1;1;1;right	Stim	14	test	1	45	7	1551	1	1	1	right	6264190	0	1	15664	1	0	next	other	0
14	248	Picture	Stim;14;test;1;46;7;1433;1;1;1;right	Stim	14	test	1	46	7	1433	1	1	1	right	6329680	0	1	14498	1	0	next	other	0
14	250	Picture	Stim;14;test;1;47;1;1049;2;2;1;right	Stim	14	test	1	47	1	1049	2	2	1	right	6394004	0	1	10665	1	0	next	other	0
14	252	Picture	Stim;14;test;1;48;1;1469;2;2;1;right	Stim	14	test	1	48	1	1469	2	2	1	right	6434664	0	1	14831	1	0	next	other	0
14	254	Picture	Stim;14;test;1;49;7;1651;1;1;1;right	Stim	14	test	1	49	7	1651	1	1	1	right	6479490	0	1	16664	1	0	next	other	0
14	256	Picture	Instruction	Instruction											6546147	0	1	83154	1	0	next	other	0
14	256	Response	1												6629049	82903	0
14	257	Picture	Break	Break											6629300	0	1	88320	1	0	next	other	0
14	257	Response	1												6717519	88219	0
14	258	Picture	ITI	ITI											6717620	0	1	20164	1	0	next	other	0
14	259	Picture	Stim;14;test;2;1;2;1983;2;1;0;right	Stim	14	test	2	1	2	1983	2	1	0	right	6737783	0	1	19997	1	0	next	other	0
14	261	Picture	Stim;14;test;2;2;3;1371;2;2;1;right	Stim	14	test	2	2	3	1371	2	2	1	right	6789775	0	1	13831	1	0	next	other	0
14	263	Picture	Stim;14;test;2;3;2;1313;2;2;1;right	Stim	14	test	2	3	2	1313	2	2	1	right	6838101	0	1	13331	1	0	next	other	0
14	265	Picture	Stim;14;test;2;4;5;1155;1;1;1;right	Stim	14	test	2	4	5	1155	1	1	1	right	6883427	0	1	11665	1	0	next	other	0
14	267	Picture	Stim;14;test;2;5;1;1340;2;2;1;right	Stim	14	test	2	5	1	1340	2	2	1	right	6935919	0	1	13498	1	0	next	other	0
14	269	Picture	Stim;14;test;2;6;2;1078;2;0;0;right	Stim	14	test	2	6	2	1078	2	0	0	right	6979412	0	1	10832	1	0	next	other	0
14	271	Picture	Stim;14;test;2;7;4;1268;2;1;0;right	Stim	14	test	2	7	4	1268	2	1	0	right	7022239	0	1	12831	1	0	next	other	0
14	273	Picture	Stim;14;test;2;8;6;1741;1;1;1;right	Stim	14	test	2	8	6	1741	1	1	1	right	7072398	0	1	17497	1	0	next	other	0
14	275	Picture	Stim;14;test;2;9;3;1829;2;2;1;right	Stim	14	test	2	9	3	1829	2	2	1	right	7134888	0	1	18497	1	0	next	other	0
14	277	Picture	Stim;14;test;2;10;4;1557;2;1;0;right	Stim	14	test	2	10	4	1557	2	1	0	right	7187713	0	1	15664	1	0	next	other	0
14	279	Picture	Stim;14;test;2;11;1;1840;2;2;1;right	Stim	14	test	2	11	1	1840	2	2	1	right	7240705	0	1	18497	1	0	next	other	0
14	281	Picture	Stim;14;test;2;12;5;1572;1;1;1;right	Stim	14	test	2	12	5	1572	1	1	1	right	7289198	0	1	15831	1	0	next	other	0
14	283	Picture	Stim;14;test;2;13;7;1723;1;1;1;right	Stim	14	test	2	13	7	1723	1	1	1	right	7345855	0	1	17331	1	0	next	other	0
14	285	Picture	Stim;14;test;2;14;1;1254;2;2;1;right	Stim	14	test	2	14	1	1254	2	2	1	right	7413178	0	1	12665	1	0	next	other	0
14	287	Picture	Stim;14;test;2;15;6;1541;1;1;1;right	Stim	14	test	2	15	6	1541	1	1	1	right	7455838	0	1	15498	1	0	next	other	0
14	289	Picture	Stim;14;test;2;16;7;1999;1;1;1;right	Stim	14	test	2	16	7	1999	1	1	1	right	7516329	0	1	20164	1	0	next	other	0
14	291	Picture	Stim;14;test;2;17;7;1471;1;1;1;right	Stim	14	test	2	17	7	1471	1	1	1	right	7586318	0	1	14831	1	0	next	other	0
14	293	Picture	Stim;14;test;2;18;4;1740;2;1;0;right	Stim	14	test	2	18	4	1740	2	1	0	right	7651141	0	1	17497	1	0	next	other	0
14	295	Picture	Stim;14;test;2;19;5;1248;1;1;1;right	Stim	14	test	2	19	5	1248	1	1	1	right	7705966	0	1	12665	1	0	next	other	0
14	297	Picture	Stim;14;test;2;20;4;1213;2;1;0;right	Stim	14	test	2	20	4	1213	2	1	0	right	7759291	0	1	12332	1	0	next	other	0
14	299	Picture	Stim;14;test;2;21;2;1086;2;2;1;right	Stim	14	test	2	21	2	1086	2	2	1	right	7808783	0	1	10998	1	0	next	other	0
14	301	Picture	Stim;14;test;2;22;1;1747;2;2;1;right	Stim	14	test	2	22	1	1747	2	2	1	right	7851777	0	1	17664	1	0	next	other	0
14	303	Picture	Stim;14;test;2;23;7;1689;1;1;1;right	Stim	14	test	2	23	7	1689	1	1	1	right	7899436	0	1	16997	1	0	next	other	0
14	305	Picture	Stim;14;test;2;24;6;1227;1;1;1;right	Stim	14	test	2	24	6	1227	1	1	1	right	7966425	0	1	12331	1	0	next	other	0
14	307	Picture	Stim;14;test;2;25;1;1405;2;2;1;right	Stim	14	test	2	25	1	1405	2	2	1	right	8023750	0	1	14165	1	0	next	other	0
14	309	Picture	Stim;14;test;2;26;3;1890;2;1;0;right	Stim	14	test	2	26	3	1890	2	1	0	right	8067910	0	1	18997	1	0	next	other	0
14	311	Picture	Stim;14;test;2;27;6;1229;1;1;1;right	Stim	14	test	2	27	6	1229	1	1	1	right	8121401	0	1	12498	1	0	next	other	0
14	313	Picture	Stim;14;test;2;28;5;1833;1;1;1;right	Stim	14	test	2	28	5	1833	1	1	1	right	8178726	0	1	18497	1	0	next	other	0
14	315	Picture	Stim;14;test;2;29;2;1560;2;1;0;right	Stim	14	test	2	29	2	1560	2	1	0	right	8237883	0	1	15664	1	0	next	other	0
14	317	Picture	Stim;14;test;2;30;2;1446;2;2;1;right	Stim	14	test	2	30	2	1446	2	2	1	right	8285543	0	1	14664	1	0	next	other	0
14	319	Picture	Stim;14;test;2;31;6;1093;1;1;1;right	Stim	14	test	2	31	6	1093	1	1	1	right	8332202	0	1	10998	1	0	next	other	0
14	321	Picture	Stim;14;test;2;32;6;1426;1;1;1;right	Stim	14	test	2	32	6	1426	1	1	1	right	8388193	0	1	14331	1	0	next	other	0
14	323	Picture	Stim;14;test;2;33;2;1171;2;2;1;right	Stim	14	test	2	33	2	1171	2	2	1	right	8447517	0	1	11832	1	0	next	other	0
14	325	Picture	Stim;14;test;2;34;7;1229;1;1;1;right	Stim	14	test	2	34	7	1229	1	1	1	right	8491344	0	1	12498	1	0	next	other	0
14	327	Picture	Stim;14;test;2;35;3;1418;2;0;0;right	Stim	14	test	2	35	3	1418	2	0	0	right	8553668	0	1	14331	1	0	next	other	0
14	329	Picture	Stim;14;test;2;36;3;1254;2;0;0;right	Stim	14	test	2	36	3	1254	2	0	0	right	8602327	0	1	12665	1	0	next	other	0
14	331	Picture	Stim;14;test;2;37;5;1598;1;1;1;right	Stim	14	test	2	37	5	1598	1	1	1	right	8649486	0	1	16164	1	0	next	other	0
14	333	Picture	Stim;14;test;2;38;3;1295;2;1;0;right	Stim	14	test	2	38	3	1295	2	1	0	right	8706310	0	1	13165	1	0	next	other	0
14	335	Picture	Stim;14;test;2;39;7;1782;1;1;1;right	Stim	14	test	2	39	7	1782	1	1	1	right	8753803	0	1	17996	2	0	next	other	0
14	337	Picture	Stim;14;test;2;40;5;1952;1;1;1;right	Stim	14	test	2	40	5	1952	1	1	1	right	8821626	0	1	19664	1	0	next	other	0
14	339	Picture	Stim;14;test;2;41;5;1658;1;1;1;right	Stim	14	test	2	41	5	1658	1	1	1	right	8882116	0	1	16664	1	0	next	other	0
14	341	Picture	Stim;14;test;2;42;6;1228;1;1;1;right	Stim	14	test	2	42	6	1228	1	1	1	right	8939607	0	1	12331	1	0	next	other	0
14	343	Picture	Stim;14;test;2;43;4;1237;2;1;0;right	Stim	14	test	2	43	4	1237	2	1	0	right	8996932	0	1	12498	1	0	next	other	0
14	345	Picture	Stim;14;test;2;44;4;1943;2;1;0;right	Stim	14	test	2	44	4	1943	2	1	0	right	9046757	0	1	19497	1	0	next	other	0
14	347	Picture	Stim;14;test;2;45;3;1167;2;1;0;right	Stim	14	test	2	45	3	1167	2	1	0	right	9103582	0	1	11832	1	0	next	other	0
14	349	Picture	Stim;14;test;2;46;1;1375;2;2;1;right	Stim	14	test	2	46	1	1375	2	2	1	right	9149741	0	1	13831	1	0	next	other	0
14	351	Picture	Stim;14;test;2;47;1;1651;2;2;1;right	Stim	14	test	2	47	1	1651	2	2	1	right	9193568	0	1	16664	1	0	next	other	0
14	353	Picture	Stim;14;test;2;48;4;1426;2;1;0;right	Stim	14	test	2	48	4	1426	2	1	0	right	9240227	0	1	14331	1	0	next	other	0
14	355	Picture	Stim;14;test;2;49;7;1529;1;1;1;right	Stim	14	test	2	49	7	1529	1	1	1	right	9291886	0	1	15498	1	0	next	other	0
14	357	Picture	Instruction	Instruction											9357209	0	1	52992	1	0	next	other	0
14	357	Response	1												9409953	52744	1
14	358	Picture	Break	Break											9410201	0	1	148477	1	0	next	other	0
14	358	Response	1												9558496	148295	0
14	359	Picture	ITI	ITI											9558678	0	1	20164	1	0	next	other	0
14	360	Picture	Stim;14;test;3;1;2;1299;2;1;0;right	Stim	14	test	3	1	2	1299	2	1	0	right	9578841	0	1	13165	1	0	next	other	0
14	362	Picture	Stim;14;test;3;2;4;1610;2;1;0;right	Stim	14	test	3	2	4	1610	2	1	0	right	9624001	0	1	16164	1	0	next	other	0
14	364	Picture	Stim;14;test;3;3;4;1073;2;1;0;right	Stim	14	test	3	3	4	1073	2	1	0	right	9677493	0	1	10832	1	0	next	other	0
14	366	Picture	Stim;14;test;3;4;6;1461;1;1;1;right	Stim	14	test	3	4	6	1461	1	1	1	right	9725652	0	1	14664	1	0	next	other	0
14	368	Picture	Stim;14;test;3;5;6;1590;1;1;1;right	Stim	14	test	3	5	6	1590	1	1	1	right	9785309	0	1	15998	1	0	next	other	0
14	370	Picture	Stim;14;test;3;6;1;1161;2;2;1;right	Stim	14	test	3	6	1	1161	2	2	1	right	9846300	0	1	11665	1	0	next	other	0
14	372	Picture	Stim;14;test;3;7;7;1921;1;1;1;right	Stim	14	test	3	7	7	1921	1	1	1	right	9887960	0	1	19330	1	0	next	other	0
14	374	Picture	Stim;14;test;3;8;1;1164;2;2;1;right	Stim	14	test	3	8	1	1164	2	2	1	right	9957282	0	1	11832	1	0	next	other	0
14	376	Picture	Stim;14;test;3;9;4;1712;2;1;0;right	Stim	14	test	3	9	4	1712	2	1	0	right	9999109	0	1	17331	1	0	next	other	0
14	378	Picture	Stim;14;test;3;10;5;1630;1;1;1;right	Stim	14	test	3	10	5	1630	1	1	1	right	10053601	0	1	16498	1	0	next	other	0
14	380	Picture	Stim;14;test;3;11;6;1344;1;1;1;right	Stim	14	test	3	11	6	1344	1	1	1	right	10110759	0	1	13498	1	0	next	other	0
14	382	Picture	Stim;14;test;3;12;2;1040;2;2;1;right	Stim	14	test	3	12	2	1040	2	2	1	right	10169249	0	1	10498	1	0	next	other	0
14	384	Picture	Stim;14;test;3;13;7;1203;1;1;1;right	Stim	14	test	3	13	7	1203	1	1	1	right	10211743	0	1	12165	1	0	next	other	0
14	386	Picture	Stim;14;test;3;14;6;1601;1;1;1;right	Stim	14	test	3	14	6	1601	1	1	1	right	10273900	0	1	16164	1	0	next	other	0
14	388	Picture	Stim;14;test;3;15;4;1962;2;1;0;right	Stim	14	test	3	15	4	1962	2	1	0	right	10334890	0	1	19830	1	0	next	other	0
14	390	Picture	Stim;14;test;3;16;7;1869;1;1;1;right	Stim	14	test	3	16	7	1869	1	1	1	right	10391881	0	1	18830	1	0	next	other	0
14	392	Picture	Stim;14;test;3;17;2;1167;2;2;1;right	Stim	14	test	3	17	2	1167	2	2	1	right	10460704	0	1	11831	1	0	next	other	0
14	394	Picture	Stim;14;test;3;18;5;1890;1;1;1;right	Stim	14	test	3	18	5	1890	1	1	1	right	10504531	0	1	18997	1	0	next	other	0
14	396	Picture	Stim;14;test;3;19;2;1834;2;2;1;right	Stim	14	test	3	19	2	1834	2	2	1	right	10564355	0	1	18497	1	0	next	other	0
14	398	Picture	Stim;14;test;3;20;3;1953;2;1;0;right	Stim	14	test	3	20	3	1953	2	1	0	right	10614847	0	1	19664	1	0	next	other	0
14	400	Picture	Stim;14;test;3;21;5;1531;1;1;1;right	Stim	14	test	3	21	5	1531	1	1	1	right	10668838	0	1	15497	1	0	next	other	0
14	402	Picture	Stim;14;test;3;22;1;1079;2;2;1;right	Stim	14	test	3	22	1	1079	2	2	1	right	10724996	0	1	10998	1	0	next	other	0
14	404	Picture	Stim;14;test;3;23;2;1069;2;2;1;right	Stim	14	test	3	23	2	1069	2	2	1	right	10765990	0	1	10832	1	0	next	other	0
14	406	Picture	Stim;14;test;3;24;6;1925;1;1;1;right	Stim	14	test	3	24	6	1925	1	1	1	right	10808817	0	1	19330	1	0	next	other	0
14	408	Picture	Stim;14;test;3;25;7;1823;1;1;1;right	Stim	14	test	3	25	7	1823	1	1	1	right	10873140	0	1	18331	1	0	next	other	0
14	410	Picture	Stim;14;test;3;26;5;1324;1;1;1;right	Stim	14	test	3	26	5	1324	1	1	1	right	10941463	0	1	13331	1	0	next	other	0
14	412	Picture	Stim;14;test;3;27;3;1741;2;1;0;right	Stim	14	test	3	27	3	1741	2	1	0	right	10995621	0	1	17497	1	0	next	other	0
14	414	Picture	Stim;14;test;3;28;6;1673;1;1;1;right	Stim	14	test	3	28	6	1673	1	1	1	right	11047613	0	1	16831	1	0	next	other	0
14	416	Picture	Stim;14;test;3;29;3;1107;2;2;1;right	Stim	14	test	3	29	3	1107	2	2	1	right	11109436	0	1	11165	1	0	next	other	0
14	418	Picture	Stim;14;test;3;30;2;1614;2;2;1;right	Stim	14	test	3	30	2	1614	2	2	1	right	11155096	0	1	16331	1	0	next	other	0
14	420	Picture	Stim;14;test;3;31;2;1625;2;2;1;right	Stim	14	test	3	31	2	1625	2	2	1	right	11203422	0	1	16331	1	0	next	other	0
14	422	Picture	Stim;14;test;3;32;1;1143;2;2;1;right	Stim	14	test	3	32	1	1143	2	2	1	right	11251748	0	1	11498	1	0	next	other	0
14	424	Picture	Stim;14;test;3;33;6;1443;1;1;1;right	Stim	14	test	3	33	6	1443	1	1	1	right	11293241	0	1	14498	1	0	next	other	0
14	426	Picture	Stim;14;test;3;34;5;1629;1;1;1;right	Stim	14	test	3	34	5	1629	1	1	1	right	11352732	0	1	16497	1	0	next	other	0
14	428	Picture	Stim;14;test;3;35;7;1460;1;1;1;right	Stim	14	test	3	35	7	1460	1	1	1	right	11409890	0	1	14664	1	0	next	other	0
14	430	Picture	Stim;14;test;3;36;3;1956;2;1;0;right	Stim	14	test	3	36	3	1956	2	1	0	right	11474546	0	1	19664	1	0	next	other	0
14	432	Picture	Stim;14;test;3;37;1;1073;2;2;1;right	Stim	14	test	3	37	1	1073	2	2	1	right	11528705	0	1	10832	1	0	next	other	0
14	434	Picture	Stim;14;test;3;38;5;1000;1;1;1;right	Stim	14	test	3	38	5	1000	1	1	1	right	11569532	0	1	10165	1	0	next	other	0
14	436	Picture	Stim;14;test;3;39;5;1950;1;1;1;right	Stim	14	test	3	39	5	1950	1	1	1	right	11620357	0	1	19664	1	0	next	other	0
14	438	Picture	Stim;14;test;3;40;4;1110;2;1;0;right	Stim	14	test	3	40	4	1110	2	1	0	right	11680681	0	1	11165	1	0	next	other	0
14	440	Picture	Stim;14;test;3;41;1;1606;2;2;1;right	Stim	14	test	3	41	1	1606	2	2	1	right	11729173	0	1	16164	1	0	next	other	0
14	442	Picture	Stim;14;test;3;42;1;1768;2;2;1;right	Stim	14	test	3	42	1	1768	2	2	1	right	11775333	0	1	17831	1	0	next	other	0
14	444	Picture	Stim;14;test;3;43;3;1393;2;1;0;right	Stim	14	test	3	43	3	1393	2	1	0	right	11823159	0	1	13998	1	0	next	other	0
14	446	Picture	Stim;14;test;3;44;4;1899;2;1;0;right	Stim	14	test	3	44	4	1899	2	1	0	right	11871651	0	1	19164	1	0	next	other	0
14	448	Picture	Stim;14;test;3;45;3;1998;2;1;0;right	Stim	14	test	3	45	3	1998	2	1	0	right	11928142	0	1	20164	1	0	next	other	0
14	450	Picture	Stim;14;test;3;46;3;1109;2;1;0;right	Stim	14	test	3	46	3	1109	2	1	0	right	11982634	0	1	11165	1	0	next	other	0
14	452	Picture	Stim;14;test;3;47;7;1198;1;1;1;right	Stim	14	test	3	47	7	1198	1	1	1	right	12028293	0	1	12165	1	0	next	other	0
14	454	Picture	Stim;14;test;3;48;7;1134;1;1;1;right	Stim	14	test	3	48	7	1134	1	1	1	right	12090284	0	1	11498	1	0	next	other	0
14	456	Picture	Stim;14;test;3;49;4;1698;2;2;1;right	Stim	14	test	3	49	4	1698	2	2	1	right	12151608	0	1	17164	1	0	next	other	0
14	458	Picture	Instruction	Instruction											12206099	0	1	121314	1	0	next	other	0
14	458	Response	1												12327242	121143	1
14	459	Picture	Break	Break											12327413	0	1	10832	1	0	next	other	0
14	459	Response	1												12338119	10706	0
14	460	Picture	ITI	ITI											12338245	0	1	20164	1	0	next	other	0
14	461	Picture	Stim;14;test;4;1;5;1189;1;1;1;right	Stim	14	test	4	1	5	1189	1	1	1	right	12358409	0	1	11998	1	0	next	other	0
14	463	Picture	Stim;14;test;4;2;6;1598;1;1;1;right	Stim	14	test	4	2	6	1598	1	1	1	right	12411234	0	1	16164	1	0	next	other	0
14	465	Picture	Stim;14;test;4;3;4;1925;2;1;0;right	Stim	14	test	4	3	4	1925	2	1	0	right	12472224	0	1	19330	1	0	next	other	0
14	467	Picture	Stim;14;test;4;4;1;1922;2;2;1;right	Stim	14	test	4	4	1	1922	2	2	1	right	12528882	0	1	19330	1	0	next	other	0
14	469	Picture	Stim;14;test;4;5;4;1721;2;1;0;right	Stim	14	test	4	5	4	1721	2	1	0	right	12578208	0	1	17331	1	0	next	other	0
14	471	Picture	Stim;14;test;4;6;4;1911;2;1;0;right	Stim	14	test	4	6	4	1911	2	1	0	right	12632866	0	1	19164	1	0	next	other	0
14	473	Picture	Stim;14;test;4;7;2;1060;2;1;0;right	Stim	14	test	4	7	2	1060	2	1	0	right	12689357	0	1	10665	1	0	next	other	0
14	475	Picture	Stim;14;test;4;8;5;1731;1;1;1;right	Stim	14	test	4	8	5	1731	1	1	1	right	12732017	0	1	17497	1	0	next	other	0
14	477	Picture	Stim;14;test;4;9;3;1832;2;1;0;right	Stim	14	test	4	9	3	1832	2	1	0	right	12790175	0	1	18497	1	0	next	other	0
14	479	Picture	Stim;14;test;4;10;6;1743;1;1;1;right	Stim	14	test	4	10	6	1743	1	1	1	right	12843000	0	1	17497	1	0	next	other	0
14	481	Picture	Stim;14;test;4;11;6;1981;1;1;1;right	Stim	14	test	4	11	6	1981	1	1	1	right	12905490	0	1	19997	1	0	next	other	0
14	483	Picture	Stim;14;test;4;12;5;1271;1;1;1;right	Stim	14	test	4	12	5	1271	1	1	1	right	12970314	0	1	12831	1	0	next	other	0
14	485	Picture	Stim;14;test;4;13;7;1106;1;1;1;right	Stim	14	test	4	13	7	1106	1	1	1	right	13023972	0	1	11165	1	0	next	other	0
14	487	Picture	Stim;14;test;4;14;4;1523;2;1;0;right	Stim	14	test	4	14	4	1523	2	1	0	right	13085129	0	1	15331	1	0	next	other	0
14	489	Picture	Stim;14;test;4;15;3;1666;2;2;1;right	Stim	14	test	4	15	3	1666	2	2	1	right	13137787	0	1	16831	1	0	next	other	0
14	491	Picture	Stim;14;test;4;16;1;1138;2;2;1;right	Stim	14	test	4	16	1	1138	2	2	1	right	13188946	0	1	11498	1	0	next	other	0
14	493	Picture	Stim;14;test;4;17;7;1241;1;1;1;right	Stim	14	test	4	17	7	1241	1	1	1	right	13230440	0	1	12498	1	0	next	other	0
14	495	Picture	Stim;14;test;4;18;1;1522;2;2;1;right	Stim	14	test	4	18	1	1522	2	2	1	right	13292930	0	1	15331	1	0	next	other	0
14	497	Picture	Stim;14;test;4;19;1;1390;2;2;1;right	Stim	14	test	4	19	1	1390	2	2	1	right	13338256	0	1	13998	1	0	next	other	0
14	499	Picture	Stim;14;test;4;20;3;1610;2;2;1;right	Stim	14	test	4	20	3	1610	2	2	1	right	13382249	0	1	16164	1	0	next	other	0
14	501	Picture	Stim;14;test;4;21;5;1966;1;1;1;right	Stim	14	test	4	21	5	1966	1	1	1	right	13432908	0	1	19830	1	0	next	other	0
14	503	Picture	Stim;14;test;4;22;1;1639;2;2;1;right	Stim	14	test	4	22	1	1639	2	2	1	right	13493399	0	1	16497	1	0	next	other	0
14	505	Picture	Stim;14;test;4;23;2;1506;2;2;1;right	Stim	14	test	4	23	2	1506	2	2	1	right	13539891	0	1	15164	1	0	next	other	0
14	507	Picture	Stim;14;test;4;24;6;1803;1;1;1;right	Stim	14	test	4	24	6	1803	1	1	1	right	13587051	0	1	18164	1	0	next	other	0
14	509	Picture	Stim;14;test;4;25;7;1400;1;1;1;right	Stim	14	test	4	25	7	1400	1	1	1	right	13650208	0	1	14164	1	0	next	other	0
14	511	Picture	Stim;14;test;4;26;2;1474;2;2;1;right	Stim	14	test	4	26	2	1474	2	2	1	right	13714198	0	1	14831	1	0	next	other	0
14	513	Picture	Stim;14;test;4;27;3;1581;2;1;0;right	Stim	14	test	4	27	3	1581	2	1	0	right	13761024	0	1	15998	1	0	next	other	0
14	515	Picture	Stim;14;test;4;28;2;1054;2;0;0;right	Stim	14	test	4	28	2	1054	2	0	0	right	13811349	0	1	10665	1	0	next	other	0
14	517	Picture	Stim;14;test;4;29;7;1798;1;1;1;right	Stim	14	test	4	29	7	1798	1	1	1	right	13854009	0	1	18164	1	0	next	other	0
14	519	Picture	Stim;14;test;4;30;7;1093;1;1;1;right	Stim	14	test	4	30	7	1093	1	1	1	right	13921999	0	1	10998	1	0	next	other	0
14	521	Picture	Stim;14;test;4;31;3;1857;2;0;0;right	Stim	14	test	4	31	3	1857	2	0	0	right	13982989	0	1	18664	1	0	next	other	0
14	523	Picture	Stim;14;test;4;32;7;1824;1;1;1;right	Stim	14	test	4	32	7	1824	1	1	1	right	14036148	0	1	18330	1	0	next	other	0
14	525	Picture	Stim;14;test;4;33;6;1856;1;1;1;right	Stim	14	test	4	33	6	1856	1	1	1	right	14104470	0	1	18664	1	0	next	other	0
14	527	Picture	Stim;14;test;4;34;3;1015;2;0;0;right	Stim	14	test	4	34	3	1015	2	0	0	right	14168127	0	1	10332	1	0	next	other	0
14	529	Picture	Stim;14;test;4;35;3;1575;2;0;0;right	Stim	14	test	4	35	3	1575	2	0	0	right	14212787	0	1	15831	1	0	next	other	0
14	531	Picture	Stim;14;test;4;36;4;1838;2;1;0;right	Stim	14	test	4	36	4	1838	2	1	0	right	14263112	0	1	18497	1	0	next	other	0
14	533	Picture	Stim;14;test;4;37;7;1654;1;1;1;right	Stim	14	test	4	37	7	1654	1	1	1	right	14318937	0	1	16664	1	0	next	other	0
14	535	Picture	Stim;14;test;4;38;5;1921;1;1;1;right	Stim	14	test	4	38	5	1921	1	1	1	right	14385593	0	1	19330	1	0	next	other	0
14	537	Picture	Stim;14;test;4;39;2;1872;2;0;0;right	Stim	14	test	4	39	2	1872	2	0	0	right	14445750	0	1	18830	1	0	next	other	0
14	539	Picture	Stim;14;test;4;40;4;1536;2;1;0;right	Stim	14	test	4	40	4	1536	2	1	0	right	14496576	0	1	15498	1	0	next	other	0
14	541	Picture	Stim;14;test;4;41;5;1193;1;1;1;right	Stim	14	test	4	41	5	1193	1	1	1	right	14549401	0	1	11998	1	0	next	other	0
14	543	Picture	Stim;14;test;4;42;4;1070;2;1;0;right	Stim	14	test	4	42	4	1070	2	1	0	right	14602226	0	1	10832	1	0	next	other	0
14	545	Picture	Stim;14;test;4;43;6;1520;1;1;1;right	Stim	14	test	4	43	6	1520	1	1	1	right	14650385	0	1	15331	1	0	next	other	0
14	547	Picture	Stim;14;test;4;44;2;1791;2;0;0;right	Stim	14	test	4	44	2	1791	2	0	0	right	14710709	0	1	17997	1	0	next	other	0
14	549	Picture	Stim;14;test;4;45;2;1295;2;0;0;right	Stim	14	test	4	45	2	1295	2	0	0	right	14760702	0	1	12998	1	0	next	other	0
14	551	Picture	Stim;14;test;4;46;1;1167;2;0;0;right	Stim	14	test	4	46	1	1167	2	0	0	right	14805694	0	1	11832	1	0	next	other	0
14	553	Picture	Stim;14;test;4;47;6;1195;1;1;1;right	Stim	14	test	4	47	6	1195	1	1	1	right	14847521	0	1	11998	1	0	next	other	0
14	555	Picture	Stim;14;test;4;48;1;1246;2;0;0;right	Stim	14	test	4	48	1	1246	2	0	0	right	14904512	0	1	12665	1	0	next	other	0
14	557	Picture	Stim;14;test;4;49;5;1246;1;1;1;right	Stim	14	test	4	49	5	1246	1	1	1	right	14947172	0	1	12665	1	0	next	other	0
14	559	Picture	Instruction	Instruction											15000497	0	1	52992	1	0	next	other	0
14	559	Response	1												15053351	52853	1
14	560	Picture	Break	Break											15053489	0	1	53657	2	0	next	other	0
14	560	Response	1												15107104	53615	0
14	561	Picture	ITI	ITI											15107147	0	2	20164	2	0	next	other	0
14	562	Picture	Instruction	Instruction											15127311	0	1	73641	1	0	next	other	0
14	562	Response	1												15189096	61784	0


{
   "app": "Presentation Version 20.1 Build 12.04.17",
   "device": "LENOVO 10FGCTO1WW",
   "experiment": "{772213B2-5F0F-4A35-9C2F-36954700C7EA}",
   "os": "Windows 7 64 bit",
   "package": "",
   "parameters": {
      "configuration": "Default configuration"
   },
   "scenario": "Bisection Task with Dynanometer.sce",
   "subject": "14",
   "timestamp": "2018/10/02 06:01:35 GMT"
}
