Scenario - Bisection Task
Logfile written - 10/04/2018 11:30:52

Subject	Trial	Event Type	Code	event_cond(str)	subject_id(num)	block_name(str)	block_number(num)	trial_number(num)	probe(num)	ITI(num)	correctAns(num)	resp(num)	accuracy(num)	short(str)	Time	TTime	Uncertainty	Duration	Uncertainty	ReqTime	ReqDur	Stim Type	Pair Index

22	1	Picture	Instruction	Instruction											333	0	1	91153	1	0	next	other	0
22	1	Response	1												91374	91041	0
22	2	Picture	Stim;22;study;1;1;1;1969;1;-1;0;right	Stim	22	study	1	1	1	1969	1	-1	0	right	91486	0	1	21163	1	0	next	other	0
22	4	Picture	Stim;22;study;1;2;7;1505;7;-1;0;right	Stim	22	study	1	2	7	1505	7	-1	0	right	141311	0	1	15164	1	0	next	other	0
22	6	Picture	Stim;22;study;1;3;1;1856;1;-1;0;right	Stim	22	study	1	3	1	1856	1	-1	0	right	206468	0	1	18664	1	0	next	other	0
22	8	Picture	Stim;22;study;1;4;7;1980;7;-1;0;right	Stim	22	study	1	4	7	1980	7	-1	0	right	255127	0	1	19997	1	0	next	other	0
22	10	Picture	Stim;22;study;1;5;1;1045;1;-1;0;right	Stim	22	study	1	5	1	1045	1	-1	0	right	324949	0	1	10665	1	0	next	other	0
22	12	Picture	Stim;22;study;1;6;7;1926;7;-1;0;right	Stim	22	study	1	6	7	1926	7	-1	0	right	365610	0	1	19497	1	0	next	other	0
22	14	Picture	Stim;22;study;1;7;1;1705;1;-1;0;right	Stim	22	study	1	7	1	1705	1	-1	0	right	434932	0	1	17164	1	0	next	other	0
22	16	Picture	Stim;22;study;1;8;7;1687;7;-1;0;right	Stim	22	study	1	8	7	1687	7	-1	0	right	482092	0	1	16997	1	0	next	other	0
22	18	Picture	Stim;22;study;1;9;1;1375;1;-1;0;right	Stim	22	study	1	9	1	1375	1	-1	0	right	549081	0	1	13831	1	0	next	other	0
22	20	Picture	Stim;22;study;1;10;7;1094;7;-1;0;right	Stim	22	study	1	10	7	1094	7	-1	0	right	592908	0	1	10998	1	0	next	other	0
22	22	Picture	End_Block	End_Block											653898	0	1	132646	1	0	next	other	0
22	22	Response	1												786420	132522	1
22	23	Picture	Break	Break											786544	0	1	6332	1	0	next	other	0
22	23	Response	1												792739	6195	0
22	24	Picture	ITI	ITI											792877	0	1	10165	1	0	next	other	0
22	25	Picture	Instruction	Instruction											803042	0	1	186804	1	0	next	other	0
22	25	Response	1												989758	186716	0
22	26	Picture	Instruction	Instruction											989846	0	1	49826	1	0	next	other	0
22	26	Response	1												1039513	49667	0
22	27	Picture	Stim;22;practice;1;1;7;1000;1;1;1;right	Stim	22	practice	1	1	7	1000	1	1	1	right	1039672	0	1	10165	1	0	next	other	0
22	29	Picture	Feedback	Feedback											1099829	0	1	7166	1	0	next	other	0
22	30	Picture	Stim;22;practice;1;2;3;1000;2;2;1;right	Stim	22	practice	1	2	3	1000	2	2	1	right	1106994	0	1	10165	1	0	next	other	0
22	32	Picture	Feedback	Feedback											1151487	0	1	7166	1	0	next	other	0
22	33	Picture	Stim;22;practice;1;3;1;1000;2;2;1;right	Stim	22	practice	1	3	1	1000	2	2	1	right	1158653	0	1	10165	1	0	next	other	0
22	35	Picture	Feedback	Feedback											1198813	0	1	7166	1	0	next	other	0
22	36	Picture	Stim;22;practice;1;4;2;1000;2;2;1;right	Stim	22	practice	1	4	2	1000	2	2	1	right	1205979	0	1	10165	1	0	next	other	0
22	38	Picture	Feedback	Feedback											1248139	0	1	7166	1	0	next	other	0
22	39	Picture	Stim;22;practice;1;5;5;1000;1;1;1;right	Stim	22	practice	1	5	5	1000	1	1	1	right	1255305	0	1	10165	1	0	next	other	0
22	41	Picture	Feedback	Feedback											1306297	0	1	7166	1	0	next	other	0
22	42	Picture	Stim;22;practice;1;6;4;1000;2;1;0;right	Stim	22	practice	1	6	4	1000	2	1	0	right	1313462	0	1	10165	1	0	next	other	0
22	44	Picture	Feedback	Feedback											1360955	0	1	7166	1	0	next	other	0
22	45	Picture	Stim;22;practice;1;7;6;1000;1;1;1;right	Stim	22	practice	1	7	6	1000	1	1	1	right	1368120	0	1	10165	1	0	next	other	0
22	47	Picture	Feedback	Feedback											1423112	0	1	7166	1	0	next	other	0
22	48	Picture	Stim;22;practice;2;1;4;1000;2;1;0;right	Stim	22	practice	2	1	4	1000	2	1	0	right	1430277	0	1	10165	1	0	next	other	0
22	50	Picture	Feedback	Feedback											1477770	0	1	7166	1	0	next	other	0
22	51	Picture	Stim;22;practice;2;2;5;1000;1;1;1;right	Stim	22	practice	2	2	5	1000	1	1	1	right	1484935	0	1	10165	1	0	next	other	0
22	53	Picture	Feedback	Feedback											1535761	0	1	7166	1	0	next	other	0
22	54	Picture	Stim;22;practice;2;3;6;1000;1;1;1;right	Stim	22	practice	2	3	6	1000	1	1	1	right	1542927	0	1	10165	1	0	next	other	0
22	56	Picture	Feedback	Feedback											1597918	0	1	7166	1	0	next	other	0
22	57	Picture	Stim;22;practice;2;4;3;1000;2;1;0;right	Stim	22	practice	2	4	3	1000	2	1	0	right	1605084	0	1	10165	1	0	next	other	0
22	59	Picture	Feedback	Feedback											1649577	0	1	7166	1	0	next	other	0
22	60	Picture	Stim;22;practice;2;5;1;1000;2;2;1;right	Stim	22	practice	2	5	1	1000	2	2	1	right	1656742	0	1	10165	1	0	next	other	0
22	62	Picture	Feedback	Feedback											1696903	0	1	7166	1	0	next	other	0
22	63	Picture	Stim;22;practice;2;6;2;1000;2;2;1;right	Stim	22	practice	2	6	2	1000	2	2	1	right	1704068	0	1	10165	1	0	next	other	0
22	65	Picture	Feedback	Feedback											1746228	0	1	7166	1	0	next	other	0
22	66	Picture	Stim;22;practice;2;7;7;1000;1;1;1;right	Stim	22	practice	2	7	7	1000	1	1	1	right	1753394	0	1	10165	1	0	next	other	0
22	68	Picture	Feedback	Feedback											1813384	0	1	7166	1	0	next	other	0
22	69	Picture	Stim;22;practice;3;1;4;1000;2;1;0;right	Stim	22	practice	3	1	4	1000	2	1	0	right	1820550	0	1	10165	1	0	next	other	0
22	71	Picture	Feedback	Feedback											1868042	0	1	7166	1	0	next	other	0
22	72	Picture	Stim;22;practice;3;2;5;1000;1;1;1;right	Stim	22	practice	3	2	5	1000	1	1	1	right	1875208	0	1	10165	1	0	next	other	0
22	74	Picture	Feedback	Feedback											1926034	0	1	7166	1	0	next	other	0
22	75	Picture	Stim;22;practice;3;3;1;1000;2;2;1;right	Stim	22	practice	3	3	1	1000	2	2	1	right	1933199	0	1	10165	1	0	next	other	0
22	77	Picture	Feedback	Feedback											1973359	0	1	7166	1	0	next	other	0
22	78	Picture	Stim;22;practice;3;4;3;1000;2;2;1;right	Stim	22	practice	3	4	3	1000	2	2	1	right	1980525	0	1	10165	1	0	next	other	0
22	80	Picture	Feedback	Feedback											2025018	0	1	7166	1	0	next	other	0
22	81	Picture	Stim;22;practice;3;5;6;1000;1;1;1;right	Stim	22	practice	3	5	6	1000	1	1	1	right	2032184	0	1	10165	1	0	next	other	0
22	83	Picture	Feedback	Feedback											2087175	0	1	7166	1	0	next	other	0
22	84	Picture	Stim;22;practice;3;6;7;1000;1;1;1;right	Stim	22	practice	3	6	7	1000	1	1	1	right	2094341	0	1	10165	1	0	next	other	0
22	86	Picture	Feedback	Feedback											2154331	0	1	7166	1	0	next	other	0
22	87	Picture	Stim;22;practice;3;7;2;1000;2;2;1;right	Stim	22	practice	3	7	2	1000	2	2	1	right	2161497	0	1	10165	1	0	next	other	0
22	89	Picture	Feedback	Feedback											2203657	0	1	7166	1	0	next	other	0
22	90	Picture	Break	Break											2210822	0	1	41160	1	0	next	other	0
22	90	Response	1												2251784	40962	1
22	91	Picture	Instruction	Instruction											2251983	0	1	7165	1	0	next	other	0
22	91	Response	1												2258983	7000	0
22	92	Picture	ITI	ITI											2259148	0	1	10165	1	0	next	other	0
22	93	Picture	Instruction	Instruction											2269313	0	1	347779	1	0	next	other	0
22	93	Response	1												2616864	347551	0
22	94	Picture	Stim;22;test;1;1;6;1734;1;1;1;right	Stim	22	test	1	1	6	1734	1	1	1	right	2617093	0	1	17497	1	0	next	other	0
22	96	Picture	Stim;22;test;1;2;4;1787;2;1;0;right	Stim	22	test	1	2	4	1787	2	1	0	right	2679416	0	1	17997	1	0	next	other	0
22	98	Picture	Stim;22;test;1;3;1;1657;2;2;1;right	Stim	22	test	1	3	1	1657	2	2	1	right	2734741	0	1	16664	1	0	next	other	0
22	100	Picture	Stim;22;test;1;4;4;1444;2;1;0;right	Stim	22	test	1	4	4	1444	2	1	0	right	2781400	0	1	14498	1	0	next	other	0
22	102	Picture	Stim;22;test;1;5;4;1097;2;1;0;right	Stim	22	test	1	5	4	1097	2	1	0	right	2833226	0	1	11165	1	0	next	other	0
22	104	Picture	Stim;22;test;1;6;6;1269;1;1;1;right	Stim	22	test	1	6	6	1269	1	1	1	right	2881551	0	1	12831	1	0	next	other	0
22	106	Picture	Stim;22;test;1;7;5;1476;1;1;1;right	Stim	22	test	1	7	5	1476	1	1	1	right	2939376	0	1	14831	1	0	next	other	0
22	108	Picture	Stim;22;test;1;8;1;1010;2;2;1;right	Stim	22	test	1	8	1	1010	2	2	1	right	2995034	0	1	10165	1	0	next	other	0
22	110	Picture	Stim;22;test;1;9;5;1544;1;1;1;right	Stim	22	test	1	9	5	1544	1	1	1	right	3035194	0	1	15498	1	0	next	other	0
22	112	Picture	Stim;22;test;1;10;2;1626;2;2;1;right	Stim	22	test	1	10	2	1626	2	2	1	right	3091519	0	1	16331	1	0	next	other	0
22	114	Picture	Stim;22;test;1;11;2;1065;2;2;1;right	Stim	22	test	1	11	2	1065	2	2	1	right	3139845	0	1	10832	1	0	next	other	0
22	116	Picture	Stim;22;test;1;12;1;1149;2;2;1;right	Stim	22	test	1	12	1	1149	2	2	1	right	3182671	0	1	11665	1	0	next	other	0
22	118	Picture	Stim;22;test;1;13;3;1935;2;2;1;right	Stim	22	test	1	13	3	1935	2	2	1	right	3224331	0	1	19497	1	0	next	other	0
22	120	Picture	Stim;22;test;1;14;1;1820;2;2;1;right	Stim	22	test	1	14	1	1820	2	2	1	right	3278156	0	1	18330	1	0	next	other	0
22	122	Picture	Stim;22;test;1;15;2;1835;2;2;1;right	Stim	22	test	1	15	2	1835	2	2	1	right	3326482	0	1	18497	1	0	next	other	0
22	124	Picture	Stim;22;test;1;16;3;1177;2;2;1;right	Stim	22	test	1	16	3	1177	2	2	1	right	3376974	0	1	11831	1	0	next	other	0
22	126	Picture	Stim;22;test;1;17;3;1047;2;2;1;right	Stim	22	test	1	17	3	1047	2	2	1	right	3423300	0	1	10665	1	0	next	other	0
22	128	Picture	Stim;22;test;1;18;5;1196;1;1;1;right	Stim	22	test	1	18	5	1196	1	1	1	right	3468293	0	1	12165	1	0	next	other	0
22	130	Picture	Stim;22;test;1;19;5;1376;1;1;1;right	Stim	22	test	1	19	5	1376	1	1	1	right	3521119	0	1	13831	1	0	next	other	0
22	132	Picture	Stim;22;test;1;20;7;1556;1;1;1;right	Stim	22	test	1	20	7	1556	1	1	1	right	3575777	0	1	15664	1	0	next	other	0
22	134	Picture	Stim;22;test;1;21;5;1136;1;1;1;right	Stim	22	test	1	21	5	1136	1	1	1	right	3641433	0	1	11498	1	0	next	other	0
22	136	Picture	Stim;22;test;1;22;4;1369;2;1;0;right	Stim	22	test	1	22	4	1369	2	1	0	right	3693758	0	1	13831	1	0	next	other	0
22	138	Picture	Stim;22;test;1;23;5;1339;1;1;1;right	Stim	22	test	1	23	5	1339	1	1	1	right	3744917	0	1	13498	1	0	next	other	0
22	140	Picture	Stim;22;test;1;24;3;1042;2;2;1;right	Stim	22	test	1	24	3	1042	2	2	1	right	3799242	0	1	10498	1	0	next	other	0
22	142	Picture	Stim;22;test;1;25;7;1070;1;1;1;right	Stim	22	test	1	25	7	1070	1	1	1	right	3844235	0	1	10832	1	0	next	other	0
22	144	Picture	Stim;22;test;1;26;3;1647;2;2;1;right	Stim	22	test	1	26	3	1647	2	2	1	right	3905059	0	1	16664	1	0	next	other	0
22	146	Picture	Stim;22;test;1;27;6;1727;1;1;1;right	Stim	22	test	1	27	6	1727	1	1	1	right	3956051	0	1	17331	1	0	next	other	0
22	148	Picture	Stim;22;test;1;28;1;1436;2;2;1;right	Stim	22	test	1	28	1	1436	2	2	1	right	4018375	0	1	14498	1	0	next	other	0
22	150	Picture	Stim;22;test;1;29;1;1342;2;2;1;right	Stim	22	test	1	29	1	1342	2	2	1	right	4062868	0	1	13498	1	0	next	other	0
22	152	Picture	Stim;22;test;1;30;7;1301;1;1;1;right	Stim	22	test	1	30	7	1301	1	1	1	right	4106361	0	1	13165	1	0	next	other	0
22	154	Picture	Stim;22;test;1;31;6;1432;1;1;1;right	Stim	22	test	1	31	6	1432	1	1	1	right	4169518	0	1	14498	1	0	next	other	0
22	156	Picture	Stim;22;test;1;32;2;1494;2;2;1;right	Stim	22	test	1	32	2	1494	2	2	1	right	4228842	0	1	14998	1	0	next	other	0
22	158	Picture	Stim;22;test;1;33;6;1767;1;1;1;right	Stim	22	test	1	33	6	1767	1	1	1	right	4275834	0	1	17831	1	0	next	other	0
22	160	Picture	Stim;22;test;1;34;6;1669;1;1;1;right	Stim	22	test	1	34	6	1669	1	1	1	right	4338491	0	1	16831	1	0	next	other	0
22	162	Picture	Stim;22;test;1;35;3;1232;2;1;0;right	Stim	22	test	1	35	3	1232	2	1	0	right	4400315	0	1	12498	1	0	next	other	0
22	164	Picture	Stim;22;test;1;36;2;1353;2;2;1;right	Stim	22	test	1	36	2	1353	2	2	1	right	4447141	0	1	13664	1	0	next	other	0
22	166	Picture	Stim;22;test;1;37;7;1563;1;1;1;right	Stim	22	test	1	37	7	1563	1	1	1	right	4492801	0	1	15831	1	0	next	other	0
22	168	Picture	Stim;22;test;1;38;7;1639;1;1;1;right	Stim	22	test	1	38	7	1639	1	1	1	right	4558457	0	1	16497	1	0	next	other	0
22	170	Picture	Stim;22;test;1;39;4;1518;2;1;0;right	Stim	22	test	1	39	4	1518	2	1	0	right	4624947	0	1	15331	1	0	next	other	0
22	172	Picture	Stim;22;test;1;40;3;1607;2;1;0;right	Stim	22	test	1	40	3	1607	2	1	0	right	4677605	0	1	16164	1	0	next	other	0
22	174	Picture	Stim;22;test;1;41;4;1133;2;1;0;right	Stim	22	test	1	41	4	1133	2	1	0	right	4728264	0	1	11498	1	0	next	other	0
22	176	Picture	Stim;22;test;1;42;2;1965;2;2;1;right	Stim	22	test	1	42	2	1965	2	2	1	right	4777090	0	1	19830	1	0	next	other	0
22	178	Picture	Stim;22;test;1;43;5;1121;1;1;1;right	Stim	22	test	1	43	5	1121	1	1	1	right	4828915	0	1	11332	1	0	next	other	0
22	180	Picture	Stim;22;test;1;44;6;1299;1;1;1;right	Stim	22	test	1	44	6	1299	1	1	1	right	4881073	0	1	13165	1	0	next	other	0
22	182	Picture	Stim;22;test;1;45;7;1551;1;1;1;right	Stim	22	test	1	45	7	1551	1	1	1	right	4939065	0	1	15664	1	0	next	other	0
22	184	Picture	Stim;22;test;1;46;2;1356;2;1;0;right	Stim	22	test	1	46	2	1356	2	1	0	right	5004554	0	1	13664	1	0	next	other	0
22	186	Picture	Stim;22;test;1;47;4;1057;2;1;0;right	Stim	22	test	1	47	4	1057	2	1	0	right	5050214	0	1	10665	1	0	next	other	0
22	188	Picture	Stim;22;test;1;48;7;1771;1;1;1;right	Stim	22	test	1	48	7	1771	1	1	1	right	5098206	0	1	17831	1	0	next	other	0
22	190	Picture	Stim;22;test;1;49;1;1324;2;2;1;right	Stim	22	test	1	49	1	1324	2	2	1	right	5166029	0	1	13331	1	0	next	other	0
22	192	Picture	Instruction	Instruction											5209356	0	1	329282	1	0	next	other	0
22	192	Response	1												5538394	329038	1
22	193	Picture	Break	Break											5538638	0	1	17497	1	0	next	other	0
22	193	Response	1												5556071	17433	0
22	194	Picture	ITI	ITI											5556135	0	1	20163	1	0	next	other	0
22	195	Picture	Stim;22;test;2;1;2;1995;2;2;1;right	Stim	22	test	2	1	2	1995	2	2	1	right	5576299	0	1	19997	1	0	next	other	0
22	197	Picture	Stim;22;test;2;2;1;1855;2;2;1;right	Stim	22	test	2	2	1	1855	2	2	1	right	5628457	0	1	18664	1	0	next	other	0
22	199	Picture	Stim;22;test;2;3;4;1344;2;1;0;right	Stim	22	test	2	3	4	1344	2	1	0	right	5677116	0	1	13498	1	0	next	other	0
22	201	Picture	Stim;22;test;2;4;1;1882;2;2;1;right	Stim	22	test	2	4	1	1882	2	2	1	right	5727942	0	1	18997	1	0	next	other	0
22	203	Picture	Stim;22;test;2;5;5;1198;1;1;1;right	Stim	22	test	2	5	5	1198	1	1	1	right	5776934	0	1	12165	1	0	next	other	0
22	205	Picture	Stim;22;test;2;6;5;1281;1;1;1;right	Stim	22	test	2	6	5	1281	1	1	1	right	5829759	0	1	12998	1	0	next	other	0
22	207	Picture	Stim;22;test;2;7;3;1606;2;1;0;right	Stim	22	test	2	7	3	1606	2	1	0	right	5883417	0	1	16164	1	0	next	other	0
22	209	Picture	Stim;22;test;2;8;2;1389;2;2;1;right	Stim	22	test	2	8	2	1389	2	2	1	right	5934076	0	1	13998	1	0	next	other	0
22	211	Picture	Stim;22;test;2;9;5;1745;1;1;1;right	Stim	22	test	2	9	5	1745	1	1	1	right	5980069	0	1	17497	1	0	next	other	0
22	213	Picture	Stim;22;test;2;10;7;1408;1;1;1;right	Stim	22	test	2	10	7	1408	1	1	1	right	6038393	0	1	14164	1	0	next	other	0
22	215	Picture	Stim;22;test;2;11;7;1213;1;1;1;right	Stim	22	test	2	11	7	1213	1	1	1	right	6102550	0	1	12331	1	0	next	other	0
22	217	Picture	Stim;22;test;2;12;3;1369;2;1;0;right	Stim	22	test	2	12	3	1369	2	1	0	right	6164707	0	1	13831	1	0	next	other	0
22	219	Picture	Stim;22;test;2;13;4;1014;2;1;0;right	Stim	22	test	2	13	4	1014	2	1	0	right	6212866	0	1	10332	1	0	next	other	0
22	221	Picture	Stim;22;test;2;14;7;1794;1;1;1;right	Stim	22	test	2	14	7	1794	1	1	1	right	6260359	0	1	17997	1	0	next	other	0
22	223	Picture	Stim;22;test;2;15;5;1176;1;1;1;right	Stim	22	test	2	15	5	1176	1	1	1	right	6328348	0	1	11832	1	0	next	other	0
22	225	Picture	Stim;22;test;2;16;6;1907;1;1;1;right	Stim	22	test	2	16	6	1907	1	1	1	right	6381007	0	1	19164	1	0	next	other	0
22	227	Picture	Stim;22;test;2;17;5;1540;1;1;1;right	Stim	22	test	2	17	5	1540	1	1	1	right	6445163	0	1	15498	1	0	next	other	0
22	229	Picture	Stim;22;test;2;18;4;1191;2;1;0;right	Stim	22	test	2	18	4	1191	2	1	0	right	6501488	0	1	11998	1	0	next	other	0
22	231	Picture	Stim;22;test;2;19;6;1006;1;1;1;right	Stim	22	test	2	19	6	1006	1	1	1	right	6550814	0	1	10165	1	0	next	other	0
22	233	Picture	Stim;22;test;2;20;3;1880;2;1;0;right	Stim	22	test	2	20	3	1880	2	1	0	right	6605972	0	1	18997	1	0	next	other	0
22	235	Picture	Stim;22;test;2;21;6;1300;1;1;1;right	Stim	22	test	2	21	6	1300	1	1	1	right	6659297	0	1	13165	1	0	next	other	0
22	237	Picture	Stim;22;test;2;22;7;1867;1;1;1;right	Stim	22	test	2	22	7	1867	1	1	1	right	6717288	0	1	18830	1	0	next	other	0
22	239	Picture	Stim;22;test;2;23;2;1792;2;2;1;right	Stim	22	test	2	23	2	1792	2	2	1	right	6785944	0	1	17997	1	0	next	other	0
22	241	Picture	Stim;22;test;2;24;4;1291;2;1;0;right	Stim	22	test	2	24	4	1291	2	1	0	right	6835936	0	1	12998	1	0	next	other	0
22	243	Picture	Stim;22;test;2;25;2;1072;2;1;0;right	Stim	22	test	2	25	2	1072	2	1	0	right	6886261	0	1	10832	1	0	next	other	0
22	245	Picture	Stim;22;test;2;26;7;1953;1;1;1;right	Stim	22	test	2	26	7	1953	1	1	1	right	6929088	0	1	19664	1	0	next	other	0
22	247	Picture	Stim;22;test;2;27;1;1614;2;2;1;right	Stim	22	test	2	27	1	1614	2	2	1	right	6998744	0	1	16331	1	0	next	other	0
22	249	Picture	Stim;22;test;2;28;1;1074;2;2;1;right	Stim	22	test	2	28	1	1074	2	2	1	right	7045070	0	1	10832	1	0	next	other	0
22	251	Picture	Stim;22;test;2;29;2;1213;2;2;1;right	Stim	22	test	2	29	2	1213	2	2	1	right	7085897	0	1	12331	1	0	next	other	0
22	253	Picture	Stim;22;test;2;30;3;1372;2;1;0;right	Stim	22	test	2	30	3	1372	2	1	0	right	7130223	0	1	13831	1	0	next	other	0
22	255	Picture	Stim;22;test;2;31;1;1331;2;2;1;right	Stim	22	test	2	31	1	1331	2	2	1	right	7178549	0	1	13498	1	0	next	other	0
22	257	Picture	Stim;22;test;2;32;6;1063;1;1;1;right	Stim	22	test	2	32	6	1063	1	1	1	right	7222042	0	1	10832	1	0	next	other	0
22	259	Picture	Stim;22;test;2;33;6;1617;1;1;1;right	Stim	22	test	2	33	6	1617	1	1	1	right	7277700	0	1	16331	1	0	next	other	0
22	261	Picture	Stim;22;test;2;34;4;1176;2;1;0;right	Stim	22	test	2	34	4	1176	2	1	0	right	7338858	0	1	11831	1	0	next	other	0
22	263	Picture	Stim;22;test;2;35;5;1110;1;1;1;right	Stim	22	test	2	35	5	1110	1	1	1	right	7388017	0	1	11165	1	0	next	other	0
22	265	Picture	Stim;22;test;2;36;1;1931;2;2;1;right	Stim	22	test	2	36	1	1931	2	2	1	right	7440009	0	1	19497	1	0	next	other	0
22	267	Picture	Stim;22;test;2;37;7;1492;1;1;1;right	Stim	22	test	2	37	7	1492	1	1	1	right	7489501	0	1	14998	1	0	next	other	0
22	269	Picture	Stim;22;test;2;38;6;1943;1;1;1;right	Stim	22	test	2	38	6	1943	1	1	1	right	7554491	0	1	19497	1	0	next	other	0
22	271	Picture	Stim;22;test;2;39;2;1564;2;1;0;right	Stim	22	test	2	39	2	1564	2	1	0	right	7618981	0	1	15831	1	0	next	other	0
22	273	Picture	Stim;22;test;2;40;2;1862;2;1;0;right	Stim	22	test	2	40	2	1862	2	1	0	right	7666807	0	1	18664	1	0	next	other	0
22	275	Picture	Stim;22;test;2;41;6;1104;1;1;1;right	Stim	22	test	2	41	6	1104	1	1	1	right	7717632	0	1	11165	1	0	next	other	0
22	277	Picture	Stim;22;test;2;42;1;1276;2;2;1;right	Stim	22	test	2	42	1	1276	2	2	1	right	7773790	0	1	12831	1	0	next	other	0
22	279	Picture	Stim;22;test;2;43;3;1644;2;1;0;right	Stim	22	test	2	43	3	1644	2	1	0	right	7816617	0	1	16497	1	0	next	other	0
22	281	Picture	Stim;22;test;2;44;7;1670;1;1;1;right	Stim	22	test	2	44	7	1670	1	1	1	right	7867609	0	1	16831	1	0	next	other	0
22	283	Picture	Stim;22;test;2;45;4;1951;2;1;0;right	Stim	22	test	2	45	4	1951	2	1	0	right	7934432	0	1	19664	1	0	next	other	0
22	285	Picture	Stim;22;test;2;46;4;1496;2;1;0;right	Stim	22	test	2	46	4	1496	2	1	0	right	7991423	0	1	15164	1	0	next	other	0
22	287	Picture	Stim;22;test;2;47;3;1155;2;1;0;right	Stim	22	test	2	47	3	1155	2	1	0	right	8043748	0	1	11665	1	0	next	other	0
22	289	Picture	Stim;22;test;2;48;3;1630;2;1;0;right	Stim	22	test	2	48	3	1630	2	1	0	right	8089907	0	1	16497	1	0	next	other	0
22	291	Picture	Stim;22;test;2;49;5;1785;1;1;1;right	Stim	22	test	2	49	5	1785	1	1	1	right	8140733	0	1	17997	1	0	next	other	0
22	293	Picture	Instruction	Instruction											8199557	0	1	227631	1	0	next	other	0
22	293	Response	1												8426965	227409	0
22	294	Picture	Break	Break											8427188	0	1	12332	1	0	next	other	0
22	294	Response	1												8439443	12255	0
22	295	Picture	ITI	ITI											8439520	0	1	20164	1	0	next	other	0
22	296	Picture	Stim;22;test;3;1;6;1573;1;1;1;right	Stim	22	test	3	1	6	1573	1	1	1	right	8459683	0	1	15831	1	0	next	other	0
22	298	Picture	Stim;22;test;3;2;2;1832;2;2;1;right	Stim	22	test	3	2	2	1832	2	2	1	right	8520507	0	1	18497	1	0	next	other	0
22	300	Picture	Stim;22;test;3;3;4;1940;2;1;0;right	Stim	22	test	3	3	4	1940	2	1	0	right	8570999	0	1	19497	1	0	next	other	0
22	302	Picture	Stim;22;test;3;4;2;1340;2;1;0;right	Stim	22	test	3	4	2	1340	2	1	0	right	8627824	0	1	13498	1	0	next	other	0
22	304	Picture	Stim;22;test;3;5;3;1857;2;1;0;right	Stim	22	test	3	5	3	1857	2	1	0	right	8673317	0	1	18664	1	0	next	other	0
22	306	Picture	Stim;22;test;3;6;3;1240;2;1;0;right	Stim	22	test	3	6	3	1240	2	1	0	right	8726475	0	1	12498	1	0	next	other	0
22	308	Picture	Stim;22;test;3;7;4;1009;2;1;0;right	Stim	22	test	3	7	4	1009	2	1	0	right	8773468	0	1	10165	1	0	next	other	0
22	310	Picture	Stim;22;test;3;8;3;1215;2;1;0;right	Stim	22	test	3	8	3	1215	2	1	0	right	8820960	0	1	12331	1	0	next	other	0
22	312	Picture	Stim;22;test;3;9;6;1766;1;1;1;right	Stim	22	test	3	9	6	1766	1	1	1	right	8867620	0	1	17831	1	0	next	other	0
22	314	Picture	Stim;22;test;3;10;4;1982;2;1;0;right	Stim	22	test	3	10	4	1982	2	1	0	right	8930277	0	1	19997	1	0	next	other	0
22	316	Picture	Stim;22;test;3;11;4;1422;2;1;0;right	Stim	22	test	3	11	4	1422	2	1	0	right	8987601	0	1	14331	1	0	next	other	0
22	318	Picture	Stim;22;test;3;12;6;1319;1;1;1;right	Stim	22	test	3	12	6	1319	1	1	1	right	9039260	0	1	13331	1	0	next	other	0
22	320	Picture	Stim;22;test;3;13;6;1395;1;1;1;right	Stim	22	test	3	13	6	1395	1	1	1	right	9097584	0	1	13998	1	0	next	other	0
22	322	Picture	Stim;22;test;3;14;3;1045;2;1;0;right	Stim	22	test	3	14	3	1045	2	1	0	right	9156575	0	1	10498	1	0	next	other	0
22	324	Picture	Stim;22;test;3;15;2;1267;2;2;1;right	Stim	22	test	3	15	2	1267	2	2	1	right	9201568	0	1	12831	1	0	next	other	0
22	326	Picture	Stim;22;test;3;16;7;1122;1;1;1;right	Stim	22	test	3	16	7	1122	1	1	1	right	9246394	0	1	11332	1	0	next	other	0
22	328	Picture	Stim;22;test;3;17;7;1636;1;1;1;right	Stim	22	test	3	17	7	1636	1	1	1	right	9307718	0	1	16497	1	0	next	other	0
22	330	Picture	Stim;22;test;3;18;1;1945;2;0;0;right	Stim	22	test	3	18	1	1945	2	0	0	right	9374208	0	1	19497	1	0	next	other	0
22	332	Picture	Stim;22;test;3;19;7;1791;1;1;1;right	Stim	22	test	3	19	7	1791	1	1	1	right	9423866	0	1	17997	1	0	next	other	0
22	334	Picture	Stim;22;test;3;20;6;1752;1;1;1;right	Stim	22	test	3	20	6	1752	1	1	1	right	9491856	0	1	17664	1	0	next	other	0
22	336	Picture	Stim;22;test;3;21;5;1404;1;1;1;right	Stim	22	test	3	21	5	1404	1	1	1	right	9554513	0	1	14164	1	0	next	other	0
22	338	Picture	Stim;22;test;3;22;4;1009;2;1;0;right	Stim	22	test	3	22	4	1009	2	1	0	right	9609504	0	1	10165	1	0	next	other	0
22	340	Picture	Stim;22;test;3;23;1;1347;2;0;0;right	Stim	22	test	3	23	1	1347	2	0	0	right	9656997	0	1	13665	1	0	next	other	0
22	342	Picture	Stim;22;test;3;24;4;1547;2;1;0;right	Stim	22	test	3	24	4	1547	2	1	0	right	9700657	0	1	15664	1	0	next	other	0
22	344	Picture	Stim;22;test;3;25;7;1469;1;1;1;right	Stim	22	test	3	25	7	1469	1	1	1	right	9753482	0	1	14831	1	0	next	other	0
22	346	Picture	Stim;22;test;3;26;5;1718;1;1;1;right	Stim	22	test	3	26	5	1718	1	1	1	right	9818305	0	1	17331	1	0	next	other	0
22	348	Picture	Stim;22;test;3;27;6;1573;1;1;1;right	Stim	22	test	3	27	6	1573	1	1	1	right	9876463	0	1	15831	1	0	next	other	0
22	350	Picture	Stim;22;test;3;28;1;1374;2;2;1;right	Stim	22	test	3	28	1	1374	2	2	1	right	9937287	0	1	13831	1	0	next	other	0
22	352	Picture	Stim;22;test;3;29;1;1952;2;2;1;right	Stim	22	test	3	29	1	1952	2	2	1	right	9981113	0	1	19664	1	0	next	other	0
22	354	Picture	Stim;22;test;3;30;3;1465;2;1;0;right	Stim	22	test	3	30	3	1465	2	1	0	right	10030772	0	1	14831	1	0	next	other	0
22	356	Picture	Stim;22;test;3;31;1;1190;2;2;1;right	Stim	22	test	3	31	1	1190	2	2	1	right	10079931	0	1	11998	1	0	next	other	0
22	358	Picture	Stim;22;test;3;32;2;1160;2;2;1;right	Stim	22	test	3	32	2	1160	2	2	1	right	10121924	0	1	11665	1	0	next	other	0
22	360	Picture	Stim;22;test;3;33;6;1619;1;1;1;right	Stim	22	test	3	33	6	1619	1	1	1	right	10165584	0	1	16331	1	0	next	other	0
22	362	Picture	Stim;22;test;3;34;7;1266;1;1;1;right	Stim	22	test	3	34	7	1266	1	1	1	right	10226908	0	1	12831	1	0	next	other	0
22	364	Picture	Stim;22;test;3;35;4;1728;2;1;0;right	Stim	22	test	3	35	4	1728	2	1	0	right	10289565	0	1	17330	1	0	next	other	0
22	366	Picture	Stim;22;test;3;36;5;1941;1;1;1;right	Stim	22	test	3	36	5	1941	1	1	1	right	10344223	0	1	19497	1	0	next	other	0
22	368	Picture	Stim;22;test;3;37;2;1972;2;0;0;right	Stim	22	test	3	37	2	1972	2	0	0	right	10404547	0	1	19830	1	0	next	other	0
22	370	Picture	Stim;22;test;3;38;2;1741;2;2;1;right	Stim	22	test	3	38	2	1741	2	2	1	right	10456372	0	1	17497	1	0	next	other	0
22	372	Picture	Stim;22;test;3;39;5;1565;1;1;1;right	Stim	22	test	3	39	5	1565	1	1	1	right	10505865	0	1	15831	1	0	next	other	0
22	374	Picture	Stim;22;test;3;40;7;1548;1;1;1;right	Stim	22	test	3	40	7	1548	1	1	1	right	10562356	0	1	15664	1	0	next	other	0
22	376	Picture	Stim;22;test;3;41;2;1905;2;0;0;right	Stim	22	test	3	41	2	1905	2	0	0	right	10627846	0	1	19164	1	0	next	other	0
22	378	Picture	Stim;22;test;3;42;1;1648;2;2;1;right	Stim	22	test	3	42	1	1648	2	2	1	right	10679004	0	1	16664	1	0	next	other	0
22	380	Picture	Stim;22;test;3;43;5;1843;1;1;1;right	Stim	22	test	3	43	5	1843	1	1	1	right	10725664	0	1	18497	1	0	next	other	0
22	382	Picture	Stim;22;test;3;44;5;1050;1;1;1;right	Stim	22	test	3	44	5	1050	1	1	1	right	10784988	0	1	10665	1	0	next	other	0
22	384	Picture	Stim;22;test;3;45;3;1083;2;2;1;right	Stim	22	test	3	45	3	1083	2	2	1	right	10836313	0	1	10998	1	0	next	other	0
22	386	Picture	Stim;22;test;3;46;7;1873;1;1;1;right	Stim	22	test	3	46	7	1873	1	1	1	right	10881640	0	1	18830	1	0	next	other	0
22	388	Picture	Stim;22;test;3;47;3;1774;2;1;0;right	Stim	22	test	3	47	3	1774	2	1	0	right	10950462	0	1	17831	1	0	next	other	0
22	390	Picture	Stim;22;test;3;48;5;1593;1;1;1;right	Stim	22	test	3	48	5	1593	1	1	1	right	11002787	0	1	15997	1	0	next	other	0
22	392	Picture	Stim;22;test;3;49;1;1845;2;2;1;right	Stim	22	test	3	49	1	1845	2	2	1	right	11059612	0	1	18497	1	0	next	other	0
22	394	Picture	Instruction	Instruction											11108271	0	1	316284	1	0	next	other	0
22	394	Response	1												11424406	316135	1
22	395	Picture	Break	Break											11424555	0	1	4666	1	0	next	other	0
22	395	Response	1												11429044	4489	0
22	396	Picture	ITI	ITI											11429221	0	1	20164	1	0	next	other	0
22	397	Picture	Stim;22;test;4;1;1;1749;2;2;1;right	Stim	22	test	4	1	1	1749	2	2	1	right	11449385	0	1	17664	1	0	next	other	0
22	399	Picture	Stim;22;test;4;2;2;1543;2;2;1;right	Stim	22	test	4	2	2	1543	2	2	1	right	11497044	0	1	15498	1	0	next	other	0
22	401	Picture	Stim;22;test;4;3;3;1797;2;1;0;right	Stim	22	test	4	3	3	1797	2	1	0	right	11544536	0	1	18164	1	0	next	other	0
22	403	Picture	Stim;22;test;4;4;4;1780;2;1;0;right	Stim	22	test	4	4	4	1780	2	1	0	right	11597028	0	1	17997	1	0	next	other	0
22	405	Picture	Stim;22;test;4;5;4;1661;2;1;0;right	Stim	22	test	4	5	4	1661	2	1	0	right	11652186	0	1	16664	1	0	next	other	0
22	407	Picture	Stim;22;test;4;6;7;1327;1;1;1;right	Stim	22	test	4	6	7	1327	1	1	1	right	11706178	0	1	13331	1	0	next	other	0
22	409	Picture	Stim;22;test;4;7;7;1426;1;1;1;right	Stim	22	test	4	7	7	1426	1	1	1	right	11769501	0	1	14331	1	0	next	other	0
22	411	Picture	Stim;22;test;4;8;3;1781;2;1;0;right	Stim	22	test	4	8	3	1781	2	1	0	right	11833825	0	1	17997	1	0	next	other	0
22	413	Picture	Stim;22;test;4;9;1;1130;2;2;1;right	Stim	22	test	4	9	1	1130	2	2	1	right	11886150	0	1	11498	1	0	next	other	0
22	415	Picture	Stim;22;test;4;10;4;1037;2;1;0;right	Stim	22	test	4	10	4	1037	2	1	0	right	11927643	0	1	10498	1	0	next	other	0
22	417	Picture	Stim;22;test;4;11;1;1293;2;2;1;right	Stim	22	test	4	11	1	1293	2	2	1	right	11975469	0	1	12998	1	0	next	other	0
22	419	Picture	Stim;22;test;4;12;1;1345;2;2;1;right	Stim	22	test	4	12	1	1345	2	2	1	right	12018463	0	1	13498	1	0	next	other	0
22	421	Picture	Stim;22;test;4;13;7;1049;1;1;1;right	Stim	22	test	4	13	7	1049	1	1	1	right	12061956	0	1	10665	1	0	next	other	0
22	423	Picture	Stim;22;test;4;14;6;1343;1;1;1;right	Stim	22	test	4	14	6	1343	1	1	1	right	12122446	0	1	13498	1	0	next	other	0
22	425	Picture	Stim;22;test;4;15;2;1952;2;2;1;right	Stim	22	test	4	15	2	1952	2	2	1	right	12180937	0	1	19664	1	0	next	other	0
22	427	Picture	Stim;22;test;4;16;1;1753;2;2;1;right	Stim	22	test	4	16	1	1753	2	2	1	right	12232596	0	1	17664	1	0	next	other	0
22	429	Picture	Stim;22;test;4;17;3;1409;2;1;0;right	Stim	22	test	4	17	3	1409	2	1	0	right	12280255	0	1	14164	1	0	next	other	0
22	431	Picture	Stim;22;test;4;18;5;1822;1;1;1;right	Stim	22	test	4	18	5	1822	1	1	1	right	12328914	0	1	18330	1	0	next	other	0
22	433	Picture	Stim;22;test;4;19;6;2000;1;1;1;right	Stim	22	test	4	19	6	2000	1	1	1	right	12388072	0	1	20164	1	0	next	other	0
22	435	Picture	Stim;22;test;4;20;1;1706;2;2;1;right	Stim	22	test	4	20	1	1706	2	2	1	right	12453062	0	1	17164	1	0	next	other	0
22	437	Picture	Stim;22;test;4;21;5;1152;1;1;1;right	Stim	22	test	4	21	5	1152	1	1	1	right	12500221	0	1	11665	1	0	next	other	0
22	439	Picture	Stim;22;test;4;22;3;1089;2;1;0;right	Stim	22	test	4	22	3	1089	2	1	0	right	12552713	0	1	10998	1	0	next	other	0
22	441	Picture	Stim;22;test;4;23;7;1280;1;1;1;right	Stim	22	test	4	23	7	1280	1	1	1	right	12598206	0	1	12998	1	0	next	other	0
22	443	Picture	Stim;22;test;4;24;4;1667;2;1;0;right	Stim	22	test	4	24	4	1667	2	1	0	right	12661029	0	1	16831	1	0	next	other	0
22	445	Picture	Stim;22;test;4;25;2;1263;2;1;0;right	Stim	22	test	4	25	2	1263	2	1	0	right	12715187	0	1	12831	1	0	next	other	0
22	447	Picture	Stim;22;test;4;26;4;1211;2;1;0;right	Stim	22	test	4	26	4	1211	2	1	0	right	12760014	0	1	12165	1	0	next	other	0
22	449	Picture	Stim;22;test;4;27;6;1700;1;1;1;right	Stim	22	test	4	27	6	1700	1	1	1	right	12809506	0	1	17164	1	0	next	other	0
22	451	Picture	Stim;22;test;4;28;3;1936;2;1;0;right	Stim	22	test	4	28	3	1936	2	1	0	right	12871496	0	1	19497	1	0	next	other	0
22	453	Picture	Stim;22;test;4;29;3;1905;2;1;0;right	Stim	22	test	4	29	3	1905	2	1	0	right	12925321	0	1	19164	1	0	next	other	0
22	455	Picture	Stim;22;test;4;30;2;1971;2;1;0;right	Stim	22	test	4	30	2	1971	2	1	0	right	12978980	0	1	19830	1	0	next	other	0
22	457	Picture	Stim;22;test;4;31;7;1357;1;1;1;right	Stim	22	test	4	31	7	1357	1	1	1	right	13030805	0	1	13664	1	0	next	other	0
22	459	Picture	Stim;22;test;4;32;2;1077;2;1;0;right	Stim	22	test	4	32	2	1077	2	1	0	right	13094462	0	1	10832	1	0	next	other	0
22	461	Picture	Stim;22;test;4;33;6;1232;1;1;1;right	Stim	22	test	4	33	6	1232	1	1	1	right	13137288	0	1	12498	1	0	next	other	0
22	463	Picture	Stim;22;test;4;34;4;1036;2;1;0;right	Stim	22	test	4	34	4	1036	2	1	0	right	13194613	0	1	10498	1	0	next	other	0
22	465	Picture	Stim;22;test;4;35;3;1773;2;1;0;right	Stim	22	test	4	35	3	1773	2	1	0	right	13242437	0	2	17832	2	0	next	other	0
22	467	Picture	Stim;22;test;4;36;6;1765;1;1;1;right	Stim	22	test	4	36	6	1765	1	1	1	right	13294764	0	1	17831	1	0	next	other	0
22	469	Picture	Stim;22;test;4;37;7;1179;1;1;1;right	Stim	22	test	4	37	7	1179	1	1	1	right	13357421	0	1	11998	1	0	next	other	0
22	471	Picture	Stim;22;test;4;38;5;1658;1;1;1;right	Stim	22	test	4	38	5	1658	1	1	1	right	13419245	0	1	16664	1	0	next	other	0
22	473	Picture	Stim;22;test;4;39;4;1832;2;1;0;right	Stim	22	test	4	39	4	1832	2	1	0	right	13476736	0	1	18497	1	0	next	other	0
22	475	Picture	Stim;22;test;4;40;5;1889;1;1;1;right	Stim	22	test	4	40	5	1889	1	1	1	right	13532560	0	1	18997	1	0	next	other	0
22	477	Picture	Stim;22;test;4;41;1;1364;2;2;1;right	Stim	22	test	4	41	1	1364	2	2	1	right	13592384	0	1	13831	1	0	next	other	0
22	479	Picture	Stim;22;test;4;42;6;1516;1;1;1;right	Stim	22	test	4	42	6	1516	1	1	1	right	13636211	0	1	15331	1	0	next	other	0
22	481	Picture	Stim;22;test;4;43;6;1162;1;1;1;right	Stim	22	test	4	43	6	1162	1	1	1	right	13696367	0	1	11832	1	0	next	other	0
22	483	Picture	Stim;22;test;4;44;5;1716;1;1;1;right	Stim	22	test	4	44	5	1716	1	1	1	right	13753026	0	1	17331	1	0	next	other	0
22	485	Picture	Stim;22;test;4;45;2;1620;2;2;1;right	Stim	22	test	4	45	2	1620	2	2	1	right	13811017	0	1	16331	1	0	next	other	0
22	487	Picture	Stim;22;test;4;46;2;1493;2;2;1;right	Stim	22	test	4	46	2	1493	2	2	1	right	13859343	0	1	14998	1	0	next	other	0
22	489	Picture	Stim;22;test;4;47;5;1814;1;1;1;right	Stim	22	test	4	47	5	1814	1	1	1	right	13906335	0	1	18330	1	0	next	other	0
22	491	Picture	Stim;22;test;4;48;5;1024;1;1;1;right	Stim	22	test	4	48	5	1024	1	1	1	right	13965326	0	1	10332	1	0	next	other	0
22	493	Picture	Stim;22;test;4;49;7;1192;1;1;1;right	Stim	22	test	4	49	7	1192	1	1	1	right	14016485	0	1	11998	1	0	next	other	0
22	495	Picture	Instruction	Instruction											14078475	0	1	68823	1	0	next	other	0
22	495	Response	1												14147075	68600	0
22	496	Picture	Break	Break											14147298	0	1	10832	1	0	next	other	0
22	496	Response	1												14157953	10656	0
22	497	Picture	ITI	ITI											14158130	0	1	20164	1	0	next	other	0
22	498	Picture	Instruction	Instruction											14178293	0	1	231619	1	0	next	other	0
22	498	Response	1												14399128	220834	1


{
   "app": "Presentation Version 20.1 Build 12.04.17",
   "device": "LENOVO 10FGCTO1WW",
   "experiment": "{772213B2-5F0F-4A35-9C2F-36954700C7EA}",
   "os": "Windows 7 64 bit",
   "package": "",
   "parameters": {
      "configuration": "Default configuration"
   },
   "scenario": "Bisection Task with Dynanometer.sce",
   "subject": "22",
   "timestamp": "2018/10/04 03:04:41 GMT"
}
