Scenario - Bisection Task
Logfile written - 09/14/2018 13:44:16

Subject	Trial	Event Type	Code	event_cond(str)	subject_id(num)	block_name(str)	block_number(num)	trial_number(num)	probe(num)	ITI(num)	correctAns(num)	resp(num)	accuracy(num)	Time	TTime	Uncertainty	Duration	Uncertainty	ReqTime	ReqDur	Stim Type	Pair Index

3	1	Picture	Instruction	Instruction										278	0	1	3541	1	0	next	other	0
3	1	Response	1											3770	3493	0
3	2	Picture	Stim;3;study;1;1;1;1697;1;-1;0;left	Stim	3	study	1	1	1	1697	1	-1	0	3819	0	1	18609	1	0	next	other	0
3	4	Picture	Stim;3;study;1;2;7;1601;7;-1;0;left	Stim	3	study	1	2	7	1601	7	-1	0	50965	0	1	16109	1	0	next	other	0
3	6	Picture	Stim;3;study;1;3;1;1097;1;-1;0;left	Stim	3	study	1	3	1	1097	1	-1	0	116998	0	1	11040	1	0	next	other	0
3	8	Picture	Stim;3;study;1;4;7;1912;7;-1;0;left	Stim	3	study	1	4	7	1912	7	-1	0	158035	0	1	19234	1	0	next	other	0
3	10	Picture	Stim;3;study;1;5;1;1304;1;-1;0;left	Stim	3	study	1	5	1	1304	1	-1	0	227192	0	1	13123	1	0	next	other	0
3	12	Picture	Stim;3;study;1;6;7;1104;7;-1;0;left	Stim	3	study	1	6	7	1104	7	-1	0	270311	0	1	11110	1	0	next	other	0
3	14	Picture	Stim;3;study;1;7;1;1909;1;-1;0;left	Stim	3	study	1	7	1	1909	1	-1	0	331345	0	1	19164	1	0	next	other	0
3	16	Picture	Stim;3;study;1;8;7;1003;7;-1;0;left	Stim	3	study	1	8	7	1003	7	-1	0	380505	0	1	10138	1	0	next	other	0
3	18	Picture	Stim;3;study;1;9;1;1521;1;-1;0;left	Stim	3	study	1	9	1	1521	1	-1	0	440567	0	1	15276	1	0	next	other	0
3	20	Picture	Stim;3;study;1;10;7;1818;7;-1;0;left	Stim	3	study	1	10	7	1818	7	-1	0	485839	0	1	18261	1	0	next	other	0
3	22	Picture	End_Block	End_Block										554093	0	1	274478	1	0	next	other	0
3	22	Response	1											828427	274334	1
3	23	Picture	Break	Break										828571	0	1	26177	1	0	next	other	0
3	23	Response	1											854665	26094	0
3	24	Picture	ITI	ITI										854748	0	1	10068	1	0	next	other	0
3	25	Picture	Instruction	Instruction										864816	0	1	17914	1	0	next	other	0
3	25	Response	1											882663	17846	0
3	26	Picture	Instruction	Instruction										882731	0	1	70616	1	0	next	other	0
3	26	Response	1											953298	70567	0
3	27	Picture	Stim;3;practice;1;1;2;1000;1;1;1;left	Stim	3	practice	1	1	2	1000	1	1	1	953346	0	1	10068	1	0	next	other	0
3	29	Picture	Feedback	Feedback										995424	0	1	7082	1	0	next	other	0
3	30	Picture	Stim;3;practice;1;2;7;1000;2;2;1;left	Stim	3	practice	1	2	7	1000	2	2	1	1002506	0	1	10068	1	0	next	other	0
3	32	Picture	Feedback	Feedback										1062499	0	1	7082	1	0	next	other	0
3	33	Picture	Stim;3;practice;1;3;4;1000;1;2;0;left	Stim	3	practice	1	3	4	1000	1	2	0	1069581	0	1	10068	1	0	next	other	0
3	35	Picture	Feedback	Feedback										1117005	0	1	7082	1	0	next	other	0
3	36	Picture	Stim;3;practice;1;4;6;1000;2;2;1;left	Stim	3	practice	1	4	6	1000	2	2	1	1124088	0	1	10068	1	0	next	other	0
3	38	Picture	Feedback	Feedback										1179150	0	1	7082	1	0	next	other	0
3	39	Picture	Stim;3;practice;1;5;1;1000;1;1;1;left	Stim	3	practice	1	5	1	1000	1	1	1	1186232	0	1	10068	1	0	next	other	0
3	41	Picture	Feedback	Feedback										1226296	0	1	7082	1	0	next	other	0
3	42	Picture	Stim;3;practice;1;6;3;1000;1;2;0;left	Stim	3	practice	1	6	3	1000	1	2	0	1233379	0	1	10068	1	0	next	other	0
3	44	Picture	Feedback	Feedback										1277887	0	1	7082	1	0	next	other	0
3	45	Picture	Stim;3;practice;1;7;5;1000;2;2;1;left	Stim	3	practice	1	7	5	1000	2	2	1	1284969	0	1	10068	1	0	next	other	0
3	47	Picture	Feedback	Feedback										1335796	0	1	7082	1	0	next	other	0
3	48	Picture	Stim;3;practice;2;1;3;1000;1;1;1;left	Stim	3	practice	2	1	3	1000	1	1	1	1342878	0	1	10068	1	0	next	other	0
3	50	Picture	Feedback	Feedback										1387386	0	1	7082	1	0	next	other	0
3	51	Picture	Stim;3;practice;2;2;4;1000;1;2;0;left	Stim	3	practice	2	2	4	1000	1	2	0	1394468	0	1	10068	1	0	next	other	0
3	53	Picture	Feedback	Feedback										1441823	0	1	7082	1	0	next	other	0
3	54	Picture	Stim;3;practice;2;3;6;1000;2;2;1;left	Stim	3	practice	2	3	6	1000	2	2	1	1448906	0	1	10068	1	0	next	other	0
3	56	Picture	Feedback	Feedback										1503898	0	1	7082	1	0	next	other	0
3	57	Picture	Stim;3;practice;2;4;7;1000;2;2;1;left	Stim	3	practice	2	4	7	1000	2	2	1	1510981	0	1	10068	1	0	next	other	0
3	59	Picture	Feedback	Feedback										1570973	0	1	7082	1	0	next	other	0
3	60	Picture	Stim;3;practice;2;5;5;1000;2;2;1;left	Stim	3	practice	2	5	5	1000	2	2	1	1578055	0	1	10068	1	0	next	other	0
3	62	Picture	Feedback	Feedback										1628882	0	1	7082	1	0	next	other	0
3	63	Picture	Stim;3;practice;2;6;2;1000;1;1;1;left	Stim	3	practice	2	6	2	1000	1	1	1	1635964	0	1	10068	1	0	next	other	0
3	65	Picture	Feedback	Feedback										1678042	0	1	7082	1	0	next	other	0
3	66	Picture	Stim;3;practice;2;7;1;1000;1;1;1;left	Stim	3	practice	2	7	1	1000	1	1	1	1685124	0	1	10068	1	0	next	other	0
3	68	Picture	Feedback	Feedback										1725189	0	1	7082	1	0	next	other	0
3	69	Picture	Stim;3;practice;3;1;7;1000;2;2;1;left	Stim	3	practice	3	1	7	1000	2	2	1	1732271	0	1	10068	1	0	next	other	0
3	71	Picture	Feedback	Feedback										1792263	0	1	7082	1	0	next	other	0
3	72	Picture	Stim;3;practice;3;2;4;1000;1;1;1;left	Stim	3	practice	3	2	4	1000	1	1	1	1799345	0	1	10068	1	0	next	other	0
3	74	Picture	Feedback	Feedback										1846700	0	1	7082	1	0	next	other	0
3	75	Picture	Stim;3;practice;3;3;3;1000;1;1;1;left	Stim	3	practice	3	3	3	1000	1	1	1	1853783	0	1	10067	2	0	next	other	0
3	77	Picture	Feedback	Feedback										1898291	0	1	7082	1	0	next	other	0
3	78	Picture	Stim;3;practice;3;4;2;1000;1;1;1;left	Stim	3	practice	3	4	2	1000	1	1	1	1905373	0	1	10068	1	0	next	other	0
3	80	Picture	Feedback	Feedback										1947451	0	1	7082	1	0	next	other	0
3	81	Picture	Stim;3;practice;3;5;6;1000;2;2;1;left	Stim	3	practice	3	5	6	1000	2	2	1	1954533	0	1	10068	1	0	next	other	0
3	83	Picture	Feedback	Feedback										2009526	0	1	7082	1	0	next	other	0
3	84	Picture	Stim;3;practice;3;6;1;1000;1;1;1;left	Stim	3	practice	3	6	1	1000	1	1	1	2016608	0	1	10068	1	0	next	other	0
3	86	Picture	Feedback	Feedback										2056673	0	1	7082	1	0	next	other	0
3	87	Picture	Stim;3;practice;3;7;5;1000;2;2;1;left	Stim	3	practice	3	7	5	1000	2	2	1	2063755	0	1	10068	1	0	next	other	0
3	89	Picture	Feedback	Feedback										2114582	0	1	7152	1	0	next	other	0
3	90	Picture	Break	Break										2121733	0	1	40134	1	0	next	other	0
3	90	Response	1											2161764	40031	1
3	91	Picture	Instruction	Instruction										2161867	0	1	543331	1	0	next	other	0
3	91	Response	1											2705162	543295	0
3	92	Picture	ITI	ITI										2705198	0	1	10068	1	0	next	other	0
3	93	Picture	Instruction	Instruction										2715266	0	1	21803	1	0	next	other	0
3	93	Response	1											2736999	21733	0
3	94	Picture	Stim;3;test;1;1;6;1473;2;2;1;left	Stim	3	test	1	1	6	1473	2	2	1	2737069	0	1	14790	1	0	next	other	0
3	96	Picture	Stim;3;test;1;2;6;1819;2;2;1;left	Stim	3	test	1	2	6	1819	2	2	1	2796783	0	1	18261	1	0	next	other	0
3	98	Picture	Stim;3;test;1;3;7;1260;2;2;1;left	Stim	3	test	1	3	7	1260	2	2	1	2859969	0	1	12707	1	0	next	other	0
3	100	Picture	Stim;3;test;1;4;7;1200;2;2;1;left	Stim	3	test	1	4	7	1200	2	2	1	2922600	0	1	12082	1	0	next	other	0
3	102	Picture	Stim;3;test;1;5;5;1375;2;2;1;left	Stim	3	test	1	5	5	1375	2	2	1	2984605	0	1	13818	1	0	next	other	0
3	104	Picture	Stim;3;test;1;6;5;1787;2;2;1;left	Stim	3	test	1	6	5	1787	2	2	1	3039181	0	1	17914	1	0	next	other	0
3	106	Picture	Stim;3;test;1;7;6;1029;2;2;1;left	Stim	3	test	1	7	6	1029	2	2	1	3097924	0	1	10346	1	0	next	other	0
3	108	Picture	Stim;3;test;1;8;3;1354;1;1;1;left	Stim	3	test	1	8	3	1354	1	1	1	3153194	0	1	13609	1	0	next	other	0
3	110	Picture	Stim;3;test;1;9;4;1382;1;2;0;left	Stim	3	test	1	9	4	1382	1	2	0	3201243	0	1	13887	1	0	next	other	0
3	112	Picture	Stim;3;test;1;10;2;1390;1;1;1;left	Stim	3	test	1	10	2	1390	1	1	1	3252417	0	1	13957	1	0	next	other	0
3	114	Picture	Stim;3;test;1;11;1;1710;1;1;1;left	Stim	3	test	1	11	1	1710	1	1	1	3298383	0	1	17150	1	0	next	other	0
3	116	Picture	Stim;3;test;1;12;5;1144;2;2;1;left	Stim	3	test	1	12	5	1144	2	2	1	3345530	0	1	11526	1	0	next	other	0
3	118	Picture	Stim;3;test;1;13;4;1132;1;2;0;left	Stim	3	test	1	13	4	1132	1	2	0	3397814	0	1	11387	1	0	next	other	0
3	120	Picture	Stim;3;test;1;14;3;1815;1;2;0;left	Stim	3	test	1	14	3	1815	1	2	0	3446489	0	1	18192	1	0	next	other	0
3	122	Picture	Stim;3;test;1;15;1;1003;1;1;1;left	Stim	3	test	1	15	1	1003	1	1	1	3499121	0	1	10068	1	0	next	other	0
3	124	Picture	Stim;3;test;1;16;6;1124;2;2;1;left	Stim	3	test	1	16	6	1124	2	2	1	3539254	0	1	11318	1	0	next	other	0
3	126	Picture	Stim;3;test;1;17;5;1406;2;2;1;left	Stim	3	test	1	17	5	1406	2	2	1	3595497	0	1	14165	1	0	next	other	0
3	128	Picture	Stim;3;test;1;18;3;1776;1;1;1;left	Stim	3	test	1	18	3	1776	1	1	1	3650420	0	1	17845	1	0	next	other	0
3	130	Picture	Stim;3;test;1;19;6;1131;2;2;1;left	Stim	3	test	1	19	6	1131	2	2	1	3702635	0	1	11387	1	0	next	other	0
3	132	Picture	Stim;3;test;1;20;2;1372;1;1;1;left	Stim	3	test	1	20	2	1372	1	1	1	3758947	0	1	13818	1	0	next	other	0
3	134	Picture	Stim;3;test;1;21;4;1238;1;2;0;left	Stim	3	test	1	21	4	1238	1	2	0	3804775	0	1	12429	1	0	next	other	0
3	136	Picture	Stim;3;test;1;22;5;1167;2;2;1;left	Stim	3	test	1	22	5	1167	2	2	1	3854560	0	1	11735	1	0	next	other	0
3	138	Picture	Stim;3;test;1;23;2;1280;1;1;1;left	Stim	3	test	1	23	2	1280	1	1	1	3907053	0	1	12846	1	0	next	other	0
3	140	Picture	Stim;3;test;1;24;3;1167;1;1;1;left	Stim	3	test	1	24	3	1167	1	1	1	3951908	0	1	11735	1	0	next	other	0
3	142	Picture	Stim;3;test;1;25;7;1327;2;2;1;left	Stim	3	test	1	25	7	1327	2	2	1	3998082	0	1	13332	1	0	next	other	0
3	144	Picture	Stim;3;test;1;26;1;1214;1;1;1;left	Stim	3	test	1	26	1	1214	1	1	1	4061338	0	1	12221	1	0	next	other	0
3	146	Picture	Stim;3;test;1;27;1;1394;1;1;1;left	Stim	3	test	1	27	1	1394	1	1	1	4103554	0	1	14026	1	0	next	other	0
3	148	Picture	Stim;3;test;1;28;3;1558;1;1;1;left	Stim	3	test	1	28	3	1558	1	1	1	4147576	0	1	15623	1	0	next	other	0
3	150	Picture	Stim;3;test;1;29;3;1085;1;1;1;left	Stim	3	test	1	29	3	1085	1	1	1	4197639	0	1	10901	1	0	next	other	0
3	152	Picture	Stim;3;test;1;30;5;1145;2;2;1;left	Stim	3	test	1	30	5	1145	2	2	1	4242980	0	1	11526	1	0	next	other	0
3	154	Picture	Stim;3;test;1;31;1;1452;1;1;1;left	Stim	3	test	1	31	1	1452	1	1	1	4295265	0	1	14581	1	0	next	other	0
3	156	Picture	Stim;3;test;1;32;7;1764;2;2;1;left	Stim	3	test	1	32	7	1764	2	2	1	4339843	0	1	17706	1	0	next	other	0
3	158	Picture	Stim;3;test;1;33;3;1357;1;1;1;left	Stim	3	test	1	33	3	1357	1	1	1	4407473	0	1	13679	1	0	next	other	0
3	160	Picture	Stim;3;test;1;34;2;1378;1;1;1;left	Stim	3	test	1	34	2	1378	1	1	1	4455522	0	1	13887	1	0	next	other	0
3	162	Picture	Stim;3;test;1;35;6;1702;2;2;1;left	Stim	3	test	1	35	6	1702	2	2	1	4501349	0	1	17081	1	0	next	other	0
3	164	Picture	Stim;3;test;1;36;1;1705;1;1;1;left	Stim	3	test	1	36	1	1705	1	1	1	4563355	0	1	17151	1	0	next	other	0
3	166	Picture	Stim;3;test;1;37;2;1485;1;1;1;left	Stim	3	test	1	37	2	1485	1	1	1	4610501	0	1	14929	1	0	next	other	0
3	168	Picture	Stim;3;test;1;38;7;1075;2;2;1;left	Stim	3	test	1	38	7	1075	2	2	1	4657440	0	1	10832	1	0	next	other	0
3	170	Picture	Stim;3;test;1;39;2;1384;1;1;1;left	Stim	3	test	1	39	2	1384	1	1	1	4718195	0	1	13887	1	0	next	other	0
3	172	Picture	Stim;3;test;1;40;2;1952;1;1;1;left	Stim	3	test	1	40	2	1952	1	1	1	4764092	0	1	19581	1	0	next	other	0
3	174	Picture	Stim;3;test;1;41;5;1441;2;2;1;left	Stim	3	test	1	41	5	1441	2	2	1	4815682	0	1	14512	1	0	next	other	0
3	176	Picture	Stim;3;test;1;42;7;1038;2;2;1;left	Stim	3	test	1	42	7	1038	2	2	1	4870953	0	1	10485	1	0	next	other	0
3	178	Picture	Stim;3;test;1;43;4;1468;1;1;1;left	Stim	3	test	1	43	4	1468	1	1	1	4931362	0	1	14790	1	0	next	other	0
3	180	Picture	Stim;3;test;1;44;4;1110;1;1;1;left	Stim	3	test	1	44	4	1110	1	1	1	4983438	0	1	11179	1	0	next	other	0
3	182	Picture	Stim;3;test;1;45;6;1810;2;2;1;left	Stim	3	test	1	45	6	1810	2	2	1	5031904	0	1	18192	1	0	next	other	0
3	184	Picture	Stim;3;test;1;46;4;1748;1;1;1;left	Stim	3	test	1	46	4	1748	1	1	1	5095021	0	1	17567	1	0	next	other	0
3	186	Picture	Stim;3;test;1;47;1;1930;1;1;1;left	Stim	3	test	1	47	1	1930	1	1	1	5149874	0	1	19372	1	0	next	other	0
3	188	Picture	Stim;3;test;1;48;4;1334;1;1;1;left	Stim	3	test	1	48	4	1334	1	1	1	5199243	0	1	13401	1	0	next	other	0
3	190	Picture	Stim;3;test;1;49;7;1123;2;2;1;left	Stim	3	test	1	49	7	1123	2	2	1	5249931	0	1	11318	1	0	next	other	0
3	192	Picture	Instruction	Instruction										5311173	0	1	88669	1	0	next	other	0
3	192	Response	1											5399675	88503	1
3	193	Picture	Break	Break										5399841	0	1	17081	1	0	next	other	0
3	193	Response	1											5416873	17031	0
3	194	Picture	ITI	ITI										5416922	0	1	20067	1	0	next	other	0
3	195	Picture	Stim;3;test;2;1;4;1003;1;2;0;left	Stim	3	test	2	1	4	1003	1	2	0	5436989	0	1	10138	1	0	next	other	0
3	197	Picture	Stim;3;test;2;2;3;1633;1;1;1;left	Stim	3	test	2	2	3	1633	1	1	1	5484414	0	1	16387	1	0	next	other	0
3	199	Picture	Stim;3;test;2;3;7;1216;2;2;1;left	Stim	3	test	2	3	7	1216	2	2	1	5535240	0	1	12221	1	0	next	other	0
3	201	Picture	Stim;3;test;2;4;5;1658;2;2;1;left	Stim	3	test	2	4	5	1658	2	2	1	5597385	0	1	16665	1	0	next	other	0
3	203	Picture	Stim;3;test;2;5;7;1835;2;2;1;left	Stim	3	test	2	5	7	1835	2	2	1	5654808	0	1	18400	1	0	next	other	0
3	205	Picture	Stim;3;test;2;6;7;1426;2;2;1;left	Stim	3	test	2	6	7	1426	2	2	1	5723132	0	1	14304	1	0	next	other	0
3	207	Picture	Stim;3;test;2;7;6;1779;2;2;1;left	Stim	3	test	2	7	6	1779	2	2	1	5787429	0	1	17845	1	0	next	other	0
3	209	Picture	Stim;3;test;2;8;7;1678;2;2;1;left	Stim	3	test	2	8	7	1678	2	2	1	5850199	0	1	16873	1	0	next	other	0
3	211	Picture	Stim;3;test;2;9;1;1761;1;1;1;left	Stim	3	test	2	9	1	1761	1	1	1	5916995	0	1	17706	1	0	next	other	0
3	213	Picture	Stim;3;test;2;10;2;1220;1;1;1;left	Stim	3	test	2	10	2	1220	1	1	1	5964697	0	1	12290	1	0	next	other	0
3	215	Picture	Stim;3;test;2;11;1;1240;1;1;1;left	Stim	3	test	2	11	1	1240	1	1	1	6008997	0	1	12498	1	0	next	other	0
3	217	Picture	Stim;3;test;2;12;3;1132;1;1;1;left	Stim	3	test	2	12	3	1132	1	1	1	6051491	0	1	11387	1	0	next	other	0
3	219	Picture	Stim;3;test;2;13;1;1034;1;1;1;left	Stim	3	test	2	13	1	1034	1	1	1	6097319	0	1	10415	1	0	next	other	0
3	221	Picture	Stim;3;test;2;14;1;1529;1;1;1;left	Stim	3	test	2	14	1	1529	1	1	1	6137730	0	1	15345	1	0	next	other	0
3	223	Picture	Stim;3;test;2;15;4;1435;1;2;0;left	Stim	3	test	2	15	4	1435	1	2	0	6183071	0	1	14443	1	0	next	other	0
3	225	Picture	Stim;3;test;2;16;4;1012;1;2;0;left	Stim	3	test	2	16	4	1012	1	2	0	6234801	0	1	10207	1	0	next	other	0
3	227	Picture	Stim;3;test;2;17;1;1374;1;1;1;left	Stim	3	test	2	17	1	1374	1	1	1	6282294	0	1	13818	1	0	next	other	0
3	229	Picture	Stim;3;test;2;18;6;1981;2;2;1;left	Stim	3	test	2	18	6	1981	2	2	1	6326108	0	1	19859	1	0	next	other	0
3	231	Picture	Stim;3;test;2;19;4;1725;1;1;1;left	Stim	3	test	2	19	4	1725	1	1	1	6390891	0	1	17359	1	0	next	other	0
3	233	Picture	Stim;3;test;2;20;7;1376;2;2;1;left	Stim	3	test	2	20	7	1376	2	2	1	6445537	0	1	13818	1	0	next	other	0
3	235	Picture	Stim;3;test;2;21;2;1360;1;1;1;left	Stim	3	test	2	21	2	1360	1	1	1	6509278	0	1	13679	1	0	next	other	0
3	237	Picture	Stim;3;test;2;22;2;1966;1;1;1;left	Stim	3	test	2	22	2	1966	1	1	1	6554966	0	1	19720	1	0	next	other	0
3	239	Picture	Stim;3;test;2;23;3;1332;1;1;1;left	Stim	3	test	2	23	3	1332	1	1	1	6606696	0	1	13401	1	0	next	other	0
3	241	Picture	Stim;3;test;2;24;2;1995;1;1;1;left	Stim	3	test	2	24	2	1995	1	1	1	6654467	0	1	19997	1	0	next	other	0
3	243	Picture	Stim;3;test;2;25;5;1655;2;2;1;left	Stim	3	test	2	25	5	1655	2	2	1	6706474	0	1	16595	1	0	next	other	0
3	245	Picture	Stim;3;test;2;26;2;1327;1;1;1;left	Stim	3	test	2	26	2	1327	1	1	1	6763897	0	1	13332	1	0	next	other	0
3	247	Picture	Stim;3;test;2;27;4;1798;1;2;0;left	Stim	3	test	2	27	4	1798	1	2	0	6809239	0	1	18053	1	0	next	other	0
3	249	Picture	Stim;3;test;2;28;5;1707;2;2;1;left	Stim	3	test	2	28	5	1707	2	2	1	6864578	0	1	17151	1	0	next	other	0
3	251	Picture	Stim;3;test;2;29;3;1527;1;1;1;left	Stim	3	test	2	29	3	1527	1	1	1	6922487	0	1	15345	1	0	next	other	0
3	253	Picture	Stim;3;test;2;30;3;1143;1;1;1;left	Stim	3	test	2	30	3	1143	1	1	1	6972273	0	1	11526	1	0	next	other	0
3	255	Picture	Stim;3;test;2;31;6;1043;2;2;1;left	Stim	3	test	2	31	6	1043	2	2	1	7018169	0	1	10485	1	0	next	other	0
3	257	Picture	Stim;3;test;2;32;2;1707;1;1;1;left	Stim	3	test	2	32	2	1707	1	1	1	7073579	0	1	17150	1	0	next	other	0
3	259	Picture	Stim;3;test;2;33;6;1423;2;2;1;left	Stim	3	test	2	33	6	1423	2	2	1	7122739	0	1	14304	1	0	next	other	0
3	261	Picture	Stim;3;test;2;34;6;1950;2;2;1;left	Stim	3	test	2	34	6	1950	2	2	1	7181967	0	1	19581	1	0	next	other	0
3	263	Picture	Stim;3;test;2;35;5;1340;2;2;1;left	Stim	3	test	2	35	5	1340	2	2	1	7246472	0	1	13470	1	0	next	other	0
3	265	Picture	Stim;3;test;2;36;4;1604;1;1;1;left	Stim	3	test	2	36	4	1604	1	1	1	7300701	0	1	16109	1	0	next	other	0
3	267	Picture	Stim;3;test;2;37;2;1564;1;1;1;left	Stim	3	test	2	37	2	1564	1	1	1	7354097	0	1	15692	1	0	next	other	0
3	269	Picture	Stim;3;test;2;38;7;1983;2;2;1;left	Stim	3	test	2	38	7	1983	2	2	1	7401799	0	1	19928	1	0	next	other	0
3	271	Picture	Stim;3;test;2;39;3;1296;1;1;1;left	Stim	3	test	2	39	3	1296	1	1	1	7471651	0	1	13054	1	0	next	other	0
3	273	Picture	Stim;3;test;2;40;5;1364;2;2;1;left	Stim	3	test	2	40	5	1364	2	2	1	7519075	0	1	13748	1	0	next	other	0
3	275	Picture	Stim;3;test;2;41;6;1003;2;2;1;left	Stim	3	test	2	41	6	1003	2	2	1	7573582	0	1	10138	1	0	next	other	0
3	277	Picture	Stim;3;test;2;42;3;1266;1;1;1;left	Stim	3	test	2	42	3	1266	1	1	1	7628644	0	1	12707	1	0	next	other	0
3	279	Picture	Stim;3;test;2;43;4;1264;1;1;1;left	Stim	3	test	2	43	4	1264	1	1	1	7675791	0	1	12707	1	0	next	other	0
3	281	Picture	Stim;3;test;2;44;6;1614;2;2;1;left	Stim	3	test	2	44	6	1614	2	2	1	7725784	0	1	16248	1	0	next	other	0
3	283	Picture	Stim;3;test;2;45;1;1514;1;1;1;left	Stim	3	test	2	45	1	1514	1	1	1	7786957	0	1	15206	1	0	next	other	0
3	285	Picture	Stim;3;test;2;46;5;1672;2;2;1;left	Stim	3	test	2	46	5	1672	2	2	1	7832159	0	1	16803	1	0	next	other	0
3	287	Picture	Stim;3;test;2;47;5;1615;2;2;1;left	Stim	3	test	2	47	5	1615	2	2	1	7889721	0	1	16248	1	0	next	other	0
3	289	Picture	Stim;3;test;2;48;1;1506;1;1;1;left	Stim	3	test	2	48	1	1506	1	1	1	7946727	0	1	15137	1	0	next	other	0
3	291	Picture	Stim;3;test;2;49;7;1278;2;2;1;left	Stim	3	test	2	49	7	1278	2	2	1	7991860	0	1	12846	1	0	next	other	0
3	293	Picture	Instruction	Instruction										8054699	0	1	589297	1	0	next	other	0
3	293	Response	1											8643824	589125	0
3	294	Picture	Break	Break										8643996	0	1	14512	1	0	next	other	0
3	294	Response	1											8658462	14466	0
3	295	Picture	ITI	ITI										8658508	0	1	20067	1	0	next	other	0
3	296	Picture	Stim;3;test;3;1;7;1974;2;2;1;left	Stim	3	test	3	1	7	1974	2	2	1	8678575	0	1	19789	1	0	next	other	0
3	298	Picture	Stim;3;test;3;2;1;1135;1;1;1;left	Stim	3	test	3	2	1	1135	1	1	1	8748288	0	1	11457	1	0	next	other	0
3	300	Picture	Stim;3;test;3;3;7;1232;2;2;1;left	Stim	3	test	3	3	7	1232	2	2	1	8789741	0	1	12429	1	0	next	other	0
3	302	Picture	Stim;3;test;3;4;7;1884;2;2;1;left	Stim	3	test	3	4	7	1884	2	2	1	8852094	0	1	18886	1	0	next	other	0
3	304	Picture	Stim;3;test;3;5;5;1956;2;2;1;left	Stim	3	test	3	5	5	1956	2	2	1	8920973	0	1	19650	1	0	next	other	0
3	306	Picture	Stim;3;test;3;6;6;1989;2;2;1;left	Stim	3	test	3	6	6	1989	2	2	1	8981382	0	1	19997	1	0	next	other	0
3	308	Picture	Stim;3;test;3;7;1;1046;1;1;1;left	Stim	3	test	3	7	1	1046	1	1	1	9046304	0	1	10554	1	0	next	other	0
3	310	Picture	Stim;3;test;3;8;5;1835;2;2;1;left	Stim	3	test	3	8	5	1835	2	2	1	9086854	0	1	18400	1	0	next	other	0
3	312	Picture	Stim;3;test;3;9;4;1191;1;2;0;left	Stim	3	test	3	9	4	1191	1	2	0	9146083	0	1	12012	1	0	next	other	0
3	314	Picture	Stim;3;test;3;10;6;1017;2;2;1;left	Stim	3	test	3	10	6	1017	2	2	1	9195382	0	1	10276	1	0	next	other	0
3	316	Picture	Stim;3;test;3;11;3;1411;1;1;1;left	Stim	3	test	3	11	3	1411	1	1	1	9250583	0	1	14165	1	0	next	other	0
3	318	Picture	Stim;3;test;3;12;3;1471;1;2;0;left	Stim	3	test	3	12	3	1471	1	2	0	9299187	0	1	14790	1	0	next	other	0
3	320	Picture	Stim;3;test;3;13;2;1767;1;1;1;left	Stim	3	test	3	13	2	1767	1	1	1	9348347	0	1	17775	1	0	next	other	0
3	322	Picture	Stim;3;test;3;14;4;1519;1;2;0;left	Stim	3	test	3	14	4	1519	1	2	0	9398063	0	1	15276	1	0	next	other	0
3	324	Picture	Stim;3;test;3;15;5;1643;2;2;1;left	Stim	3	test	3	15	5	1643	2	2	1	9450626	0	1	16526	1	0	next	other	0
3	326	Picture	Stim;3;test;3;16;5;1036;2;2;1;left	Stim	3	test	3	16	5	1036	2	2	1	9507910	0	1	10415	1	0	next	other	0
3	328	Picture	Stim;3;test;3;17;7;1228;2;2;1;left	Stim	3	test	3	17	7	1228	2	2	1	9559084	0	1	12359	1	0	next	other	0
3	330	Picture	Stim;3;test;3;18;2;1746;1;1;1;left	Stim	3	test	3	18	2	1746	1	1	1	9621367	0	1	17567	1	0	next	other	0
3	332	Picture	Stim;3;test;3;19;3;1572;1;2;0;left	Stim	3	test	3	19	3	1572	1	2	0	9670874	0	1	15831	1	0	next	other	0
3	334	Picture	Stim;3;test;3;20;1;1730;1;1;1;left	Stim	3	test	3	20	1	1730	1	1	1	9721076	0	1	17359	1	0	next	other	0
3	336	Picture	Stim;3;test;3;21;3;1544;1;1;1;left	Stim	3	test	3	21	3	1544	1	1	1	9768431	0	1	15484	1	0	next	other	0
3	338	Picture	Stim;3;test;3;22;7;1427;2;2;1;left	Stim	3	test	3	22	7	1427	2	2	1	9818355	0	1	14373	1	0	next	other	0
3	340	Picture	Stim;3;test;3;23;6;1061;2;2;1;left	Stim	3	test	3	23	6	1061	2	2	1	9882652	0	1	10693	1	0	next	other	0
3	342	Picture	Stim;3;test;3;24;6;1769;2;2;1;left	Stim	3	test	3	24	6	1769	2	2	1	9938270	0	1	17775	1	0	next	other	0
3	344	Picture	Stim;3;test;3;25;4;1849;1;1;1;left	Stim	3	test	3	25	4	1849	1	1	1	10000970	0	1	18539	1	0	next	other	0
3	346	Picture	Stim;3;test;3;26;7;1210;2;2;1;left	Stim	3	test	3	26	7	1210	2	2	1	10056865	0	1	12151	1	0	next	other	0
3	348	Picture	Stim;3;test;3;27;3;1502;1;1;1;left	Stim	3	test	3	27	3	1502	1	1	1	10118940	0	1	15067	1	0	next	other	0
3	350	Picture	Stim;3;test;3;28;6;1361;2;2;1;left	Stim	3	test	3	28	6	1361	2	2	1	10168447	0	1	13679	1	0	next	other	0
3	352	Picture	Stim;3;test;3;29;2;1926;1;1;1;left	Stim	3	test	3	29	2	1926	1	1	1	10227051	0	1	19303	1	0	next	other	0
3	354	Picture	Stim;3;test;3;30;7;1987;2;2;1;left	Stim	3	test	3	30	7	1987	2	2	1	10278364	0	1	19928	1	0	next	other	0
3	356	Picture	Stim;3;test;3;31;4;1159;1;2;0;left	Stim	3	test	3	31	4	1159	1	2	0	10348215	0	1	11665	1	0	next	other	0
3	358	Picture	Stim;3;test;3;32;1;1624;1;1;1;left	Stim	3	test	3	32	1	1624	1	1	1	10397167	0	1	16317	1	0	next	other	0
3	360	Picture	Stim;3;test;3;33;6;1963;2;2;1;left	Stim	3	test	3	33	6	1963	2	2	1	10443481	0	1	19720	1	0	next	other	0
3	362	Picture	Stim;3;test;3;34;5;1479;2;2;1;left	Stim	3	test	3	34	5	1479	2	2	1	10508125	0	1	14859	1	0	next	other	0
3	364	Picture	Stim;3;test;3;35;3;1514;1;1;1;left	Stim	3	test	3	35	3	1514	1	1	1	10563742	0	1	15206	1	0	next	other	0
3	366	Picture	Stim;3;test;3;36;5;1310;2;2;1;left	Stim	3	test	3	36	5	1310	2	2	1	10613389	0	1	13193	1	0	next	other	0
3	368	Picture	Stim;3;test;3;37;2;1527;1;1;1;left	Stim	3	test	3	37	2	1527	1	1	1	10667340	0	1	15345	1	0	next	other	0
3	370	Picture	Stim;3;test;3;38;1;1398;1;1;1;left	Stim	3	test	3	38	1	1398	1	1	1	10714695	0	1	14026	1	0	next	other	0
3	372	Picture	Stim;3;test;3;39;4;1722;1;2;0;left	Stim	3	test	3	39	4	1722	1	2	0	10758717	0	1	17289	1	0	next	other	0
3	374	Picture	Stim;3;test;3;40;3;1181;1;1;1;left	Stim	3	test	3	40	3	1181	1	1	1	10813293	0	1	11873	1	0	next	other	0
3	376	Picture	Stim;3;test;3;41;4;1339;1;2;0;left	Stim	3	test	3	41	4	1339	1	2	0	10859606	0	1	13470	1	0	next	other	0
3	378	Picture	Stim;3;test;3;42;4;1243;1;2;0;left	Stim	3	test	3	42	4	1243	1	2	0	10910363	0	1	12498	1	0	next	other	0
3	380	Picture	Stim;3;test;3;43;2;1861;1;2;0;left	Stim	3	test	3	43	2	1861	1	2	0	10960148	0	1	18678	1	0	next	other	0
3	382	Picture	Stim;3;test;3;44;2;1177;1;1;1;left	Stim	3	test	3	44	2	1177	1	1	1	11010836	0	1	11873	1	0	next	other	0
3	384	Picture	Stim;3;test;3;45;5;1136;2;2;1;left	Stim	3	test	3	45	5	1136	2	2	1	11054650	0	1	11457	1	0	next	other	0
3	386	Picture	Stim;3;test;3;46;1;1494;1;1;1;left	Stim	3	test	3	46	1	1494	1	1	1	11106865	0	1	14998	1	0	next	other	0
3	388	Picture	Stim;3;test;3;47;1;1533;1;1;1;left	Stim	3	test	3	47	1	1533	1	1	1	11151859	0	1	15415	1	0	next	other	0
3	390	Picture	Stim;3;test;3;48;2;1938;1;1;1;left	Stim	3	test	3	48	2	1938	1	1	1	11197270	0	1	19442	1	0	next	other	0
3	392	Picture	Stim;3;test;3;49;6;1107;2;2;1;left	Stim	3	test	3	49	6	1107	2	2	1	11248721	0	1	11179	1	0	next	other	0
3	394	Picture	Instruction	Instruction										11304825	0	1	45202	1	0	next	other	0
3	394	Response	1											11349856	45030	1
3	395	Picture	Break	Break										11350027	0	1	125886	1	0	next	other	0
3	395	Response	1											11475846	125819	1
3	396	Picture	ITI	ITI										11475914	0	1	20067	1	0	next	other	0
3	397	Picture	Stim;3;test;4;1;1;1519;1;1;1;left	Stim	3	test	4	1	1	1519	1	1	1	11495980	0	1	15276	1	0	next	other	0
3	399	Picture	Stim;3;test;4;2;6;1499;2;2;1;left	Stim	3	test	4	2	6	1499	2	2	1	11541252	0	1	15067	1	0	next	other	0
3	401	Picture	Stim;3;test;4;3;2;1889;1;2;0;left	Stim	3	test	4	3	2	1889	1	2	0	11601244	0	1	18956	1	0	next	other	0
3	403	Picture	Stim;3;test;4;4;3;1860;1;2;0;left	Stim	3	test	4	4	3	1860	1	2	0	11652210	0	1	18678	1	0	next	other	0
3	405	Picture	Stim;3;test;4;5;1;1033;1;1;1;left	Stim	3	test	4	5	1	1033	1	1	1	11705258	0	1	10415	1	0	next	other	0
3	407	Picture	Stim;3;test;4;6;1;1572;1;1;1;left	Stim	3	test	4	6	1	1572	1	1	1	11745670	0	1	15762	1	0	next	other	0
3	409	Picture	Stim;3;test;4;7;5;1528;2;2;1;left	Stim	3	test	4	7	5	1528	2	2	1	11791427	0	1	15345	1	0	next	other	0
3	411	Picture	Stim;3;test;4;8;2;1521;1;1;1;left	Stim	3	test	4	8	2	1521	1	1	1	11847531	0	1	15276	1	0	next	other	0
3	413	Picture	Stim;3;test;4;9;7;1221;2;2;1;left	Stim	3	test	4	9	7	1221	2	2	1	11894817	0	1	12290	1	0	next	other	0
3	415	Picture	Stim;3;test;4;10;2;1187;1;1;1;left	Stim	3	test	4	10	2	1187	1	1	1	11957031	0	1	11943	1	0	next	other	0
3	417	Picture	Stim;3;test;4;11;2;1130;1;2;0;left	Stim	3	test	4	11	2	1130	1	2	0	12000983	0	1	11387	1	0	next	other	0
3	419	Picture	Stim;3;test;4;12;5;1194;2;2;1;left	Stim	3	test	4	12	5	1194	2	2	1	12044380	0	1	12012	1	0	next	other	0
3	421	Picture	Stim;3;test;4;13;4;1370;1;2;0;left	Stim	3	test	4	13	4	1370	1	2	0	12097151	0	1	13748	1	0	next	other	0
3	423	Picture	Stim;3;test;4;14;6;1468;2;2;1;left	Stim	3	test	4	14	6	1468	2	2	1	12148255	0	1	14790	1	0	next	other	0
3	425	Picture	Stim;3;test;4;15;7;1917;2;2;1;left	Stim	3	test	4	15	7	1917	2	2	1	12207970	0	1	19234	1	0	next	other	0
3	427	Picture	Stim;3;test;4;16;3;1207;1;1;1;left	Stim	3	test	4	16	3	1207	1	1	1	12277127	0	1	12151	1	0	next	other	0
3	429	Picture	Stim;3;test;4;17;4;1671;1;2;0;left	Stim	3	test	4	17	4	1671	1	2	0	12323649	0	1	16803	1	0	next	other	0
3	431	Picture	Stim;3;test;4;18;1;1338;1;1;1;left	Stim	3	test	4	18	1	1338	1	1	1	12377739	0	1	13470	1	0	next	other	0
3	433	Picture	Stim;3;test;4;19;2;1621;1;2;0;left	Stim	3	test	4	19	2	1621	1	2	0	12421205	0	1	16248	1	0	next	other	0
3	435	Picture	Stim;3;test;4;20;1;1968;1;1;1;left	Stim	3	test	4	20	1	1968	1	1	1	12469463	0	1	19720	1	0	next	other	0
3	437	Picture	Stim;3;test;4;21;4;1154;1;2;0;left	Stim	3	test	4	21	4	1154	1	2	0	12519179	0	1	11596	1	0	next	other	0
3	439	Picture	Stim;3;test;4;22;2;1668;1;1;1;left	Stim	3	test	4	22	2	1668	1	1	1	12568061	0	1	16734	1	0	next	other	0
3	441	Picture	Stim;3;test;4;23;6;1891;2;2;1;left	Stim	3	test	4	23	6	1891	2	2	1	12616805	0	1	18956	1	0	next	other	0
3	443	Picture	Stim;3;test;4;24;4;1582;1;2;0;left	Stim	3	test	4	24	4	1582	1	2	0	12680685	0	1	15901	1	0	next	other	0
3	445	Picture	Stim;3;test;4;25;4;1786;1;2;0;left	Stim	3	test	4	25	4	1786	1	2	0	12733872	0	1	17914	1	0	next	other	0
3	447	Picture	Stim;3;test;4;26;3;1115;1;1;1;left	Stim	3	test	4	26	3	1115	1	1	1	12789073	0	1	11249	1	0	next	other	0
3	449	Picture	Stim;3;test;4;27;7;1679;2;2;1;left	Stim	3	test	4	27	7	1679	2	2	1	12834692	0	1	16873	1	0	next	other	0
3	451	Picture	Stim;3;test;4;28;4;1469;1;1;1;left	Stim	3	test	4	28	4	1469	1	1	1	12901489	0	1	14790	1	0	next	other	0
3	453	Picture	Stim;3;test;4;29;5;1306;2;1;0;left	Stim	3	test	4	29	5	1306	2	1	0	12953566	0	1	13123	1	0	next	other	0
3	455	Picture	Stim;3;test;4;30;5;1170;2;2;1;left	Stim	3	test	4	30	5	1170	2	2	1	13007447	0	1	11804	1	0	next	other	0
3	457	Picture	Stim;3;test;4;31;6;1102;2;2;1;left	Stim	3	test	4	31	6	1102	2	2	1	13060010	0	1	11110	1	0	next	other	0
3	459	Picture	Stim;3;test;4;32;5;1299;2;2;1;left	Stim	3	test	4	32	5	1299	2	2	1	13116044	0	1	13054	1	0	next	other	0
3	461	Picture	Stim;3;test;4;33;7;1573;2;2;1;left	Stim	3	test	4	33	7	1573	2	2	1	13169856	0	1	15831	1	0	next	other	0
3	463	Picture	Stim;3;test;4;34;5;1600;2;2;1;left	Stim	3	test	4	34	5	1600	2	2	1	13235612	0	1	16109	1	0	next	other	0
3	465	Picture	Stim;3;test;4;35;1;1539;1;1;1;left	Stim	3	test	4	35	1	1539	1	1	1	13292479	0	1	15484	1	0	next	other	0
3	467	Picture	Stim;3;test;4;36;7;1969;2;2;1;left	Stim	3	test	4	36	7	1969	2	2	1	13337959	0	1	19789	1	0	next	other	0
3	469	Picture	Stim;3;test;4;37;6;1901;2;2;1;left	Stim	3	test	4	37	6	1901	2	2	1	13407672	0	1	19095	1	0	next	other	0
3	471	Picture	Stim;3;test;4;38;3;1213;1;1;1;left	Stim	3	test	4	38	3	1213	1	1	1	13471692	0	1	12221	1	0	next	other	0
3	473	Picture	Stim;3;test;4;39;5;1495;2;1;0;left	Stim	3	test	4	39	5	1495	2	1	0	13518283	0	1	14998	1	0	next	other	0
3	475	Picture	Stim;3;test;4;40;3;1644;1;2;0;left	Stim	3	test	4	40	3	1644	1	2	0	13574109	0	1	16526	1	0	next	other	0
3	477	Picture	Stim;3;test;4;41;6;1667;2;2;1;left	Stim	3	test	4	41	6	1667	2	2	1	13625005	0	1	16734	1	0	next	other	0
3	479	Picture	Stim;3;test;4;42;6;1074;2;2;1;left	Stim	3	test	4	42	6	1074	2	2	1	13686663	0	1	10832	1	0	next	other	0
3	481	Picture	Stim;3;test;4;43;1;1546;1;1;1;left	Stim	3	test	4	43	1	1546	1	1	1	13742420	0	1	15553	1	0	next	other	0
3	483	Picture	Stim;3;test;4;44;3;1308;1;2;0;left	Stim	3	test	4	44	3	1308	1	2	0	13787969	0	1	13123	1	0	next	other	0
3	485	Picture	Stim;3;test;4;45;3;1412;1;1;1;left	Stim	3	test	4	45	3	1412	1	1	1	13835532	0	1	14165	1	0	next	other	0
3	487	Picture	Stim;3;test;4;46;2;1756;1;1;1;left	Stim	3	test	4	46	2	1756	1	1	1	13884137	0	1	17637	1	0	next	other	0
3	489	Picture	Stim;3;test;4;47;4;1472;1;2;0;left	Stim	3	test	4	47	4	1472	1	2	0	13933783	0	1	14790	1	0	next	other	0
3	491	Picture	Stim;3;test;4;48;7;1567;2;2;1;left	Stim	3	test	4	48	7	1567	2	2	1	13985860	0	1	15762	1	0	next	other	0
3	493	Picture	Stim;3;test;4;49;7;1441;2;2;1;left	Stim	3	test	4	49	7	1441	2	2	1	14051546	0	1	14512	1	0	next	other	0
3	495	Picture	Instruction	Instruction										14115982	0	1	36037	1	0	next	other	0
3	495	Response	1											14151879	35898	1
3	496	Picture	Break	Break										14152018	0	1	8055	1	0	next	other	0
3	496	Response	1											14160038	8019	1
3	497	Picture	ITI	ITI										14160073	0	1	20067	1	0	next	other	0
3	498	Picture	Instruction	Instruction										14180140	0	1	269889	1	0	next	other	0
3	498	Response	1											14443457	263317	0


{
   "app": "Presentation Version 20.1 Build 12.04.17",
   "device": "LENOVO 10FGCTO1WW",
   "experiment": "{772213B2-5F0F-4A35-9C2F-36954700C7EA}",
   "os": "Windows 7 64 bit",
   "package": "",
   "parameters": {
      "configuration": "Default configuration"
   },
   "scenario": "Bisection Task with Dynanometer.sce",
   "subject": "3",
   "timestamp": "2018/09/14 05:19:19 GMT"
}
