Scenario - Bisection Task
Logfile written - 10/05/2018 17:25:49

Subject	Trial	Event Type	Code	event_cond(str)	subject_id(num)	block_name(str)	block_number(num)	trial_number(num)	probe(num)	ITI(num)	correctAns(num)	resp(num)	accuracy(num)	short(str)	Time	TTime	Uncertainty	Duration	Uncertainty	ReqTime	ReqDur	Stim Type	Pair Index

31	1	Picture	Instruction	Instruction											167	0	1	95985	1	0	next	other	0
31	1	Response	1												96024	95857	0
31	2	Picture	Stim;31;study;1;1;1;1128;1;-1;0;left	Stim	31	study	1	1	1	1128	1	-1	0	left	96151	0	1	12165	1	0	next	other	0
31	4	Picture	Stim;31;study;1;2;7;1224;7;-1;0;left	Stim	31	study	1	2	7	1224	7	-1	0	left	137645	0	1	12331	1	0	next	other	0
31	6	Picture	Stim;31;study;1;3;1;1180;1;-1;0;left	Stim	31	study	1	3	1	1180	1	-1	0	left	199969	0	1	11998	1	0	next	other	0
31	8	Picture	Stim;31;study;1;4;7;1872;7;-1;0;left	Stim	31	study	1	4	7	1872	7	-1	0	left	241962	0	1	18830	1	0	next	other	0
31	10	Picture	Stim;31;study;1;5;1;1658;1;-1;0;left	Stim	31	study	1	5	1	1658	1	-1	0	left	310785	0	1	16664	1	0	next	other	0
31	12	Picture	Stim;31;study;1;6;7;1812;7;-1;0;left	Stim	31	study	1	6	7	1812	7	-1	0	left	357444	0	1	18330	1	0	next	other	0
31	14	Picture	Stim;31;study;1;7;1;1286;1;-1;0;left	Stim	31	study	1	7	1	1286	1	-1	0	left	425600	0	1	12998	1	0	next	other	0
31	16	Picture	Stim;31;study;1;8;7;1175;7;-1;0;left	Stim	31	study	1	8	7	1175	7	-1	0	left	468594	0	1	11831	1	0	next	other	0
31	18	Picture	Stim;31;study;1;9;1;1078;1;-1;0;left	Stim	31	study	1	9	1	1078	1	-1	0	left	530417	0	1	10832	1	0	next	other	0
31	20	Picture	Stim;31;study;1;10;7;1910;7;-1;0;left	Stim	31	study	1	10	7	1910	7	-1	0	left	571411	0	1	19164	1	0	next	other	0
31	22	Picture	End_Block	End_Block											640567	0	1	121814	1	0	next	other	0
31	22	Response	1												762113	121546	0
31	23	Picture	Break	Break											762381	0	1	1500	1	0	next	other	0
31	23	Response	1												763713	1332	0
31	24	Picture	ITI	ITI											763881	0	1	10165	1	0	next	other	0
31	25	Picture	Instruction	Instruction											774046	0	1	326616	1	0	next	other	0
31	25	Response	1												1100477	326431	1
31	26	Picture	Instruction	Instruction											1100662	0	1	32162	1	0	next	other	0
31	26	Response	1												1132713	32052	0
31	27	Picture	Stim;31;practice;1;1;2;1000;1;1;1;left	Stim	31	practice	1	1	2	1000	1	1	1	left	1132823	0	1	10165	1	0	next	other	0
31	29	Picture	Feedback	Feedback											1174983	0	1	7166	1	0	next	other	0
31	30	Picture	Stim;31;practice;1;2;1;1000;1;2;0;left	Stim	31	practice	1	2	1	1000	1	2	0	left	1182149	0	1	10165	1	0	next	other	0
31	32	Picture	Feedback	Feedback											1222309	0	1	7166	1	0	next	other	0
31	33	Picture	Stim;31;practice;1;3;5;1000;2;2;1;left	Stim	31	practice	1	3	5	1000	2	2	1	left	1229475	0	1	10165	1	0	next	other	0
31	35	Picture	Feedback	Feedback											1280300	0	1	7166	1	0	next	other	0
31	36	Picture	Stim;31;practice;1;4;7;1000;2;2;1;left	Stim	31	practice	1	4	7	1000	2	2	1	left	1287466	0	1	10165	1	0	next	other	0
31	38	Picture	Feedback	Feedback											1347457	0	1	7166	1	0	next	other	0
31	39	Picture	Stim;31;practice;1;5;4;1000;1;2;0;left	Stim	31	practice	1	5	4	1000	1	2	0	left	1354622	0	1	10165	1	0	next	other	0
31	41	Picture	Feedback	Feedback											1402115	0	1	7166	1	0	next	other	0
31	42	Picture	Stim;31;practice;1;6;6;1000;2;2;1;left	Stim	31	practice	1	6	6	1000	2	2	1	left	1409280	0	1	10165	1	0	next	other	0
31	44	Picture	Feedback	Feedback											1464272	0	1	7166	1	0	next	other	0
31	45	Picture	Stim;31;practice;1;7;3;1000;1;1;1;left	Stim	31	practice	1	7	3	1000	1	1	1	left	1471437	0	1	10165	1	0	next	other	0
31	47	Picture	Feedback	Feedback											1515930	0	1	7166	1	0	next	other	0
31	48	Picture	Stim;31;practice;2;1;2;1000;1;1;1;left	Stim	31	practice	2	1	2	1000	1	1	1	left	1523096	0	1	10165	1	0	next	other	0
31	50	Picture	Feedback	Feedback											1565256	0	1	7166	1	0	next	other	0
31	51	Picture	Stim;31;practice;2;2;3;1000;1;2;0;left	Stim	31	practice	2	2	3	1000	1	2	0	left	1572421	0	1	10165	1	0	next	other	0
31	53	Picture	Feedback	Feedback											1616915	0	1	7166	1	0	next	other	0
31	54	Picture	Stim;31;practice;2;3;4;1000;1;2;0;left	Stim	31	practice	2	3	4	1000	1	2	0	left	1624080	0	1	10165	1	0	next	other	0
31	56	Picture	Feedback	Feedback											1671573	0	1	7166	1	0	next	other	0
31	57	Picture	Stim;31;practice;2;4;6;1000;2;2;1;left	Stim	31	practice	2	4	6	1000	2	2	1	left	1678738	0	1	10165	1	0	next	other	0
31	59	Picture	Feedback	Feedback											1733730	0	1	7166	1	0	next	other	0
31	60	Picture	Stim;31;practice;2;5;7;1000;2;2;1;left	Stim	31	practice	2	5	7	1000	2	2	1	left	1740895	0	1	10165	1	0	next	other	0
31	62	Picture	Feedback	Feedback											1800886	0	1	7166	1	0	next	other	0
31	63	Picture	Stim;31;practice;2;6;1;1000;1;1;1;left	Stim	31	practice	2	6	1	1000	1	1	1	left	1808051	0	1	10165	1	0	next	other	0
31	65	Picture	Feedback	Feedback											1848212	0	1	7166	1	0	next	other	0
31	66	Picture	Stim;31;practice;2;7;5;1000;2;2;1;left	Stim	31	practice	2	7	5	1000	2	2	1	left	1855377	0	1	10165	1	0	next	other	0
31	68	Picture	Feedback	Feedback											1906203	0	1	7165	1	0	next	other	0
31	69	Picture	Stim;31;practice;3;1;5;1000;2;2;1;left	Stim	31	practice	3	1	5	1000	2	2	1	left	1913368	0	1	10165	1	0	next	other	0
31	71	Picture	Feedback	Feedback											1964194	0	1	7165	1	0	next	other	0
31	72	Picture	Stim;31;practice;3;2;1;1000;1;1;1;left	Stim	31	practice	3	2	1	1000	1	1	1	left	1971359	0	1	10165	1	0	next	other	0
31	74	Picture	Feedback	Feedback											2011520	0	1	7165	1	0	next	other	0
31	75	Picture	Stim;31;practice;3;3;7;1000;2;2;1;left	Stim	31	practice	3	3	7	1000	2	2	1	left	2018685	0	1	10165	1	0	next	other	0
31	77	Picture	Feedback	Feedback											2078676	0	1	7166	1	0	next	other	0
31	78	Picture	Stim;31;practice;3;4;6;1000;2;2;1;left	Stim	31	practice	3	4	6	1000	2	2	1	left	2085841	0	1	10165	1	0	next	other	0
31	80	Picture	Feedback	Feedback											2140833	0	1	7166	1	0	next	other	0
31	81	Picture	Stim;31;practice;3;5;3;1000;1;2;0;left	Stim	31	practice	3	5	3	1000	1	2	0	left	2147998	0	1	10165	1	0	next	other	0
31	83	Picture	Feedback	Feedback											2192491	0	1	7166	1	0	next	other	0
31	84	Picture	Stim;31;practice;3;6;4;1000;1;2;0;left	Stim	31	practice	3	6	4	1000	1	2	0	left	2199657	0	1	10165	1	0	next	other	0
31	86	Picture	Feedback	Feedback											2247150	0	1	7166	1	0	next	other	0
31	87	Picture	Stim;31;practice;3;7;2;1000;1;1;1;left	Stim	31	practice	3	7	2	1000	1	1	1	left	2254315	0	1	10165	1	0	next	other	0
31	89	Picture	Feedback	Feedback											2296475	0	1	7166	1	0	next	other	0
31	90	Picture	Instruction	Instruction											2303641	0	1	64823	1	0	next	other	0
31	90	Response	1												2368422	64781	0
31	91	Picture	Stim;31;practice;1;1;7;1000;2;2;1;left	Stim	31	practice	1	1	7	1000	2	2	1	left	2368464	0	1	10165	1	0	next	other	0
31	93	Picture	Feedback	Feedback											2428455	0	1	7166	1	0	next	other	0
31	94	Picture	Stim;31;practice;1;2;1;1000;1;1;1;left	Stim	31	practice	1	2	1	1000	1	1	1	left	2435620	0	1	10165	1	0	next	other	0
31	96	Picture	Feedback	Feedback											2475781	0	1	7166	1	0	next	other	0
31	97	Picture	Stim;31;practice;1;3;5;1000;2;2;1;left	Stim	31	practice	1	3	5	1000	2	2	1	left	2482946	0	1	10165	1	0	next	other	0
31	99	Picture	Feedback	Feedback											2533938	0	1	7165	1	0	next	other	0
31	100	Picture	Stim;31;practice;1;4;6;1000;2;2;1;left	Stim	31	practice	1	4	6	1000	2	2	1	left	2541104	0	1	10165	1	0	next	other	0
31	102	Picture	Feedback	Feedback											2596095	0	1	7165	1	0	next	other	0
31	103	Picture	Stim;31;practice;1;5;4;1000;1;1;1;left	Stim	31	practice	1	5	4	1000	1	1	1	left	2603261	0	1	10165	1	0	next	other	0
31	105	Picture	Feedback	Feedback											2650753	0	1	7166	1	0	next	other	0
31	106	Picture	Stim;31;practice;1;6;2;1000;1;1;1;left	Stim	31	practice	1	6	2	1000	1	1	1	left	2657919	0	1	10165	1	0	next	other	0
31	108	Picture	Feedback	Feedback											2700079	0	1	7166	1	0	next	other	0
31	109	Picture	Stim;31;practice;1;7;3;1000;1;1;1;left	Stim	31	practice	1	7	3	1000	1	1	1	left	2707245	0	1	10165	1	0	next	other	0
31	111	Picture	Feedback	Feedback											2751738	0	1	7166	1	0	next	other	0
31	112	Picture	Stim;31;practice;2;1;2;1000;1;1;1;left	Stim	31	practice	2	1	2	1000	1	1	1	left	2758903	0	1	10165	1	0	next	other	0
31	114	Picture	Feedback	Feedback											2801063	0	1	7166	1	0	next	other	0
31	115	Picture	Stim;31;practice;2;2;7;1000;2;2;1;left	Stim	31	practice	2	2	7	1000	2	2	1	left	2808229	0	1	10165	1	0	next	other	0
31	117	Picture	Feedback	Feedback											2868219	0	1	7166	1	0	next	other	0
31	118	Picture	Stim;31;practice;2;3;1;1000;1;1;1;left	Stim	31	practice	2	3	1	1000	1	1	1	left	2875385	0	1	10165	1	0	next	other	0
31	120	Picture	Feedback	Feedback											2915545	0	1	7165	1	0	next	other	0
31	121	Picture	Stim;31;practice;2;4;3;1000;1;1;1;left	Stim	31	practice	2	4	3	1000	1	1	1	left	2922711	0	1	10165	1	0	next	other	0
31	123	Picture	Feedback	Feedback											2967204	0	1	7166	1	0	next	other	0
31	124	Picture	Stim;31;practice;2;5;6;1000;2;2;1;left	Stim	31	practice	2	5	6	1000	2	2	1	left	2974370	0	1	10165	1	0	next	other	0
31	126	Picture	Feedback	Feedback											3029361	0	1	7166	1	0	next	other	0
31	127	Picture	Stim;31;practice;2;6;4;1000;1;2;0;left	Stim	31	practice	2	6	4	1000	1	2	0	left	3036527	0	1	10165	1	0	next	other	0
31	129	Picture	Feedback	Feedback											3084019	0	1	7166	1	0	next	other	0
31	130	Picture	Stim;31;practice;2;7;5;1000;2;2;1;left	Stim	31	practice	2	7	5	1000	2	2	1	left	3091185	0	1	10165	1	0	next	other	0
31	132	Picture	Feedback	Feedback											3142010	0	1	7166	1	0	next	other	0
31	133	Picture	Stim;31;practice;3;1;1;1000;1;1;1;left	Stim	31	practice	3	1	1	1000	1	1	1	left	3149176	0	1	10165	1	0	next	other	0
31	135	Picture	Feedback	Feedback											3189336	0	1	7166	1	0	next	other	0
31	136	Picture	Stim;31;practice;3;2;5;1000;2;2;1;left	Stim	31	practice	3	2	5	1000	2	2	1	left	3196502	0	1	10165	1	0	next	other	0
31	138	Picture	Feedback	Feedback											3247327	0	1	7166	1	0	next	other	0
31	139	Picture	Stim;31;practice;3;3;4;1000;1;2;0;left	Stim	31	practice	3	3	4	1000	1	2	0	left	3254493	0	1	10165	1	0	next	other	0
31	141	Picture	Feedback	Feedback											3301985	0	1	7166	1	0	next	other	0
31	142	Picture	Stim;31;practice;3;4;2;1000;1;2;0;left	Stim	31	practice	3	4	2	1000	1	2	0	left	3309151	0	1	10165	1	0	next	other	0
31	144	Picture	Feedback	Feedback											3351311	0	1	7166	1	0	next	other	0
31	145	Picture	Stim;31;practice;3;5;7;1000;2;2;1;left	Stim	31	practice	3	5	7	1000	2	2	1	left	3358476	0	1	10165	1	0	next	other	0
31	147	Picture	Feedback	Feedback											3418467	0	1	7165	1	0	next	other	0
31	148	Picture	Stim;31;practice;3;6;6;1000;2;2;1;left	Stim	31	practice	3	6	6	1000	2	2	1	left	3425633	0	1	10165	1	0	next	other	0
31	150	Picture	Feedback	Feedback											3480624	0	1	7166	1	0	next	other	0
31	151	Picture	Stim;31;practice;3;7;3;1000;1;1;1;left	Stim	31	practice	3	7	3	1000	1	1	1	left	3487790	0	1	10165	1	0	next	other	0
31	153	Picture	Feedback	Feedback											3532283	0	1	7166	1	0	next	other	0
31	154	Picture	Break	Break											3539448	0	1	49659	1	0	next	other	0
31	154	Response	1												3588852	49404	1
31	155	Picture	Instruction	Instruction											3589107	0	1	3333	1	0	next	other	0
31	155	Response	1												3592371	3264	0
31	156	Picture	ITI	ITI											3592440	0	1	10165	1	0	next	other	0
31	157	Picture	Instruction	Instruction											3602605	0	1	465761	1	0	next	other	0
31	157	Response	1												4068240	465635	0
31	158	Picture	Stim;31;test;1;1;1;1269;1;1;1;left	Stim	31	test	1	1	1	1269	1	1	1	left	4068366	0	1	12831	1	0	next	other	0
31	160	Picture	Stim;31;test;1;2;5;1757;2;2;1;left	Stim	31	test	1	2	5	1757	2	2	1	left	4111192	0	1	17664	1	0	next	other	0
31	162	Picture	Stim;31;test;1;3;1;1280;1;2;0;left	Stim	31	test	1	3	1	1280	1	2	0	left	4169683	0	1	12998	1	0	next	other	0
31	164	Picture	Stim;31;test;1;4;6;1261;2;2;1;left	Stim	31	test	1	4	6	1261	2	2	1	left	4212677	0	1	12665	1	0	next	other	0
31	166	Picture	Stim;31;test;1;5;4;1333;1;2;0;left	Stim	31	test	1	5	4	1333	1	2	0	left	4270334	0	1	13498	1	0	next	other	0
31	168	Picture	Stim;31;test;1;6;5;1257;2;2;1;left	Stim	31	test	1	6	5	1257	2	2	1	left	4321160	0	1	12665	1	0	next	other	0
31	170	Picture	Stim;31;test;1;7;6;1144;2;2;1;left	Stim	31	test	1	7	6	1144	2	2	1	left	4374651	0	1	11498	1	0	next	other	0
31	172	Picture	Stim;31;test;1;8;7;1016;2;2;1;left	Stim	31	test	1	8	7	1016	2	2	1	left	4431143	0	1	10332	1	0	next	other	0
31	174	Picture	Stim;31;test;1;9;5;1796;2;2;1;left	Stim	31	test	1	9	5	1796	2	2	1	left	4491300	0	1	18164	1	0	next	other	0
31	176	Picture	Stim;31;test;1;10;2;1522;1;1;1;left	Stim	31	test	1	10	2	1522	1	1	1	left	4550124	0	1	15331	1	0	next	other	0
31	178	Picture	Stim;31;test;1;11;1;1549;1;1;1;left	Stim	31	test	1	11	1	1549	1	1	1	left	4597450	0	1	15664	1	0	next	other	0
31	180	Picture	Stim;31;test;1;12;1;1173;1;1;1;left	Stim	31	test	1	12	1	1173	1	1	1	left	4643110	0	1	11831	1	0	next	other	0
31	182	Picture	Stim;31;test;1;13;4;1474;1;2;0;left	Stim	31	test	1	13	4	1474	1	2	0	left	4684936	0	1	14831	1	0	next	other	0
31	184	Picture	Stim;31;test;1;14;1;1461;1;1;1;left	Stim	31	test	1	14	1	1461	1	1	1	left	4737095	0	1	14664	1	0	next	other	0
31	186	Picture	Stim;31;test;1;15;3;1031;1;1;1;left	Stim	31	test	1	15	3	1031	1	1	1	left	4781755	0	1	10498	1	0	next	other	0
31	188	Picture	Stim;31;test;1;16;3;1992;1;2;0;left	Stim	31	test	1	16	3	1992	1	2	0	left	4826581	0	1	19997	1	0	next	other	0
31	190	Picture	Stim;31;test;1;17;7;1504;2;2;1;left	Stim	31	test	1	17	7	1504	2	2	1	left	4881073	0	1	15164	1	0	next	other	0
31	192	Picture	Stim;31;test;1;18;1;1843;1;1;1;left	Stim	31	test	1	18	1	1843	1	1	1	left	4946229	0	1	18497	1	0	next	other	0
31	194	Picture	Stim;31;test;1;19;2;1352;1;1;1;left	Stim	31	test	1	19	2	1352	1	1	1	left	4994722	0	1	13664	1	0	next	other	0
31	196	Picture	Stim;31;test;1;20;4;1141;1;2;0;left	Stim	31	test	1	20	4	1141	1	2	0	left	5040381	0	1	11498	1	0	next	other	0
31	198	Picture	Stim;31;test;1;21;6;1287;2;2;1;left	Stim	31	test	1	21	6	1287	2	2	1	left	5089207	0	1	12998	1	0	next	other	0
31	200	Picture	Stim;31;test;1;22;2;1073;1;1;1;left	Stim	31	test	1	22	2	1073	1	1	1	left	5147198	0	1	10832	1	0	next	other	0
31	202	Picture	Stim;31;test;1;23;3;1190;1;1;1;left	Stim	31	test	1	23	3	1190	1	1	1	left	5190024	0	1	11998	1	0	next	other	0
31	204	Picture	Stim;31;test;1;24;5;1290;2;2;1;left	Stim	31	test	1	24	5	1290	2	2	1	left	5236517	0	1	12998	1	0	next	other	0
31	206	Picture	Stim;31;test;1;25;5;1081;2;2;1;left	Stim	31	test	1	25	5	1081	2	2	1	left	5290342	0	1	10998	1	0	next	other	0
31	208	Picture	Stim;31;test;1;26;7;1209;2;2;1;left	Stim	31	test	1	26	7	1209	2	2	1	left	5342001	0	1	12165	1	0	next	other	0
31	210	Picture	Stim;31;test;1;27;2;1380;1;1;1;left	Stim	31	test	1	27	2	1380	1	1	1	left	5404158	0	1	13998	1	0	next	other	0
31	212	Picture	Stim;31;test;1;28;2;1176;1;1;1;left	Stim	31	test	1	28	2	1176	1	1	1	left	5450151	0	1	11832	1	0	next	other	0
31	214	Picture	Stim;31;test;1;29;5;1897;2;2;1;left	Stim	31	test	1	29	5	1897	2	2	1	left	5493977	0	1	19164	1	0	next	other	0
31	216	Picture	Stim;31;test;1;30;3;1810;1;1;1;left	Stim	31	test	1	30	3	1810	1	1	1	left	5553801	0	1	18164	1	0	next	other	0
31	218	Picture	Stim;31;test;1;31;6;1423;2;2;1;left	Stim	31	test	1	31	6	1423	2	2	1	left	5606460	0	1	14331	1	0	next	other	0
31	220	Picture	Stim;31;test;1;32;5;1673;2;2;1;left	Stim	31	test	1	32	5	1673	2	2	1	left	5665784	0	1	16831	1	0	next	other	0
31	222	Picture	Stim;31;test;1;33;4;1091;1;2;0;left	Stim	31	test	1	33	4	1091	1	2	0	left	5723441	0	1	10998	1	0	next	other	0
31	224	Picture	Stim;31;test;1;34;3;1271;1;1;1;left	Stim	31	test	1	34	3	1271	1	1	1	left	5771767	0	1	12831	1	0	next	other	0
31	226	Picture	Stim;31;test;1;35;4;1803;1;1;1;left	Stim	31	test	1	35	4	1803	1	1	1	left	5819093	0	1	18164	1	0	next	other	0
31	228	Picture	Stim;31;test;1;36;2;1951;1;1;1;left	Stim	31	test	1	36	2	1951	1	1	1	left	5874585	0	1	19664	1	0	next	other	0
31	230	Picture	Stim;31;test;1;37;7;1825;2;2;1;left	Stim	31	test	1	37	7	1825	2	2	1	left	5926243	0	1	18330	1	0	next	other	0
31	232	Picture	Stim;31;test;1;38;3;1416;1;2;0;left	Stim	31	test	1	38	3	1416	1	2	0	left	5994566	0	1	14331	1	0	next	other	0
31	234	Picture	Stim;31;test;1;39;2;1945;1;1;1;left	Stim	31	test	1	39	2	1945	1	1	1	left	6043225	0	1	19664	1	0	next	other	0
31	236	Picture	Stim;31;test;1;40;6;1455;2;2;1;left	Stim	31	test	1	40	6	1455	2	2	1	left	6094717	0	1	14664	1	0	next	other	0
31	238	Picture	Stim;31;test;1;41;3;1403;1;1;1;left	Stim	31	test	1	41	3	1403	1	1	1	left	6154374	0	1	14164	1	0	next	other	0
31	240	Picture	Stim;31;test;1;42;1;1458;1;1;1;left	Stim	31	test	1	42	1	1458	1	1	1	left	6202867	0	1	14664	1	0	next	other	0
31	242	Picture	Stim;31;test;1;43;7;1912;2;2;1;left	Stim	31	test	1	43	7	1912	2	2	1	left	6247527	0	1	19330	1	0	next	other	0
31	244	Picture	Stim;31;test;1;44;4;1696;1;2;0;left	Stim	31	test	1	44	4	1696	1	2	0	left	6316682	0	1	17164	1	0	next	other	0
31	246	Picture	Stim;31;test;1;45;4;1074;1;1;1;left	Stim	31	test	1	45	4	1074	1	1	1	left	6371007	0	1	10832	1	0	next	other	0
31	248	Picture	Stim;31;test;1;46;7;1873;2;2;1;left	Stim	31	test	1	46	7	1873	2	2	1	left	6419166	0	1	18830	1	0	next	other	0
31	250	Picture	Stim;31;test;1;47;7;1684;2;2;1;left	Stim	31	test	1	47	7	1684	2	2	1	left	6487989	0	1	16997	1	0	next	other	0
31	252	Picture	Stim;31;test;1;48;6;1779;2;2;1;left	Stim	31	test	1	48	6	1779	2	2	1	left	6554812	0	1	17997	1	0	next	other	0
31	254	Picture	Stim;31;test;1;49;6;1864;2;2;1;left	Stim	31	test	1	49	6	1864	2	2	1	left	6617636	0	1	18830	1	0	next	other	0
31	256	Picture	Instruction	Instruction											6681292	0	1	41494	1	0	next	other	0
31	256	Response	1												6722518	41225	1
31	257	Picture	Break	Break											6722786	0	1	16997	1	0	next	other	0
31	257	Response	1												6739715	16929	0
31	258	Picture	ITI	ITI											6739783	0	1	20163	1	0	next	other	0
31	259	Picture	Stim;31;test;2;1;5;1345;2;2;1;left	Stim	31	test	2	1	5	1345	2	2	1	left	6759947	0	1	13498	1	0	next	other	0
31	261	Picture	Stim;31;test;2;2;1;1622;1;1;1;left	Stim	31	test	2	2	1	1622	1	1	1	left	6814272	0	1	16331	1	0	next	other	0
31	263	Picture	Stim;31;test;2;3;6;1840;2;2;1;left	Stim	31	test	2	3	6	1840	2	2	1	left	6860598	0	1	18497	1	0	next	other	0
31	265	Picture	Stim;31;test;2;4;4;1427;1;2;0;left	Stim	31	test	2	4	4	1427	1	2	0	left	6924088	0	1	14331	1	0	next	other	0
31	267	Picture	Stim;31;test;2;5;2;1606;1;1;1;left	Stim	31	test	2	5	2	1606	1	1	1	left	6975747	0	1	16164	1	0	next	other	0
31	269	Picture	Stim;31;test;2;6;3;1089;1;1;1;left	Stim	31	test	2	6	3	1089	1	1	1	left	7023906	0	1	10998	1	0	next	other	0
31	271	Picture	Stim;31;test;2;7;2;1376;1;1;1;left	Stim	31	test	2	7	2	1376	1	1	1	left	7069399	0	1	13831	1	0	next	other	0
31	273	Picture	Stim;31;test;2;8;4;1039;1;2;0;left	Stim	31	test	2	8	4	1039	1	2	0	left	7115225	0	1	10498	1	0	next	other	0
31	275	Picture	Stim;31;test;2;9;1;1417;1;1;1;left	Stim	31	test	2	9	1	1417	1	1	1	left	7163051	0	1	14331	1	0	next	other	0
31	277	Picture	Stim;31;test;2;10;1;1690;1;1;1;left	Stim	31	test	2	10	1	1690	1	1	1	left	7207377	0	1	16997	1	0	next	other	0
31	279	Picture	Stim;31;test;2;11;3;1396;1;1;1;left	Stim	31	test	2	11	3	1396	1	1	1	left	7254370	0	1	14164	1	0	next	other	0
31	281	Picture	Stim;31;test;2;12;4;1687;1;2;0;left	Stim	31	test	2	12	4	1687	1	2	0	left	7302862	0	1	16997	1	0	next	other	0
31	283	Picture	Stim;31;test;2;13;4;1914;1;1;1;left	Stim	31	test	2	13	4	1914	1	1	1	left	7357187	0	1	19330	1	0	next	other	0
31	285	Picture	Stim;31;test;2;14;5;1283;2;2;1;left	Stim	31	test	2	14	5	1283	2	2	1	left	7413678	0	1	12998	1	0	next	other	0
31	287	Picture	Stim;31;test;2;15;5;1905;2;2;1;left	Stim	31	test	2	15	5	1905	2	2	1	left	7467337	0	1	19164	1	0	next	other	0
31	289	Picture	Stim;31;test;2;16;6;1758;2;2;1;left	Stim	31	test	2	16	6	1758	2	2	1	left	7527327	0	1	17664	1	0	next	other	0
31	291	Picture	Stim;31;test;2;17;3;1404;1;1;1;left	Stim	31	test	2	17	3	1404	1	1	1	left	7589984	0	1	14164	1	0	next	other	0
31	293	Picture	Stim;31;test;2;18;5;1761;2;1;0;left	Stim	31	test	2	18	5	1761	2	1	0	left	7638643	0	1	17664	1	0	next	other	0
31	295	Picture	Stim;31;test;2;19;3;1206;1;1;1;left	Stim	31	test	2	19	3	1206	1	1	1	left	7697134	0	1	12165	1	0	next	other	0
31	297	Picture	Stim;31;test;2;20;7;1749;2;2;1;left	Stim	31	test	2	20	7	1749	2	2	1	left	7743794	0	1	17664	1	0	next	other	0
31	299	Picture	Stim;31;test;2;21;4;1539;1;1;1;left	Stim	31	test	2	21	4	1539	1	1	1	left	7811283	0	1	15498	1	0	next	other	0
31	301	Picture	Stim;31;test;2;22;3;1543;1;1;1;left	Stim	31	test	2	22	3	1543	1	1	1	left	7864108	0	1	15498	1	0	next	other	0
31	303	Picture	Stim;31;test;2;23;6;1576;2;2;1;left	Stim	31	test	2	23	6	1576	2	2	1	left	7914100	0	1	15831	1	0	next	other	0
31	305	Picture	Stim;31;test;2;24;5;1607;2;2;1;left	Stim	31	test	2	24	5	1607	2	2	1	left	7974924	0	1	16164	1	0	next	other	0
31	307	Picture	Stim;31;test;2;25;4;1315;1;1;1;left	Stim	31	test	2	25	4	1315	1	1	1	left	8031915	0	1	13331	1	0	next	other	0
31	309	Picture	Stim;31;test;2;26;6;1485;2;2;1;left	Stim	31	test	2	26	6	1485	2	2	1	left	8082408	0	1	14998	1	0	next	other	0
31	311	Picture	Stim;31;test;2;27;1;1671;1;1;1;left	Stim	31	test	2	27	1	1671	1	1	1	left	8142232	0	1	16831	1	0	next	other	0
31	313	Picture	Stim;31;test;2;28;2;1609;1;1;1;left	Stim	31	test	2	28	2	1609	1	1	1	left	8189058	0	1	16164	1	0	next	other	0
31	315	Picture	Stim;31;test;2;29;1;1436;1;1;1;left	Stim	31	test	2	29	1	1436	1	1	1	left	8237217	0	1	14498	1	0	next	other	0
31	317	Picture	Stim;31;test;2;30;5;1967;2;2;1;left	Stim	31	test	2	30	5	1967	2	2	1	left	8281710	0	1	19830	1	0	next	other	0
31	319	Picture	Stim;31;test;2;31;2;1465;1;1;1;left	Stim	31	test	2	31	2	1465	1	1	1	left	8342200	0	1	14831	1	0	next	other	0
31	321	Picture	Stim;31;test;2;32;5;1273;2;2;1;left	Stim	31	test	2	32	5	1273	2	2	1	left	8389026	0	1	12831	1	0	next	other	0
31	323	Picture	Stim;31;test;2;33;7;1359;2;2;1;left	Stim	31	test	2	33	7	1359	2	2	1	left	8442685	0	1	13665	1	0	next	other	0
31	325	Picture	Stim;31;test;2;34;2;1508;1;1;1;left	Stim	31	test	2	34	2	1508	1	1	1	left	8506342	0	1	15164	1	0	next	other	0
31	327	Picture	Stim;31;test;2;35;6;1549;2;2;1;left	Stim	31	test	2	35	6	1549	2	2	1	left	8553501	0	1	15664	1	0	next	other	0
31	329	Picture	Stim;31;test;2;36;2;1517;1;1;1;left	Stim	31	test	2	36	2	1517	1	1	1	left	8613991	0	1	15331	1	0	next	other	0
31	331	Picture	Stim;31;test;2;37;2;1980;1;1;1;left	Stim	31	test	2	37	2	1980	1	1	1	left	8661317	0	1	19997	1	0	next	other	0
31	333	Picture	Stim;31;test;2;38;7;1962;2;2;1;left	Stim	31	test	2	38	7	1962	2	2	1	left	8713309	0	1	19830	1	0	next	other	0
31	335	Picture	Stim;31;test;2;39;3;1326;1;1;1;left	Stim	31	test	2	39	3	1326	1	1	1	left	8782965	0	1	13331	1	0	next	other	0
31	337	Picture	Stim;31;test;2;40;3;1893;1;1;1;left	Stim	31	test	2	40	3	1893	1	1	1	left	8830791	0	1	18997	1	0	next	other	0
31	339	Picture	Stim;31;test;2;41;1;1228;1;1;1;left	Stim	31	test	2	41	1	1228	1	1	1	left	8884283	0	1	12331	1	0	next	other	0
31	341	Picture	Stim;31;test;2;42;4;1183;1;2;0;left	Stim	31	test	2	42	4	1183	1	2	0	left	8926609	0	1	11998	1	0	next	other	0
31	343	Picture	Stim;31;test;2;43;7;1043;2;2;1;left	Stim	31	test	2	43	7	1043	2	2	1	left	8975935	0	1	10498	1	0	next	other	0
31	345	Picture	Stim;31;test;2;44;7;1471;2;2;1;left	Stim	31	test	2	44	7	1471	2	2	1	left	9036426	0	1	14831	1	0	next	other	0
31	347	Picture	Stim;31;test;2;45;6;1638;2;2;1;left	Stim	31	test	2	45	6	1638	2	2	1	left	9101249	0	1	16497	1	0	next	other	0
31	349	Picture	Stim;31;test;2;46;6;1254;2;2;1;left	Stim	31	test	2	46	6	1254	2	2	1	left	9162739	0	1	12665	1	0	next	other	0
31	351	Picture	Stim;31;test;2;47;7;1899;2;2;1;left	Stim	31	test	2	47	7	1899	2	2	1	left	9220397	0	1	19164	1	0	next	other	0
31	353	Picture	Stim;31;test;2;48;1;1238;1;1;1;left	Stim	31	test	2	48	1	1238	1	1	1	left	9289386	0	1	12498	1	0	next	other	0
31	355	Picture	Stim;31;test;2;49;7;1598;2;2;1;left	Stim	31	test	2	49	7	1598	2	2	1	left	9331880	0	1	16164	1	0	next	other	0
31	357	Picture	Instruction	Instruction											9398036	0	1	600073	1	0	next	other	0
31	357	Response	1												9997929	599893	1
31	358	Picture	Break	Break											9998109	0	1	20330	1	0	next	other	0
31	358	Response	1												10018326	20216	0
31	359	Picture	ITI	ITI											10018439	0	1	20163	1	0	next	other	0
31	360	Picture	Stim;31;test;3;1;5;1324;2;2;1;left	Stim	31	test	3	1	5	1324	2	2	1	left	10038603	0	1	13331	1	0	next	other	0
31	362	Picture	Stim;31;test;3;2;4;1993;1;2;0;left	Stim	31	test	3	2	4	1993	1	2	0	left	10092761	0	1	19997	1	0	next	other	0
31	364	Picture	Stim;31;test;3;3;6;1525;2;2;1;left	Stim	31	test	3	3	6	1525	2	2	1	left	10150086	0	1	15331	1	0	next	other	0
31	366	Picture	Stim;31;test;3;4;5;1191;2;2;1;left	Stim	31	test	3	4	5	1191	2	2	1	left	10210409	0	1	11998	1	0	next	other	0
31	368	Picture	Stim;31;test;3;5;5;1420;2;2;1;left	Stim	31	test	3	5	5	1420	2	2	1	left	10263235	0	1	14331	1	0	next	other	0
31	370	Picture	Stim;31;test;3;6;3;1348;1;2;0;left	Stim	31	test	3	6	3	1348	1	2	0	left	10318393	0	1	13665	1	0	next	other	0
31	372	Picture	Stim;31;test;3;7;6;1834;2;2;1;left	Stim	31	test	3	7	6	1834	2	2	1	left	10366385	0	1	18497	1	0	next	other	0
31	374	Picture	Stim;31;test;3;8;3;1150;1;2;0;left	Stim	31	test	3	8	3	1150	1	2	0	left	10429709	0	1	11665	1	0	next	other	0
31	376	Picture	Stim;31;test;3;9;3;1975;1;1;1;left	Stim	31	test	3	9	3	1975	1	1	1	left	10475702	0	1	19830	1	0	next	other	0
31	378	Picture	Stim;31;test;3;10;7;1856;2;2;1;left	Stim	31	test	3	10	7	1856	2	2	1	left	10530026	0	1	18664	1	0	next	other	0
31	380	Picture	Stim;31;test;3;11;4;1493;1;2;0;left	Stim	31	test	3	11	4	1493	1	2	0	left	10598682	0	1	14998	1	0	next	other	0
31	382	Picture	Stim;31;test;3;12;5;1216;2;2;1;left	Stim	31	test	3	12	5	1216	2	2	1	left	10651007	0	1	12331	1	0	next	other	0
31	384	Picture	Stim;31;test;3;13;2;1836;1;1;1;left	Stim	31	test	3	13	2	1836	1	1	1	left	10703999	0	1	18497	1	0	next	other	0
31	386	Picture	Stim;31;test;3;14;7;1234;2;2;1;left	Stim	31	test	3	14	7	1234	2	2	1	left	10754491	0	1	12498	1	0	next	other	0
31	388	Picture	Stim;31;test;3;15;3;1225;1;1;1;left	Stim	31	test	3	15	3	1225	1	1	1	left	10816815	0	1	12331	1	0	next	other	0
31	390	Picture	Stim;31;test;3;16;4;1761;1;1;1;left	Stim	31	test	3	16	4	1761	1	1	1	left	10863641	0	1	17664	1	0	next	other	0
31	392	Picture	Stim;31;test;3;17;4;1758;1;1;1;left	Stim	31	test	3	17	4	1758	1	1	1	left	10918632	0	1	17664	1	0	next	other	0
31	394	Picture	Stim;31;test;3;18;3;1504;1;1;1;left	Stim	31	test	3	18	3	1504	1	1	1	left	10973624	0	1	15164	1	0	next	other	0
31	396	Picture	Stim;31;test;3;19;2;1070;1;1;1;left	Stim	31	test	3	19	2	1070	1	1	1	left	11023283	0	1	10832	1	0	next	other	0
31	398	Picture	Stim;31;test;3;20;2;1362;1;1;1;left	Stim	31	test	3	20	2	1362	1	1	1	left	11066110	0	1	13665	1	0	next	other	0
31	400	Picture	Stim;31;test;3;21;5;1794;2;2;1;left	Stim	31	test	3	21	5	1794	2	2	1	left	11111936	0	1	17997	1	0	next	other	0
31	402	Picture	Stim;31;test;3;22;6;1848;2;2;1;left	Stim	31	test	3	22	6	1848	2	2	1	left	11170760	0	1	18664	1	0	next	other	0
31	404	Picture	Stim;31;test;3;23;6;1057;2;2;1;left	Stim	31	test	3	23	6	1057	2	2	1	left	11234250	0	1	10665	1	0	next	other	0
31	406	Picture	Stim;31;test;3;24;1;1372;1;1;1;left	Stim	31	test	3	24	1	1372	1	1	1	left	11289908	0	1	13831	1	0	next	other	0
31	408	Picture	Stim;31;test;3;25;2;1502;1;0;0;left	Stim	31	test	3	25	2	1502	1	0	0	left	11333735	0	1	15164	1	0	next	other	0
31	410	Picture	Stim;31;test;3;26;1;1246;1;1;1;left	Stim	31	test	3	26	1	1246	1	1	1	left	11380894	0	1	12665	1	0	next	other	0
31	412	Picture	Stim;31;test;3;27;3;1584;1;1;1;left	Stim	31	test	3	27	3	1584	1	1	1	left	11423554	0	1	15997	1	0	next	other	0
31	414	Picture	Stim;31;test;3;28;5;1316;2;2;1;left	Stim	31	test	3	28	5	1316	2	2	1	left	11473879	0	1	13331	1	0	next	other	0
31	416	Picture	Stim;31;test;3;29;7;1986;2;2;1;left	Stim	31	test	3	29	7	1986	2	2	1	left	11527871	0	1	19997	1	0	next	other	0
31	418	Picture	Stim;31;test;3;30;6;1481;2;2;1;left	Stim	31	test	3	30	6	1481	2	2	1	left	11597860	0	1	14998	1	0	next	other	0
31	420	Picture	Stim;31;test;3;31;7;1820;2;2;1;left	Stim	31	test	3	31	7	1820	2	2	1	left	11657684	0	1	18331	1	0	next	other	0
31	422	Picture	Stim;31;test;3;32;7;1798;2;2;1;left	Stim	31	test	3	32	7	1798	2	2	1	left	11726007	0	1	18164	1	0	next	other	0
31	424	Picture	Stim;31;test;3;33;1;1650;1;1;1;left	Stim	31	test	3	33	1	1650	1	1	1	left	11793996	0	1	16664	1	0	next	other	0
31	426	Picture	Stim;31;test;3;34;4;1949;1;1;1;left	Stim	31	test	3	34	4	1949	1	1	1	left	11840656	0	1	19664	1	0	next	other	0
31	428	Picture	Stim;31;test;3;35;2;1340;1;1;1;left	Stim	31	test	3	35	2	1340	1	1	1	left	11897647	0	1	13498	1	0	next	other	0
31	430	Picture	Stim;31;test;3;36;4;1460;1;1;1;left	Stim	31	test	3	36	4	1460	1	1	1	left	11943140	0	1	14664	1	0	next	other	0
31	432	Picture	Stim;31;test;3;37;7;1584;2;2;1;left	Stim	31	test	3	37	7	1584	2	2	1	left	11995132	0	1	15998	1	0	next	other	0
31	434	Picture	Stim;31;test;3;38;2;1620;1;0;0;left	Stim	31	test	3	38	2	1620	1	0	0	left	12060955	0	1	16331	1	0	next	other	0
31	436	Picture	Stim;31;test;3;39;6;1160;2;2;1;left	Stim	31	test	3	39	6	1160	2	2	1	left	12109280	0	1	11665	1	0	next	other	0
31	438	Picture	Stim;31;test;3;40;4;1571;1;2;0;left	Stim	31	test	3	40	4	1571	1	2	0	left	12165938	0	1	15831	1	0	next	other	0
31	440	Picture	Stim;31;test;3;41;1;1381;1;0;0;left	Stim	31	test	3	41	1	1381	1	0	0	left	12219097	0	1	13998	1	0	next	other	0
31	442	Picture	Stim;31;test;3;42;7;1876;2;2;1;left	Stim	31	test	3	42	7	1876	2	2	1	left	12263090	0	1	18830	1	0	next	other	0
31	444	Picture	Stim;31;test;3;43;5;1068;2;2;1;left	Stim	31	test	3	43	5	1068	2	2	1	left	12331912	0	1	10832	1	0	next	other	0
31	446	Picture	Stim;31;test;3;44;1;1247;1;1;1;left	Stim	31	test	3	44	1	1247	1	1	1	left	12383571	0	1	12665	1	0	next	other	0
31	448	Picture	Stim;31;test;3;45;6;1769;2;2;1;left	Stim	31	test	3	45	6	1769	2	2	1	left	12426231	0	1	17831	1	0	next	other	0
31	450	Picture	Stim;31;test;3;46;2;1044;1;1;1;left	Stim	31	test	3	46	2	1044	1	1	1	left	12489055	0	1	10498	1	0	next	other	0
31	452	Picture	Stim;31;test;3;47;3;1268;1;1;1;left	Stim	31	test	3	47	3	1268	1	1	1	left	12531548	0	1	12831	1	0	next	other	0
31	454	Picture	Stim;31;test;3;48;1;1818;1;1;1;left	Stim	31	test	3	48	1	1818	1	1	1	left	12578707	0	1	18331	1	0	next	other	0
31	456	Picture	Stim;31;test;3;49;1;1100;1;1;1;left	Stim	31	test	3	49	1	1100	1	1	1	left	12627033	0	1	11165	1	0	next	other	0
31	458	Picture	Instruction	Instruction											12668193	0	1	83987	1	0	next	other	0
31	458	Response	1												12751955	83762	1
31	459	Picture	Break	Break											12752180	0	1	17331	1	0	next	other	0
31	459	Response	1												12769312	17132	0
31	460	Picture	ITI	ITI											12769511	0	1	20164	1	0	next	other	0
31	461	Picture	Stim;31;test;4;1;3;1849;1;2;0;left	Stim	31	test	4	1	3	1849	1	2	0	left	12789675	0	1	18664	1	0	next	other	0
31	463	Picture	Stim;31;test;4;2;4;1861;1;2;0;left	Stim	31	test	4	2	4	1861	1	2	0	left	12842666	0	1	18664	1	0	next	other	0
31	465	Picture	Stim;31;test;4;3;7;1299;2;2;1;left	Stim	31	test	4	3	7	1299	2	2	1	left	12898658	0	1	13165	1	0	next	other	0
31	467	Picture	Stim;31;test;4;4;1;1091;1;1;1;left	Stim	31	test	4	4	1	1091	1	1	1	left	12961648	0	1	10998	1	0	next	other	0
31	469	Picture	Stim;31;test;4;5;7;1499;2;2;1;left	Stim	31	test	4	5	7	1499	2	2	1	left	13002641	0	1	15164	1	0	next	other	0
31	471	Picture	Stim;31;test;4;6;6;1620;2;2;1;left	Stim	31	test	4	6	6	1620	2	2	1	left	13067631	0	1	16331	1	0	next	other	0
31	473	Picture	Stim;31;test;4;7;4;1600;1;1;1;left	Stim	31	test	4	7	4	1600	1	1	1	left	13128954	0	1	16165	2	0	next	other	0
31	475	Picture	Stim;31;test;4;8;6;1029;2;2;1;left	Stim	31	test	4	8	6	1029	2	2	1	left	13182447	0	1	10498	1	0	next	other	0
31	477	Picture	Stim;31;test;4;9;1;1100;1;1;1;left	Stim	31	test	4	9	1	1100	1	1	1	left	13237771	0	1	11165	1	0	next	other	0
31	479	Picture	Stim;31;test;4;10;4;1980;1;1;1;left	Stim	31	test	4	10	4	1980	1	1	1	left	13278932	0	1	19997	1	0	next	other	0
31	481	Picture	Stim;31;test;4;11;1;1936;1;1;1;left	Stim	31	test	4	11	1	1936	1	1	1	left	13336089	0	1	19497	1	0	next	other	0
31	483	Picture	Stim;31;test;4;12;3;1341;1;1;1;left	Stim	31	test	4	12	3	1341	1	1	1	left	13385582	0	1	13498	1	0	next	other	0
31	485	Picture	Stim;31;test;4;13;5;1838;2;2;1;left	Stim	31	test	4	13	5	1838	2	2	1	left	13433574	0	1	18497	1	0	next	other	0
31	487	Picture	Stim;31;test;4;14;5;1651;2;2;1;left	Stim	31	test	4	14	5	1651	2	2	1	left	13492898	0	1	16664	1	0	next	other	0
31	489	Picture	Stim;31;test;4;15;2;1953;1;0;0;left	Stim	31	test	4	15	2	1953	1	0	0	left	13550389	0	1	19664	1	0	next	other	0
31	491	Picture	Stim;31;test;4;16;5;1105;2;2;1;left	Stim	31	test	4	16	5	1105	2	2	1	left	13602048	0	1	11165	1	0	next	other	0
31	493	Picture	Stim;31;test;4;17;1;1808;1;1;1;left	Stim	31	test	4	17	1	1808	1	1	1	left	13654040	0	1	18164	1	0	next	other	0
31	495	Picture	Stim;31;test;4;18;5;1135;2;2;1;left	Stim	31	test	4	18	5	1135	2	2	1	left	13702199	0	1	11498	1	0	next	other	0
31	497	Picture	Stim;31;test;4;19;3;1799;1;0;0;left	Stim	31	test	4	19	3	1799	1	0	0	left	13754524	0	1	18164	1	0	next	other	0
31	499	Picture	Stim;31;test;4;20;7;1037;2;2;1;left	Stim	31	test	4	20	7	1037	2	2	1	left	13807016	0	1	10498	1	0	next	other	0
31	501	Picture	Stim;31;test;4;21;2;1617;1;0;0;left	Stim	31	test	4	21	2	1617	1	0	0	left	13867507	0	1	16331	1	0	next	other	0
31	503	Picture	Stim;31;test;4;22;4;1616;1;0;0;left	Stim	31	test	4	22	4	1616	1	0	0	left	13915833	0	1	16331	1	0	next	other	0
31	505	Picture	Stim;31;test;4;23;3;1561;1;1;1;left	Stim	31	test	4	23	3	1561	1	1	1	left	13969491	0	1	15664	1	0	next	other	0
31	507	Picture	Stim;31;test;4;24;3;1874;1;0;0;left	Stim	31	test	4	24	3	1874	1	0	0	left	14019650	0	1	18830	1	0	next	other	0
31	509	Picture	Stim;31;test;4;25;2;1651;1;1;1;left	Stim	31	test	4	25	2	1651	1	1	1	left	14072975	0	1	16664	1	0	next	other	0
31	511	Picture	Stim;31;test;4;26;3;1007;1;0;0;left	Stim	31	test	4	26	3	1007	1	0	0	left	14121634	0	1	10165	1	0	next	other	0
31	513	Picture	Stim;31;test;4;27;1;1050;1;1;1;left	Stim	31	test	4	27	1	1050	1	1	1	left	14166294	0	1	10665	1	0	next	other	0
31	515	Picture	Stim;31;test;4;28;2;1636;1;1;1;left	Stim	31	test	4	28	2	1636	1	1	1	left	14206954	0	1	16497	1	0	next	other	0
31	517	Picture	Stim;31;test;4;29;2;1553;1;0;0;left	Stim	31	test	4	29	2	1553	1	0	0	left	14255446	0	1	15664	1	0	next	other	0
31	519	Picture	Stim;31;test;4;30;7;1070;2;2;1;left	Stim	31	test	4	30	7	1070	2	2	1	left	14303106	0	1	10832	1	0	next	other	0
31	521	Picture	Stim;31;test;4;31;7;1115;2;2;1;left	Stim	31	test	4	31	7	1115	2	2	1	left	14363929	0	1	11332	1	0	next	other	0
31	523	Picture	Stim;31;test;4;32;3;1915;1;2;0;left	Stim	31	test	4	32	3	1915	1	2	0	left	14425087	0	1	19330	1	0	next	other	0
31	525	Picture	Stim;31;test;4;33;6;1261;2;2;1;left	Stim	31	test	4	33	6	1261	2	2	1	left	14478745	0	1	12665	1	0	next	other	0
31	527	Picture	Stim;31;test;4;34;6;1203;2;2;1;left	Stim	31	test	4	34	6	1203	2	2	1	left	14536403	0	1	12165	1	0	next	other	0
31	529	Picture	Stim;31;test;4;35;2;1912;1;1;1;left	Stim	31	test	4	35	2	1912	1	1	1	left	14593560	0	1	19164	1	0	next	other	0
31	531	Picture	Stim;31;test;4;36;1;1964;1;1;1;left	Stim	31	test	4	36	1	1964	1	1	1	left	14644886	0	1	19830	1	0	next	other	0
31	533	Picture	Stim;31;test;4;37;1;1333;1;1;1;left	Stim	31	test	4	37	1	1333	1	1	1	left	14694711	0	1	13498	1	0	next	other	0
31	535	Picture	Stim;31;test;4;38;6;1038;2;2;1;left	Stim	31	test	4	38	6	1038	2	2	1	left	14738204	0	1	10498	1	0	next	other	0
31	537	Picture	Stim;31;test;4;39;5;1822;2;2;1;left	Stim	31	test	4	39	5	1822	2	2	1	left	14793696	0	1	18330	1	0	next	other	0
31	539	Picture	Stim;31;test;4;40;6;1937;2;2;1;left	Stim	31	test	4	40	6	1937	2	2	1	left	14852853	0	1	19497	1	0	next	other	0
31	541	Picture	Stim;31;test;4;41;7;1214;2;2;1;left	Stim	31	test	4	41	7	1214	2	2	1	left	14917343	0	1	12331	1	0	next	other	0
31	543	Picture	Stim;31;test;4;42;5;1767;2;2;1;left	Stim	31	test	4	42	5	1767	2	2	1	left	14979500	0	1	17831	1	0	next	other	0
31	545	Picture	Stim;31;test;4;43;7;1275;2;2;1;left	Stim	31	test	4	43	7	1275	2	2	1	left	15037991	0	1	12831	1	0	next	other	0
31	547	Picture	Stim;31;test;4;44;4;1797;1;2;0;left	Stim	31	test	4	44	4	1797	1	2	0	left	15100815	0	1	18164	1	0	next	other	0
31	549	Picture	Stim;31;test;4;45;4;1112;1;2;0;left	Stim	31	test	4	45	4	1112	1	2	0	left	15156139	0	1	11165	1	0	next	other	0
31	551	Picture	Stim;31;test;4;46;5;1779;2;2;1;left	Stim	31	test	4	46	5	1779	2	2	1	left	15204632	0	1	17997	1	0	next	other	0
31	553	Picture	Stim;31;test;4;47;4;1865;1;0;0;left	Stim	31	test	4	47	4	1865	1	0	0	left	15263289	0	1	18830	1	0	next	other	0
31	555	Picture	Stim;31;test;4;48;2;1497;1;0;0;left	Stim	31	test	4	48	2	1497	1	0	0	left	15319447	0	1	15164	1	0	next	other	0
31	557	Picture	Stim;31;test;4;49;6;1168;2;2;1;left	Stim	31	test	4	49	6	1168	2	2	1	left	15366607	0	1	11831	1	0	next	other	0
31	559	Picture	Instruction	Instruction											15423431	0	1	48159	1	0	next	other	0
31	559	Response	1												15471425	47994	1
31	560	Picture	Break	Break											15471590	0	1	56325	1	0	next	other	0
31	560	Response	1												15527738	56147	0
31	561	Picture	ITI	ITI											15527915	0	1	20164	1	0	next	other	0
31	562	Picture	Instruction	Instruction											15548078	0	1	142889	1	0	next	other	0
31	562	Response	1												15679482	131403	1


{
   "app": "Presentation Version 20.1 Build 12.04.17",
   "device": "LENOVO 10FGCTO1WW",
   "experiment": "{772213B2-5F0F-4A35-9C2F-36954700C7EA}",
   "os": "Windows 7 64 bit",
   "package": "",
   "parameters": {
      "configuration": "Default configuration"
   },
   "scenario": "Bisection Task with Dynanometer.sce",
   "subject": "31",
   "timestamp": "2018/10/05 08:57:18 GMT"
}
