Scenario - Bisection Task
Logfile written - 10/08/2018 12:23:13

Subject	Trial	Event Type	Code	event_cond(str)	subject_id(num)	block_name(str)	block_number(num)	trial_number(num)	probe(num)	ITI(num)	correctAns(num)	resp(num)	accuracy(num)	short(str)	Time	TTime	Uncertainty	Duration	Uncertainty	ReqTime	ReqDur	Stim Type	Pair Index

33	1	Picture	Instruction	Instruction											333	0	1	86820	1	0	next	other	0
33	1	Response	1												87069	86736	0
33	2	Picture	Stim;33;study;1;1;1;1435;1;-1;0;left	Stim	33	study	1	1	1	1435	1	-1	0	left	87153	0	1	15498	1	0	next	other	0
33	4	Picture	Stim;33;study;1;2;7;1849;7;-1;0;left	Stim	33	study	1	2	7	1849	7	-1	0	left	131646	0	1	18664	1	0	next	other	0
33	6	Picture	Stim;33;study;1;3;1;1079;1;-1;0;left	Stim	33	study	1	3	1	1079	1	-1	0	left	200135	0	1	10998	1	0	next	other	0
33	8	Picture	Stim;33;study;1;4;7;1503;7;-1;0;left	Stim	33	study	1	4	7	1503	7	-1	0	left	241129	0	1	15164	1	0	next	other	0
33	10	Picture	Stim;33;study;1;5;1;1701;1;-1;0;left	Stim	33	study	1	5	1	1701	1	-1	0	left	306286	0	1	17164	1	0	next	other	0
33	12	Picture	Stim;33;study;1;6;7;1094;7;-1;0;left	Stim	33	study	1	6	7	1094	7	-1	0	left	353445	0	1	10998	1	0	next	other	0
33	14	Picture	Stim;33;study;1;7;1;1438;1;-1;0;left	Stim	33	study	1	7	1	1438	1	-1	0	left	414435	0	1	14498	1	0	next	other	0
33	16	Picture	Stim;33;study;1;8;7;1459;7;-1;0;left	Stim	33	study	1	8	7	1459	7	-1	0	left	458929	0	1	14664	1	0	next	other	0
33	18	Picture	Stim;33;study;1;9;1;1032;1;-1;0;left	Stim	33	study	1	9	1	1032	1	-1	0	left	523585	0	1	10498	1	0	next	other	0
33	20	Picture	Stim;33;study;1;10;7;1642;7;-1;0;left	Stim	33	study	1	10	7	1642	7	-1	0	left	564079	0	1	16497	1	0	next	other	0
33	22	Picture	End_Block	End_Block											630568	0	1	128647	1	0	next	other	0
33	22	Response	1												758998	128429	1
33	23	Picture	Break	Break											759215	0	1	2333	1	0	next	other	0
33	23	Response	1												761477	2262	0
33	24	Picture	ITI	ITI											761548	0	1	10165	1	0	next	other	0
33	25	Picture	Instruction	Instruction											771713	0	1	250628	1	0	next	other	0
33	25	Response	1												1022249	250536	0
33	26	Picture	Instruction	Instruction											1022341	0	1	194970	1	0	next	other	0
33	26	Response	1												1217109	194768	0
33	27	Picture	Stim;33;practice;1;1;7;1000;2;2;1;left	Stim	33	practice	1	1	7	1000	2	2	1	left	1217310	0	1	10165	1	0	next	other	0
33	29	Picture	Feedback	Feedback											1277468	0	1	7166	1	0	next	other	0
33	30	Picture	Stim;33;practice;1;2;4;1000;1;2;0;left	Stim	33	practice	1	2	4	1000	1	2	0	left	1284633	0	1	10165	1	0	next	other	0
33	32	Picture	Feedback	Feedback											1332126	0	1	7166	1	0	next	other	0
33	33	Picture	Stim;33;practice;1;3;6;1000;2;2;1;left	Stim	33	practice	1	3	6	1000	2	2	1	left	1339291	0	1	10165	1	0	next	other	0
33	35	Picture	Feedback	Feedback											1394283	0	1	7166	1	0	next	other	0
33	36	Picture	Stim;33;practice;1;4;3;1000;1;1;1;left	Stim	33	practice	1	4	3	1000	1	1	1	left	1401448	0	1	10165	1	0	next	other	0
33	38	Picture	Feedback	Feedback											1445941	0	1	7166	1	0	next	other	0
33	39	Picture	Stim;33;practice;1;5;1;1000;1;1;1;left	Stim	33	practice	1	5	1	1000	1	1	1	left	1453107	0	1	10165	1	0	next	other	0
33	41	Picture	Feedback	Feedback											1493267	0	1	7166	1	0	next	other	0
33	42	Picture	Stim;33;practice;1;6;5;1000;2;2;1;left	Stim	33	practice	1	6	5	1000	2	2	1	left	1500433	0	1	10165	1	0	next	other	0
33	44	Picture	Feedback	Feedback											1551258	0	1	7166	1	0	next	other	0
33	45	Picture	Stim;33;practice;1;7;2;1000;1;1;1;left	Stim	33	practice	1	7	2	1000	1	1	1	left	1558424	0	1	10165	1	0	next	other	0
33	47	Picture	Feedback	Feedback											1600584	0	1	7166	1	0	next	other	0
33	48	Picture	Stim;33;practice;2;1;2;1000;1;1;1;left	Stim	33	practice	2	1	2	1000	1	1	1	left	1607750	0	1	10165	1	0	next	other	0
33	50	Picture	Feedback	Feedback											1649910	0	1	7166	1	0	next	other	0
33	51	Picture	Stim;33;practice;2;2;4;1000;1;2;0;left	Stim	33	practice	2	2	4	1000	1	2	0	left	1657075	0	1	10165	1	0	next	other	0
33	53	Picture	Feedback	Feedback											1704568	0	1	7165	1	0	next	other	0
33	54	Picture	Stim;33;practice;2;3;1;1000;1;1;1;left	Stim	33	practice	2	3	1	1000	1	1	1	left	1711733	0	1	10165	1	0	next	other	0
33	56	Picture	Feedback	Feedback											1751894	0	1	7166	1	0	next	other	0
33	57	Picture	Stim;33;practice;2;4;7;1000;2;2;1;left	Stim	33	practice	2	4	7	1000	2	2	1	left	1759059	0	1	10165	1	0	next	other	0
33	59	Picture	Feedback	Feedback											1819050	0	1	7166	1	0	next	other	0
33	60	Picture	Stim;33;practice;2;5;6;1000;2;2;1;left	Stim	33	practice	2	5	6	1000	2	2	1	left	1826216	0	1	10165	1	0	next	other	0
33	62	Picture	Feedback	Feedback											1881207	0	1	7166	1	0	next	other	0
33	63	Picture	Stim;33;practice;2;6;5;1000;2;2;1;left	Stim	33	practice	2	6	5	1000	2	2	1	left	1888373	0	1	10165	1	0	next	other	0
33	65	Picture	Feedback	Feedback											1939198	0	1	7166	1	0	next	other	0
33	66	Picture	Stim;33;practice;2;7;3;1000;1;1;1;left	Stim	33	practice	2	7	3	1000	1	1	1	left	1946364	0	1	10165	1	0	next	other	0
33	68	Picture	Feedback	Feedback											1990857	0	1	7166	1	0	next	other	0
33	69	Picture	Stim;33;practice;3;1;6;1000;2;2;1;left	Stim	33	practice	3	1	6	1000	2	2	1	left	1998022	0	1	10165	1	0	next	other	0
33	71	Picture	Feedback	Feedback											2053014	0	1	7166	1	0	next	other	0
33	72	Picture	Stim;33;practice;3;2;1;1000;1;1;1;left	Stim	33	practice	3	2	1	1000	1	1	1	left	2060179	0	1	10165	1	0	next	other	0
33	74	Picture	Feedback	Feedback											2100339	0	1	7166	1	0	next	other	0
33	75	Picture	Stim;33;practice;3;3;4;1000;1;2;0;left	Stim	33	practice	3	3	4	1000	1	2	0	left	2107505	0	1	10165	1	0	next	other	0
33	77	Picture	Feedback	Feedback											2154998	0	1	7166	1	0	next	other	0
33	78	Picture	Stim;33;practice;3;4;5;1000;2;1;0;left	Stim	33	practice	3	4	5	1000	2	1	0	left	2162163	0	1	10165	1	0	next	other	0
33	80	Picture	Feedback	Feedback											2212989	0	1	7166	1	0	next	other	0
33	81	Picture	Stim;33;practice;3;5;2;1000;1;1;1;left	Stim	33	practice	3	5	2	1000	1	1	1	left	2220154	0	1	10165	1	0	next	other	0
33	83	Picture	Feedback	Feedback											2262314	0	1	7166	1	0	next	other	0
33	84	Picture	Stim;33;practice;3;6;3;1000;1;1;1;left	Stim	33	practice	3	6	3	1000	1	1	1	left	2269480	0	1	10165	1	0	next	other	0
33	86	Picture	Feedback	Feedback											2313973	0	1	7166	1	0	next	other	0
33	87	Picture	Stim;33;practice;3;7;7;1000;2;2;1;left	Stim	33	practice	3	7	7	1000	2	2	1	left	2321138	0	1	10165	1	0	next	other	0
33	89	Picture	Feedback	Feedback											2381129	0	1	7166	1	0	next	other	0
33	90	Picture	Break	Break											2388295	0	1	188637	1	0	next	other	0
33	90	Response	1												2576804	188510	1
33	91	Picture	Instruction	Instruction											2576932	0	1	2500	1	0	next	other	0
33	91	Response	1												2579283	2351	0
33	92	Picture	ITI	ITI											2579432	0	1	10165	1	0	next	other	0
33	93	Picture	Instruction	Instruction											2589597	0	1	355111	1	0	next	other	0
33	93	Response	1												2944524	354927	0
33	94	Picture	Stim;33;test;1;1;2;1464;1;2;0;left	Stim	33	test	1	1	2	1464	1	2	0	left	2944708	0	1	14831	1	0	next	other	0
33	96	Picture	Stim;33;test;1;2;3;1945;1;2;0;left	Stim	33	test	1	2	3	1945	1	2	0	left	2991534	0	1	19497	1	0	next	other	0
33	98	Picture	Stim;33;test;1;3;1;1093;1;1;1;left	Stim	33	test	1	3	1	1093	1	1	1	left	3045526	0	1	10998	1	0	next	other	0
33	100	Picture	Stim;33;test;1;4;4;1925;1;2;0;left	Stim	33	test	1	4	4	1925	1	2	0	left	3086519	0	1	19330	1	0	next	other	0
33	102	Picture	Stim;33;test;1;5;7;1363;2;2;1;left	Stim	33	test	1	5	7	1363	2	2	1	left	3143177	0	1	13831	1	0	next	other	0
33	104	Picture	Stim;33;test;1;6;4;1609;1;2;0;left	Stim	33	test	1	6	4	1609	1	2	0	left	3206834	0	1	16164	1	0	next	other	0
33	106	Picture	Stim;33;test;1;7;3;1720;1;1;1;left	Stim	33	test	1	7	3	1720	1	1	1	left	3260325	0	1	17331	1	0	next	other	0
33	108	Picture	Stim;33;test;1;8;3;1976;1;0;0;left	Stim	33	test	1	8	3	1976	1	0	0	left	3311984	0	1	19830	1	0	next	other	0
33	110	Picture	Stim;33;test;1;9;4;1303;1;1;1;left	Stim	33	test	1	9	4	1303	1	1	1	left	3366308	0	2	13166	2	0	next	other	0
33	112	Picture	Stim;33;test;1;10;4;1494;1;2;0;left	Stim	33	test	1	10	4	1494	1	2	0	left	3416801	0	1	14998	1	0	next	other	0
33	114	Picture	Stim;33;test;1;11;1;1394;1;1;1;left	Stim	33	test	1	11	1	1394	1	1	1	left	3469126	0	1	13998	1	0	next	other	0
33	116	Picture	Stim;33;test;1;12;2;1022;1;0;0;left	Stim	33	test	1	12	2	1022	1	0	0	left	3513119	0	1	10332	1	0	next	other	0
33	118	Picture	Stim;33;test;1;13;7;1167;2;2;1;left	Stim	33	test	1	13	7	1167	2	2	1	left	3555446	0	1	11831	1	0	next	other	0
33	120	Picture	Stim;33;test;1;14;2;1068;1;0;0;left	Stim	33	test	1	14	2	1068	1	0	0	left	3617103	0	1	10832	1	0	next	other	0
33	122	Picture	Stim;33;test;1;15;4;1569;1;1;1;left	Stim	33	test	1	15	4	1569	1	1	1	left	3659930	0	1	15831	1	0	next	other	0
33	124	Picture	Stim;33;test;1;16;6;1405;2;2;1;left	Stim	33	test	1	16	6	1405	2	2	1	left	3713088	0	1	14164	1	0	next	other	0
33	126	Picture	Stim;33;test;1;17;1;1351;1;1;1;left	Stim	33	test	1	17	1	1351	1	1	1	left	3772246	0	1	13665	1	0	next	other	0
33	128	Picture	Stim;33;test;1;18;3;1030;1;2;0;left	Stim	33	test	1	18	3	1030	1	2	0	left	3815906	0	1	10498	1	0	next	other	0
33	130	Picture	Stim;33;test;1;19;6;1369;2;2;1;left	Stim	33	test	1	19	6	1369	2	2	1	left	3860732	0	1	13831	1	0	next	other	0
33	132	Picture	Stim;33;test;1;20;5;1684;2;2;1;left	Stim	33	test	1	20	5	1684	2	2	1	left	3919556	0	1	16997	1	0	next	other	0
33	134	Picture	Stim;33;test;1;21;2;1032;1;1;1;left	Stim	33	test	1	21	2	1032	1	1	1	left	3977214	0	1	10498	1	0	next	other	0
33	136	Picture	Stim;33;test;1;22;2;1716;1;1;1;left	Stim	33	test	1	22	2	1716	1	1	1	left	4019707	0	1	17331	1	0	next	other	0
33	138	Picture	Stim;33;test;1;23;5;1655;2;2;1;left	Stim	33	test	1	23	5	1655	2	2	1	left	4069033	0	1	16664	1	0	next	other	0
33	140	Picture	Stim;33;test;1;24;4;1411;1;2;0;left	Stim	33	test	1	24	4	1411	1	2	0	left	4126524	0	1	14164	1	0	next	other	0
33	142	Picture	Stim;33;test;1;25;2;1806;1;1;1;left	Stim	33	test	1	25	2	1806	1	1	1	left	4178016	0	1	18164	1	0	next	other	0
33	144	Picture	Stim;33;test;1;26;1;1032;1;1;1;left	Stim	33	test	1	26	1	1032	1	1	1	left	4228175	0	1	10498	1	0	next	other	0
33	146	Picture	Stim;33;test;1;27;7;1879;2;2;1;left	Stim	33	test	1	27	7	1879	2	2	1	left	4268668	0	1	18997	1	0	next	other	0
33	148	Picture	Stim;33;test;1;28;6;1049;2;2;1;left	Stim	33	test	1	28	6	1049	2	2	1	left	4337491	0	1	10665	1	0	next	other	0
33	150	Picture	Stim;33;test;1;29;3;1750;1;2;0;left	Stim	33	test	1	29	3	1750	1	2	0	left	4392982	0	1	17664	1	0	next	other	0
33	152	Picture	Stim;33;test;1;30;5;1761;2;2;1;left	Stim	33	test	1	30	5	1761	2	2	1	left	4444974	0	1	17664	1	0	next	other	0
33	154	Picture	Stim;33;test;1;31;6;1340;2;2;1;left	Stim	33	test	1	31	6	1340	2	2	1	left	4503465	0	1	13498	1	0	next	other	0
33	156	Picture	Stim;33;test;1;32;2;1246;1;1;1;left	Stim	33	test	1	32	2	1246	1	1	1	left	4561956	0	1	12665	1	0	next	other	0
33	158	Picture	Stim;33;test;1;33;6;1575;2;1;0;left	Stim	33	test	1	33	6	1575	2	1	0	left	4606616	0	1	15831	1	0	next	other	0
33	160	Picture	Stim;33;test;1;34;7;1961;2;2;1;left	Stim	33	test	1	34	7	1961	2	2	1	left	4667440	0	1	19664	1	0	next	other	0
33	162	Picture	Stim;33;test;1;35;7;1244;2;2;1;left	Stim	33	test	1	35	7	1244	2	2	1	left	4737095	0	1	12498	1	0	next	other	0
33	164	Picture	Stim;33;test;1;36;1;1379;1;1;1;left	Stim	33	test	1	36	1	1379	1	1	1	left	4799586	0	1	13998	1	0	next	other	0
33	166	Picture	Stim;33;test;1;37;6;1622;2;2;1;left	Stim	33	test	1	37	6	1622	2	2	1	left	4843579	0	1	16331	1	0	next	other	0
33	168	Picture	Stim;33;test;1;38;6;1216;2;2;1;left	Stim	33	test	1	38	6	1216	2	2	1	left	4904903	0	1	12331	1	0	next	other	0
33	170	Picture	Stim;33;test;1;39;4;1702;1;1;1;left	Stim	33	test	1	39	4	1702	1	1	1	left	4962060	0	1	17164	1	0	next	other	0
33	172	Picture	Stim;33;test;1;40;5;1990;2;2;1;left	Stim	33	test	1	40	5	1990	2	2	1	left	5016552	0	1	19997	1	0	next	other	0
33	174	Picture	Stim;33;test;1;41;7;1281;2;2;1;left	Stim	33	test	1	41	7	1281	2	2	1	left	5077376	0	1	12998	1	0	next	other	0
33	176	Picture	Stim;33;test;1;42;5;1720;2;2;1;left	Stim	33	test	1	42	5	1720	2	2	1	left	5140199	0	1	17331	1	0	next	other	0
33	178	Picture	Stim;33;test;1;43;1;1371;1;1;1;left	Stim	33	test	1	43	1	1371	1	1	1	left	5198357	0	1	13831	1	0	next	other	0
33	180	Picture	Stim;33;test;1;44;1;1396;1;1;1;left	Stim	33	test	1	44	1	1396	1	1	1	left	5242184	0	1	14164	1	0	next	other	0
33	182	Picture	Stim;33;test;1;45;5;1975;2;2;1;left	Stim	33	test	1	45	5	1975	2	2	1	left	5286343	0	1	19830	1	0	next	other	0
33	184	Picture	Stim;33;test;1;46;5;1993;2;2;1;left	Stim	33	test	1	46	5	1993	2	2	1	left	5347001	0	1	19997	1	0	next	other	0
33	186	Picture	Stim;33;test;1;47;3;1127;1;1;1;left	Stim	33	test	1	47	3	1127	1	1	1	left	5407824	0	1	11331	1	0	next	other	0
33	188	Picture	Stim;33;test;1;48;7;1076;2;2;1;left	Stim	33	test	1	48	7	1076	2	2	1	left	5453651	0	1	10832	1	0	next	other	0
33	190	Picture	Stim;33;test;1;49;3;1866;1;1;1;left	Stim	33	test	1	49	3	1866	1	1	1	left	5514474	0	1	18830	1	0	next	other	0
33	192	Picture	Instruction	Instruction											5567633	0	1	113482	1	0	next	other	0
33	192	Response	1												5680873	113240	1
33	193	Picture	Break	Break											5681115	0	1	14331	1	0	next	other	0
33	193	Response	1												5695351	14236	0
33	194	Picture	ITI	ITI											5695446	0	1	20164	1	0	next	other	0
33	195	Picture	Stim;33;test;2;1;1;1007;1;0;0;left	Stim	33	test	2	1	1	1007	1	0	0	left	5715610	0	1	10165	1	0	next	other	0
33	197	Picture	Stim;33;test;2;2;1;1613;1;2;0;left	Stim	33	test	2	2	1	1613	1	2	0	left	5755770	0	1	16331	1	0	next	other	0
33	199	Picture	Stim;33;test;2;3;6;1769;2;2;1;left	Stim	33	test	2	3	6	1769	2	2	1	left	5802096	0	1	17831	1	0	next	other	0
33	201	Picture	Stim;33;test;2;4;7;1430;2;2;1;left	Stim	33	test	2	4	7	1430	2	2	1	left	5864920	0	1	14498	1	0	next	other	0
33	203	Picture	Stim;33;test;2;5;6;1130;2;2;1;left	Stim	33	test	2	5	6	1130	2	2	1	left	5929243	0	1	11498	1	0	next	other	0
33	205	Picture	Stim;33;test;2;6;1;1803;1;1;1;left	Stim	33	test	2	6	1	1803	1	1	1	left	5985568	0	1	18164	1	0	next	other	0
33	207	Picture	Stim;33;test;2;7;2;1840;1;1;1;left	Stim	33	test	2	7	2	1840	1	1	1	left	6033727	0	1	18497	1	0	next	other	0
33	209	Picture	Stim;33;test;2;8;4;1257;1;2;0;left	Stim	33	test	2	8	4	1257	1	2	0	left	6084219	0	1	12665	1	0	next	other	0
33	211	Picture	Stim;33;test;2;9;6;1964;2;2;1;left	Stim	33	test	2	9	6	1964	2	2	1	left	6134211	0	1	19830	1	0	next	other	0
33	213	Picture	Stim;33;test;2;10;2;1707;1;2;0;left	Stim	33	test	2	10	2	1707	1	2	0	left	6198868	0	1	17164	1	0	next	other	0
33	215	Picture	Stim;33;test;2;11;2;1368;1;2;0;left	Stim	33	test	2	11	2	1368	1	2	0	left	6248027	0	1	13831	1	0	next	other	0
33	217	Picture	Stim;33;test;2;12;3;1098;1;2;0;left	Stim	33	test	2	12	3	1098	1	2	0	left	6293853	0	1	11165	1	0	next	other	0
33	219	Picture	Stim;33;test;2;13;5;1484;2;2;1;left	Stim	33	test	2	13	5	1484	2	2	1	left	6339346	0	1	14998	1	0	next	other	0
33	221	Picture	Stim;33;test;2;14;5;1462;2;2;1;left	Stim	33	test	2	14	5	1462	2	2	1	left	6395004	0	1	14831	1	0	next	other	0
33	223	Picture	Stim;33;test;2;15;7;1339;2;2;1;left	Stim	33	test	2	15	7	1339	2	2	1	left	6450495	0	1	13498	1	0	next	other	0
33	225	Picture	Stim;33;test;2;16;1;1980;1;1;1;left	Stim	33	test	2	16	1	1980	1	1	1	left	6513985	0	1	19997	1	0	next	other	0
33	227	Picture	Stim;33;test;2;17;7;1812;2;2;1;left	Stim	33	test	2	17	7	1812	2	2	1	left	6563978	0	1	18330	1	0	next	other	0
33	229	Picture	Stim;33;test;2;18;3;1839;1;2;0;left	Stim	33	test	2	18	3	1839	1	2	0	left	6632134	0	1	18497	1	0	next	other	0
33	231	Picture	Stim;33;test;2;19;4;1312;1;2;0;left	Stim	33	test	2	19	4	1312	1	2	0	left	6685125	0	1	13331	1	0	next	other	0
33	233	Picture	Stim;33;test;2;20;5;1926;2;2;1;left	Stim	33	test	2	20	5	1926	2	2	1	left	6735617	0	1	19330	1	0	next	other	0
33	235	Picture	Stim;33;test;2;21;2;1444;1;1;1;left	Stim	33	test	2	21	2	1444	1	1	1	left	6795775	0	1	14498	1	0	next	other	0
33	237	Picture	Stim;33;test;2;22;5;1182;2;2;1;left	Stim	33	test	2	22	5	1182	2	2	1	left	6842268	0	1	11998	1	0	next	other	0
33	239	Picture	Stim;33;test;2;23;3;1071;1;1;1;left	Stim	33	test	2	23	3	1071	1	1	1	left	6894926	0	1	10832	1	0	next	other	0
33	241	Picture	Stim;33;test;2;24;2;1426;1;1;1;left	Stim	33	test	2	24	2	1426	1	1	1	left	6940252	0	1	14331	1	0	next	other	0
33	243	Picture	Stim;33;test;2;25;1;1960;1;1;1;left	Stim	33	test	2	25	1	1960	1	1	1	left	6986578	0	1	19664	1	0	next	other	0
33	245	Picture	Stim;33;test;2;26;3;1094;1;2;0;left	Stim	33	test	2	26	3	1094	1	2	0	left	7036237	0	1	10998	1	0	next	other	0
33	247	Picture	Stim;33;test;2;27;1;1208;1;1;1;left	Stim	33	test	2	27	1	1208	1	1	1	left	7081730	0	1	12165	1	0	next	other	0
33	249	Picture	Stim;33;test;2;28;5;1645;2;2;1;left	Stim	33	test	2	28	5	1645	2	2	1	left	7123890	0	1	16497	1	0	next	other	0
33	251	Picture	Stim;33;test;2;29;6;1201;2;2;1;left	Stim	33	test	2	29	6	1201	2	2	1	left	7181215	0	1	12165	1	0	next	other	0
33	253	Picture	Stim;33;test;2;30;3;1960;1;2;0;left	Stim	33	test	2	30	3	1960	1	2	0	left	7238206	0	1	19664	1	0	next	other	0
33	255	Picture	Stim;33;test;2;31;7;1588;2;2;1;left	Stim	33	test	2	31	7	1588	2	2	1	left	7292364	0	1	15997	1	0	next	other	0
33	257	Picture	Stim;33;test;2;32;2;1141;1;1;1;left	Stim	33	test	2	32	2	1141	1	1	1	left	7358354	0	1	11498	1	0	next	other	0
33	259	Picture	Stim;33;test;2;33;6;1255;2;2;1;left	Stim	33	test	2	33	6	1255	2	2	1	left	7401847	0	1	12665	1	0	next	other	0
33	261	Picture	Stim;33;test;2;34;6;1402;2;2;1;left	Stim	33	test	2	34	6	1402	2	2	1	left	7459505	0	1	14164	1	0	next	other	0
33	263	Picture	Stim;33;test;2;35;4;1510;1;2;0;left	Stim	33	test	2	35	4	1510	1	2	0	left	7518662	0	1	15164	1	0	next	other	0
33	265	Picture	Stim;33;test;2;36;4;1204;1;2;0;left	Stim	33	test	2	36	4	1204	1	2	0	left	7571154	0	1	12165	1	0	next	other	0
33	267	Picture	Stim;33;test;2;37;7;1552;2;2;1;left	Stim	33	test	2	37	7	1552	2	2	1	left	7620646	0	1	15664	1	0	next	other	0
33	269	Picture	Stim;33;test;2;38;4;1121;1;2;0;left	Stim	33	test	2	38	4	1121	1	2	0	left	7686303	0	1	11332	1	0	next	other	0
33	271	Picture	Stim;33;test;2;39;1;1409;1;1;1;left	Stim	33	test	2	39	1	1409	1	1	1	left	7734962	0	1	14164	1	0	next	other	0
33	273	Picture	Stim;33;test;2;40;4;1369;1;2;0;left	Stim	33	test	2	40	4	1369	1	2	0	left	7779122	0	1	13831	1	0	next	other	0
33	275	Picture	Stim;33;test;2;41;3;1552;1;1;1;left	Stim	33	test	2	41	3	1552	1	1	1	left	7830280	0	1	15664	1	0	next	other	0
33	277	Picture	Stim;33;test;2;42;3;1691;1;1;1;left	Stim	33	test	2	42	3	1691	1	1	1	left	7880273	0	1	16997	1	0	next	other	0
33	279	Picture	Stim;33;test;2;43;6;1804;2;2;1;left	Stim	33	test	2	43	6	1804	2	2	1	left	7931765	0	1	18164	1	0	next	other	0
33	281	Picture	Stim;33;test;2;44;5;1613;2;2;1;left	Stim	33	test	2	44	5	1613	2	2	1	left	7994921	0	1	16331	1	0	next	other	0
33	283	Picture	Stim;33;test;2;45;4;1833;1;2;0;left	Stim	33	test	2	45	4	1833	1	2	0	left	8051913	0	1	18497	1	0	next	other	0
33	285	Picture	Stim;33;test;2;46;2;1082;1;1;1;left	Stim	33	test	2	46	2	1082	1	1	1	left	8107737	0	1	10998	1	0	next	other	0
33	287	Picture	Stim;33;test;2;47;7;1173;2;2;1;left	Stim	33	test	2	47	7	1173	2	2	1	left	8150731	0	1	11831	1	0	next	other	0
33	289	Picture	Stim;33;test;2;48;7;1489;2;2;1;left	Stim	33	test	2	48	7	1489	2	2	1	left	8212554	0	1	14998	1	0	next	other	0
33	291	Picture	Stim;33;test;2;49;5;1877;2;2;1;left	Stim	33	test	2	49	5	1877	2	2	1	left	8277544	0	1	18830	1	0	next	other	0
33	293	Picture	Instruction	Instruction											8337202	0	1	54325	1	0	next	other	0
33	293	Response	1												8391384	54183	0
33	294	Picture	Break	Break											8391526	0	1	25996	1	0	next	other	0
33	294	Response	1												8417380	25854	0
33	295	Picture	ITI	ITI											8417522	0	1	20164	1	0	next	other	0
33	296	Picture	Stim;33;test;3;1;2;1965;1;2;0;left	Stim	33	test	3	1	2	1965	1	2	0	left	8437686	0	1	19830	1	0	next	other	0
33	298	Picture	Stim;33;test;3;2;7;1394;2;2;1;left	Stim	33	test	3	2	7	1394	2	2	1	left	8489511	0	1	13998	1	0	next	other	0
33	300	Picture	Stim;33;test;3;3;1;1720;1;1;1;left	Stim	33	test	3	3	1	1720	1	1	1	left	8553501	0	1	17331	1	0	next	other	0
33	302	Picture	Stim;33;test;3;4;6;1130;2;2;1;left	Stim	33	test	3	4	6	1130	2	2	1	left	8600827	0	1	11498	1	0	next	other	0
33	304	Picture	Stim;33;test;3;5;4;1830;1;2;0;left	Stim	33	test	3	5	4	1830	1	2	0	left	8657152	0	1	18497	1	0	next	other	0
33	306	Picture	Stim;33;test;3;6;6;1920;2;2;1;left	Stim	33	test	3	6	6	1920	2	2	1	left	8712810	0	1	19330	1	0	next	other	0
33	308	Picture	Stim;33;test;3;7;1;1147;1;1;1;left	Stim	33	test	3	7	1	1147	1	1	1	left	8777133	0	1	11665	1	0	next	other	0
33	310	Picture	Stim;33;test;3;8;4;1633;1;2;0;left	Stim	33	test	3	8	4	1633	1	2	0	left	8818793	0	1	16497	1	0	next	other	0
33	312	Picture	Stim;33;test;3;9;1;1654;1;1;1;left	Stim	33	test	3	9	1	1654	1	1	1	left	8872618	0	1	16664	1	0	next	other	0
33	314	Picture	Stim;33;test;3;10;7;1854;2;2;1;left	Stim	33	test	3	10	7	1854	2	2	1	left	8919278	0	1	18664	1	0	next	other	0
33	316	Picture	Stim;33;test;3;11;6;1832;2;2;1;left	Stim	33	test	3	11	6	1832	2	2	1	left	8987934	0	1	18497	1	0	next	other	0
33	318	Picture	Stim;33;test;3;12;5;1062;2;2;1;left	Stim	33	test	3	12	5	1062	2	2	1	left	9051257	0	1	10832	1	0	next	other	0
33	320	Picture	Stim;33;test;3;13;7;1258;2;2;1;left	Stim	33	test	3	13	7	1258	2	2	1	left	9102749	0	1	12665	1	0	next	other	0
33	322	Picture	Stim;33;test;3;14;5;1782;2;2;1;left	Stim	33	test	3	14	5	1782	2	2	1	left	9165406	0	1	17997	1	0	next	other	0
33	324	Picture	Stim;33;test;3;15;5;1105;2;2;1;left	Stim	33	test	3	15	5	1105	2	2	1	left	9224063	0	1	11165	1	0	next	other	0
33	326	Picture	Stim;33;test;3;16;2;1208;1;1;1;left	Stim	33	test	3	16	2	1208	1	1	1	left	9276055	0	1	12165	1	0	next	other	0
33	328	Picture	Stim;33;test;3;17;3;1772;1;2;0;left	Stim	33	test	3	17	3	1772	1	2	0	left	9320215	0	1	17831	1	0	next	other	0
33	330	Picture	Stim;33;test;3;18;3;1061;1;2;0;left	Stim	33	test	3	18	3	1061	1	2	0	left	9372540	0	1	10665	1	0	next	other	0
33	332	Picture	Stim;33;test;3;19;2;1873;1;1;1;left	Stim	33	test	3	19	2	1873	1	1	1	left	9417700	0	1	18830	1	0	next	other	0
33	334	Picture	Stim;33;test;3;20;2;1445;1;1;1;left	Stim	33	test	3	20	2	1445	1	1	1	left	9468525	0	1	14498	1	0	next	other	0
33	336	Picture	Stim;33;test;3;21;4;1934;1;2;0;left	Stim	33	test	3	21	4	1934	1	2	0	left	9515018	0	1	19497	1	0	next	other	0
33	338	Picture	Stim;33;test;3;22;4;1210;1;2;0;left	Stim	33	test	3	22	4	1210	1	2	0	left	9571843	0	1	12165	1	0	next	other	0
33	340	Picture	Stim;33;test;3;23;7;1187;2;2;1;left	Stim	33	test	3	23	7	1187	2	2	1	left	9621335	0	1	11998	1	0	next	other	0
33	342	Picture	Stim;33;test;3;24;2;1516;1;2;0;left	Stim	33	test	3	24	2	1516	1	2	0	left	9683325	0	1	15331	1	0	next	other	0
33	344	Picture	Stim;33;test;3;25;1;1746;1;1;1;left	Stim	33	test	3	25	1	1746	1	1	1	left	9730651	0	1	17664	1	0	next	other	0
33	346	Picture	Stim;33;test;3;26;5;1069;2;2;1;left	Stim	33	test	3	26	5	1069	2	2	1	left	9778311	0	1	10832	1	0	next	other	0
33	348	Picture	Stim;33;test;3;27;4;1856;1;2;0;left	Stim	33	test	3	27	4	1856	1	2	0	left	9829969	0	1	18664	1	0	next	other	0
33	350	Picture	Stim;33;test;3;28;3;1923;1;1;1;left	Stim	33	test	3	28	3	1923	1	1	1	left	9885960	0	1	19330	1	0	next	other	0
33	352	Picture	Stim;33;test;3;29;1;1980;1;1;1;left	Stim	33	test	3	29	1	1980	1	1	1	left	9939785	0	1	19997	1	0	next	other	0
33	354	Picture	Stim;33;test;3;30;2;1129;1;1;1;left	Stim	33	test	3	30	2	1129	1	1	1	left	9989778	0	1	11498	1	0	next	other	0
33	356	Picture	Stim;33;test;3;31;6;1906;2;2;1;left	Stim	33	test	3	31	6	1906	2	2	1	left	10033271	0	1	19164	1	0	next	other	0
33	358	Picture	Stim;33;test;3;32;3;1950;1;1;1;left	Stim	33	test	3	32	3	1950	1	1	1	left	10097427	0	1	19664	1	0	next	other	0
33	360	Picture	Stim;33;test;3;33;4;1580;1;2;0;left	Stim	33	test	3	33	4	1580	1	2	0	left	10151419	0	1	15997	1	0	next	other	0
33	362	Picture	Stim;33;test;3;34;5;1625;2;2;1;left	Stim	33	test	3	34	5	1625	2	2	1	left	10204577	0	1	16331	1	0	next	other	0
33	364	Picture	Stim;33;test;3;35;3;1582;1;1;1;left	Stim	33	test	3	35	3	1582	1	1	1	left	10261735	0	1	15998	1	0	next	other	0
33	366	Picture	Stim;33;test;3;36;6;1801;2;2;1;left	Stim	33	test	3	36	6	1801	2	2	1	left	10312061	0	1	18164	1	0	next	other	0
33	368	Picture	Stim;33;test;3;37;7;1126;2;2;1;left	Stim	33	test	3	37	7	1126	2	2	1	left	10375051	0	1	11332	1	0	next	other	0
33	370	Picture	Stim;33;test;3;38;3;1172;1;2;0;left	Stim	33	test	3	38	3	1172	1	2	0	left	10436375	0	1	11832	1	0	next	other	0
33	372	Picture	Stim;33;test;3;39;7;1939;2;2;1;left	Stim	33	test	3	39	7	1939	2	2	1	left	10482701	0	1	19497	1	0	next	other	0
33	374	Picture	Stim;33;test;3;40;7;1316;2;2;1;left	Stim	33	test	3	40	7	1316	2	2	1	left	10552190	0	1	13331	1	0	next	other	0
33	376	Picture	Stim;33;test;3;41;4;1710;1;2;0;left	Stim	33	test	3	41	4	1710	1	2	0	left	10615347	0	1	17164	1	0	next	other	0
33	378	Picture	Stim;33;test;3;42;2;1048;1;2;0;left	Stim	33	test	3	42	2	1048	1	2	0	left	10669838	0	1	10665	1	0	next	other	0
33	380	Picture	Stim;33;test;3;43;5;1158;2;2;1;left	Stim	33	test	3	43	5	1158	2	2	1	left	10712498	0	1	11665	1	0	next	other	0
33	382	Picture	Stim;33;test;3;44;1;1009;1;1;1;left	Stim	33	test	3	44	1	1009	1	1	1	left	10764990	0	1	10165	1	0	next	other	0
33	384	Picture	Stim;33;test;3;45;1;1833;1;1;1;left	Stim	33	test	3	45	1	1833	1	1	1	left	10805151	0	1	18497	1	0	next	other	0
33	386	Picture	Stim;33;test;3;46;3;1598;1;1;1;left	Stim	33	test	3	46	3	1598	1	1	1	left	10853643	0	1	16164	1	0	next	other	0
33	388	Picture	Stim;33;test;3;47;5;1081;2;2;1;left	Stim	33	test	3	47	5	1081	2	2	1	left	10904135	0	1	10998	1	0	next	other	0
33	390	Picture	Stim;33;test;3;48;6;1967;2;2;1;left	Stim	33	test	3	48	6	1967	2	2	1	left	10955794	0	1	19830	1	0	next	other	0
33	392	Picture	Stim;33;test;3;49;6;1764;2;2;1;left	Stim	33	test	3	49	6	1764	2	2	1	left	11020451	0	1	17830	1	0	next	other	0
33	394	Picture	Instruction	Instruction											11083107	0	1	25496	1	0	next	other	0
33	394	Response	1												11108374	25267	1
33	395	Picture	Break	Break											11108603	0	1	15498	1	0	next	other	0
33	395	Response	1												11124052	15449	0
33	396	Picture	ITI	ITI											11124101	0	1	20163	1	0	next	other	0
33	397	Picture	Stim;33;test;4;1;3;1870;1;2;0;left	Stim	33	test	4	1	3	1870	1	2	0	left	11144265	0	1	18830	1	0	next	other	0
33	399	Picture	Stim;33;test;4;2;4;1588;1;2;0;left	Stim	33	test	4	2	4	1588	1	2	0	left	11197423	0	1	15997	1	0	next	other	0
33	401	Picture	Stim;33;test;4;3;5;1426;2;2;1;left	Stim	33	test	4	3	5	1426	2	2	1	left	11250748	0	1	14331	1	0	next	other	0
33	403	Picture	Stim;33;test;4;4;7;1110;2;2;1;left	Stim	33	test	4	4	7	1110	2	2	1	left	11305906	0	1	11165	1	0	next	other	0
33	405	Picture	Stim;33;test;4;5;6;1551;2;2;1;left	Stim	33	test	4	5	6	1551	2	2	1	left	11367063	0	1	15664	1	0	next	other	0
33	407	Picture	Stim;33;test;4;6;2;1267;1;1;1;left	Stim	33	test	4	6	2	1267	1	1	1	left	11427554	0	1	12831	1	0	next	other	0
33	409	Picture	Stim;33;test;4;7;2;1048;1;1;1;left	Stim	33	test	4	7	2	1048	1	1	1	left	11472380	0	1	10665	1	0	next	other	0
33	411	Picture	Stim;33;test;4;8;1;1067;1;1;1;left	Stim	33	test	4	8	1	1067	1	1	1	left	11515040	0	1	10832	1	0	next	other	0
33	413	Picture	Stim;33;test;4;9;6;1436;2;2;1;left	Stim	33	test	4	9	6	1436	2	2	1	left	11555867	0	1	14498	1	0	next	other	0
33	415	Picture	Stim;33;test;4;10;7;1455;2;2;1;left	Stim	33	test	4	10	7	1455	2	2	1	left	11615358	0	1	14664	1	0	next	other	0
33	417	Picture	Stim;33;test;4;11;5;1874;2;2;1;left	Stim	33	test	4	11	5	1874	2	2	1	left	11680014	0	1	18830	1	0	next	other	0
33	419	Picture	Stim;33;test;4;12;4;1788;1;2;0;left	Stim	33	test	4	12	4	1788	1	2	0	left	11739672	0	1	17997	1	0	next	other	0
33	421	Picture	Stim;33;test;4;13;4;1946;1;2;0;left	Stim	33	test	4	13	4	1946	1	2	0	left	11794997	0	1	19664	1	0	next	other	0
33	423	Picture	Stim;33;test;4;14;1;1215;1;1;1;left	Stim	33	test	4	14	1	1215	1	1	1	left	11851821	0	1	12332	1	0	next	other	0
33	425	Picture	Stim;33;test;4;15;5;1661;2;2;1;left	Stim	33	test	4	15	5	1661	2	2	1	left	11894148	0	1	16664	1	0	next	other	0
33	427	Picture	Stim;33;test;4;16;1;1080;1;1;1;left	Stim	33	test	4	16	1	1080	1	1	1	left	11951639	0	1	10998	1	0	next	other	0
33	429	Picture	Stim;33;test;4;17;3;1747;1;1;1;left	Stim	33	test	4	17	3	1747	1	1	1	left	11992632	0	1	17664	1	0	next	other	0
33	431	Picture	Stim;33;test;4;18;3;1244;1;1;1;left	Stim	33	test	4	18	3	1244	1	1	1	left	12044624	0	1	12498	1	0	next	other	0
33	433	Picture	Stim;33;test;4;19;6;1361;2;2;1;left	Stim	33	test	4	19	6	1361	2	2	1	left	12091617	0	1	13665	1	0	next	other	0
33	435	Picture	Stim;33;test;4;20;4;1005;1;1;1;left	Stim	33	test	4	20	4	1005	1	1	1	left	12150275	0	1	10165	1	0	next	other	0
33	437	Picture	Stim;33;test;4;21;6;1074;2;2;1;left	Stim	33	test	4	21	6	1074	2	2	1	left	12197767	0	1	10832	1	0	next	other	0
33	439	Picture	Stim;33;test;4;22;1;1746;1;1;1;left	Stim	33	test	4	22	1	1746	1	1	1	left	12253592	0	1	17664	1	0	next	other	0
33	441	Picture	Stim;33;test;4;23;2;1584;1;1;1;left	Stim	33	test	4	23	2	1584	1	1	1	left	12301251	0	1	15997	1	0	next	other	0
33	443	Picture	Stim;33;test;4;24;7;1255;2;2;1;left	Stim	33	test	4	24	7	1255	2	2	1	left	12349244	0	1	12665	1	0	next	other	0
33	445	Picture	Stim;33;test;4;25;3;1206;1;1;1;left	Stim	33	test	4	25	3	1206	1	1	1	left	12411901	0	1	12165	1	0	next	other	0
33	447	Picture	Stim;33;test;4;26;2;1861;1;1;1;left	Stim	33	test	4	26	2	1861	1	1	1	left	12458560	0	1	18664	1	0	next	other	0
33	449	Picture	Stim;33;test;4;27;5;1417;2;2;1;left	Stim	33	test	4	27	5	1417	2	2	1	left	12509219	0	1	14331	1	0	next	other	0
33	451	Picture	Stim;33;test;4;28;2;1508;1;0;0;left	Stim	33	test	4	28	2	1508	1	0	0	left	12564210	0	1	15164	1	0	next	other	0
33	453	Picture	Stim;33;test;4;29;4;1750;1;2;0;left	Stim	33	test	4	29	4	1750	1	2	0	left	12611370	0	1	17664	1	0	next	other	0
33	455	Picture	Stim;33;test;4;30;7;1720;2;2;1;left	Stim	33	test	4	30	7	1720	2	2	1	left	12666361	0	1	17331	1	0	next	other	0
33	457	Picture	Stim;33;test;4;31;2;1226;1;1;1;left	Stim	33	test	4	31	2	1226	1	1	1	left	12733684	0	1	12331	1	0	next	other	0
33	459	Picture	Stim;33;test;4;32;3;1086;1;2;0;left	Stim	33	test	4	32	3	1086	1	2	0	left	12778010	0	1	10998	1	0	next	other	0
33	461	Picture	Stim;33;test;4;33;5;1419;2;2;1;left	Stim	33	test	4	33	5	1419	2	2	1	left	12823337	0	1	14331	1	0	next	other	0
33	463	Picture	Stim;33;test;4;34;3;1916;1;1;1;left	Stim	33	test	4	34	3	1916	1	1	1	left	12878495	0	1	19330	1	0	next	other	0
33	465	Picture	Stim;33;test;4;35;1;1851;1;1;1;left	Stim	33	test	4	35	1	1851	1	1	1	left	12932153	0	1	18664	1	0	next	other	0
33	467	Picture	Stim;33;test;4;36;7;1665;2;2;1;left	Stim	33	test	4	36	7	1665	2	2	1	left	12980812	0	1	16831	1	0	next	other	0
33	469	Picture	Stim;33;test;4;37;4;1193;1;1;1;left	Stim	33	test	4	37	4	1193	1	1	1	left	13047468	0	1	11998	1	0	next	other	0
33	471	Picture	Stim;33;test;4;38;2;1777;1;1;1;left	Stim	33	test	4	38	2	1777	1	1	1	left	13096794	0	1	17830	1	0	next	other	0
33	473	Picture	Stim;33;test;4;39;6;1648;2;2;1;left	Stim	33	test	4	39	6	1648	2	2	1	left	13146620	0	1	16664	1	0	next	other	0
33	475	Picture	Stim;33;test;4;40;6;1223;2;2;1;left	Stim	33	test	4	40	6	1223	2	2	1	left	13208110	0	1	12331	1	0	next	other	0
33	477	Picture	Stim;33;test;4;41;5;1896;2;2;1;left	Stim	33	test	4	41	5	1896	2	2	1	left	13265434	0	1	19164	1	0	next	other	0
33	479	Picture	Stim;33;test;4;42;5;1693;2;2;1;left	Stim	33	test	4	42	5	1693	2	2	1	left	13325258	0	1	16997	1	0	next	other	0
33	481	Picture	Stim;33;test;4;43;6;1874;2;2;1;left	Stim	33	test	4	43	6	1874	2	2	1	left	13383083	0	1	18830	1	0	next	other	0
33	483	Picture	Stim;33;test;4;44;3;1968;1;2;0;left	Stim	33	test	4	44	3	1968	1	2	0	left	13446906	0	1	19831	1	0	next	other	0
33	485	Picture	Stim;33;test;4;45;7;1163;2;2;1;left	Stim	33	test	4	45	7	1163	2	2	1	left	13501064	0	1	11831	1	0	next	other	0
33	487	Picture	Stim;33;test;4;46;7;1664;2;2;1;left	Stim	33	test	4	46	7	1664	2	2	1	left	13562722	0	1	16831	1	0	next	other	0
33	489	Picture	Stim;33;test;4;47;1;1794;1;1;1;left	Stim	33	test	4	47	1	1794	1	1	1	left	13629378	0	1	17997	1	0	next	other	0
33	491	Picture	Stim;33;test;4;48;1;1101;1;1;1;left	Stim	33	test	4	48	1	1101	1	1	1	left	13677370	0	1	11165	1	0	next	other	0
33	493	Picture	Stim;33;test;4;49;4;1086;1;1;1;left	Stim	33	test	4	49	4	1086	1	1	1	left	13718531	0	1	10998	1	0	next	other	0
33	495	Picture	Instruction	Instruction											13766856	0	1	49159	1	0	next	other	0
33	495	Response	1												13815845	48989	1
33	496	Picture	Break	Break											13816015	0	1	11998	1	0	next	other	0
33	496	Response	1												13827923	11908	0
33	497	Picture	ITI	ITI											13828014	0	1	20164	1	0	next	other	0
33	498	Picture	Instruction	Instruction											13848177	0	1	331087	1	0	next	other	0
33	498	Response	1												14168207	320030	0


{
   "app": "Presentation Version 20.1 Build 12.04.17",
   "device": "LENOVO 10FGCTO1WW",
   "experiment": "{772213B2-5F0F-4A35-9C2F-36954700C7EA}",
   "os": "Windows 7 64 bit",
   "package": "",
   "parameters": {
      "configuration": "Default configuration"
   },
   "scenario": "Bisection Task with Dynanometer.sce",
   "subject": "33",
   "timestamp": "2018/10/08 03:57:28 GMT"
}
