Scenario - Bisection Task
Logfile written - 10/08/2018 13:32:37

Subject	Trial	Event Type	Code	event_cond(str)	subject_id(num)	block_name(str)	block_number(num)	trial_number(num)	probe(num)	ITI(num)	correctAns(num)	resp(num)	accuracy(num)	short(str)	Time	TTime	Uncertainty	Duration	Uncertainty	ReqTime	ReqDur	Stim Type	Pair Index

34	1	Picture	Instruction	Instruction											167	0	1	115982	1	0	next	other	0
34	1	Response	1												116060	115894	0
34	2	Picture	Stim;34;study;1;1;1;1286;1;-1;0;right	Stim	34	study	1	1	1	1286	1	-1	0	right	116149	0	1	14331	1	0	next	other	0
34	4	Picture	Stim;34;study;1;2;7;1033;7;-1;0;right	Stim	34	study	1	2	7	1033	7	-1	0	right	159142	0	1	10498	1	0	next	other	0
34	6	Picture	Stim;34;study;1;3;1;1438;1;-1;0;right	Stim	34	study	1	3	1	1438	1	-1	0	right	219466	0	1	14498	1	0	next	other	0
34	8	Picture	Stim;34;study;1;4;7;1888;7;-1;0;right	Stim	34	study	1	4	7	1888	7	-1	0	right	263959	0	1	18997	1	0	next	other	0
34	10	Picture	Stim;34;study;1;5;1;1572;1;-1;0;right	Stim	34	study	1	5	1	1572	1	-1	0	right	332948	0	1	15831	1	0	next	other	0
34	12	Picture	Stim;34;study;1;6;7;1797;7;-1;0;right	Stim	34	study	1	6	7	1797	7	-1	0	right	378774	0	1	18164	1	0	next	other	0
34	14	Picture	Stim;34;study;1;7;1;1322;1;-1;0;right	Stim	34	study	1	7	1	1322	1	-1	0	right	446764	0	1	13331	1	0	next	other	0
34	16	Picture	Stim;34;study;1;8;7;1122;7;-1;0;right	Stim	34	study	1	8	7	1122	7	-1	0	right	490090	0	1	11332	1	0	next	other	0
34	18	Picture	Stim;34;study;1;9;1;1839;1;-1;0;right	Stim	34	study	1	9	1	1839	1	-1	0	right	551414	0	1	18497	1	0	next	other	0
34	20	Picture	Stim;34;study;1;10;7;1334;7;-1;0;right	Stim	34	study	1	10	7	1334	7	-1	0	right	599906	0	1	13498	1	0	next	other	0
34	22	Picture	End_Block	End_Block											663397	0	1	211967	1	0	next	other	0
34	22	Response	1												875099	211703	1
34	23	Picture	Break	Break											875364	0	1	2000	1	0	next	other	0
34	23	Response	1												877179	1815	0
34	24	Picture	ITI	ITI											877363	0	1	10165	1	0	next	other	0
34	25	Picture	Instruction	Instruction											887528	0	1	200969	1	0	next	other	0
34	25	Response	1												1088277	200748	0
34	26	Picture	Instruction	Instruction											1088497	0	1	70822	1	0	next	other	0
34	26	Response	1												1159148	70651	0
34	27	Picture	Stim;34;practice;1;1;6;1000;1;1;1;right	Stim	34	practice	1	1	6	1000	1	1	1	right	1159319	0	1	10165	1	0	next	other	0
34	29	Picture	Feedback	Feedback											1214311	0	1	7166	1	0	next	other	0
34	30	Picture	Stim;34;practice;1;2;3;1000;2;1;0;right	Stim	34	practice	1	2	3	1000	2	1	0	right	1221476	0	1	10165	1	0	next	other	0
34	32	Picture	Feedback	Feedback											1265969	0	1	7165	1	0	next	other	0
34	33	Picture	Stim;34;practice;1;3;1;1000;2;2;1;right	Stim	34	practice	1	3	1	1000	2	2	1	right	1273135	0	1	10165	1	0	next	other	0
34	35	Picture	Feedback	Feedback											1313295	0	1	7166	1	0	next	other	0
34	36	Picture	Stim;34;practice;1;4;5;1000;1;1;1;right	Stim	34	practice	1	4	5	1000	1	1	1	right	1320461	0	1	10165	1	0	next	other	0
34	38	Picture	Feedback	Feedback											1371286	0	1	7166	1	0	next	other	0
34	39	Picture	Stim;34;practice;1;5;7;1000;1;2;0;right	Stim	34	practice	1	5	7	1000	1	2	0	right	1378452	0	1	10165	1	0	next	other	0
34	41	Picture	Feedback	Feedback											1438442	0	1	7166	1	0	next	other	0
34	42	Picture	Stim;34;practice;1;6;2;1000;2;2;1;right	Stim	34	practice	1	6	2	1000	2	2	1	right	1445608	0	1	10165	1	0	next	other	0
34	44	Picture	Feedback	Feedback											1487768	0	1	7166	1	0	next	other	0
34	45	Picture	Stim;34;practice;1;7;4;1000;2;1;0;right	Stim	34	practice	1	7	4	1000	2	1	0	right	1494934	0	1	10165	1	0	next	other	0
34	47	Picture	Feedback	Feedback											1542426	0	1	7166	1	0	next	other	0
34	48	Picture	Stim;34;practice;2;1;4;1000;2;1;0;right	Stim	34	practice	2	1	4	1000	2	1	0	right	1549592	0	1	10165	1	0	next	other	0
34	50	Picture	Feedback	Feedback											1597084	0	1	7166	1	0	next	other	0
34	51	Picture	Stim;34;practice;2;2;2;1000;2;1;0;right	Stim	34	practice	2	2	2	1000	2	1	0	right	1604250	0	1	10165	1	0	next	other	0
34	53	Picture	Feedback	Feedback											1646410	0	1	7166	1	0	next	other	0
34	54	Picture	Stim;34;practice;2;3;6;1000;1;1;1;right	Stim	34	practice	2	3	6	1000	1	1	1	right	1653576	0	1	10165	1	0	next	other	0
34	56	Picture	Feedback	Feedback											1708567	0	1	7166	1	0	next	other	0
34	57	Picture	Stim;34;practice;2;4;1;1000;2;2;1;right	Stim	34	practice	2	4	1	1000	2	2	1	right	1715733	0	1	10165	1	0	next	other	0
34	59	Picture	Feedback	Feedback											1755893	0	1	7166	1	0	next	other	0
34	60	Picture	Stim;34;practice;2;5;3;1000;2;1;0;right	Stim	34	practice	2	5	3	1000	2	1	0	right	1763059	0	1	10165	1	0	next	other	0
34	62	Picture	Feedback	Feedback											1807552	0	1	7166	1	0	next	other	0
34	63	Picture	Stim;34;practice;2;6;5;1000;1;1;1;right	Stim	34	practice	2	6	5	1000	1	1	1	right	1814717	0	1	10165	1	0	next	other	0
34	65	Picture	Feedback	Feedback											1865543	0	1	7166	1	0	next	other	0
34	66	Picture	Stim;34;practice;2;7;7;1000;1;1;1;right	Stim	34	practice	2	7	7	1000	1	1	1	right	1872708	0	1	10165	1	0	next	other	0
34	68	Picture	Feedback	Feedback											1932699	0	1	7166	1	0	next	other	0
34	69	Picture	Stim;34;practice;3;1;7;1000;1;1;1;right	Stim	34	practice	3	1	7	1000	1	1	1	right	1939864	0	1	10165	1	0	next	other	0
34	71	Picture	Feedback	Feedback											1999855	0	1	7166	1	0	next	other	0
34	72	Picture	Stim;34;practice;3;2;2;1000;2;2;1;right	Stim	34	practice	3	2	2	1000	2	2	1	right	2007020	0	1	10165	1	0	next	other	0
34	74	Picture	Feedback	Feedback											2049181	0	1	7165	1	0	next	other	0
34	75	Picture	Stim;34;practice;3;3;3;1000;2;2;1;right	Stim	34	practice	3	3	3	1000	2	2	1	right	2056346	0	1	10165	1	0	next	other	0
34	77	Picture	Feedback	Feedback											2100839	0	1	7166	1	0	next	other	0
34	78	Picture	Stim;34;practice;3;4;1;1000;2;2;1;right	Stim	34	practice	3	4	1	1000	2	2	1	right	2108005	0	1	10165	1	0	next	other	0
34	80	Picture	Feedback	Feedback											2148165	0	1	7166	1	0	next	other	0
34	81	Picture	Stim;34;practice;3;5;4;1000;2;1;0;right	Stim	34	practice	3	5	4	1000	2	1	0	right	2155331	0	1	10165	1	0	next	other	0
34	83	Picture	Feedback	Feedback											2202823	0	1	7166	1	0	next	other	0
34	84	Picture	Stim;34;practice;3;6;6;1000;1;1;1;right	Stim	34	practice	3	6	6	1000	1	1	1	right	2209989	0	1	10165	1	0	next	other	0
34	86	Picture	Feedback	Feedback											2264980	0	1	7166	1	0	next	other	0
34	87	Picture	Stim;34;practice;3;7;5;1000;1;1;1;right	Stim	34	practice	3	7	5	1000	1	1	1	right	2272146	0	1	10165	1	0	next	other	0
34	89	Picture	Feedback	Feedback											2322971	0	1	7166	1	0	next	other	0
34	90	Picture	Instruction	Instruction											2330137	0	1	72822	1	0	next	other	0
34	90	Response	1												2402777	72640	1
34	91	Picture	Stim;34;practice;1;1;1;1000;2;2;1;right	Stim	34	practice	1	1	1	1000	2	2	1	right	2402959	0	1	10165	1	0	next	other	0
34	93	Picture	Feedback	Feedback											2443119	0	1	7166	1	0	next	other	0
34	94	Picture	Stim;34;practice;1;2;4;1000;2;1;0;right	Stim	34	practice	1	2	4	1000	2	1	0	right	2450285	0	1	10165	1	0	next	other	0
34	96	Picture	Feedback	Feedback											2497777	0	1	7166	1	0	next	other	0
34	97	Picture	Stim;34;practice;1;3;6;1000;1;1;1;right	Stim	34	practice	1	3	6	1000	1	1	1	right	2504943	0	1	10165	1	0	next	other	0
34	99	Picture	Feedback	Feedback											2559934	0	1	7166	1	0	next	other	0
34	100	Picture	Stim;34;practice;1;4;3;1000;2;2;1;right	Stim	34	practice	1	4	3	1000	2	2	1	right	2567100	0	1	10165	1	0	next	other	0
34	102	Picture	Feedback	Feedback											2611593	0	1	7166	1	0	next	other	0
34	103	Picture	Stim;34;practice;1;5;2;1000;2;2;1;right	Stim	34	practice	1	5	2	1000	2	2	1	right	2618758	0	1	10165	1	0	next	other	0
34	105	Picture	Feedback	Feedback											2660919	0	1	7165	1	0	next	other	0
34	106	Picture	Stim;34;practice;1;6;5;1000;1;1;1;right	Stim	34	practice	1	6	5	1000	1	1	1	right	2668084	0	1	10165	1	0	next	other	0
34	108	Picture	Feedback	Feedback											2718909	0	1	7166	1	0	next	other	0
34	109	Picture	Stim;34;practice;1;7;7;1000;1;1;1;right	Stim	34	practice	1	7	7	1000	1	1	1	right	2726075	0	1	10165	1	0	next	other	0
34	111	Picture	Feedback	Feedback											2786066	0	1	7166	1	0	next	other	0
34	112	Picture	Stim;34;practice;2;1;4;1000;2;1;0;right	Stim	34	practice	2	1	4	1000	2	1	0	right	2793231	0	1	10165	1	0	next	other	0
34	114	Picture	Feedback	Feedback											2840724	0	1	7166	1	0	next	other	0
34	115	Picture	Stim;34;practice;2;2;2;1000;2;1;0;right	Stim	34	practice	2	2	2	1000	2	1	0	right	2847889	0	1	10165	1	0	next	other	0
34	117	Picture	Feedback	Feedback											2890049	0	1	7166	1	0	next	other	0
34	118	Picture	Stim;34;practice;2;3;6;1000;1;1;1;right	Stim	34	practice	2	3	6	1000	1	1	1	right	2897215	0	1	10165	1	0	next	other	0
34	120	Picture	Feedback	Feedback											2952207	0	1	7165	1	0	next	other	0
34	121	Picture	Stim;34;practice;2;4;1;1000;2;2;1;right	Stim	34	practice	2	4	1	1000	2	2	1	right	2959372	0	1	10165	1	0	next	other	0
34	123	Picture	Feedback	Feedback											2999532	0	1	7166	1	0	next	other	0
34	124	Picture	Stim;34;practice;2;5;3;1000;2;1;0;right	Stim	34	practice	2	5	3	1000	2	1	0	right	3006698	0	1	10165	1	0	next	other	0
34	126	Picture	Feedback	Feedback											3051191	0	1	7166	1	0	next	other	0
34	127	Picture	Stim;34;practice;2;6;5;1000;1;1;1;right	Stim	34	practice	2	6	5	1000	1	1	1	right	3058357	0	1	10165	1	0	next	other	0
34	129	Picture	Feedback	Feedback											3109182	0	1	7166	1	0	next	other	0
34	130	Picture	Stim;34;practice;2;7;7;1000;1;1;1;right	Stim	34	practice	2	7	7	1000	1	1	1	right	3116348	0	1	10165	1	0	next	other	0
34	132	Picture	Feedback	Feedback											3176338	0	1	7166	1	0	next	other	0
34	133	Picture	Stim;34;practice;3;1;4;1000;2;1;0;right	Stim	34	practice	3	1	4	1000	2	1	0	right	3183504	0	1	10165	1	0	next	other	0
34	135	Picture	Feedback	Feedback											3230996	0	1	7166	1	0	next	other	0
34	136	Picture	Stim;34;practice;3;2;1;1000;2;2;1;right	Stim	34	practice	3	2	1	1000	2	2	1	right	3238162	0	1	10165	1	0	next	other	0
34	138	Picture	Feedback	Feedback											3278322	0	1	7166	1	0	next	other	0
34	139	Picture	Stim;34;practice;3;3;2;1000;2;2;1;right	Stim	34	practice	3	3	2	1000	2	2	1	right	3285488	0	1	10165	1	0	next	other	0
34	141	Picture	Feedback	Feedback											3327648	0	1	7166	1	0	next	other	0
34	142	Picture	Stim;34;practice;3;4;3;1000;2;1;0;right	Stim	34	practice	3	4	3	1000	2	1	0	right	3334814	0	1	10165	1	0	next	other	0
34	144	Picture	Feedback	Feedback											3379307	0	1	7166	1	0	next	other	0
34	145	Picture	Stim;34;practice;3;5;6;1000;1;2;0;right	Stim	34	practice	3	5	6	1000	1	2	0	right	3386472	0	1	10165	1	0	next	other	0
34	147	Picture	Feedback	Feedback											3441464	0	1	7166	1	0	next	other	0
34	148	Picture	Stim;34;practice;3;6;7;1000;1;1;1;right	Stim	34	practice	3	6	7	1000	1	1	1	right	3448629	0	1	10165	1	0	next	other	0
34	150	Picture	Feedback	Feedback											3508620	0	1	7166	1	0	next	other	0
34	151	Picture	Stim;34;practice;3;7;5;1000;1;1;1;right	Stim	34	practice	3	7	5	1000	1	1	1	right	3515785	0	1	10165	1	0	next	other	0
34	153	Picture	Feedback	Feedback											3566611	0	1	7166	1	0	next	other	0
34	154	Picture	Break	Break											3573776	0	1	92819	1	0	next	other	0
34	154	Response	1												3666482	92706	1
34	155	Picture	Instruction	Instruction											3666595	0	1	5832	1	0	next	other	0
34	155	Response	1												3672241	5646	0
34	156	Picture	ITI	ITI											3672427	0	1	10165	1	0	next	other	0
34	157	Picture	Instruction	Instruction											3682593	0	1	383940	1	0	next	other	0
34	157	Response	1												4066439	383846	1
34	158	Picture	Stim;34;test;1;1;4;1788;2;1;0;right	Stim	34	test	1	1	4	1788	2	1	0	right	4066533	0	1	17997	1	0	next	other	0
34	160	Picture	Stim;34;test;1;2;5;1603;1;1;1;right	Stim	34	test	1	2	5	1603	1	1	1	right	4121858	0	1	16164	1	0	next	other	0
34	162	Picture	Stim;34;test;1;3;5;1246;1;1;1;right	Stim	34	test	1	3	5	1246	1	1	1	right	4178849	0	1	12665	1	0	next	other	0
34	164	Picture	Stim;34;test;1;4;1;1133;2;2;1;right	Stim	34	test	1	4	1	1133	2	2	1	right	4232174	0	1	11498	1	0	next	other	0
34	166	Picture	Stim;34;test;1;5;5;1912;1;1;1;right	Stim	34	test	1	5	5	1912	1	1	1	right	4273667	0	1	19330	1	0	next	other	0
34	168	Picture	Stim;34;test;1;6;3;1155;2;1;0;right	Stim	34	test	1	6	3	1155	2	1	0	right	4333658	0	1	11665	1	0	next	other	0
34	170	Picture	Stim;34;test;1;7;6;1068;1;1;1;right	Stim	34	test	1	7	6	1068	1	1	1	right	4379818	0	1	10832	1	0	next	other	0
34	172	Picture	Stim;34;test;1;8;5;1143;1;1;1;right	Stim	34	test	1	8	5	1143	1	1	1	right	4435476	0	1	11498	1	0	next	other	0
34	174	Picture	Stim;34;test;1;9;6;1074;1;1;1;right	Stim	34	test	1	9	6	1074	1	1	1	right	4487801	0	1	10832	1	0	next	other	0
34	176	Picture	Stim;34;test;1;10;1;1628;2;1;0;right	Stim	34	test	1	10	1	1628	2	1	0	right	4543625	0	1	16331	1	0	next	other	0
34	178	Picture	Stim;34;test;1;11;2;1976;2;1;0;right	Stim	34	test	1	11	2	1976	2	1	0	right	4589951	0	1	19830	1	0	next	other	0
34	180	Picture	Stim;34;test;1;12;2;1195;2;2;1;right	Stim	34	test	1	12	2	1195	2	2	1	right	4641777	0	1	11998	1	0	next	other	0
34	182	Picture	Stim;34;test;1;13;6;1496;1;1;1;right	Stim	34	test	1	13	6	1496	1	1	1	right	4685770	0	1	15164	1	0	next	other	0
34	184	Picture	Stim;34;test;1;14;2;1333;2;2;1;right	Stim	34	test	1	14	2	1333	2	2	1	right	4745761	0	1	13498	1	0	next	other	0
34	186	Picture	Stim;34;test;1;15;3;1668;2;1;0;right	Stim	34	test	1	15	3	1668	2	1	0	right	4791253	0	1	16831	1	0	next	other	0
34	188	Picture	Stim;34;test;1;16;7;1528;1;1;1;right	Stim	34	test	1	16	7	1528	1	1	1	right	4842412	0	1	15331	1	0	next	other	0
34	190	Picture	Stim;34;test;1;17;6;1718;1;1;1;right	Stim	34	test	1	17	6	1718	1	1	1	right	4907735	0	1	17331	1	0	next	other	0
34	192	Picture	Stim;34;test;1;18;7;1555;1;1;1;right	Stim	34	test	1	18	7	1555	1	1	1	right	4969892	0	1	15664	1	0	next	other	0
34	194	Picture	Stim;34;test;1;19;7;1164;1;1;1;right	Stim	34	test	1	19	7	1164	1	1	1	right	5035549	0	1	11832	1	0	next	other	0
34	196	Picture	Stim;34;test;1;20;1;1048;2;2;1;right	Stim	34	test	1	20	1	1048	2	2	1	right	5097206	0	1	10665	1	0	next	other	0
34	198	Picture	Stim;34;test;1;21;1;1971;2;2;1;right	Stim	34	test	1	21	1	1971	2	2	1	right	5137866	0	1	19830	1	0	next	other	0
34	200	Picture	Stim;34;test;1;22;6;1909;1;1;1;right	Stim	34	test	1	22	6	1909	1	1	1	right	5187692	0	1	19164	1	0	next	other	0
34	202	Picture	Stim;34;test;1;23;6;1777;1;1;1;right	Stim	34	test	1	23	6	1777	1	1	1	right	5251849	0	1	17830	1	0	next	other	0
34	204	Picture	Stim;34;test;1;24;4;1103;2;1;0;right	Stim	34	test	1	24	4	1103	2	1	0	right	5314672	0	1	11165	1	0	next	other	0
34	206	Picture	Stim;34;test;1;25;6;1946;1;1;1;right	Stim	34	test	1	25	6	1946	1	1	1	right	5363164	0	1	19664	1	0	next	other	0
34	208	Picture	Stim;34;test;1;26;3;1869;2;1;0;right	Stim	34	test	1	26	3	1869	2	1	0	right	5427654	0	1	18830	1	0	next	other	0
34	210	Picture	Stim;34;test;1;27;1;1703;2;2;1;right	Stim	34	test	1	27	1	1703	2	2	1	right	5480813	0	1	17164	1	0	next	other	0
34	212	Picture	Stim;34;test;1;28;7;1512;1;1;1;right	Stim	34	test	1	28	7	1512	1	1	1	right	5527972	0	1	15331	1	0	next	other	0
34	214	Picture	Stim;34;test;1;29;4;1334;2;1;0;right	Stim	34	test	1	29	4	1334	2	1	0	right	5593129	0	1	13498	1	0	next	other	0
34	216	Picture	Stim;34;test;1;30;3;1529;2;1;0;right	Stim	34	test	1	30	3	1529	2	1	0	right	5643954	0	1	15498	1	0	next	other	0
34	218	Picture	Stim;34;test;1;31;2;1218;2;1;0;right	Stim	34	test	1	31	2	1218	2	1	0	right	5693780	0	1	12331	1	0	next	other	0
34	220	Picture	Stim;34;test;1;32;5;1153;1;1;1;right	Stim	34	test	1	32	5	1153	1	1	1	right	5738106	0	1	11665	1	0	next	other	0
34	222	Picture	Stim;34;test;1;33;4;1630;2;1;0;right	Stim	34	test	1	33	4	1630	2	1	0	right	5790598	0	1	16497	1	0	next	other	0
34	224	Picture	Stim;34;test;1;34;1;1268;2;1;0;right	Stim	34	test	1	34	1	1268	2	1	0	right	5844256	0	1	12831	1	0	next	other	0
34	226	Picture	Stim;34;test;1;35;4;1542;2;1;0;right	Stim	34	test	1	35	4	1542	2	1	0	right	5887083	0	1	15498	1	0	next	other	0
34	228	Picture	Stim;34;test;1;36;4;1869;2;1;0;right	Stim	34	test	1	36	4	1869	2	1	0	right	5939908	0	1	18830	1	0	next	other	0
34	230	Picture	Stim;34;test;1;37;2;1342;2;1;0;right	Stim	34	test	1	37	2	1342	2	1	0	right	5996066	0	1	13498	1	0	next	other	0
34	232	Picture	Stim;34;test;1;38;1;1750;2;1;0;right	Stim	34	test	1	38	1	1750	2	1	0	right	6041559	0	1	17664	1	0	next	other	0
34	234	Picture	Stim;34;test;1;39;3;1486;2;1;0;right	Stim	34	test	1	39	3	1486	2	1	0	right	6089218	0	1	14998	1	0	next	other	0
34	236	Picture	Stim;34;test;1;40;5;1661;1;1;1;right	Stim	34	test	1	40	5	1661	1	1	1	right	6138544	0	1	16664	1	0	next	other	0
34	238	Picture	Stim;34;test;1;41;2;1467;2;2;1;right	Stim	34	test	1	41	2	1467	2	2	1	right	6196035	0	1	14831	1	0	next	other	0
34	240	Picture	Stim;34;test;1;42;7;1000;1;1;1;right	Stim	34	test	1	42	7	1000	1	1	1	right	6242861	0	1	10165	1	0	next	other	0
34	242	Picture	Stim;34;test;1;43;2;1720;2;2;1;right	Stim	34	test	1	43	2	1720	2	2	1	right	6302852	0	1	17331	1	0	next	other	0
34	244	Picture	Stim;34;test;1;44;4;1539;2;1;0;right	Stim	34	test	1	44	4	1539	2	1	0	right	6352177	0	1	15498	1	0	next	other	0
34	246	Picture	Stim;34;test;1;45;7;1519;1;1;1;right	Stim	34	test	1	45	7	1519	1	1	1	right	6405002	0	1	15331	1	0	next	other	0
34	248	Picture	Stim;34;test;1;46;5;1566;1;1;1;right	Stim	34	test	1	46	5	1566	1	1	1	right	6470326	0	1	15831	1	0	next	other	0
34	250	Picture	Stim;34;test;1;47;7;1775;1;1;1;right	Stim	34	test	1	47	7	1775	1	1	1	right	6526817	0	1	17831	1	0	next	other	0
34	252	Picture	Stim;34;test;1;48;3;1102;2;2;1;right	Stim	34	test	1	48	3	1102	2	2	1	right	6594640	0	1	11165	1	0	next	other	0
34	254	Picture	Stim;34;test;1;49;3;1757;2;2;1;right	Stim	34	test	1	49	3	1757	2	2	1	right	6640132	0	1	17664	1	0	next	other	0
34	256	Picture	Instruction	Instruction											6692291	0	1	885529	1	0	next	other	0
34	256	Response	1												7577585	885294	0
34	257	Picture	Break	Break											7577820	0	1	15831	1	0	next	other	0
34	257	Response	1												7593503	15683	0
34	258	Picture	ITI	ITI											7593651	0	1	20164	1	0	next	other	0
34	259	Picture	Stim;34;test;2;1;2;1929;2;2;1;right	Stim	34	test	2	1	2	1929	2	2	1	right	7613814	0	1	19497	1	0	next	other	0
34	261	Picture	Stim;34;test;2;2;1;1026;2;2;1;right	Stim	34	test	2	2	1	1026	2	2	1	right	7665306	0	1	10332	1	0	next	other	0
34	263	Picture	Stim;34;test;2;3;4;1914;2;1;0;right	Stim	34	test	2	3	4	1914	2	1	0	right	7705633	0	1	19330	1	0	next	other	0
34	265	Picture	Stim;34;test;2;4;3;1856;2;2;1;right	Stim	34	test	2	4	3	1856	2	2	1	right	7762291	0	1	18664	1	0	next	other	0
34	267	Picture	Stim;34;test;2;5;3;1675;2;2;1;right	Stim	34	test	2	5	3	1675	2	2	1	right	7815449	0	1	16831	1	0	next	other	0
34	269	Picture	Stim;34;test;2;6;7;1427;1;1;1;right	Stim	34	test	2	6	7	1427	1	1	1	right	7866775	0	1	14331	1	0	next	other	0
34	271	Picture	Stim;34;test;2;7;4;1878;2;2;1;right	Stim	34	test	2	7	4	1878	2	2	1	right	7931098	0	1	18831	1	0	next	other	0
34	273	Picture	Stim;34;test;2;8;2;1813;2;2;1;right	Stim	34	test	2	8	2	1813	2	2	1	right	7987256	0	1	18330	1	0	next	other	0
34	275	Picture	Stim;34;test;2;9;5;1211;1;2;0;right	Stim	34	test	2	9	5	1211	1	2	0	right	8037582	0	1	12165	1	0	next	other	0
34	277	Picture	Stim;34;test;2;10;2;1089;2;2;1;right	Stim	34	test	2	10	2	1089	2	2	1	right	8090573	0	1	10998	1	0	next	other	0
34	279	Picture	Stim;34;test;2;11;7;1629;1;1;1;right	Stim	34	test	2	11	7	1629	1	1	1	right	8133567	0	1	16497	1	0	next	other	0
34	281	Picture	Stim;34;test;2;12;7;1524;1;1;1;right	Stim	34	test	2	12	7	1524	1	1	1	right	8199890	0	1	15331	1	0	next	other	0
34	283	Picture	Stim;34;test;2;13;6;1938;1;1;1;right	Stim	34	test	2	13	6	1938	1	1	1	right	8265213	0	1	19497	1	0	next	other	0
34	285	Picture	Stim;34;test;2;14;4;1781;2;1;0;right	Stim	34	test	2	14	4	1781	2	1	0	right	8329703	0	1	17997	1	0	next	other	0
34	287	Picture	Stim;34;test;2;15;5;1480;1;1;1;right	Stim	34	test	2	15	5	1480	1	1	1	right	8384861	0	1	14998	1	0	next	other	0
34	289	Picture	Stim;34;test;2;16;7;1984;1;1;1;right	Stim	34	test	2	16	7	1984	1	1	1	right	8440519	0	1	19997	1	0	next	other	0
34	291	Picture	Stim;34;test;2;17;3;1173;2;1;0;right	Stim	34	test	2	17	3	1173	2	1	0	right	8510341	0	1	11831	1	0	next	other	0
34	293	Picture	Stim;34;test;2;18;4;1221;2;1;0;right	Stim	34	test	2	18	4	1221	2	1	0	right	8556668	0	1	12331	1	0	next	other	0
34	295	Picture	Stim;34;test;2;19;4;1971;2;1;0;right	Stim	34	test	2	19	4	1971	2	1	0	right	8606326	0	1	19830	1	0	next	other	0
34	297	Picture	Stim;34;test;2;20;1;1721;2;2;1;right	Stim	34	test	2	20	1	1721	2	2	1	right	8663484	0	1	17331	1	0	next	other	0
34	299	Picture	Stim;34;test;2;21;1;1792;2;2;1;right	Stim	34	test	2	21	1	1792	2	2	1	right	8710810	0	1	17997	1	0	next	other	0
34	301	Picture	Stim;34;test;2;22;3;1977;2;2;1;right	Stim	34	test	2	22	3	1977	2	2	1	right	8758803	0	1	19830	1	0	next	other	0
34	303	Picture	Stim;34;test;2;23;5;1402;1;1;1;right	Stim	34	test	2	23	5	1402	1	1	1	right	8813128	0	1	14164	1	0	next	other	0
34	305	Picture	Stim;34;test;2;24;1;1014;2;2;1;right	Stim	34	test	2	24	1	1014	2	2	1	right	8868119	0	1	10332	1	0	next	other	0
34	307	Picture	Stim;34;test;2;25;7;1233;1;1;1;right	Stim	34	test	2	25	7	1233	1	1	1	right	8908446	0	1	12498	1	0	next	other	0
34	309	Picture	Stim;34;test;2;26;1;1594;2;2;1;right	Stim	34	test	2	26	1	1594	2	2	1	right	8970770	0	1	15998	1	0	next	other	0
34	311	Picture	Stim;34;test;2;27;6;1132;1;1;1;right	Stim	34	test	2	27	6	1132	1	1	1	right	9016763	0	1	11498	1	0	next	other	0
34	313	Picture	Stim;34;test;2;28;3;1198;2;1;0;right	Stim	34	test	2	28	3	1198	2	1	0	right	9073087	0	1	12165	1	0	next	other	0
34	315	Picture	Stim;34;test;2;29;1;1598;2;2;1;right	Stim	34	test	2	29	1	1598	2	2	1	right	9119580	0	1	16164	1	0	next	other	0
34	317	Picture	Stim;34;test;2;30;2;1886;2;2;1;right	Stim	34	test	2	30	2	1886	2	2	1	right	9165739	0	1	18997	1	0	next	other	0
34	319	Picture	Stim;34;test;2;31;3;1534;2;2;1;right	Stim	34	test	2	31	3	1534	2	2	1	right	9216732	0	1	15498	1	0	next	other	0
34	321	Picture	Stim;34;test;2;32;2;1120;2;2;1;right	Stim	34	test	2	32	2	1120	2	2	1	right	9266557	0	1	11332	1	0	next	other	0
34	323	Picture	Stim;34;test;2;33;6;1604;1;1;1;right	Stim	34	test	2	33	6	1604	1	1	1	right	9309884	0	1	16164	1	0	next	other	0
34	325	Picture	Stim;34;test;2;34;6;1770;1;1;1;right	Stim	34	test	2	34	6	1770	1	1	1	right	9371041	0	1	17831	1	0	next	other	0
34	327	Picture	Stim;34;test;2;35;1;1373;2;2;1;right	Stim	34	test	2	35	1	1373	2	2	1	right	9433864	0	1	13831	1	0	next	other	0
34	329	Picture	Stim;34;test;2;36;5;1677;1;1;1;right	Stim	34	test	2	36	5	1677	1	1	1	right	9477691	0	1	16831	1	0	next	other	0
34	331	Picture	Stim;34;test;2;37;3;1190;2;1;0;right	Stim	34	test	2	37	3	1190	2	1	0	right	9535349	0	1	11998	1	0	next	other	0
34	333	Picture	Stim;34;test;2;38;6;1949;1;1;1;right	Stim	34	test	2	38	6	1949	1	1	1	right	9581841	0	1	19664	1	0	next	other	0
34	335	Picture	Stim;34;test;2;39;2;1057;2;2;1;right	Stim	34	test	2	39	2	1057	2	2	1	right	9646331	0	1	10665	1	0	next	other	0
34	337	Picture	Stim;34;test;2;40;4;1606;2;1;0;right	Stim	34	test	2	40	4	1606	2	1	0	right	9688991	0	1	16164	1	0	next	other	0
34	339	Picture	Stim;34;test;2;41;7;1639;1;1;1;right	Stim	34	test	2	41	7	1639	1	1	1	right	9742483	0	1	16497	1	0	next	other	0
34	341	Picture	Stim;34;test;2;42;5;1386;1;1;1;right	Stim	34	test	2	42	5	1386	1	1	1	right	9808973	0	1	13998	1	0	next	other	0
34	343	Picture	Stim;34;test;2;43;5;1817;1;1;1;right	Stim	34	test	2	43	5	1817	1	1	1	right	9863797	0	1	18331	1	0	next	other	0
34	345	Picture	Stim;34;test;2;44;6;1466;1;1;1;right	Stim	34	test	2	44	6	1466	1	1	1	right	9922788	0	1	14831	1	0	next	other	0
34	347	Picture	Stim;34;test;2;45;5;1143;1;1;1;right	Stim	34	test	2	45	5	1143	1	1	1	right	9982446	0	1	11498	1	0	next	other	0
34	349	Picture	Stim;34;test;2;46;4;1499;2;1;0;right	Stim	34	test	2	46	4	1499	2	1	0	right	10034771	0	1	15164	1	0	next	other	0
34	351	Picture	Stim;34;test;2;47;6;1828;1;1;1;right	Stim	34	test	2	47	6	1828	1	1	1	right	10087263	0	1	18330	1	0	next	other	0
34	353	Picture	Stim;34;test;2;48;7;1170;1;1;1;right	Stim	34	test	2	48	7	1170	1	1	1	right	10150586	0	1	11831	1	0	next	other	0
34	355	Picture	Stim;34;test;2;49;2;1232;2;1;0;right	Stim	34	test	2	49	2	1232	2	1	0	right	10212410	0	1	12498	1	0	next	other	0
34	357	Picture	Instruction	Instruction											10256903	0	1	1283300	1	0	next	other	0
34	357	Response	1												11539963	1283060	1
34	358	Picture	Break	Break											11540203	0	1	15331	1	0	next	other	0
34	358	Response	1												11555400	15197	0
34	359	Picture	ITI	ITI											11555534	0	1	20164	1	0	next	other	0
34	360	Picture	Stim;34;test;3;1;2;1665;2;1;0;right	Stim	34	test	3	1	2	1665	2	1	0	right	11575698	0	1	16831	1	0	next	other	0
34	362	Picture	Stim;34;test;3;2;6;1819;1;1;1;right	Stim	34	test	3	2	6	1819	1	1	1	right	11624523	0	1	18330	1	0	next	other	0
34	364	Picture	Stim;34;test;3;3;7;1471;1;1;1;right	Stim	34	test	3	3	7	1471	1	1	1	right	11687847	0	1	14831	1	0	next	other	0
34	366	Picture	Stim;34;test;3;4;4;1322;2;1;0;right	Stim	34	test	3	4	4	1322	2	1	0	right	11752670	0	1	13331	1	0	next	other	0
34	368	Picture	Stim;34;test;3;5;2;1434;2;1;0;right	Stim	34	test	3	5	2	1434	2	1	0	right	11803329	0	1	14498	1	0	next	other	0
34	370	Picture	Stim;34;test;3;6;4;1515;2;1;0;right	Stim	34	test	3	6	4	1515	2	1	0	right	11849822	0	1	15331	1	0	next	other	0
34	372	Picture	Stim;34;test;3;7;6;1240;1;1;1;right	Stim	34	test	3	7	6	1240	1	1	1	right	11902480	0	1	12498	1	0	next	other	0
34	374	Picture	Stim;34;test;3;8;3;1658;2;1;0;right	Stim	34	test	3	8	3	1658	2	1	0	right	11959971	0	1	16664	1	0	next	other	0
34	376	Picture	Stim;34;test;3;9;3;1008;2;1;0;right	Stim	34	test	3	9	3	1008	2	1	0	right	12011130	0	1	10165	1	0	next	other	0
34	378	Picture	Stim;34;test;3;10;2;1690;2;1;0;right	Stim	34	test	3	10	2	1690	2	1	0	right	12055790	0	1	16997	1	0	next	other	0
34	380	Picture	Stim;34;test;3;11;2;1144;2;1;0;right	Stim	34	test	3	11	2	1144	2	1	0	right	12104782	0	1	11498	1	0	next	other	0
34	382	Picture	Stim;34;test;3;12;3;1443;2;1;0;right	Stim	34	test	3	12	3	1443	2	1	0	right	12148275	0	1	14498	1	0	next	other	0
34	384	Picture	Stim;34;test;3;13;7;1849;1;1;1;right	Stim	34	test	3	13	7	1849	1	1	1	right	12197268	0	1	18663	1	0	next	other	0
34	386	Picture	Stim;34;test;3;14;5;1750;1;1;1;right	Stim	34	test	3	14	5	1750	1	1	1	right	12265757	0	1	17664	1	0	next	other	0
34	388	Picture	Stim;34;test;3;15;6;1545;1;1;1;right	Stim	34	test	3	15	6	1545	1	1	1	right	12324081	0	1	15498	1	0	next	other	0
34	390	Picture	Stim;34;test;3;16;5;1687;1;1;1;right	Stim	34	test	3	16	5	1687	1	1	1	right	12384572	0	1	16997	1	0	next	other	0
34	392	Picture	Stim;34;test;3;17;2;1296;2;1;0;right	Stim	34	test	3	17	2	1296	2	1	0	right	12442396	0	1	13165	1	0	next	other	0
34	394	Picture	Stim;34;test;3;18;7;1955;1;1;1;right	Stim	34	test	3	18	7	1955	1	1	1	right	12487556	0	1	19664	1	0	next	other	0
34	396	Picture	Stim;34;test;3;19;7;1669;1;1;1;right	Stim	34	test	3	19	7	1669	1	1	1	right	12557212	0	1	16831	1	0	next	other	0
34	398	Picture	Stim;34;test;3;20;2;1132;2;2;1;right	Stim	34	test	3	20	2	1132	2	2	1	right	12624035	0	1	11498	1	0	next	other	0
34	400	Picture	Stim;34;test;3;21;1;1626;2;2;1;right	Stim	34	test	3	21	1	1626	2	2	1	right	12667527	0	1	16331	1	0	next	other	0
34	402	Picture	Stim;34;test;3;22;6;1673;1;1;1;right	Stim	34	test	3	22	6	1673	1	1	1	right	12713854	0	1	16831	1	0	next	other	0
34	404	Picture	Stim;34;test;3;23;2;1325;2;2;1;right	Stim	34	test	3	23	2	1325	2	2	1	right	12775678	0	1	13331	1	0	next	other	0
34	406	Picture	Stim;34;test;3;24;5;1624;1;1;1;right	Stim	34	test	3	24	5	1624	1	1	1	right	12821004	0	1	16331	1	0	next	other	0
34	408	Picture	Stim;34;test;3;25;7;1963;1;1;1;right	Stim	34	test	3	25	7	1963	1	1	1	right	12878162	0	1	19830	1	0	next	other	0
34	410	Picture	Stim;34;test;3;26;3;1959;2;1;0;right	Stim	34	test	3	26	3	1959	2	1	0	right	12947817	0	1	19664	1	0	next	other	0
34	412	Picture	Stim;34;test;3;27;4;1210;2;2;1;right	Stim	34	test	3	27	4	1210	2	2	1	right	13001976	0	1	12165	1	0	next	other	0
34	414	Picture	Stim;34;test;3;28;7;1269;1;1;1;right	Stim	34	test	3	28	7	1269	1	1	1	right	13051468	0	1	12831	1	0	next	other	0
34	416	Picture	Stim;34;test;3;29;1;1425;2;2;1;right	Stim	34	test	3	29	1	1425	2	2	1	right	13114292	0	1	14331	1	0	next	other	0
34	418	Picture	Stim;34;test;3;30;4;1559;2;1;0;right	Stim	34	test	3	30	4	1559	2	1	0	right	13158618	0	1	15664	1	0	next	other	0
34	420	Picture	Stim;34;test;3;31;1;1149;2;2;1;right	Stim	34	test	3	31	1	1149	2	2	1	right	13211610	0	1	11665	1	0	next	other	0
34	422	Picture	Stim;34;test;3;32;3;1335;2;2;1;right	Stim	34	test	3	32	3	1335	2	2	1	right	13253270	0	1	13498	1	0	next	other	0
34	424	Picture	Stim;34;test;3;33;6;1187;1;1;1;right	Stim	34	test	3	33	6	1187	1	1	1	right	13301096	0	1	11998	1	0	next	other	0
34	426	Picture	Stim;34;test;3;34;6;1263;1;1;1;right	Stim	34	test	3	34	6	1263	1	1	1	right	13358087	0	1	12831	1	0	next	other	0
34	428	Picture	Stim;34;test;3;35;4;1039;2;1;0;right	Stim	34	test	3	35	4	1039	2	1	0	right	13415745	0	1	10498	1	0	next	other	0
34	430	Picture	Stim;34;test;3;36;5;1438;1;1;1;right	Stim	34	test	3	36	5	1438	1	1	1	right	13463571	0	1	14498	1	0	next	other	0
34	432	Picture	Stim;34;test;3;37;5;1584;1;0;0;right	Stim	34	test	3	37	5	1584	1	0	0	right	13518895	0	1	15997	1	0	next	other	0
34	434	Picture	Stim;34;test;3;38;1;1347;2;2;1;right	Stim	34	test	3	38	1	1347	2	2	1	right	13575553	0	1	13664	1	0	next	other	0
34	436	Picture	Stim;34;test;3;39;7;1411;1;1;1;right	Stim	34	test	3	39	7	1411	1	1	1	right	13619213	0	1	14164	1	0	next	other	0
34	438	Picture	Stim;34;test;3;40;6;1676;1;0;0;right	Stim	34	test	3	40	6	1676	1	0	0	right	13683370	0	1	16831	1	0	next	other	0
34	440	Picture	Stim;34;test;3;41;1;1530;2;2;1;right	Stim	34	test	3	41	1	1530	2	2	1	right	13745193	0	1	15498	1	0	next	other	0
34	442	Picture	Stim;34;test;3;42;5;1631;1;1;1;right	Stim	34	test	3	42	5	1631	1	1	1	right	13790686	0	1	16497	1	0	next	other	0
34	444	Picture	Stim;34;test;3;43;3;1921;2;1;0;right	Stim	34	test	3	43	3	1921	2	1	0	right	13847844	0	1	19330	1	0	next	other	0
34	446	Picture	Stim;34;test;3;44;5;1186;1;1;1;right	Stim	34	test	3	44	5	1186	1	1	1	right	13901669	0	1	11998	1	0	next	other	0
34	448	Picture	Stim;34;test;3;45;4;1321;2;1;0;right	Stim	34	test	3	45	4	1321	2	1	0	right	13954494	0	1	13331	1	0	next	other	0
34	450	Picture	Stim;34;test;3;46;4;1678;2;1;0;right	Stim	34	test	3	46	4	1678	2	1	0	right	14005153	0	1	16831	1	0	next	other	0
34	452	Picture	Stim;34;test;3;47;3;1643;2;1;0;right	Stim	34	test	3	47	3	1643	2	1	0	right	14059311	0	1	16497	1	0	next	other	0
34	454	Picture	Stim;34;test;3;48;1;1819;2;2;1;right	Stim	34	test	3	48	1	1819	2	2	1	right	14110303	0	1	18331	1	0	next	other	0
34	456	Picture	Stim;34;test;3;49;1;1696;2;2;1;right	Stim	34	test	3	49	1	1696	2	2	1	right	14158629	0	1	17164	1	0	next	other	0
34	458	Picture	Instruction	Instruction											14205788	0	1	124814	1	0	next	other	0
34	458	Response	1												14330384	124596	0
34	459	Picture	Break	Break											14330602	0	1	540749	1	0	next	other	0
34	459	Response	1												14871287	540684	1
34	460	Picture	ITI	ITI											14871352	0	1	20164	1	0	next	other	0
34	461	Picture	Stim;34;test;4;1;1;1527;2;1;0;right	Stim	34	test	4	1	1	1527	2	1	0	right	14891515	0	1	15331	1	0	next	other	0
34	463	Picture	Stim;34;test;4;2;6;1394;1;1;1;right	Stim	34	test	4	2	6	1394	1	1	1	right	14936841	0	1	13998	1	0	next	other	0
34	465	Picture	Stim;34;test;4;3;2;1050;2;2;1;right	Stim	34	test	4	3	2	1050	2	2	1	right	14995832	0	1	10665	1	0	next	other	0
34	467	Picture	Stim;34;test;4;4;1;1365;2;2;1;right	Stim	34	test	4	4	1	1365	2	2	1	right	15038492	0	1	13831	1	0	next	other	0
34	469	Picture	Stim;34;test;4;5;5;1255;1;1;1;right	Stim	34	test	4	5	5	1255	1	1	1	right	15082319	0	1	12665	1	0	next	other	0
34	471	Picture	Stim;34;test;4;6;6;1588;1;1;1;right	Stim	34	test	4	6	6	1588	1	1	1	right	15135810	0	1	15998	1	0	next	other	0
34	473	Picture	Stim;34;test;4;7;6;1728;1;1;1;right	Stim	34	test	4	7	6	1728	1	1	1	right	15196801	0	1	17331	1	0	next	other	0
34	475	Picture	Stim;34;test;4;8;3;1257;2;1;0;right	Stim	34	test	4	8	3	1257	2	1	0	right	15259125	0	1	12665	1	0	next	other	0
34	477	Picture	Stim;34;test;4;9;7;1083;1;1;1;right	Stim	34	test	4	9	7	1083	1	1	1	right	15306284	0	1	10998	1	0	next	other	0
34	479	Picture	Stim;34;test;4;10;7;1000;1;1;1;right	Stim	34	test	4	10	7	1000	1	1	1	right	15367108	0	1	10165	1	0	next	other	0
34	481	Picture	Stim;34;test;4;11;1;1794;2;1;0;right	Stim	34	test	4	11	1	1794	2	1	0	right	15427098	0	1	17997	1	0	next	other	0
34	483	Picture	Stim;34;test;4;12;1;1535;2;2;1;right	Stim	34	test	4	12	1	1535	2	2	1	right	15475091	0	1	15498	1	0	next	other	0
34	485	Picture	Stim;34;test;4;13;7;1601;1;1;1;right	Stim	34	test	4	13	7	1601	1	1	1	right	15520584	0	1	16164	1	0	next	other	0
34	487	Picture	Stim;34;test;4;14;5;1783;1;1;1;right	Stim	34	test	4	14	5	1783	1	1	1	right	15586574	0	1	17997	1	0	next	other	0
34	489	Picture	Stim;34;test;4;15;2;1554;2;2;1;right	Stim	34	test	4	15	2	1554	2	2	1	right	15645231	0	1	15664	1	0	next	other	0
34	491	Picture	Stim;34;test;4;16;4;1516;2;2;1;right	Stim	34	test	4	16	4	1516	2	2	1	right	15692890	0	1	15331	1	0	next	other	0
34	493	Picture	Stim;34;test;4;17;7;1731;1;1;1;right	Stim	34	test	4	17	7	1731	1	1	1	right	15745549	0	1	17497	1	0	next	other	0
34	495	Picture	Stim;34;test;4;18;2;1778;2;2;1;right	Stim	34	test	4	18	2	1778	2	2	1	right	15812872	0	1	17831	1	0	next	other	0
34	497	Picture	Stim;34;test;4;19;6;1810;1;1;1;right	Stim	34	test	4	19	6	1810	1	1	1	right	15862697	0	1	18164	1	0	next	other	0
34	499	Picture	Stim;34;test;4;20;4;1694;2;2;1;right	Stim	34	test	4	20	4	1694	2	2	1	right	15925854	0	1	16997	1	0	next	other	0
34	501	Picture	Stim;34;test;4;21;2;1187;2;2;1;right	Stim	34	test	4	21	2	1187	2	2	1	right	15980179	0	1	11998	1	0	next	other	0
34	503	Picture	Stim;34;test;4;22;7;1635;1;1;1;right	Stim	34	test	4	22	7	1635	1	1	1	right	16024172	0	1	16497	1	0	next	other	0
34	505	Picture	Stim;34;test;4;23;6;1692;1;1;1;right	Stim	34	test	4	23	6	1692	1	1	1	right	16090662	0	1	16997	1	0	next	other	0
34	507	Picture	Stim;34;test;4;24;5;1794;1;1;1;right	Stim	34	test	4	24	5	1794	1	1	1	right	16152652	0	1	17997	1	0	next	other	0
34	509	Picture	Stim;34;test;4;25;7;1273;1;1;1;right	Stim	34	test	4	25	7	1273	1	1	1	right	16211476	0	1	12831	1	0	next	other	0
34	511	Picture	Stim;34;test;4;26;4;1978;2;1;0;right	Stim	34	test	4	26	4	1978	2	1	0	right	16274300	0	1	19830	1	0	next	other	0
34	513	Picture	Stim;34;test;4;27;1;1519;2;2;1;right	Stim	34	test	4	27	1	1519	2	2	1	right	16331458	0	1	15331	1	0	next	other	0
34	515	Picture	Stim;34;test;4;28;3;1682;2;2;1;right	Stim	34	test	4	28	3	1682	2	2	1	right	16376784	0	1	16997	1	0	next	other	0
34	517	Picture	Stim;34;test;4;29;3;1752;2;2;1;right	Stim	34	test	4	29	3	1752	2	2	1	right	16428109	0	1	17664	1	0	next	other	0
34	519	Picture	Stim;34;test;4;30;6;1222;1;1;1;right	Stim	34	test	4	30	6	1222	1	1	1	right	16480101	0	1	12331	1	0	next	other	0
34	521	Picture	Stim;34;test;4;31;1;1603;2;2;1;right	Stim	34	test	4	31	1	1603	2	2	1	right	16537426	0	1	16164	1	0	next	other	0
34	523	Picture	Stim;34;test;4;32;2;1531;2;2;1;right	Stim	34	test	4	32	2	1531	2	2	1	right	16583585	0	1	15498	1	0	next	other	0
34	525	Picture	Stim;34;test;4;33;3;1726;2;1;0;right	Stim	34	test	4	33	3	1726	2	1	0	right	16631078	0	1	17331	1	0	next	other	0
34	527	Picture	Stim;34;test;4;34;4;1744;2;1;0;right	Stim	34	test	4	34	4	1744	2	1	0	right	16682903	0	1	17497	1	0	next	other	0
34	529	Picture	Stim;34;test;4;35;5;1691;1;1;1;right	Stim	34	test	4	35	5	1691	1	1	1	right	16737728	0	1	16997	1	0	next	other	0
34	531	Picture	Stim;34;test;4;36;4;1630;2;1;0;right	Stim	34	test	4	36	4	1630	2	1	0	right	16795552	0	1	16497	1	0	next	other	0
34	533	Picture	Stim;34;test;4;37;3;1197;2;1;0;right	Stim	34	test	4	37	3	1197	2	1	0	right	16849210	0	1	12165	1	0	next	other	0
34	535	Picture	Stim;34;test;4;38;1;1008;2;2;1;right	Stim	34	test	4	38	1	1008	2	2	1	right	16895703	0	1	10165	1	0	next	other	0
34	537	Picture	Stim;34;test;4;39;4;1154;2;1;0;right	Stim	34	test	4	39	4	1154	2	1	0	right	16935864	0	1	11665	1	0	next	other	0
34	539	Picture	Stim;34;test;4;40;4;1255;2;1;0;right	Stim	34	test	4	40	4	1255	2	1	0	right	16984856	0	1	12665	1	0	next	other	0
34	541	Picture	Stim;34;test;4;41;6;1167;1;1;1;right	Stim	34	test	4	41	6	1167	1	1	1	right	17034848	0	1	11832	1	0	next	other	0
34	543	Picture	Stim;34;test;4;42;7;1764;1;1;1;right	Stim	34	test	4	42	7	1764	1	1	1	right	17091506	0	1	17830	1	0	next	other	0
34	545	Picture	Stim;34;test;4;43;3;1019;2;1;0;right	Stim	34	test	4	43	3	1019	2	1	0	right	17159162	0	1	10332	1	0	next	other	0
34	547	Picture	Stim;34;test;4;44;5;1467;1;1;1;right	Stim	34	test	4	44	5	1467	1	1	1	right	17203822	0	1	14831	1	0	next	other	0
34	549	Picture	Stim;34;test;4;45;5;1919;1;1;1;right	Stim	34	test	4	45	5	1919	1	1	1	right	17259313	0	1	19330	1	0	next	other	0
34	551	Picture	Stim;34;test;4;46;3;1273;2;1;0;right	Stim	34	test	4	46	3	1273	2	1	0	right	17319471	0	1	12831	1	0	next	other	0
34	553	Picture	Stim;34;test;4;47;2;1406;2;1;0;right	Stim	34	test	4	47	2	1406	2	1	0	right	17366797	0	1	14164	1	0	next	other	0
34	555	Picture	Stim;34;test;4;48;2;1657;2;2;1;right	Stim	34	test	4	48	2	1657	2	2	1	right	17412956	0	1	16664	1	0	next	other	0
34	557	Picture	Stim;34;test;4;49;5;1044;1;1;1;right	Stim	34	test	4	49	5	1044	1	1	1	right	17461615	0	1	10498	1	0	next	other	0
34	559	Picture	Instruction	Instruction											17512941	0	1	87153	1	0	next	other	0
34	559	Response	1												17599876	86935	0
34	560	Picture	Break	Break											17600094	0	1	34661	1	0	next	other	0
34	560	Response	1												17634592	34498	0
34	561	Picture	ITI	ITI											17634755	0	1	20163	1	0	next	other	0
34	562	Picture	Instruction	Instruction											17654918	0	1	142316	1	0	next	other	0
34	562	Response	1												17785695	130777	0


{
   "app": "Presentation Version 20.1 Build 12.04.17",
   "device": "LENOVO 10FGCTO1WW",
   "experiment": "{772213B2-5F0F-4A35-9C2F-36954700C7EA}",
   "os": "Windows 7 64 bit",
   "package": "",
   "parameters": {
      "configuration": "Default configuration"
   },
   "scenario": "Bisection Task with Dynanometer.sce",
   "subject": "34",
   "timestamp": "2018/10/08 05:00:35 GMT"
}
