Scenario - Bisection Task
Logfile written - 08/28/2018 16:11:58

Subject	Trial	Event Type	Code	event_cond(str)	subject_id(num)	block_name(str)	block_number(num)	trial_number(num)	probe(num)	Time	TTime	Uncertainty	Duration	Uncertainty	ReqTime	ReqDur	Stim Type	Pair Index

40	1	Response	1							1876	1737	0
40	2	Picture	ITI	ITI						1944	0	1	18192	1	0	next	other	0
40	3	Sound	Stim;40;study;1;1;1	Stim	40	study	1	1	1	19534	0	538			0		other	0
40	4	Picture	End_Block	End_Block						50063	0	1	17706	1	0	next	other	0
40	4	Response	1							67631	17568	0
40	5	Picture	Break	Break						67769	0	1	3611	1	0	next	other	0
40	5	Response	1							71311	3542	0
40	6	Picture	ITI	ITI						71380	0	1	10068	1	0	next	other	0
40	7	Response	1							87709	6261	0
40	8	Picture	ITI	ITI						87767	0	1	10068	1	0	next	other	0
40	9	Sound	Stim;40;practice;1;1;1	Stim	40	practice	1	1	1	97771	0	4			0		other	0
40	10	Picture	Feedback	Feedback						128248	0	1	5069	1	0	next	other	0
40	11	Picture	ITI	ITI						133317	0	1	10068	1	0	next	other	0
40	12	Sound	Stim;40;practice;1;2;7	Stim	40	practice	1	2	7	143327	0	4			0		other	0
40	13	Picture	Feedback	Feedback						193726	0	1	5069	1	0	next	other	0
40	13	Response	1							198741	5016	0
40	14	Picture	ITI	ITI						198795	0	1	10068	1	0	next	other	0
40	15	Sound	Stim;40;practice;1;3;5	Stim	40	practice	1	3	5	208801	0	4			0		other	0
40	16	Picture	Feedback	Feedback						250038	0	1	1042	1	0	next	other	0
40	17	Picture	ITI	ITI						251080	0	1	10068	1	0	next	other	0
40	18	Sound	Stim;40;practice;1;4;3	Stim	40	practice	1	4	3	261085	0	4			0		other	0
40	19	Picture	Feedback	Feedback						295935	0	1	1042	1	0	next	other	0
40	20	Picture	ITI	ITI						296977	0	1	10068	1	0	next	other	0
40	21	Sound	Stim;40;practice;1;5;4	Stim	40	practice	1	5	4	306983	0	4			0		other	0
40	22	Picture	Feedback	Feedback						344749	0	1	1042	1	0	next	other	0
40	23	Picture	ITI	ITI						345790	0	1	10068	1	0	next	other	0
40	24	Sound	Stim;40;practice;1;6;6	Stim	40	practice	1	6	6	355797	0	4			0		other	0
40	25	Picture	Feedback	Feedback						401200	0	1	1042	1	0	next	other	0
40	26	Picture	ITI	ITI						402242	0	1	10068	1	0	next	other	0
40	27	Sound	Stim;40;practice;1;7;2	Stim	40	practice	1	7	2	412246	0	4			0		other	0
40	28	Picture	Feedback	Feedback						444737	0	1	1111	1	0	next	other	0
40	29	Picture	Break	Break						445848	0	1	10485	1	0	next	other	0
40	29	Response	1							456243	10395	0
40	30	Picture	ITI	ITI						456332	0	1	10068	1	0	next	other	0
40	31	Sound	Stim;40;practice;2;1;6	Stim	40	practice	2	1	6	466340	0	4			0		other	0
40	32	Picture	Feedback	Feedback						511742	0	1	1042	1	0	next	other	0
40	33	Picture	ITI	ITI						512784	0	1	10068	1	0	next	other	0
40	34	Sound	Stim;40;practice;2;2;1	Stim	40	practice	2	2	1	522788	0	4			0		other	0
40	35	Picture	Feedback	Feedback						553265	0	1	5069	1	0	next	other	0
40	36	Picture	ITI	ITI						558334	0	1	10068	1	0	next	other	0
40	37	Sound	Stim;40;practice;2;3;5	Stim	40	practice	2	3	5	568340	0	4			0		other	0
40	38	Picture	Feedback	Feedback						609577	0	1	1042	1	0	next	other	0
40	39	Picture	ITI	ITI						610619	0	1	10068	1	0	next	other	0
40	40	Sound	Stim;40;practice;2;4;3	Stim	40	practice	2	4	3	620624	0	4			0		other	0
40	41	Picture	Feedback	Feedback						655473	0	2	1043	2	0	next	other	0
40	42	Picture	ITI	ITI						656516	0	1	10068	1	0	next	other	0
40	43	Sound	Stim;40;practice;2;5;2	Stim	40	practice	2	5	2	666521	0	4			0		other	0
40	44	Picture	Feedback	Feedback						699011	0	1	1042	1	0	next	other	0
40	45	Picture	ITI	ITI						700052	0	1	10068	1	0	next	other	0
40	46	Sound	Stim;40;practice;2;6;4	Stim	40	practice	2	6	4	710058	0	4			0		other	0
40	47	Picture	Feedback	Feedback						747824	0	1	1042	1	0	next	other	0
40	48	Picture	ITI	ITI						748866	0	1	10068	1	0	next	other	0
40	49	Sound	Stim;40;practice;2;7;7	Stim	40	practice	2	7	7	758875	0	4			0		other	0
40	50	Picture	Feedback	Feedback						809275	0	1	5138	1	0	next	other	0
40	51	Picture	Break	Break						814413	0	1	22914	1	0	next	other	0
40	51	Response	1							837257	22844	0
40	52	Picture	ITI	ITI						837327	0	1	10068	1	0	next	other	0
40	53	Sound	Stim;40;practice;3;1;5	Stim	40	practice	3	1	5	847334	0	4			0		other	0
40	54	Picture	Feedback	Feedback						888571	0	1	1042	1	0	next	other	0
40	55	Picture	ITI	ITI						889612	0	1	10068	1	0	next	other	0
40	56	Sound	Stim;40;practice;3;2;7	Stim	40	practice	3	2	7	899621	0	4			0		other	0
40	57	Picture	Feedback	Feedback						950022	0	1	5069	1	0	next	other	0
40	58	Picture	ITI	ITI						955090	0	1	10068	1	0	next	other	0
40	59	Sound	Stim;40;practice;3;3;4	Stim	40	practice	3	3	4	965097	0	4			0		other	0
40	60	Picture	Feedback	Feedback						1002862	0	1	1042	1	0	next	other	0
40	61	Picture	ITI	ITI						1003904	0	1	10068	1	0	next	other	0
40	62	Sound	Stim;40;practice;3;4;2	Stim	40	practice	3	4	2	1013909	0	4			0		other	0
40	63	Picture	Feedback	Feedback						1046399	0	1	1042	1	0	next	other	0
40	64	Picture	ITI	ITI						1047440	0	1	10068	1	0	next	other	0
40	65	Sound	Stim;40;practice;3;5;1	Stim	40	practice	3	5	1	1057445	0	4			0		other	0
40	66	Picture	Feedback	Feedback						1087921	0	1	5069	1	0	next	other	0
40	67	Picture	ITI	ITI						1092990	0	1	10068	1	0	next	other	0
40	68	Sound	Stim;40;practice;3;6;6	Stim	40	practice	3	6	6	1102997	0	4			0		other	0
40	69	Picture	Feedback	Feedback						1148400	0	1	1042	1	0	next	other	0
40	70	Picture	ITI	ITI						1149442	0	1	10068	1	0	next	other	0
40	71	Sound	Stim;40;practice;3;7;3	Stim	40	practice	3	7	3	1159447	0	4			0		other	0
40	72	Picture	Feedback	Feedback						1194297	0	1	1111	1	0	next	other	0
40	73	Picture	Break	Break						1195408	0	1	31663	1	0	next	other	0
40	73	Response	1							1226910	31502	0
40	74	Picture	Break	Break						1227071	0	1	11040	1	0	next	other	0
40	74	Response	1							1238029	10958	0
40	75	Response	1							1246348	8236	0
40	76	Picture	ITI	ITI						1246443	0	1	10068	1	0	next	other	0
40	77	Picture	ITI	ITI						1256512	0	1	16942	1	0	next	other	0
40	78	Sound	Stim;40;test;1;1;5	Stim	40	test	1	1	5	1273378	0	4			0		other	0
40	79	Picture	ITI	ITI						1314630	0	1	14998	1	0	next	other	0
40	80	Sound	Stim;40;test;1;2;4	Stim	40	test	1	2	4	1329535	0	4			0		other	0
40	81	Picture	ITI	ITI						1367331	0	1	19998	1	0	next	other	0
40	82	Sound	Stim;40;test;1;3;7	Stim	40	test	1	3	7	1387261	0	4			0		other	0
40	83	Picture	ITI	ITI						1437670	0	1	18192	1	0	next	other	0
40	84	Sound	Stim;40;test;1;4;7	Stim	40	test	1	4	7	1455779	0	4			0		other	0
40	85	Picture	ITI	ITI						1506203	0	1	19373	1	0	next	other	0
40	86	Sound	Stim;40;test;1;5;5	Stim	40	test	1	5	5	1525490	0	4			0		other	0
40	87	Picture	ITI	ITI						1566751	0	1	14234	1	0	next	other	0
40	88	Sound	Stim;40;test;1;6;1	Stim	40	test	1	6	1	1580936	0	4			0		other	0
40	89	Picture	ITI	ITI						1611398	0	1	12637	1	0	next	other	0
40	90	Sound	Stim;40;test;1;7;5	Stim	40	test	1	7	5	1623975	0	4			0		other	0
40	91	Picture	ITI	ITI						1665211	0	1	13401	1	0	next	other	0
40	92	Sound	Stim;40;test;1;8;3	Stim	40	test	1	8	3	1678527	0	4			0		other	0
40	93	Picture	ITI	ITI						1713400	0	1	18748	1	0	next	other	0
40	94	Sound	Stim;40;test;1;9;7	Stim	40	test	1	9	7	1732049	0	4			0		other	0
40	95	Picture	ITI	ITI						1782419	0	1	18331	1	0	next	other	0
40	96	Sound	Stim;40;test;1;10;6	Stim	40	test	1	10	6	1800696	0	4			0		other	0
40	97	Picture	ITI	ITI						1846092	0	1	17567	1	0	next	other	0
40	98	Sound	Stim;40;test;1;11;3	Stim	40	test	1	11	3	1863577	0	5			0		other	0
40	99	Picture	ITI	ITI						1898446	0	1	19789	1	0	next	other	0
40	100	Sound	Stim;40;test;1;12;3	Stim	40	test	1	12	3	1918141	0	4			0		other	0
40	101	Picture	ITI	ITI						1953023	0	1	16595	1	0	next	other	0
40	102	Sound	Stim;40;test;1;13;1	Stim	40	test	1	13	1	1969518	0	4			0		other	0
40	103	Picture	ITI	ITI						1999961	0	1	17290	1	0	next	other	0
40	104	Sound	Stim;40;test;1;14;7	Stim	40	test	1	14	7	2017171	0	4			0		other	0
40	105	Picture	ITI	ITI						2067592	0	1	14790	1	0	next	other	0
40	106	Sound	Stim;40;test;1;15;1	Stim	40	test	1	15	1	2082316	0	4			0		other	0
40	107	Picture	ITI	ITI						2112795	0	1	19859	1	0	next	other	0
40	108	Sound	Stim;40;test;1;16;3	Stim	40	test	1	16	3	2132550	0	4			0		other	0
40	109	Picture	ITI	ITI						2167441	0	1	11665	1	0	next	other	0
40	110	Sound	Stim;40;test;1;17;6	Stim	40	test	1	17	6	2179028	0	4			0		other	0
40	111	Picture	ITI	ITI						2224448	0	1	13609	1	0	next	other	0
40	112	Sound	Stim;40;test;1;18;6	Stim	40	test	1	18	6	2238015	0	4			0		other	0
40	113	Picture	ITI	ITI						2283399	0	1	19511	1	0	next	other	0
40	114	Sound	Stim;40;test;1;19;2	Stim	40	test	1	19	2	2302843	0	4			0		other	0
40	115	Picture	ITI	ITI						2335337	0	1	17012	1	0	next	other	0
40	116	Sound	Stim;40;test;1;20;6	Stim	40	test	1	20	6	2352253	0	4			0		other	0
40	117	Picture	ITI	ITI						2397621	0	1	19789	1	0	next	other	0
40	118	Sound	Stim;40;test;1;21;1	Stim	40	test	1	21	1	2417346	0	4			0		other	0
40	119	Picture	ITI	ITI						2447823	0	1	18609	1	0	next	other	0
40	120	Sound	Stim;40;test;1;22;6	Stim	40	test	1	22	6	2466380	0	4			0		other	0
40	121	Picture	ITI	ITI						2511773	0	1	11735	1	0	next	other	0
40	122	Sound	Stim;40;test;1;23;7	Stim	40	test	1	23	7	2523432	0	4			0		other	0
40	123	Picture	ITI	ITI						2573849	0	1	19998	1	0	next	other	0
40	124	Sound	Stim;40;test;1;24;4	Stim	40	test	1	24	4	2593754	0	4			0		other	0
40	125	Picture	ITI	ITI						2631550	0	1	18956	1	0	next	other	0
40	126	Sound	Stim;40;test;1;25;6	Stim	40	test	1	25	6	2650467	0	4			0		other	0
40	127	Picture	ITI	ITI						2695847	0	1	18748	1	0	next	other	0
40	128	Sound	Stim;40;test;1;26;4	Stim	40	test	1	26	4	2714514	0	4			0		other	0
40	129	Picture	ITI	ITI						2752299	0	1	15623	1	0	next	other	0
40	130	Sound	Stim;40;test;1;27;4	Stim	40	test	1	27	4	2767834	0	4			0		other	0
40	131	Picture	ITI	ITI						2805625	0	1	16526	1	0	next	other	0
40	132	Sound	Stim;40;test;1;28;3	Stim	40	test	1	28	3	2822090	0	4			0		other	0
40	133	Picture	ITI	ITI						2856939	0	1	10554	1	0	next	other	0
40	134	Sound	Stim;40;test;1;29;5	Stim	40	test	1	29	5	2867415	0	4			0		other	0
40	135	Picture	ITI	ITI						2908668	0	1	14651	1	0	next	other	0
40	136	Sound	Stim;40;test;1;30;5	Stim	40	test	1	30	5	2923234	0	4			0		other	0
40	137	Picture	ITI	ITI						2964495	0	1	16942	1	0	next	other	0
40	138	Sound	Stim;40;test;1;31;2	Stim	40	test	1	31	2	2981350	0	4			0		other	0
40	139	Picture	ITI	ITI						3013794	0	1	19164	1	0	next	other	0
40	140	Sound	Stim;40;test;1;32;7	Stim	40	test	1	32	7	3032884	0	5			0		other	0
40	141	Picture	ITI	ITI						3083299	0	1	19581	1	0	next	other	0
40	142	Sound	Stim;40;test;1;33;2	Stim	40	test	1	33	2	3102815	0	4			0		other	0
40	143	Picture	ITI	ITI						3135307	0	1	16942	1	0	next	other	0
40	144	Sound	Stim;40;test;1;34;1	Stim	40	test	1	34	1	3152201	0	4			0		other	0
40	145	Picture	ITI	ITI						3182662	0	1	13262	1	0	next	other	0
40	146	Sound	Stim;40;test;1;35;2	Stim	40	test	1	35	2	3195877	0	4			0		other	0
40	147	Picture	ITI	ITI						3228351	0	1	12915	1	0	next	other	0
40	148	Sound	Stim;40;test;1;36;4	Stim	40	test	1	36	4	3241167	0	4			0		other	0
40	149	Picture	ITI	ITI						3278900	0	1	11804	1	0	next	other	0
40	150	Sound	Stim;40;test;1;37;1	Stim	40	test	1	37	1	3290624	0	4			0		other	0
40	151	Picture	ITI	ITI						3321117	0	1	13818	1	0	next	other	0
40	152	Sound	Stim;40;test;1;38;1	Stim	40	test	1	38	1	3334851	0	4			0		other	0
40	153	Picture	ITI	ITI						3365348	0	1	13887	1	0	next	other	0
40	154	Sound	Stim;40;test;1;39;4	Stim	40	test	1	39	4	3379164	0	4			0		other	0
40	155	Picture	ITI	ITI						3416938	0	1	15276	1	0	next	other	0
40	156	Sound	Stim;40;test;1;40;5	Stim	40	test	1	40	5	3432165	0	4			0		other	0
40	157	Picture	ITI	ITI						3473390	0	1	11249	1	0	next	other	0
40	158	Sound	Stim;40;test;1;41;7	Stim	40	test	1	41	7	3484560	0	4			0		other	0
40	159	Picture	ITI	ITI						3534979	0	1	14998	1	0	next	other	0
40	160	Sound	Stim;40;test;1;42;3	Stim	40	test	1	42	3	3549874	0	4			0		other	0
40	161	Picture	ITI	ITI						3584765	0	1	16248	1	0	next	other	0
40	162	Sound	Stim;40;test;1;43;2	Stim	40	test	1	43	2	3600940	0	4			0		other	0
40	163	Picture	ITI	ITI						3633439	0	1	18748	1	0	next	other	0
40	164	Sound	Stim;40;test;1;44;3	Stim	40	test	1	44	3	3652085	0	4			0		other	0
40	165	Picture	ITI	ITI						3686974	0	1	10901	1	0	next	other	0
40	166	Sound	Stim;40;test;1;45;4	Stim	40	test	1	45	4	3697820	0	4			0		other	0
40	167	Picture	ITI	ITI						3735579	0	1	15692	1	0	next	other	0
40	168	Sound	Stim;40;test;1;46;2	Stim	40	test	1	46	2	3751204	0	4			0		other	0
40	169	Picture	ITI	ITI						3783698	0	1	10485	1	0	next	other	0
40	170	Sound	Stim;40;test;1;47;2	Stim	40	test	1	47	2	3794093	0	4			0		other	0
40	171	Picture	ITI	ITI						3826540	0	1	12012	1	0	next	other	0
40	172	Sound	Stim;40;test;1;48;5	Stim	40	test	1	48	5	3838457	0	4			0		other	0
40	173	Picture	ITI	ITI						3879659	0	1	13054	1	0	next	other	0
40	174	Sound	Stim;40;test;1;49;6	Stim	40	test	1	49	6	3892675	0	4			0		other	0
40	175	Picture	Break	Break						3938124	0	1	147135	1	0	next	other	0
40	175	Response	1							4085190	147067	0
40	176	Picture	ITI	ITI						4085258	0	1	10068	1	0	next	other	0
40	177	Response	1							4112547	17221	0


{
   "app": "Presentation Version 20.1 Build 12.04.17",
   "device": "LENOVO 10FGCTO1WW",
   "experiment": "{772213B2-5F0F-4A35-9C2F-36954700C7EA}",
   "os": "Windows 7 64 bit",
   "package": "",
   "parameters": {
      "configuration": "Default configuration"
   },
   "scenario": "Bisection Task with Dynanometer.sce",
   "subject": "40",
   "timestamp": "2018/08/28 08:05:05 GMT"
}
