Scenario - Bisection Task
Logfile written - 08/28/2018 14:40:03

Subject	Trial	Event Type	Code	event_cond(str)	subject_id(num)	block_name(str)	block_number(num)	trial_number(num)	probe(num)	Time	TTime	Uncertainty	Duration	Uncertainty	ReqTime	ReqDur	Stim Type	Pair Index

999	1	Response	1							9951	9743	0
999	2	Picture	ITI	ITI						9999	0	1	13540	1	0	next	other	0
999	3	Sound	study_1_1_1000	study_1_1_1000						22949	0	537			0		other	0
999	4	Picture	ITI	ITI						53396	0	1	14790	1	0	next	other	0
999	5	Sound	study_1_2_2993	study_1_2_2993						68118	0	4			0		other	0
999	6	Picture	ITI	ITI						118527	0	1	12985	1	0	next	other	0
999	7	Sound	study_1_3_1000	study_1_3_1000						131455	0	4			0		other	0
999	8	Picture	ITI	ITI						161924	0	1	11249	1	0	next	other	0
999	9	Sound	study_1_4_2993	study_1_4_2993						173096	0	4			0		other	0
999	10	Picture	ITI	ITI						223514	0	1	13054	1	0	next	other	0
999	11	Sound	study_1_5_1000	study_1_5_1000						236531	0	4			0		other	0
999	12	Picture	ITI	ITI						266981	0	1	13054	1	0	next	other	0
999	13	Sound	study_1_6_2993	study_1_6_2993						279983	0	4			0		other	0
999	14	Picture	ITI	ITI						330376	0	1	14234	1	0	next	other	0
999	15	Sound	study_1_7_1000	study_1_7_1000						344563	0	4			0		other	0
999	16	Picture	ITI	ITI						375023	0	1	14234	1	0	next	other	0
999	17	Sound	study_1_8_2993	study_1_8_2993						389195	0	4			0		other	0
999	18	Picture	ITI	ITI						439598	0	1	17081	1	0	next	other	0
999	19	Sound	study_1_9_1000	study_1_9_1000						456606	0	4			0		other	0
999	20	Picture	ITI	ITI						487092	0	1	14095	1	0	next	other	0
999	21	Sound	study_1_10_2993	study_1_10_2993						501094	0	4			0		other	0
999	22	Picture	End_Block	End_Block						551529	0	1	113736	1	0	next	other	0
999	22	Response	1							665105	113576	0
999	23	Picture	Break	Break						665265	0	1	9443	1	0	next	other	0
999	23	Response	1							674625	9360	0
999	24	Picture	ITI	ITI						674708	0	1	10138	1	0	next	other	0
999	25	Response	1							698543	13697	0
999	26	Picture	ITI	ITI						698594	0	1	10068	1	0	next	other	0
999	27	Sound	practice_1_1_1441	practice_1_1_1441						708620	0	4			0		other	0
999	28	Picture	Feedback	Feedback						743519	0	1	1042	1	0	next	other	0
999	29	Picture	ITI	ITI						744560	0	1	10068	1	0	next	other	0
999	30	Sound	practice_1_2_1000	practice_1_2_1000						754565	0	4			0		other	0
999	31	Picture	Feedback	Feedback						785042	0	1	5069	1	0	next	other	0
999	32	Picture	ITI	ITI						790110	0	1	10068	1	0	next	other	0
999	33	Sound	practice_1_3_2493	practice_1_3_2493						800134	0	4			0		other	0
999	34	Picture	Feedback	Feedback						845520	0	1	1042	1	0	next	other	0
999	35	Picture	ITI	ITI						846562	0	1	10068	1	0	next	other	0
999	36	Sound	practice_1_4_2993	practice_1_4_2993						856571	0	4			0		other	0
999	37	Picture	Feedback	Feedback						906971	0	1	5069	1	0	next	other	0
999	38	Picture	ITI	ITI						912040	0	1	10068	1	0	next	other	0
999	39	Sound	practice_1_5_1730	practice_1_5_1730						922066	0	4			0		other	0
999	40	Picture	Feedback	Feedback						959812	0	1	1042	1	0	next	other	0
999	41	Picture	ITI	ITI						960853	0	1	10068	1	0	next	other	0
999	42	Sound	practice_1_6_2077	practice_1_6_2077						970875	0	4			0		other	0
999	43	Picture	Feedback	Feedback						1012097	0	1	1042	1	0	next	other	0
999	44	Picture	ITI	ITI						1013138	0	1	10068	1	0	next	other	0
999	45	Sound	practice_1_7_1200	practice_1_7_1200						1023159	0	4			0		other	0
999	46	Picture	Feedback	Feedback						1055633	0	1	1111	1	0	next	other	0
999	47	Picture	Break	Break						1056744	0	1	10971	1	0	next	other	0
999	47	Response	1							1067637	10893	0
999	48	Picture	ITI	ITI						1067715	0	1	10068	1	0	next	other	0
999	49	Sound	practice_2_1_1200	practice_2_1_1200						1077719	0	5			0		other	0
999	50	Picture	Feedback	Feedback						1110210	0	1	1042	1	0	next	other	0
999	51	Picture	ITI	ITI						1111251	0	1	10068	1	0	next	other	0
999	52	Sound	practice_2_2_1441	practice_2_2_1441						1121256	0	4			0		other	0
999	53	Picture	Feedback	Feedback						1156107	0	1	1042	1	0	next	other	0
999	54	Picture	ITI	ITI						1157148	0	1	10068	1	0	next	other	0
999	55	Sound	practice_2_3_1000	practice_2_3_1000						1167152	0	4			0		other	0
999	56	Picture	Feedback	Feedback						1197629	0	1	5069	1	0	next	other	0
999	57	Picture	ITI	ITI						1202698	0	1	10068	1	0	next	other	0
999	58	Sound	practice_2_4_1730	practice_2_4_1730						1212704	0	4			0		other	0
999	59	Picture	Feedback	Feedback						1250470	0	1	1042	1	0	next	other	0
999	60	Picture	ITI	ITI						1251511	0	1	10068	1	0	next	other	0
999	61	Sound	practice_2_5_2077	practice_2_5_2077						1261518	0	4			0		other	0
999	62	Picture	Feedback	Feedback						1302755	0	1	1042	1	0	next	other	0
999	63	Picture	ITI	ITI						1303797	0	1	10068	1	0	next	other	0
999	64	Sound	practice_2_6_2993	practice_2_6_2993						1313806	0	4			0		other	0
999	65	Picture	Feedback	Feedback						1364206	0	1	5069	1	0	next	other	0
999	66	Picture	ITI	ITI						1369275	0	1	10068	1	0	next	other	0
999	67	Sound	practice_2_7_2493	practice_2_7_2493						1379282	0	4			0		other	0
999	68	Picture	Feedback	Feedback						1424684	0	1	1111	1	0	next	other	0
999	69	Picture	Break	Break						1425795	0	1	13471	1	0	next	other	0
999	69	Response	1							1439211	13415	0
999	70	Picture	ITI	ITI						1439266	0	1	10068	1	0	next	other	0
999	71	Sound	practice_3_1_1000	practice_3_1_1000						1449270	0	4			0		other	0
999	72	Picture	Feedback	Feedback						1479747	0	1	5069	1	0	next	other	0
999	73	Picture	ITI	ITI						1484816	0	1	10068	1	0	next	other	0
999	74	Sound	practice_3_2_2993	practice_3_2_2993						1494825	0	4			0		other	0
999	75	Picture	Feedback	Feedback						1545225	0	1	5069	1	0	next	other	0
999	76	Picture	ITI	ITI						1550294	0	1	10068	1	0	next	other	0
999	77	Sound	practice_3_3_1730	practice_3_3_1730						1560300	0	4			0		other	0
999	78	Picture	Feedback	Feedback						1598066	0	1	1042	1	0	next	other	0
999	79	Picture	ITI	ITI						1599107	0	1	10068	1	0	next	other	0
999	80	Sound	practice_3_4_1200	practice_3_4_1200						1609112	0	4			0		other	0
999	81	Picture	Feedback	Feedback						1641602	0	1	1041	1	0	next	other	0
999	82	Picture	ITI	ITI						1642643	0	1	10068	1	0	next	other	0
999	83	Sound	practice_3_5_2493	practice_3_5_2493						1652650	0	4			0		other	0
999	84	Picture	Feedback	Feedback						1698053	0	1	1042	1	0	next	other	0
999	85	Picture	ITI	ITI						1699095	0	1	10068	1	0	next	other	0
999	86	Sound	practice_3_6_2077	practice_3_6_2077						1709101	0	4			0		other	0
999	87	Picture	Feedback	Feedback						1750338	0	1	1042	1	0	next	other	0
999	88	Picture	ITI	ITI						1751380	0	1	10068	1	0	next	other	0
999	89	Sound	practice_3_7_1441	practice_3_7_1441						1761385	0	4			0		other	0
999	90	Picture	Feedback	Feedback						1796235	0	1	1111	1	0	next	other	0
999	91	Picture	Break	Break						1797346	0	1	13193	1	0	next	other	0
999	91	Response	1							1810385	13039	0
999	92	Picture	Break	Break						1810539	0	1	10832	1	0	next	other	0
999	92	Response	1							1821264	10725	0
999	93	Response	1							1828704	7333	0
999	94	Picture	ITI	ITI						1828801	0	1	13339	1	0	next	other	0


{
   "app": "Presentation Version 20.1 Build 12.04.17",
   "device": "LENOVO 10FGCTO1WW",
   "experiment": "{772213B2-5F0F-4A35-9C2F-36954700C7EA}",
   "os": "Windows 7 64 bit",
   "package": "",
   "parameters": {
      "configuration": "Default configuration"
   },
   "scenario": "Bisection Task with Dynanometer.sce",
   "subject": "999",
   "timestamp": "2018/08/28 06:36:55 GMT"
}
