Scenario - Bisection Task
Logfile written - 09/07/2018 16:28:49

Subject	Trial	Event Type	Code	event_cond(str)	subject_id(num)	block_name(str)	block_number(num)	trial_number(num)	probe(num)	ITI(num)	Time	TTime	Uncertainty	Duration	Uncertainty	ReqTime	ReqDur	Stim Type	Pair Index

1	1	Picture	Instruction	Instruction							139	0	1	5555	1	0	next	other	0
1	1	Response	1								5658	5519	0
1	2	Picture	ITI	ITI							5693	0	1	15137	1	0	next	other	0
1	3	Sound	Stim;1;study;1;1;1;1454	Stim	1	study	1	1	1	1454	20264	0	501			0		other	0
1	4	Picture	End_Block	End_Block							50409	0	1	6249	1	0	next	other	0
1	4	Response	1								56532	6124	0
1	5	Picture	Break	Break							56658	0	1	3888	1	0	next	other	0
1	5	Response	1								60452	3794	0
1	6	Picture	ITI	ITI							60546	0	1	10137	1	0	next	other	0
1	7	Picture	Instruction	Instruction							70683	0	1	15831	1	0	next	other	0
1	7	Response	1								86370	15686	1
1	8	Picture	Break	Break							86514	0	1	4097	1	0	next	other	0
1	8	Response	1								90529	4015	0
1	9	Picture	Instruction	Instruction							90611	0	1	5346	1	0	next	other	0
1	9	Response	1								95889	5278	0
1	10	Picture	ITI	ITI							95957	0	1	10068	1	0	next	other	0
1	11	Picture	ITI	ITI							106025	0	1	17358	1	0	next	other	0
1	12	Sound	Stim;1;test;1;1;4;1731	Stim	1	test	1	1	4	1731	123342	0	4			0		other	0
1	13	Picture	ITI	ITI							160739	0	1	11873	1	0	next	other	0
1	14	Sound	Stim;1;test;1;2;4;1178	Stim	1	test	1	2	4	1178	172525	0	4			0		other	0
1	15	Picture	ITI	ITI							209898	0	1	15206	1	0	next	other	0
1	16	Sound	Stim;1;test;1;3;1;1510	Stim	1	test	1	3	1	1510	225003	0	4			0		other	0
1	17	Picture	ITI	ITI							255099	0	1	11665	1	0	next	other	0
1	18	Sound	Stim;1;test;1;4;1;1160	Stim	1	test	1	4	1	1160	266705	0	4			0		other	0
1	19	Picture	ITI	ITI							296760	0	1	15275	1	0	next	other	0
1	20	Sound	Stim;1;test;1;5;5;1518	Stim	1	test	1	5	5	1518	311947	0	4			0		other	0
1	21	Picture	ITI	ITI							352793	0	1	17706	1	0	next	other	0
1	22	Sound	Stim;1;test;1;6;6;1762	Stim	1	test	1	6	6	1762	370421	0	4			0		other	0
1	23	Picture	ITI	ITI							415422	0	1	19303	1	0	next	other	0
1	24	Sound	Stim;1;test;1;7;7;1920	Stim	1	test	1	7	7	1920	434634	0	4			0		other	0
1	25	Picture	ITI	ITI							484647	0	1	12359	1	0	next	other	0
1	26	Sound	Stim;1;test;1;8;6;1226	Stim	1	test	1	8	6	1226	496915	0	4			0		other	0
1	27	Picture	ITI	ITI							541930	0	1	16803	1	0	next	other	0
1	28	Sound	Stim;1;test;1;9;5;1671	Stim	1	test	1	9	5	1671	558647	0	4			0		other	0
1	29	Picture	ITI	ITI							599491	0	1	15345	1	0	next	other	0
1	30	Sound	Stim;1;test;1;10;7;1524	Stim	1	test	1	10	7	1524	614741	0	5			0		other	0
1	31	Picture	ITI	ITI							664758	0	1	14025	1	0	next	other	0
1	32	Sound	Stim;1;test;1;11;5;1396	Stim	1	test	1	11	5	1396	678725	0	4			0		other	0
1	33	Picture	ITI	ITI							719542	0	1	13262	1	0	next	other	0
1	34	Sound	Stim;1;test;1;12;3;1322	Stim	1	test	1	12	3	1322	732767	0	4			0		other	0
1	35	Picture	ITI	ITI							767243	0	1	11873	1	0	next	other	0
1	36	Sound	Stim;1;test;1;13;2;1180	Stim	1	test	1	13	2	1180	779048	0	4			0		other	0
1	37	Picture	ITI	ITI							811125	0	1	17220	1	0	next	other	0
1	38	Sound	Stim;1;test;1;14;7;1715	Stim	1	test	1	14	7	1715	828285	0	4			0		other	0
1	39	Picture	ITI	ITI							878267	0	1	11665	1	0	next	other	0
1	40	Sound	Stim;1;test;1;15;2;1156	Stim	1	test	1	15	2	1156	889832	0	4			0		other	0
1	41	Picture	ITI	ITI							921871	0	1	17914	1	0	next	other	0
1	42	Sound	Stim;1;test;1;16;1;1784	Stim	1	test	1	16	1	1784	939717	0	4			0		other	0
1	43	Picture	ITI	ITI							969781	0	1	14789	1	0	next	other	0
1	44	Sound	Stim;1;test;1;17;2;1469	Stim	1	test	1	17	2	1469	984476	0	4			0		other	0
1	45	Picture	ITI	ITI							1016510	0	1	10415	1	0	next	other	0
1	46	Sound	Stim;1;test;1;18;5;1033	Stim	1	test	1	18	5	1033	1026847	0	4			0		other	0
1	47	Picture	ITI	ITI							1067682	0	1	16872	1	0	next	other	0
1	48	Sound	Stim;1;test;1;19;2;1683	Stim	1	test	1	19	2	1683	1084518	0	4			0		other	0
1	49	Picture	ITI	ITI							1116564	0	1	10137	1	0	next	other	0
1	50	Sound	Stim;1;test;1;20;4;1007	Stim	1	test	1	20	4	1007	1126640	0	4			0		other	0
1	51	Picture	ITI	ITI							1163987	0	1	17775	1	0	next	other	0
1	52	Sound	Stim;1;test;1;21;6;1772	Stim	1	test	1	21	6	1772	1181715	0	4			0		other	0
1	53	Picture	ITI	ITI							1226685	0	1	12081	1	0	next	other	0
1	54	Sound	Stim;1;test;1;22;4;1203	Stim	1	test	1	22	4	1203	1238722	0	4			0		other	0
1	55	Picture	ITI	ITI							1276122	0	1	15067	1	0	next	other	0
1	56	Sound	Stim;1;test;1;23;2;1498	Stim	1	test	1	23	2	1498	1291108	0	4			0		other	0
1	57	Picture	ITI	ITI							1323198	0	1	16734	1	0	next	other	0
1	58	Sound	Stim;1;test;1;24;2;1669	Stim	1	test	1	24	2	1669	1339894	0	4			0		other	0
1	59	Picture	ITI	ITI							1371941	0	1	18053	1	0	next	other	0
1	60	Sound	Stim;1;test;1;25;3;1801	Stim	1	test	1	25	3	1801	1389957	0	4			0		other	0
1	61	Picture	ITI	ITI							1424433	0	1	18053	1	0	next	other	0
1	62	Sound	Stim;1;test;1;26;6;1796	Stim	1	test	1	26	6	1796	1442401	0	4			0		other	0
1	63	Picture	ITI	ITI							1487409	0	1	11040	1	0	next	other	0
1	64	Sound	Stim;1;test;1;27;6;1097	Stim	1	test	1	27	6	1097	1498387	0	4			0		other	0
1	65	Picture	ITI	ITI							1543373	0	1	17636	1	0	next	other	0
1	66	Sound	Stim;1;test;1;28;2;1754	Stim	1	test	1	28	2	1754	1560918	0	4			0		other	0
1	67	Picture	ITI	ITI							1592948	0	1	13678	1	0	next	other	0
1	68	Sound	Stim;1;test;1;29;6;1358	Stim	1	test	1	29	6	1358	1606536	0	4			0		other	0
1	69	Picture	ITI	ITI							1651550	0	1	18192	1	0	next	other	0
1	70	Sound	Stim;1;test;1;30;1;1812	Stim	1	test	1	30	1	1812	1669675	0	4			0		other	0
1	71	Picture	ITI	ITI							1699737	0	1	10485	1	0	next	other	0
1	72	Sound	Stim;1;test;1;31;6;1041	Stim	1	test	1	31	6	1041	1710155	0	4			0		other	0
1	73	Picture	ITI	ITI							1755145	0	1	11526	1	0	next	other	0
1	74	Sound	Stim;1;test;1;32;3;1142	Stim	1	test	1	32	3	1142	1766571	0	4			0		other	0
1	75	Picture	ITI	ITI							1801041	0	1	17081	1	0	next	other	0
1	76	Sound	Stim;1;test;1;33;7;1701	Stim	1	test	1	33	7	1701	1818060	0	4			0		other	0
1	77	Picture	ITI	ITI							1868045	0	1	13748	1	0	next	other	0
1	78	Sound	Stim;1;test;1;34;3;1368	Stim	1	test	1	34	3	1368	1881730	0	4			0		other	0
1	79	Picture	ITI	ITI							1916232	0	1	10484	1	0	next	other	0
1	80	Sound	Stim;1;test;1;35;3;1044	Stim	1	test	1	35	3	1044	1926678	0	4			0		other	0
1	81	Picture	ITI	ITI							1961155	0	1	12706	1	0	next	other	0
1	82	Sound	Stim;1;test;1;36;5;1262	Stim	1	test	1	36	5	1262	1973782	0	4			0		other	0
1	83	Picture	ITI	ITI							2014619	0	1	13609	1	0	next	other	0
1	84	Sound	Stim;1;test;1;37;5;1351	Stim	1	test	1	37	5	1351	2028136	0	4			0		other	0
1	85	Picture	ITI	ITI							2068986	0	1	18539	1	0	next	other	0
1	86	Sound	Stim;1;test;1;38;4;1849	Stim	1	test	1	38	4	1849	2087482	0	4			0		other	0
1	87	Picture	ITI	ITI							2124880	0	1	17081	1	0	next	other	0
1	88	Sound	Stim;1;test;1;39;7;1700	Stim	1	test	1	39	7	1700	2141889	0	4			0		other	0
1	89	Picture	ITI	ITI							2191883	0	1	17011	1	0	next	other	0
1	90	Sound	Stim;1;test;1;40;4;1696	Stim	1	test	1	40	4	1696	2208850	0	4			0		other	0
1	91	Picture	ITI	ITI							2246250	0	1	14581	1	0	next	other	0
1	92	Sound	Stim;1;test;1;41;3;1450	Stim	1	test	1	41	3	1450	2260756	0	4			0		other	0
1	93	Picture	ITI	ITI							2295201	0	1	14581	1	0	next	other	0
1	94	Sound	Stim;1;test;1;42;1;1450	Stim	1	test	1	42	1	1450	2309706	0	4			0		other	0
1	95	Picture	ITI	ITI							2339777	0	1	11248	1	0	next	other	0
1	96	Sound	Stim;1;test;1;43;3;1120	Stim	1	test	1	43	3	1120	2350983	0	4			0		other	0
1	97	Picture	ITI	ITI							2385464	0	1	14928	1	0	next	other	0
1	98	Sound	Stim;1;test;1;44;4;1489	Stim	1	test	1	44	4	1489	2400361	0	4			0		other	0
1	99	Picture	ITI	ITI							2437748	0	1	10623	1	0	next	other	0
1	100	Sound	Stim;1;test;1;45;5;1057	Stim	1	test	1	45	5	1057	2448326	0	4			0		other	0
1	101	Picture	ITI	ITI							2489129	0	1	19927	1	0	next	other	0
1	102	Sound	Stim;1;test;1;46;1;1985	Stim	1	test	1	46	1	1985	2508984	0	4			0		other	0
1	103	Picture	ITI	ITI							2539052	0	1	19025	1	0	next	other	0
1	104	Sound	Stim;1;test;1;47;7;1892	Stim	1	test	1	47	7	1892	2557982	0	6			0		other	0
1	105	Picture	ITI	ITI							2607999	0	1	12845	1	0	next	other	0
1	106	Sound	Stim;1;test;1;48;7;1275	Stim	1	test	1	48	7	1275	2620759	0	4			0		other	0
1	107	Picture	ITI	ITI							2670767	0	1	16317	1	0	next	other	0
1	108	Sound	Stim;1;test;1;49;1;1622	Stim	1	test	1	49	1	1622	2686993	0	4			0		other	0
1	109	Picture	Instruction	Instruction							2717080	0	1	150189	1	0	next	other	0
1	109	Quit									2860733	143654	NA


{
   "app": "Presentation Version 20.1 Build 12.04.17",
   "device": "LENOVO 10FGCTO1WW",
   "experiment": "{772213B2-5F0F-4A35-9C2F-36954700C7EA}",
   "os": "Windows 7 64 bit",
   "package": "",
   "parameters": {
      "configuration": "Default configuration"
   },
   "scenario": "Bisection Task with Dynanometer.sce",
   "subject": "1",
   "timestamp": "2018/09/07 08:24:01 GMT"
}
