Scenario - Bisection Task
Logfile written - 10/12/2018 16:27:42

Subject	Trial	Event Type	Code	event_cond(str)	subject_id(num)	block_name(str)	block_number(num)	trial_number(num)	probe(num)	ITI(num)	correctAns(num)	resp(num)	accuracy(num)	short(str)	Time	TTime	Uncertainty	Duration	Uncertainty	ReqTime	ReqDur	Stim Type	Pair Index

6	1	Picture	Instruction	Instruction											333	0	1	63823	1	0	next	other	0
6	1	Response	1												64059	63726	0
6	2	Picture	Stim;6;study;1;1;1;1852;1;-1;0;right	Stim	6	study	1	1	1	1852	1	-1	0	right	64157	0	1	22663	1	0	next	other	0
6	4	Picture	Stim;6;study;1;2;7;1985;7;-1;0;right	Stim	6	study	1	2	7	1985	7	-1	0	right	112816	0	1	19997	1	0	next	other	0
6	6	Picture	Stim;6;study;1;3;1;1649;1;-1;0;right	Stim	6	study	1	3	1	1649	1	-1	0	right	182805	0	1	16664	1	0	next	other	0
6	8	Picture	Stim;6;study;1;4;7;1682;7;-1;0;right	Stim	6	study	1	4	7	1682	7	-1	0	right	229464	0	1	16997	1	0	next	other	0
6	10	Picture	Stim;6;study;1;5;1;1009;1;-1;0;right	Stim	6	study	1	5	1	1009	1	-1	0	right	296287	0	1	10165	1	0	next	other	0
6	12	Picture	Stim;6;study;1;6;7;1758;7;-1;0;right	Stim	6	study	1	6	7	1758	7	-1	0	right	336447	0	1	17664	1	0	next	other	0
6	14	Picture	Stim;6;study;1;7;1;1221;1;-1;0;right	Stim	6	study	1	7	1	1221	1	-1	0	right	404104	0	1	12331	1	0	next	other	0
6	16	Picture	Stim;6;study;1;8;7;1701;7;-1;0;right	Stim	6	study	1	8	7	1701	7	-1	0	right	446430	0	1	17164	1	0	next	other	0
6	18	Picture	Stim;6;study;1;9;1;1665;1;-1;0;right	Stim	6	study	1	9	1	1665	1	-1	0	right	513587	0	1	16831	1	0	next	other	0
6	20	Picture	Stim;6;study;1;10;7;1078;7;-1;0;right	Stim	6	study	1	10	7	1078	7	-1	0	right	560413	0	1	10998	1	0	next	other	0
6	22	Picture	End_Block	End_Block											621236	0	1	77655	1	0	next	other	0
6	22	Response	1												698712	77476	1
6	23	Picture	Break	Break											698891	0	1	1833	1	0	next	other	0
6	23	Response	1												700630	1739	0
6	24	Picture	ITI	ITI											700724	0	1	10165	1	0	next	other	0
6	25	Picture	Instruction	Instruction											710889	0	1	211467	1	0	next	other	0
6	25	Response	1												922207	211318	1
6	26	Picture	Instruction	Instruction											922356	0	1	52492	1	0	next	other	0
6	26	Response	1												974762	52406	0
6	27	Picture	Stim;6;practice;1;1;5;1000;1;1;1;right	Stim	6	practice	1	1	5	1000	1	1	1	right	974848	0	1	10165	1	0	next	other	0
6	29	Picture	Feedback	Feedback											1025673	0	1	7165	1	0	next	other	0
6	30	Picture	Stim;6;practice;1;2;7;1000;1;1;1;right	Stim	6	practice	1	2	7	1000	1	1	1	right	1032839	0	1	10165	1	0	next	other	0
6	32	Picture	Feedback	Feedback											1092996	0	1	7166	1	0	next	other	0
6	33	Picture	Stim;6;practice;1;3;1;1000;2;2;1;right	Stim	6	practice	1	3	1	1000	2	2	1	right	1100162	0	1	10165	1	0	next	other	0
6	35	Picture	Feedback	Feedback											1140322	0	1	7166	1	0	next	other	0
6	36	Picture	Stim;6;practice;1;4;2;1000;2;2;1;right	Stim	6	practice	1	4	2	1000	2	2	1	right	1147488	0	1	10165	1	0	next	other	0
6	38	Picture	Feedback	Feedback											1189648	0	1	7166	1	0	next	other	0
6	39	Picture	Stim;6;practice;1;5;4;1000;2;1;0;right	Stim	6	practice	1	5	4	1000	2	1	0	right	1196813	0	1	10165	1	0	next	other	0
6	41	Picture	Feedback	Feedback											1244306	0	1	7166	1	0	next	other	0
6	42	Picture	Stim;6;practice;1;6;6;1000;1;1;1;right	Stim	6	practice	1	6	6	1000	1	1	1	right	1251471	0	1	10165	1	0	next	other	0
6	44	Picture	Feedback	Feedback											1306463	0	1	7166	1	0	next	other	0
6	45	Picture	Stim;6;practice;1;7;3;1000;2;2;1;right	Stim	6	practice	1	7	3	1000	2	2	1	right	1313628	0	1	10165	1	0	next	other	0
6	47	Picture	Feedback	Feedback											1358122	0	1	7165	1	0	next	other	0
6	48	Picture	Stim;6;practice;2;1;3;1000;2;2;1;right	Stim	6	practice	2	1	3	1000	2	2	1	right	1365287	0	1	10165	1	0	next	other	0
6	50	Picture	Feedback	Feedback											1409780	0	1	7166	1	0	next	other	0
6	51	Picture	Stim;6;practice;2;2;7;1000;1;1;1;right	Stim	6	practice	2	2	7	1000	1	1	1	right	1416946	0	1	10165	1	0	next	other	0
6	53	Picture	Feedback	Feedback											1476936	0	1	7166	1	0	next	other	0
6	54	Picture	Stim;6;practice;2;3;6;1000;1;1;1;right	Stim	6	practice	2	3	6	1000	1	1	1	right	1484102	0	1	10165	1	0	next	other	0
6	56	Picture	Feedback	Feedback											1539093	0	1	7166	1	0	next	other	0
6	57	Picture	Stim;6;practice;2;4;1;1000;2;2;1;right	Stim	6	practice	2	4	1	1000	2	2	1	right	1546259	0	1	10165	1	0	next	other	0
6	59	Picture	Feedback	Feedback											1586419	0	1	7166	1	0	next	other	0
6	60	Picture	Stim;6;practice;2;5;4;1000;2;2;1;right	Stim	6	practice	2	5	4	1000	2	2	1	right	1593585	0	1	10165	1	0	next	other	0
6	62	Picture	Feedback	Feedback											1641077	0	1	7166	1	0	next	other	0
6	63	Picture	Stim;6;practice;2;6;2;1000;2;2;1;right	Stim	6	practice	2	6	2	1000	2	2	1	right	1648243	0	1	10165	1	0	next	other	0
6	65	Picture	Feedback	Feedback											1690403	0	1	7166	1	0	next	other	0
6	66	Picture	Stim;6;practice;2;7;5;1000;1;1;1;right	Stim	6	practice	2	7	5	1000	1	1	1	right	1697569	0	1	10165	1	0	next	other	0
6	68	Picture	Feedback	Feedback											1748561	0	1	7166	1	0	next	other	0
6	69	Picture	Stim;6;practice;3;1;1;1000;2;2;1;right	Stim	6	practice	3	1	1	1000	2	2	1	right	1755726	0	1	10165	1	0	next	other	0
6	71	Picture	Feedback	Feedback											1795886	0	1	7166	1	0	next	other	0
6	72	Picture	Stim;6;practice;3;2;7;1000;1;1;1;right	Stim	6	practice	3	2	7	1000	1	1	1	right	1803052	0	1	10165	1	0	next	other	0
6	74	Picture	Feedback	Feedback											1863043	0	1	7166	1	0	next	other	0
6	75	Picture	Stim;6;practice;3;3;5;1000;1;1;1;right	Stim	6	practice	3	3	5	1000	1	1	1	right	1870208	0	1	10165	1	0	next	other	0
6	77	Picture	Feedback	Feedback											1921034	0	1	7166	1	0	next	other	0
6	78	Picture	Stim;6;practice;3;4;2;1000;2;2;1;right	Stim	6	practice	3	4	2	1000	2	2	1	right	1928199	0	1	10165	1	0	next	other	0
6	80	Picture	Feedback	Feedback											1970359	0	1	7166	1	0	next	other	0
6	81	Picture	Stim;6;practice;3;5;4;1000;2;0;0;right	Stim	6	practice	3	5	4	1000	2	0	0	right	1977525	0	1	10165	1	0	next	other	0
6	83	Picture	Feedback	Feedback											2025017	0	1	7166	1	0	next	other	0
6	84	Picture	Stim;6;practice;3;6;6;1000;1;1;1;right	Stim	6	practice	3	6	6	1000	1	1	1	right	2032183	0	1	10165	1	0	next	other	0
6	86	Picture	Feedback	Feedback											2087174	0	1	7166	1	0	next	other	0
6	87	Picture	Stim;6;practice;3;7;3;1000;2;2;1;right	Stim	6	practice	3	7	3	1000	2	2	1	right	2094340	0	1	10165	1	0	next	other	0
6	89	Picture	Feedback	Feedback											2138833	0	1	7166	1	0	next	other	0
6	90	Picture	Break	Break											2145999	0	1	26829	1	0	next	other	0
6	90	Response	1												2172715	26716	1
6	91	Picture	Instruction	Instruction											2172828	0	1	3999	1	0	next	other	0
6	91	Response	1												2176633	3806	0
6	92	Picture	ITI	ITI											2176827	0	1	10165	1	0	next	other	0
6	93	Picture	Instruction	Instruction											2186992	0	1	591408	1	0	next	other	0
6	93	Response	1												2778169	591177	1
6	94	Picture	Stim;6;test;1;1;3;1894;2;2;1;right	Stim	6	test	1	1	3	1894	2	2	1	right	2778400	0	1	18997	1	0	next	other	0
6	96	Picture	Stim;6;test;1;2;3;1673;2;2;1;right	Stim	6	test	1	2	3	1673	2	2	1	right	2831892	0	1	16831	1	0	next	other	0
6	98	Picture	Stim;6;test;1;3;4;1153;2;1;0;right	Stim	6	test	1	3	4	1153	2	1	0	right	2883217	0	1	11665	1	0	next	other	0
6	100	Picture	Stim;6;test;1;4;5;1999;1;1;1;right	Stim	6	test	1	4	5	1999	1	1	1	right	2932209	0	1	20164	1	0	next	other	0
6	102	Picture	Stim;6;test;1;5;5;1831;1;2;0;right	Stim	6	test	1	5	5	1831	1	2	0	right	2993033	0	1	18497	1	0	next	other	0
6	104	Picture	Stim;6;test;1;6;3;1536;2;2;1;right	Stim	6	test	1	6	3	1536	2	2	1	right	3052191	0	1	15498	1	0	next	other	0
6	106	Picture	Stim;6;test;1;7;7;1165;1;1;1;right	Stim	6	test	1	7	7	1165	1	1	1	right	3102016	0	1	11831	1	0	next	other	0
6	108	Picture	Stim;6;test;1;8;2;1929;2;2;1;right	Stim	6	test	1	8	2	1929	2	2	1	right	3163673	0	1	19497	1	0	next	other	0
6	110	Picture	Stim;6;test;1;9;1;1717;2;2;1;right	Stim	6	test	1	9	1	1717	2	2	1	right	3215165	0	1	17331	1	0	next	other	0
6	112	Picture	Stim;6;test;1;10;1;1192;2;2;1;right	Stim	6	test	1	10	1	1192	2	2	1	right	3262491	0	1	11998	1	0	next	other	0
6	114	Picture	Stim;6;test;1;11;7;1558;1;1;1;right	Stim	6	test	1	11	7	1558	1	1	1	right	3304485	0	1	15664	1	0	next	other	0
6	116	Picture	Stim;6;test;1;12;3;1054;2;2;1;right	Stim	6	test	1	12	3	1054	2	2	1	right	3370141	0	1	10665	1	0	next	other	0
6	118	Picture	Stim;6;test;1;13;5;1857;1;2;0;right	Stim	6	test	1	13	5	1857	1	2	0	right	3415134	0	1	18664	1	0	next	other	0
6	120	Picture	Stim;6;test;1;14;2;1053;2;2;1;right	Stim	6	test	1	14	2	1053	2	2	1	right	3474625	0	1	10665	1	0	next	other	0
6	122	Picture	Stim;6;test;1;15;7;1494;1;1;1;right	Stim	6	test	1	15	7	1494	1	1	1	right	3517285	0	1	14998	1	0	next	other	0
6	124	Picture	Stim;6;test;1;16;4;1510;2;2;1;right	Stim	6	test	1	16	4	1510	2	2	1	right	3582275	0	1	15164	1	0	next	other	0
6	126	Picture	Stim;6;test;1;17;6;1210;1;1;1;right	Stim	6	test	1	17	6	1210	1	1	1	right	3634766	0	1	12165	1	0	next	other	0
6	128	Picture	Stim;6;test;1;18;1;1509;2;2;1;right	Stim	6	test	1	18	1	1509	2	2	1	right	3691924	0	1	15164	1	0	next	other	0
6	130	Picture	Stim;6;test;1;19;6;1528;1;1;1;right	Stim	6	test	1	19	6	1528	1	1	1	right	3737084	0	1	15331	1	0	next	other	0
6	132	Picture	Stim;6;test;1;20;7;1091;1;1;1;right	Stim	6	test	1	20	7	1091	1	1	1	right	3797408	0	1	10998	1	0	next	other	0
6	134	Picture	Stim;6;test;1;21;7;1082;1;1;1;right	Stim	6	test	1	21	7	1082	1	1	1	right	3858398	0	1	10998	1	0	next	other	0
6	136	Picture	Stim;6;test;1;22;5;1009;1;2;0;right	Stim	6	test	1	22	5	1009	1	2	0	right	3919222	0	1	10165	1	0	next	other	0
6	138	Picture	Stim;6;test;1;23;6;1649;1;0;0;right	Stim	6	test	1	23	6	1649	1	0	0	right	3970214	0	1	16664	1	0	next	other	0
6	140	Picture	Stim;6;test;1;24;3;1349;2;2;1;right	Stim	6	test	1	24	3	1349	2	2	1	right	4031705	0	1	13665	1	0	next	other	0
6	142	Picture	Stim;6;test;1;25;2;1559;2;2;1;right	Stim	6	test	1	25	2	1559	2	2	1	right	4079697	0	1	15664	1	0	next	other	0
6	144	Picture	Stim;6;test;1;26;6;1283;1;1;1;right	Stim	6	test	1	26	6	1283	1	1	1	right	4127357	0	1	12998	1	0	next	other	0
6	146	Picture	Stim;6;test;1;27;6;1656;1;1;1;right	Stim	6	test	1	27	6	1656	1	1	1	right	4185181	0	1	16664	1	0	next	other	0
6	148	Picture	Stim;6;test;1;28;5;1472;1;2;0;right	Stim	6	test	1	28	5	1472	1	2	0	right	4246838	0	1	14831	1	0	next	other	0
6	150	Picture	Stim;6;test;1;29;7;1553;1;1;1;right	Stim	6	test	1	29	7	1553	1	1	1	right	4302496	0	1	15664	1	0	next	other	0
6	152	Picture	Stim;6;test;1;30;6;1419;1;1;1;right	Stim	6	test	1	30	6	1419	1	1	1	right	4368152	0	1	14331	1	0	next	other	0
6	154	Picture	Stim;6;test;1;31;2;1628;2;2;1;right	Stim	6	test	1	31	2	1628	2	2	1	right	4427476	0	1	16330	1	0	next	other	0
6	156	Picture	Stim;6;test;1;32;4;1780;2;2;1;right	Stim	6	test	1	32	4	1780	2	2	1	right	4475802	0	1	17997	1	0	next	other	0
6	158	Picture	Stim;6;test;1;33;7;1559;1;1;1;right	Stim	6	test	1	33	7	1559	1	1	1	right	4530960	0	1	15664	1	0	next	other	0
6	160	Picture	Stim;6;test;1;34;1;1765;2;2;1;right	Stim	6	test	1	34	1	1765	2	2	1	right	4596617	0	1	17831	1	0	next	other	0
6	162	Picture	Stim;6;test;1;35;2;1216;2;1;0;right	Stim	6	test	1	35	2	1216	2	1	0	right	4644443	0	1	12331	1	0	next	other	0
6	164	Picture	Stim;6;test;1;36;5;1924;1;2;0;right	Stim	6	test	1	36	5	1924	1	2	0	right	4688769	0	1	19330	1	0	next	other	0
6	166	Picture	Stim;6;test;1;37;4;1588;2;2;1;right	Stim	6	test	1	37	4	1588	2	2	1	right	4748926	0	1	15997	1	0	next	other	0
6	168	Picture	Stim;6;test;1;38;1;1723;2;2;1;right	Stim	6	test	1	38	1	1723	2	2	1	right	4802251	0	1	17331	1	0	next	other	0
6	170	Picture	Stim;6;test;1;39;4;1731;2;2;1;right	Stim	6	test	1	39	4	1731	2	2	1	right	4849577	0	1	17497	1	0	next	other	0
6	172	Picture	Stim;6;test;1;40;2;1059;2;2;1;right	Stim	6	test	1	40	2	1059	2	2	1	right	4904236	0	1	10665	1	0	next	other	0
6	174	Picture	Stim;6;test;1;41;2;1287;2;2;1;right	Stim	6	test	1	41	2	1287	2	2	1	right	4946896	0	1	12998	1	0	next	other	0
6	176	Picture	Stim;6;test;1;42;3;1326;2;2;1;right	Stim	6	test	1	42	3	1326	2	2	1	right	4991888	0	1	13331	1	0	next	other	0
6	178	Picture	Stim;6;test;1;43;6;1646;1;1;1;right	Stim	6	test	1	43	6	1646	1	1	1	right	5039714	0	1	16664	1	0	next	other	0
6	180	Picture	Stim;6;test;1;44;4;1008;2;2;1;right	Stim	6	test	1	44	4	1008	2	2	1	right	5101205	0	1	10165	1	0	next	other	0
6	182	Picture	Stim;6;test;1;45;4;1034;2;0;0;right	Stim	6	test	1	45	4	1034	2	0	0	right	5148697	0	1	10498	1	0	next	other	0
6	184	Picture	Stim;6;test;1;46;3;1464;2;2;1;right	Stim	6	test	1	46	3	1464	2	2	1	right	5196523	0	1	14831	1	0	next	other	0
6	186	Picture	Stim;6;test;1;47;1;1717;2;2;1;right	Stim	6	test	1	47	1	1717	2	2	1	right	5245682	0	1	17331	1	0	next	other	0
6	188	Picture	Stim;6;test;1;48;5;1960;1;1;1;right	Stim	6	test	1	48	5	1960	1	1	1	right	5293008	0	1	19664	1	0	next	other	0
6	190	Picture	Stim;6;test;1;49;1;1061;2;2;1;right	Stim	6	test	1	49	1	1061	2	2	1	right	5353499	0	1	10665	1	0	next	other	0
6	192	Picture	Instruction	Instruction											5394326	0	1	157142	1	0	next	other	0
6	192	Response	1												5551234	156908	1
6	193	Picture	Break	Break											5551468	0	1	38661	1	0	next	other	0
6	193	Response	1												5590029	38561	0
6	194	Picture	ITI	ITI											5590129	0	1	20164	1	0	next	other	0
6	195	Picture	Stim;6;test;2;1;2;1461;2;2;1;right	Stim	6	test	2	1	2	1461	2	2	1	right	5610292	0	1	14664	1	0	next	other	0
6	197	Picture	Stim;6;test;2;2;4;1117;2;1;0;right	Stim	6	test	2	2	4	1117	2	1	0	right	5656952	0	1	11332	1	0	next	other	0
6	199	Picture	Stim;6;test;2;3;6;1705;1;1;1;right	Stim	6	test	2	3	6	1705	1	1	1	right	5705611	0	1	17164	1	0	next	other	0
6	201	Picture	Stim;6;test;2;4;6;1463;1;1;1;right	Stim	6	test	2	4	6	1463	1	1	1	right	5767768	0	1	14831	1	0	next	other	0
6	203	Picture	Stim;6;test;2;5;2;1585;2;2;1;right	Stim	6	test	2	5	2	1585	2	2	1	right	5827425	0	1	15997	1	0	next	other	0
6	205	Picture	Stim;6;test;2;6;2;1625;2;2;1;right	Stim	6	test	2	6	2	1625	2	2	1	right	5875418	0	1	16331	1	0	next	other	0
6	207	Picture	Stim;6;test;2;7;5;1602;1;1;1;right	Stim	6	test	2	7	5	1602	1	1	1	right	5923744	0	1	16164	1	0	next	other	0
6	209	Picture	Stim;6;test;2;8;2;1212;2;2;1;right	Stim	6	test	2	8	2	1212	2	2	1	right	5980735	0	1	12165	1	0	next	other	0
6	211	Picture	Stim;6;test;2;9;3;1455;2;2;1;right	Stim	6	test	2	9	3	1455	2	2	1	right	6025061	0	1	14664	1	0	next	other	0
6	213	Picture	Stim;6;test;2;10;1;1979;2;2;1;right	Stim	6	test	2	10	1	1979	2	2	1	right	6074220	0	1	19997	1	0	next	other	0
6	215	Picture	Stim;6;test;2;11;2;1686;2;2;1;right	Stim	6	test	2	11	2	1686	2	2	1	right	6124212	0	1	16997	1	0	next	other	0
6	217	Picture	Stim;6;test;2;12;7;1181;1;1;1;right	Stim	6	test	2	12	7	1181	1	1	1	right	6173205	0	1	11998	1	0	next	other	0
6	219	Picture	Stim;6;test;2;13;2;1666;2;2;1;right	Stim	6	test	2	13	2	1666	2	2	1	right	6235028	0	1	16831	1	0	next	other	0
6	221	Picture	Stim;6;test;2;14;1;1926;2;2;1;right	Stim	6	test	2	14	1	1926	2	2	1	right	6283854	0	1	19330	1	0	next	other	0
6	223	Picture	Stim;6;test;2;15;3;1488;2;2;1;right	Stim	6	test	2	15	3	1488	2	2	1	right	6333180	0	1	14998	1	0	next	other	0
6	225	Picture	Stim;6;test;2;16;4;1256;2;2;1;right	Stim	6	test	2	16	4	1256	2	2	1	right	6382672	0	1	12665	1	0	next	other	0
6	227	Picture	Stim;6;test;2;17;3;1653;2;2;1;right	Stim	6	test	2	17	3	1653	2	2	1	right	6432664	0	1	16664	1	0	next	other	0
6	229	Picture	Stim;6;test;2;18;6;1319;1;1;1;right	Stim	6	test	2	18	6	1319	1	1	1	right	6483656	0	1	13331	1	0	next	other	0
6	231	Picture	Stim;6;test;2;19;3;1291;2;2;1;right	Stim	6	test	2	19	3	1291	2	2	1	right	6541981	0	1	12998	1	0	next	other	0
6	233	Picture	Stim;6;test;2;20;2;1153;2;2;1;right	Stim	6	test	2	20	2	1153	2	2	1	right	6589473	0	1	11665	1	0	next	other	0
6	235	Picture	Stim;6;test;2;21;6;1131;1;1;1;right	Stim	6	test	2	21	6	1131	1	1	1	right	6633133	0	1	11498	1	0	next	other	0
6	237	Picture	Stim;6;test;2;22;7;1734;1;1;1;right	Stim	6	test	2	22	7	1734	1	1	1	right	6689458	0	1	17497	1	0	next	other	0
6	239	Picture	Stim;6;test;2;23;6;1797;1;1;1;right	Stim	6	test	2	23	6	1797	1	1	1	right	6756781	0	1	18164	1	0	next	other	0
6	241	Picture	Stim;6;test;2;24;4;1058;2;2;1;right	Stim	6	test	2	24	4	1058	2	2	1	right	6819771	0	1	10665	1	0	next	other	0
6	243	Picture	Stim;6;test;2;25;7;1810;1;1;1;right	Stim	6	test	2	25	7	1810	1	1	1	right	6867763	0	1	18164	1	0	next	other	0
6	245	Picture	Stim;6;test;2;26;1;1051;2;2;1;right	Stim	6	test	2	26	1	1051	2	2	1	right	6935919	0	1	10665	1	0	next	other	0
6	247	Picture	Stim;6;test;2;27;4;1901;2;2;1;right	Stim	6	test	2	27	4	1901	2	2	1	right	6976580	0	1	19164	1	0	next	other	0
6	249	Picture	Stim;6;test;2;28;1;1913;2;2;1;right	Stim	6	test	2	28	1	1913	2	2	1	right	7033071	0	1	19330	1	0	next	other	0
6	251	Picture	Stim;6;test;2;29;1;1448;2;2;1;right	Stim	6	test	2	29	1	1448	2	2	1	right	7082397	0	1	14664	1	0	next	other	0
6	253	Picture	Stim;6;test;2;30;5;1683;1;2;0;right	Stim	6	test	2	30	5	1683	1	2	0	right	7127056	0	1	16997	1	0	next	other	0
6	255	Picture	Stim;6;test;2;31;7;1022;1;1;1;right	Stim	6	test	2	31	7	1022	1	1	1	right	7184714	0	1	10332	1	0	next	other	0
6	257	Picture	Stim;6;test;2;32;5;1032;1;2;0;right	Stim	6	test	2	32	5	1032	1	2	0	right	7245038	0	1	10498	1	0	next	other	0
6	259	Picture	Stim;6;test;2;33;5;1572;1;2;0;right	Stim	6	test	2	33	5	1572	1	2	0	right	7296197	0	1	15831	1	0	next	other	0
6	261	Picture	Stim;6;test;2;34;4;1854;2;2;1;right	Stim	6	test	2	34	4	1854	2	2	1	right	7352855	0	1	18664	1	0	next	other	0
6	263	Picture	Stim;6;test;2;35;5;1495;1;2;0;right	Stim	6	test	2	35	5	1495	1	2	0	right	7408846	0	1	14998	1	0	next	other	0
6	265	Picture	Stim;6;test;2;36;6;1560;1;1;1;right	Stim	6	test	2	36	6	1560	1	1	1	right	7464670	0	1	15664	1	0	next	other	0
6	267	Picture	Stim;6;test;2;37;5;1404;1;2;0;right	Stim	6	test	2	37	5	1404	1	2	0	right	7525328	0	1	14164	1	0	next	other	0
6	269	Picture	Stim;6;test;2;38;1;1938;2;2;1;right	Stim	6	test	2	38	1	1938	2	2	1	right	7580319	0	1	19497	1	0	next	other	0
6	271	Picture	Stim;6;test;2;39;6;1870;1;1;1;right	Stim	6	test	2	39	6	1870	1	1	1	right	7629811	0	1	18830	1	0	next	other	0
6	273	Picture	Stim;6;test;2;40;1;1317;2;2;1;right	Stim	6	test	2	40	1	1317	2	2	1	right	7693635	0	1	13331	1	0	next	other	0
6	275	Picture	Stim;6;test;2;41;7;1494;1;1;1;right	Stim	6	test	2	41	7	1494	1	1	1	right	7736961	0	1	14998	1	0	next	other	0
6	277	Picture	Stim;6;test;2;42;7;1899;1;1;1;right	Stim	6	test	2	42	7	1899	1	1	1	right	7801951	0	1	19164	1	0	next	other	0
6	279	Picture	Stim;6;test;2;43;3;1094;2;2;1;right	Stim	6	test	2	43	3	1094	2	2	1	right	7870941	0	1	11165	1	0	next	other	0
6	281	Picture	Stim;6;test;2;44;5;1401;1;2;0;right	Stim	6	test	2	44	5	1401	1	2	0	right	7916433	0	1	14164	1	0	next	other	0
6	283	Picture	Stim;6;test;2;45;3;1509;2;2;1;right	Stim	6	test	2	45	3	1509	2	2	1	right	7971258	0	1	15164	1	0	next	other	0
6	285	Picture	Stim;6;test;2;46;3;1296;2;0;0;right	Stim	6	test	2	46	3	1296	2	0	0	right	8020917	0	1	13165	1	0	next	other	0
6	287	Picture	Stim;6;test;2;47;7;1134;1;1;1;right	Stim	6	test	2	47	7	1134	1	1	1	right	8068410	0	1	11498	1	0	next	other	0
6	289	Picture	Stim;6;test;2;48;4;1874;2;0;0;right	Stim	6	test	2	48	4	1874	2	0	0	right	8129734	0	1	18830	1	0	next	other	0
6	291	Picture	Stim;6;test;2;49;4;1410;2;2;1;right	Stim	6	test	2	49	4	1410	2	2	1	right	8185892	0	1	14164	1	0	next	other	0
6	293	Picture	Instruction	Instruction											8237384	0	1	452096	1	0	next	other	0
6	293	Response	1												8689219	451835	1
6	294	Picture	Break	Break											8689480	0	1	251294	1	0	next	other	0
6	294	Response	1												8940712	251232	0
6	295	Picture	ITI	ITI											8940774	0	1	20164	1	0	next	other	0
6	296	Picture	Stim;6;test;3;1;2;1608;2;2;1;right	Stim	6	test	3	1	2	1608	2	2	1	right	8960938	0	1	16164	1	0	next	other	0
6	298	Picture	Stim;6;test;3;2;7;1930;1;1;1;right	Stim	6	test	3	2	7	1930	1	1	1	right	9009097	0	1	19497	1	0	next	other	0
6	300	Picture	Stim;6;test;3;3;5;1447;1;2;0;right	Stim	6	test	3	3	5	1447	1	2	0	right	9078419	0	1	14665	1	0	next	other	0
6	302	Picture	Stim;6;test;3;4;6;1845;1;1;1;right	Stim	6	test	3	4	6	1845	1	1	1	right	9133744	0	1	18497	1	0	next	other	0
6	304	Picture	Stim;6;test;3;5;2;1409;2;2;1;right	Stim	6	test	3	5	2	1409	2	2	1	right	9197234	0	1	14165	1	0	next	other	0
6	306	Picture	Stim;6;test;3;6;2;1322;2;2;1;right	Stim	6	test	3	6	2	1322	2	2	1	right	9243394	0	1	13331	1	0	next	other	0
6	308	Picture	Stim;6;test;3;7;3;1538;2;2;1;right	Stim	6	test	3	7	3	1538	2	2	1	right	9288720	0	1	15498	1	0	next	other	0
6	310	Picture	Stim;6;test;3;8;3;1012;2;2;1;right	Stim	6	test	3	8	3	1012	2	2	1	right	9338712	0	1	10332	1	0	next	other	0
6	312	Picture	Stim;6;test;3;9;1;1723;2;2;1;right	Stim	6	test	3	9	1	1723	2	2	1	right	9383372	0	1	17331	1	0	next	other	0
6	314	Picture	Stim;6;test;3;10;5;1877;1;2;0;right	Stim	6	test	3	10	5	1877	1	2	0	right	9430698	0	1	18830	1	0	next	other	0
6	316	Picture	Stim;6;test;3;11;4;1962;2;2;1;right	Stim	6	test	3	11	4	1962	2	2	1	right	9490355	0	1	19830	1	0	next	other	0
6	318	Picture	Stim;6;test;3;12;6;1514;1;2;0;right	Stim	6	test	3	12	6	1514	1	2	0	right	9547346	0	1	15331	1	0	next	other	0
6	320	Picture	Stim;6;test;3;13;7;1872;1;1;1;right	Stim	6	test	3	13	7	1872	1	1	1	right	9607504	0	1	18830	1	0	next	other	0
6	322	Picture	Stim;6;test;3;14;4;1939;2;2;1;right	Stim	6	test	3	14	4	1939	2	2	1	right	9676326	0	1	19497	1	0	next	other	0
6	324	Picture	Stim;6;test;3;15;4;1126;2;2;1;right	Stim	6	test	3	15	4	1126	2	2	1	right	9733151	0	1	11332	1	0	next	other	0
6	326	Picture	Stim;6;test;3;16;5;1067;1;2;0;right	Stim	6	test	3	16	5	1067	1	2	0	right	9781810	0	1	10832	1	0	next	other	0
6	328	Picture	Stim;6;test;3;17;3;1091;2;2;1;right	Stim	6	test	3	17	3	1091	2	2	1	right	9833302	0	1	10998	1	0	next	other	0
6	330	Picture	Stim;6;test;3;18;6;1478;1;2;0;right	Stim	6	test	3	18	6	1478	1	2	0	right	9878795	0	1	14831	1	0	next	other	0
6	332	Picture	Stim;6;test;3;19;1;1581;2;2;1;right	Stim	6	test	3	19	1	1581	2	2	1	right	9938619	0	1	15997	1	0	next	other	0
6	334	Picture	Stim;6;test;3;20;7;1618;1;1;1;right	Stim	6	test	3	20	7	1618	1	1	1	right	9984612	0	1	16331	1	0	next	other	0
6	336	Picture	Stim;6;test;3;21;6;1244;1;2;0;right	Stim	6	test	3	21	6	1244	1	2	0	right	10050935	0	1	12498	1	0	next	other	0
6	338	Picture	Stim;6;test;3;22;4;1468;2;2;1;right	Stim	6	test	3	22	4	1468	2	2	1	right	10108426	0	1	14831	1	0	next	other	0
6	340	Picture	Stim;6;test;3;23;7;1889;1;1;1;right	Stim	6	test	3	23	7	1889	1	1	1	right	10160584	0	1	18997	1	0	next	other	0
6	342	Picture	Stim;6;test;3;24;3;1669;2;2;1;right	Stim	6	test	3	24	3	1669	2	2	1	right	10229574	0	1	16831	1	0	next	other	0
6	344	Picture	Stim;6;test;3;25;5;1290;1;2;0;right	Stim	6	test	3	25	5	1290	1	2	0	right	10280732	0	1	12998	1	0	next	other	0
6	346	Picture	Stim;6;test;3;26;2;1064;2;2;1;right	Stim	6	test	3	26	2	1064	2	2	1	right	10334557	0	1	10832	1	0	next	other	0
6	348	Picture	Stim;6;test;3;27;4;1960;2;2;1;right	Stim	6	test	3	27	4	1960	2	2	1	right	10377384	0	1	19664	1	0	next	other	0
6	350	Picture	Stim;6;test;3;28;2;1421;2;2;1;right	Stim	6	test	3	28	2	1421	2	2	1	right	10434375	0	1	14331	1	0	next	other	0
6	352	Picture	Stim;6;test;3;29;1;1181;2;2;1;right	Stim	6	test	3	29	1	1181	2	2	1	right	10480701	0	1	11998	1	0	next	other	0
6	354	Picture	Stim;6;test;3;30;4;1519;2;2;1;right	Stim	6	test	3	30	4	1519	2	2	1	right	10522695	0	1	15331	1	0	next	other	0
6	356	Picture	Stim;6;test;3;31;1;1936;2;2;1;right	Stim	6	test	3	31	1	1936	2	2	1	right	10575353	0	1	19497	1	0	next	other	0
6	358	Picture	Stim;6;test;3;32;2;1736;2;2;1;right	Stim	6	test	3	32	2	1736	2	2	1	right	10624845	0	1	17497	1	0	next	other	0
6	360	Picture	Stim;6;test;3;33;6;1245;1;1;1;right	Stim	6	test	3	33	6	1245	1	1	1	right	10674338	0	1	12498	1	0	next	other	0
6	362	Picture	Stim;6;test;3;34;5;1268;1;2;0;right	Stim	6	test	3	34	5	1268	1	2	0	right	10731829	0	1	12831	1	0	next	other	0
6	364	Picture	Stim;6;test;3;35;5;1845;1;2;0;right	Stim	6	test	3	35	5	1845	1	2	0	right	10785487	0	1	18497	1	0	next	other	0
6	366	Picture	Stim;6;test;3;36;1;1910;2;2;1;right	Stim	6	test	3	36	1	1910	2	2	1	right	10844811	0	1	19164	1	0	next	other	0
6	368	Picture	Stim;6;test;3;37;1;1742;2;2;1;right	Stim	6	test	3	37	1	1742	2	2	1	right	10893970	0	1	17497	1	0	next	other	0
6	370	Picture	Stim;6;test;3;38;3;1305;2;2;1;right	Stim	6	test	3	38	3	1305	2	2	1	right	10941463	0	1	13165	1	0	next	other	0
6	372	Picture	Stim;6;test;3;39;7;1522;1;1;1;right	Stim	6	test	3	39	7	1522	1	1	1	right	10989122	0	1	15331	1	0	next	other	0
6	374	Picture	Stim;6;test;3;40;2;1653;2;2;1;right	Stim	6	test	3	40	2	1653	2	2	1	right	11054445	0	1	16664	1	0	next	other	0
6	376	Picture	Stim;6;test;3;41;5;1161;1;2;0;right	Stim	6	test	3	41	5	1161	1	2	0	right	11103104	0	1	11665	1	0	next	other	0
6	378	Picture	Stim;6;test;3;42;7;1098;1;1;1;right	Stim	6	test	3	42	7	1098	1	1	1	right	11155596	0	1	11165	1	0	next	other	0
6	380	Picture	Stim;6;test;3;43;7;1319;1;1;1;right	Stim	6	test	3	43	7	1319	1	1	1	right	11216587	0	1	13331	1	0	next	other	0
6	382	Picture	Stim;6;test;3;44;1;1688;2;2;1;right	Stim	6	test	3	44	1	1688	2	2	1	right	11279910	0	1	16997	1	0	next	other	0
6	384	Picture	Stim;6;test;3;45;6;1652;1;1;1;right	Stim	6	test	3	45	6	1652	1	1	1	right	11326903	0	1	16664	1	0	next	other	0
6	386	Picture	Stim;6;test;3;46;6;1885;1;1;1;right	Stim	6	test	3	46	6	1885	1	1	1	right	11388560	0	1	18997	1	0	next	other	0
6	388	Picture	Stim;6;test;3;47;3;1328;2;2;1;right	Stim	6	test	3	47	3	1328	2	2	1	right	11452550	0	1	13331	1	0	next	other	0
6	390	Picture	Stim;6;test;3;48;4;1852;2;2;1;right	Stim	6	test	3	48	4	1852	2	2	1	right	11500376	0	1	18664	1	0	next	other	0
6	392	Picture	Stim;6;test;3;49;3;1856;2;2;1;right	Stim	6	test	3	49	3	1856	2	2	1	right	11556367	0	1	18664	1	0	next	other	0
6	394	Picture	Instruction	Instruction											11609526	0	1	116149	1	0	next	other	0
6	394	Response	1												11725456	115930	1
6	395	Picture	Break	Break											11725674	0	1	57323	2	0	next	other	0
6	395	Response	1												11782889	57215	0
6	396	Picture	ITI	ITI											11782997	0	2	20165	2	0	next	other	0
6	397	Picture	Stim;6;test;4;1;3;1565;2;2;1;right	Stim	6	test	4	1	3	1565	2	2	1	right	11803162	0	1	15831	1	0	next	other	0
6	399	Picture	Stim;6;test;4;2;5;1019;1;2;0;right	Stim	6	test	4	2	5	1019	1	2	0	right	11853321	0	1	10332	1	0	next	other	0
6	401	Picture	Stim;6;test;4;3;6;1629;1;1;1;right	Stim	6	test	4	3	6	1629	1	1	1	right	11904480	0	1	16498	1	0	next	other	0
6	403	Picture	Stim;6;test;4;4;4;1549;2;2;1;right	Stim	6	test	4	4	4	1549	2	2	1	right	11965803	0	1	15664	1	0	next	other	0
6	405	Picture	Stim;6;test;4;5;7;1797;1;1;1;right	Stim	6	test	4	5	7	1797	1	1	1	right	12018795	0	1	18164	1	0	next	other	0
6	407	Picture	Stim;6;test;4;6;2;1260;2;2;1;right	Stim	6	test	4	6	2	1260	2	2	1	right	12086785	0	1	12665	1	0	next	other	0
6	409	Picture	Stim;6;test;4;7;7;1609;1;1;1;right	Stim	6	test	4	7	7	1609	1	1	1	right	12131444	0	1	16164	1	0	next	other	0
6	411	Picture	Stim;6;test;4;8;1;1963;2;2;1;right	Stim	6	test	4	8	1	1963	2	2	1	right	12197601	0	1	19830	1	0	next	other	0
6	413	Picture	Stim;6;test;4;9;5;1571;1;2;0;right	Stim	6	test	4	9	5	1571	1	2	0	right	12247426	0	1	15831	1	0	next	other	0
6	415	Picture	Stim;6;test;4;10;4;1398;2;2;1;right	Stim	6	test	4	10	4	1398	2	2	1	right	12304084	0	1	14164	1	0	next	other	0
6	417	Picture	Stim;6;test;4;11;5;1509;1;2;0;right	Stim	6	test	4	11	5	1509	1	2	0	right	12355409	0	1	15164	1	0	next	other	0
6	419	Picture	Stim;6;test;4;12;2;1488;2;2;1;right	Stim	6	test	4	12	2	1488	2	2	1	right	12411401	0	1	14998	1	0	next	other	0
6	421	Picture	Stim;6;test;4;13;3;1060;2;2;1;right	Stim	6	test	4	13	3	1060	2	2	1	right	12458393	0	1	10665	1	0	next	other	0
6	423	Picture	Stim;6;test;4;14;1;1325;2;2;1;right	Stim	6	test	4	14	1	1325	2	2	1	right	12503553	0	1	13331	1	0	next	other	0
6	425	Picture	Stim;6;test;4;15;2;1793;2;2;1;right	Stim	6	test	4	15	2	1793	2	2	1	right	12546880	0	1	17997	1	0	next	other	0
6	427	Picture	Stim;6;test;4;16;6;1265;1;2;0;right	Stim	6	test	4	16	6	1265	1	2	0	right	12596872	0	1	12831	1	0	next	other	0
6	429	Picture	Stim;6;test;4;17;3;1754;2;2;1;right	Stim	6	test	4	17	3	1754	2	2	1	right	12654530	0	1	17664	1	0	next	other	0
6	431	Picture	Stim;6;test;4;18;4;1414;2;2;1;right	Stim	6	test	4	18	4	1414	2	2	1	right	12706688	0	1	14331	1	0	next	other	0
6	433	Picture	Stim;6;test;4;19;1;1358;2;2;1;right	Stim	6	test	4	19	1	1358	2	2	1	right	12758180	0	1	13664	1	0	next	other	0
6	435	Picture	Stim;6;test;4;20;7;1162;1;1;1;right	Stim	6	test	4	20	7	1162	1	1	1	right	12801840	0	1	11832	1	0	next	other	0
6	437	Picture	Stim;6;test;4;21;5;1944;1;2;0;right	Stim	6	test	4	21	5	1944	1	2	0	right	12863497	0	1	19497	1	0	next	other	0
6	439	Picture	Stim;6;test;4;22;7;1343;1;0;0;right	Stim	6	test	4	22	7	1343	1	0	0	right	12923821	0	1	13498	1	0	next	other	0
6	441	Picture	Stim;6;test;4;23;4;1630;2;2;1;right	Stim	6	test	4	23	4	1630	2	2	1	right	12987311	0	1	16497	1	0	next	other	0
6	443	Picture	Stim;6;test;4;24;2;1378;2;2;1;right	Stim	6	test	4	24	2	1378	2	2	1	right	13040969	0	1	13831	1	0	next	other	0
6	445	Picture	Stim;6;test;4;25;2;1010;2;2;1;right	Stim	6	test	4	25	2	1010	2	2	1	right	13086796	0	1	10165	1	0	next	other	0
6	447	Picture	Stim;6;test;4;26;4;1932;2;2;1;right	Stim	6	test	4	26	4	1932	2	2	1	right	13128956	0	1	19497	1	0	next	other	0
6	449	Picture	Stim;6;test;4;27;4;1254;2;2;1;right	Stim	6	test	4	27	4	1254	2	2	1	right	13185780	0	1	12665	1	0	next	other	0
6	451	Picture	Stim;6;test;4;28;3;1699;2;2;1;right	Stim	6	test	4	28	3	1699	2	2	1	right	13235772	0	1	17164	1	0	next	other	0
6	453	Picture	Stim;6;test;4;29;3;1744;2;2;1;right	Stim	6	test	4	29	3	1744	2	2	1	right	13287264	0	1	17497	1	0	next	other	0
6	455	Picture	Stim;6;test;4;30;2;1537;2;2;1;right	Stim	6	test	4	30	2	1537	2	2	1	right	13339256	0	1	15498	1	0	next	other	0
6	457	Picture	Stim;6;test;4;31;1;1952;2;2;1;right	Stim	6	test	4	31	1	1952	2	2	1	right	13386749	0	1	19664	1	0	next	other	0
6	459	Picture	Stim;6;test;4;32;3;1816;2;2;1;right	Stim	6	test	4	32	3	1816	2	2	1	right	13436408	0	1	18331	1	0	next	other	0
6	461	Picture	Stim;6;test;4;33;7;1840;1;1;1;right	Stim	6	test	4	33	7	1840	1	1	1	right	13489066	0	1	18497	1	0	next	other	0
6	463	Picture	Stim;6;test;4;34;7;1679;1;1;1;right	Stim	6	test	4	34	7	1679	1	1	1	right	13557556	0	1	16997	1	0	next	other	0
6	465	Picture	Stim;6;test;4;35;3;1936;2;2;1;right	Stim	6	test	4	35	3	1936	2	2	1	right	13624379	0	1	19497	1	0	next	other	0
6	467	Picture	Stim;6;test;4;36;6;1178;1;1;1;right	Stim	6	test	4	36	6	1178	1	1	1	right	13678204	0	1	11832	1	0	next	other	0
6	469	Picture	Stim;6;test;4;37;1;1241;2;2;1;right	Stim	6	test	4	37	1	1241	2	2	1	right	13735028	0	1	12498	1	0	next	other	0
6	471	Picture	Stim;6;test;4;38;1;1084;2;2;1;right	Stim	6	test	4	38	1	1084	2	2	1	right	13777521	0	1	10998	1	0	next	other	0
6	473	Picture	Stim;6;test;4;39;4;1984;2;2;1;right	Stim	6	test	4	39	4	1984	2	2	1	right	13818515	0	1	19997	1	0	next	other	0
6	475	Picture	Stim;6;test;4;40;6;1741;1;1;1;right	Stim	6	test	4	40	6	1741	1	1	1	right	13875839	0	1	17497	1	0	next	other	0
6	477	Picture	Stim;6;test;4;41;2;1495;2;2;1;right	Stim	6	test	4	41	2	1495	2	2	1	right	13938330	0	1	14997	1	0	next	other	0
6	479	Picture	Stim;6;test;4;42;5;1644;1;1;1;right	Stim	6	test	4	42	5	1644	1	1	1	right	13985489	0	1	16498	1	0	next	other	0
6	481	Picture	Stim;6;test;4;43;1;1595;2;2;1;right	Stim	6	test	4	43	1	1595	2	2	1	right	14042813	0	1	15997	1	0	next	other	0
6	483	Picture	Stim;6;test;4;44;6;1393;1;1;1;right	Stim	6	test	4	44	6	1393	1	1	1	right	14088973	0	1	13998	1	0	next	other	0
6	485	Picture	Stim;6;test;4;45;7;1835;1;1;1;right	Stim	6	test	4	45	7	1835	1	1	1	right	14147964	0	1	18497	1	0	next	other	0
6	487	Picture	Stim;6;test;4;46;6;1180;1;2;0;right	Stim	6	test	4	46	6	1180	1	2	0	right	14216453	0	1	11998	1	0	next	other	0
6	489	Picture	Stim;6;test;4;47;6;1550;1;1;1;right	Stim	6	test	4	47	6	1550	1	1	1	right	14273278	0	1	15664	1	0	next	other	0
6	491	Picture	Stim;6;test;4;48;5;1558;1;2;0;right	Stim	6	test	4	48	5	1558	1	2	0	right	14333768	0	1	15664	1	0	next	other	0
6	493	Picture	Stim;6;test;4;49;5;1708;1;2;0;right	Stim	6	test	4	49	5	1708	1	2	0	right	14390260	0	1	17164	1	0	next	other	0
6	495	Picture	Instruction	Instruction											14448250	0	1	37494	1	0	next	other	0
6	495	Response	1												14485561	37311	0
6	496	Picture	Break	Break											14485745	0	1	12165	1	0	next	other	0
6	496	Response	1												14497799	12055	0
6	497	Picture	ITI	ITI											14497909	0	1	20164	1	0	next	other	0
6	498	Picture	Instruction	Instruction											14518073	0	1	167990	1	0	next	other	0
6	498	Response	1												14674740	156667	0


{
   "app": "Presentation Version 20.1 Build 12.04.17",
   "device": "LENOVO 10FGCTO1WW",
   "experiment": "{772213B2-5F0F-4A35-9C2F-36954700C7EA}",
   "os": "Windows 7 64 bit",
   "package": "",
   "parameters": {
      "configuration": "Default configuration"
   },
   "scenario": "Bisection Task with Dynanometer.sce",
   "subject": "6",
   "timestamp": "2018/10/12 08:01:08 GMT"
}
